Log file open, 11/19/14 18:12:40
LogInit:Display: Running engine for game: MyProject4
LogInit: Version: 4.4.3-0+UE4
LogInit: API Version: 0
LogInit: Compiled (64-bit): Sep 17 2014 07:16:51
LogInit: Build Configuration: Development
LogInit: Branch Name: UE4
LogInit: Command line: 
LogInit: Base directory: D:/Developer/UnrealEngine-4.4.3-release/UnrealEngine-4.4.3-release/Engine/Binaries/Win64/
LogInit: Rocket: 0
[2014.11.19-17.12.40:794][  0]LogTaskGraph: Started task graph with 3 named threads and 4 total threads.
[2014.11.19-17.12.40:824][  0]LogOnline:Warning: No default platform service specified for OnlineSubsystem
[2014.11.19-17.12.40:884][  0]LogInit: Presizing for 0 objects not considered by GC, pre-allocating 0 bytes.
[2014.11.19-17.12.40:895][  0]LogInit: Object subsystem initialized
[2014.11.19-17.12.40:898][  0]LogInit: Selected Device Profile: [Windows]
[2014.11.19-17.12.40:898][  0]LogInit: Applying CVar settings loaded from the selected device profile: [Windows]
[2014.11.19-17.12.40:998][  0]LogInit: Computer: ADAM
[2014.11.19-17.12.40:998][  0]LogInit: User: Adam
[2014.11.19-17.12.41:000][  0]LogInit: CPU Page size=4096, Cores=2
[2014.11.19-17.12.41:000][  0]LogInit: High frequency timer resolution =3.161623 MHz
[2014.11.19-17.12.41:000][  0]LogMemory: Memory total: Physical=3.0GB (3GB approx) Virtual=131072.0GB
[2014.11.19-17.12.41:000][  0]LogMemory: Platform Memory Stats for Windows
[2014.11.19-17.12.41:000][  0]LogMemory: Process Physical Memory: 59.89 MB used, 59.89 MB peak
[2014.11.19-17.12.41:000][  0]LogMemory: Process Virtual Memory: 35.97 MB used, 35.97 MB peak
[2014.11.19-17.12.41:000][  0]LogMemory: Physical Memory: 2809.63 MB used, 3071.55 MB total
[2014.11.19-17.12.41:000][  0]LogMemory: Virtual Memory: 262.09 MB used, 134217728.00 MB total
[2014.11.19-17.12.41:200][  0]LogD3D11RHI: Found D3D11 adapter 0: NVIDIA GeForce GTX 780 (Feature Level 11_0)
[2014.11.19-17.12.41:200][  0]LogD3D11RHI: Adapter has 2988MB of dedicated video memory, 0MB of dedicated system memory, and 1535MB of shared system memory, 2 output[s]
[2014.11.19-17.12.41:203][  0]LogD3D11RHI: Found D3D11 adapter 1: Microsoft Basic Render Driver (Feature Level 11_0)
[2014.11.19-17.12.41:203][  0]LogD3D11RHI: Adapter has 0MB of dedicated video memory, 0MB of dedicated system memory, and 256MB of shared system memory, 0 output[s]
[2014.11.19-17.12.41:203][  0]LogD3D11RHI: Chosen D3D11 Adapter Id = 0
[2014.11.19-17.12.41:217][  0]LogRHI: Texture pool is 1361 MB (70% of 1945 MB)
[2014.11.19-17.12.41:235][  0]LogD3D11RHI: Async texture creation enabled
[2014.11.19-17.12.41:819][  0]LogContentStreaming: Texture pool size is 0.000000MB
[2014.11.19-17.12.45:474][  0]LogTargetPlatformManager:Display: Building Assets For Windows
[2014.11.19-17.12.46:268][  0]LogTargetPlatformManager:Display: Building Assets For Windows
[2014.11.19-17.12.46:336][  0]LogDerivedDataCache:Display: Max Cache Size: 512 MB
[2014.11.19-17.12.47:980][  0]LogDerivedDataCache: Loaded boot cache 1.64s 39MB ../../../../../Jablo/UNREAL_AKTUALNY_PROJEKT/MyProject4/DerivedDataCache/Boot.ddc.
[2014.11.19-17.12.47:980][  0]LogDerivedDataCache:Display: Loaded Boot cache: ../../../../../Jablo/UNREAL_AKTUALNY_PROJEKT/MyProject4/DerivedDataCache/Boot.ddc
[2014.11.19-17.12.47:980][  0]LogDerivedDataCache: FDerivedDataBackendGraph:  Pak pak cache file ../../../../../Jablo/UNREAL_AKTUALNY_PROJEKT/MyProject4/DerivedDataCache/DDC.ddp not found, will not use a pak cache.
[2014.11.19-17.12.47:980][  0]LogDerivedDataCache: Unable to find inner node Pak for hierarchical cache Hierarchy.
[2014.11.19-17.12.47:980][  0]LogDerivedDataCache: FDerivedDataBackendGraph:  EnginePak pak cache file ../../../Engine/DerivedDataCache/DDC.ddp not found, will not use a pak cache.
[2014.11.19-17.12.47:980][  0]LogDerivedDataCache: Unable to find inner node EnginePak for hierarchical cache Hierarchy.
[2014.11.19-17.12.47:993][  0]LogDerivedDataCache: Using Local data cache path ../../../Engine/DerivedDataCache: Writable
[2014.11.19-17.12.47:993][  0]LogDerivedDataCache: Shared data cache path not found in *engine.ini, will not use an Shared cache.
[2014.11.19-17.12.47:993][  0]LogDerivedDataCache: Unable to find inner node Shared for hierarchical cache Hierarchy.
[2014.11.19-17.12.49:946][  0]LogMeshUtilities: No automatic mesh reduction module available
[2014.11.19-17.12.49:946][  0]LogMeshUtilities: No automatic mesh merging module available
[2014.11.19-17.12.51:743][  0]LogInit: WinSock: version 1.1 (2.2), MaxSocks=32767, MaxUdp=65467
[2014.11.19-17.12.59:640][  0]LogStats:Warning: MetaData mismatch. Did you assign a stat to two groups? New //STATGROUP_Threads//FMonitoredProcess///Thread_1148_0///////STATCAT_Advanced//// old //STATGROUP_Threads//FMonitoredProcess///Thread_1ac0_0///////STATCAT_Advanced////
[2014.11.19-17.12.59:640][  0]UdpMessaging: Initializing bridge on interface 0.0.0.0:0 to multicast group 230.0.0.1:6666.
[2014.11.19-17.12.59:818][  0]SourceControl: Info Source control is disabled
[2014.11.19-17.12.59:818][  0]SourceControl: Info Source control is disabled
[2014.11.19-17.12.59:824][  0]SourceControl: Info Source control is disabled
[2014.11.19-17.13.00:452][  0]BlueprintLog: New page: Editor Load
[2014.11.19-17.13.00:737][  0]LogObj: 21438 objects as part of root set at end of initial load.
[2014.11.19-17.13.00:737][  0]LogUObjectAllocator: 4218656 out of 0 bytes used by permanent object pool.
[2014.11.19-17.13.01:177][  0]LogEngine: Initializing Engine...
[2014.11.19-17.13.01:656][  0]LogInit: XAudio2 using 'GBo[niki (USB Multi-Channel Audio Device)' : 6 channels at 48 kHz using 32 bits per sample (channel mask 0x60f)
[2014.11.19-17.13.01:666][  0]LogInit: FAudioDevice initialized.
[2014.11.19-17.13.01:701][  0]LogAIModule: Creating AISystem for world NewWorld
[2014.11.19-17.13.01:771][  0]LogDerivedDataCache: Saved boot cache 0.07s 39MB ../../../../../Jablo/UNREAL_AKTUALNY_PROJEKT/MyProject4/DerivedDataCache/Boot.ddc.
[2014.11.19-17.13.01:808][  0]LogInit: Texture streaming: Enabled
[2014.11.19-17.13.02:009][  0]LogInit: Transaction tracking system initialized
[2014.11.19-17.13.02:284][  0]LogAssetRegistry: FAssetRegistry took 0.0105 seconds to start up
[2014.11.19-17.13.03:807][  0]LogTargetPlatformManager:Display: Building Assets For Windows
[2014.11.19-17.13.04:396][  0]LogTargetPlatformManager:Display: Building Assets For Windows
[2014.11.19-17.13.04:432][  0]LogModuleManager:Warning: ModuleManager: Unable to load module 'AndroidRuntimeSettings' because the file 'D:/Developer/UnrealEngine-4.4.3-release/UnrealEngine-4.4.3-release/Engine/Binaries/Win64/' was not found.
[2014.11.19-17.13.04:439][  0]LogModuleManager:Warning: ModuleManager: Unable to load module 'AndroidPlatformEditor' because the file 'D:/Developer/UnrealEngine-4.4.3-release/UnrealEngine-4.4.3-release/Engine/Binaries/Win64/' was not found.
[2014.11.19-17.13.04:907][  0]LogConsoleResponse:Display: 
[2014.11.19-17.13.05:792][  0]LogStats:Warning: MetaData mismatch. Did you assign a stat to two groups? New //STATGROUP_Threads//FMonitoredProcess///Thread_d84_0///////STATCAT_Advanced//// old //STATGROUP_Threads//FMonitoredProcess///Thread_1ac0_0///////STATCAT_Advanced////
[2014.11.19-17.13.05:792][  0]LogStats:Warning: MetaData mismatch. Did you assign a stat to two groups? New //STATGROUP_Threads//FMonitoredProcess///Thread_16a8_0///////STATCAT_Advanced//// old //STATGROUP_Threads//FMonitoredProcess///Thread_1ac0_0///////STATCAT_Advanced////
[2014.11.19-17.13.05:792][  0]SourceControl: Info Source control is disabled
[2014.11.19-17.13.05:792][  0]Cmd: MAP LOAD FILE="../../../../../Jablo/UNREAL_AKTUALNY_PROJEKT/MyProject4/Content/Maps/Minimal_Default.umap" TEMPLATE=0 SHOWPROGRESS=1
[2014.11.19-17.13.05:834][  0]LightingResults: New page: Lighting Build
[2014.11.19-17.13.05:843][  0]MapCheck: New page: Map Check
[2014.11.19-17.13.05:843][  0]LightingResults: New page: Lighting Build
[2014.11.19-17.13.05:869][  0]LogParticles: Destroying 0 GPU particle simulations for FXSystem 0x0000009F8F52C7C0
[2014.11.19-17.13.08:247][  0]LogBlueprint:Warning: Node '/Game/Maps/Minimal_Default.Minimal_Default:PersistentLevel.Minimal_Default.EventGraph.K2Node_Literal_4' missing NodeGuid.
[2014.11.19-17.13.08:705][  0]LogEditorServer: Finished looking for orphan Actors (0.000 secs)
[2014.11.19-17.13.08:820][  0]LogAIModule: Creating AISystem for world Minimal_Default
[2014.11.19-17.13.08:865][  0]Cmd: MAP CHECKDEP
[2014.11.19-17.13.08:865][  0]MapCheck: New page: Minimal_Default - 19 Nov 2014 19:13:08
[2014.11.19-17.13.08:933][  0]MapCheck: Info ========== Map Check: 0 Error(s), 0 Warning(s), [67,988ms] ==========
[2014.11.19-17.13.08:933][  0]LogFileHelpers: Loading map 'Minimal_Default' took 3.141
[2014.11.19-17.13.10:074][  0]LogCollectionManager: Loaded 0 collections in 0.001033 seconds
[2014.11.19-17.13.14:631][  0]LogCrashTracker: Crashtracker disabled due to settings.
[2014.11.19-17.13.15:124][  0]LogInit: Using libcurl 7.34.0
[2014.11.19-17.13.15:124][  0]LogInit:  - built for x86_64-pc-win32
[2014.11.19-17.13.15:124][  0]LogInit:  - supports SSL with WinSSL
[2014.11.19-17.13.15:124][  0]LogInit:  - other features:
[2014.11.19-17.13.15:124][  0]LogInit:      CURL_VERSION_SSL
[2014.11.19-17.13.15:124][  0]LogInit:      CURL_VERSION_ASYNCHDNS
[2014.11.19-17.13.15:124][  0]LogInit:      CURL_VERSION_LARGEFILE
[2014.11.19-17.13.15:124][  0]LogInit:      CURL_VERSION_IDN
[2014.11.19-17.13.15:124][  0]LogInit: Libcurl will NOT reuse connections
[2014.11.19-17.13.15:175][  0]LogLoad: Full Startup: 40.85 seconds (BP compile: 0.28 seconds)
[2014.11.19-17.13.16:892][  0]LogRenderer:Warning: Reallocating scene render targets to support 32x32.
[2014.11.19-17.13.17:952][  0]LogRenderer:Warning: Reallocating scene render targets to support 664x584.
[2014.11.19-17.13.18:398][  1]LogContentBrowser:Verbose: The content browser source was changed by the sources view to '/Game/Blueprints/Mechanika'
[2014.11.19-17.13.19:207][  4]LogAssetRegistry: Asset discovery search completed in 16.9336 seconds
[2014.11.19-17.14.21:506][ 38]LogContentBrowser:Verbose: The content browser source was changed by the sources view to '/Game/Props'
[2014.11.19-17.14.33:453][766]LogContentBrowser:Verbose: The content browser source was changed by the sources view to '/Game'
[2014.11.19-17.14.38:024][  5]LogContentBrowser:Verbose: The content browser source was changed by the sources view to '/Game/Props'
[2014.11.19-17.16.56:677][607]LogContentBrowser:Verbose: The content browser source was changed by the sources view to '/Game/Blueprints'
[2014.11.19-17.17.06:788][106]LogContentBrowser:Verbose: The content browser source was changed by the sources view to '/Game/Blueprints'
[2014.11.19-17.17.12:505][362]LogContentBrowser:Verbose: The content browser source was changed by the sources view to '/Game/Blueprints/Bohater'
[2014.11.19-17.17.28:758][968]LogActorComponent: UnregisterComponent: (/Engine/Transient.CharacterMovementComponent_0) Not registered. Aborting.
[2014.11.19-17.17.55:955][ 14]LogContentBrowser:Verbose: The content browser source was changed by the sources view to '/Game/Blueprints'
[2014.11.19-17.18.09:415][860]LogLinker:Warning: Can't find file '/Game/Character/HeroTPP_Skeleton'
[2014.11.19-17.18.09:416][860]LogLinker:Warning: Can't find file for asset '/Game/Character/HeroTPP_Skeleton' while loading ../../../../../Jablo/UNREAL_AKTUALNY_PROJEKT/MyProject4/Content/Blueprints/HeroTPP.uasset.
[2014.11.19-17.18.09:438][860]LoadErrors:Error: Error /Game/Blueprints/HeroTPP : Can't find file for asset. /Game/Character/HeroTPP_Skeleton
[2014.11.19-17.18.09:439][860]LogLinker:Warning: Can't find file '/Game/Character/HeroTPP_Skeleton'
[2014.11.19-17.18.09:440][860]LogLinker:Warning: Can't find file for asset '/Game/Character/HeroTPP_Skeleton' while loading ../../../../../Jablo/UNREAL_AKTUALNY_PROJEKT/MyProject4/Content/Blueprints/HeroTPP.uasset.
[2014.11.19-17.18.09:461][860]LogLinker:Warning: Can't find file '/Game/Character/HeroTPP_Skeleton'
[2014.11.19-17.18.09:461][860]LoadErrors: Info Failed to load /Game/Character/HeroTPP_Skeleton.HeroTPP_Skeleton Referenced by HeroTPP Property /Script/Engine.SkeletalMesh:Skeleton
[2014.11.19-17.18.09:461][860]LogLinker:Warning: Can't find file for asset '/Game/Character/HeroTPP_Skeleton' while loading NULL.
[2014.11.19-17.18.16:358][860]LogContentBrowser:Verbose: The majority of assets in the view are of type: Skeleton
[2014.11.19-17.18.33:876][860]LogLinker:Warning: Can't find file '/Game/Character/HeroTPP'
[2014.11.19-17.18.33:877][860]LogLinker:Warning: Can't find file '/Game/Character/HeroTPP'
[2014.11.19-17.18.33:884][860]LogUObjectGlobals:Warning: Failed to find object 'SkeletalMesh /Game/Character/HeroTPP.HeroTPP'
[2014.11.19-17.18.56:039][409]Cmd: OBJ SAVEPACKAGE PACKAGE="/Game/Blueprints/HeroTPP" FILE="../../../../../Jablo/UNREAL_AKTUALNY_PROJEKT/MyProject4/Content/Blueprints/HeroTPP.uasset" SILENT=true
[2014.11.19-17.18.56:868][409]LogSavePackage: Save=628.883972ms
[2014.11.19-17.18.56:868][409]LogSavePackage: Moving '../../../../../Jablo/UNREAL_AKTUALNY_PROJEKT/MyProject4/Saved/HeroTPP42BDF89249E37D10CCA227AFA6CEF5C5.tmp' to '../../../../../Jablo/UNREAL_AKTUALNY_PROJEKT/MyProject4/Content/Blueprints/HeroTPP.uasset'
[2014.11.19-17.19.03:644][659]LogLinker:Warning: Can't find file '/Game/Animations/Jump_End'
[2014.11.19-17.19.03:644][659]LogLinker:Warning: Can't find file for asset '/Game/Animations/Jump_End' while loading ../../../../../Jablo/UNREAL_AKTUALNY_PROJEKT/MyProject4/Content/Blueprints/HeroTPP_AnimBlueprint.uasset.
[2014.11.19-17.19.03:644][659]LoadErrors:Error: Error /Game/Blueprints/HeroTPP_AnimBlueprint : Can't find file for asset. /Game/Animations/Jump_End
[2014.11.19-17.19.03:644][659]LogLinker:Warning: Can't find file '/Game/Animations/Jump_Loop'
[2014.11.19-17.19.03:644][659]LogLinker:Warning: Can't find file for asset '/Game/Animations/Jump_Loop' while loading ../../../../../Jablo/UNREAL_AKTUALNY_PROJEKT/MyProject4/Content/Blueprints/HeroTPP_AnimBlueprint.uasset.
[2014.11.19-17.19.03:644][659]LoadErrors:Error: Error /Game/Blueprints/HeroTPP_AnimBlueprint : Can't find file for asset. /Game/Animations/Jump_Loop
[2014.11.19-17.19.03:644][659]LogLinker:Warning: Can't find file '/Game/Animations/Jump_Start'
[2014.11.19-17.19.03:644][659]LogLinker:Warning: Can't find file for asset '/Game/Animations/Jump_Start' while loading ../../../../../Jablo/UNREAL_AKTUALNY_PROJEKT/MyProject4/Content/Blueprints/HeroTPP_AnimBlueprint.uasset.
[2014.11.19-17.19.03:645][659]LoadErrors:Error: Error /Game/Blueprints/HeroTPP_AnimBlueprint : Can't find file for asset. /Game/Animations/Jump_Start
[2014.11.19-17.19.03:645][659]LogLinker:Warning: Can't find file '/Game/Character/IdleRun_TPP'
[2014.11.19-17.19.03:645][659]LogLinker:Warning: Can't find file for asset '/Game/Character/IdleRun_TPP' while loading ../../../../../Jablo/UNREAL_AKTUALNY_PROJEKT/MyProject4/Content/Blueprints/HeroTPP_AnimBlueprint.uasset.
[2014.11.19-17.19.03:645][659]LoadErrors:Error: Error /Game/Blueprints/HeroTPP_AnimBlueprint : Can't find file for asset. /Game/Character/IdleRun_TPP
[2014.11.19-17.19.03:646][659]LogLinker:Warning: Can't find file '/Game/Animations/Jump_End'
[2014.11.19-17.19.03:647][659]LogLinker:Warning: Can't find file for asset '/Game/Animations/Jump_End' while loading ../../../../../Jablo/UNREAL_AKTUALNY_PROJEKT/MyProject4/Content/Blueprints/HeroTPP_AnimBlueprint.uasset.
[2014.11.19-17.19.03:647][659]LogLinker:Warning: Can't find file '/Game/Animations/Jump_Loop'
[2014.11.19-17.19.03:647][659]LogLinker:Warning: Can't find file for asset '/Game/Animations/Jump_Loop' while loading ../../../../../Jablo/UNREAL_AKTUALNY_PROJEKT/MyProject4/Content/Blueprints/HeroTPP_AnimBlueprint.uasset.
[2014.11.19-17.19.03:647][659]LogLinker:Warning: Can't find file '/Game/Animations/Jump_Start'
[2014.11.19-17.19.03:647][659]LogLinker:Warning: Can't find file for asset '/Game/Animations/Jump_Start' while loading ../../../../../Jablo/UNREAL_AKTUALNY_PROJEKT/MyProject4/Content/Blueprints/HeroTPP_AnimBlueprint.uasset.
[2014.11.19-17.19.03:647][659]LogLinker:Warning: Can't find file '/Game/Character/HeroTPP_Skeleton'
[2014.11.19-17.19.03:647][659]LogLinker:Warning: Can't find file for asset '/Game/Character/HeroTPP_Skeleton' while loading ../../../../../Jablo/UNREAL_AKTUALNY_PROJEKT/MyProject4/Content/Blueprints/HeroTPP_AnimBlueprint.uasset.
[2014.11.19-17.19.03:648][659]LoadErrors:Error: Error /Game/Blueprints/HeroTPP_AnimBlueprint : Can't find file for asset. /Game/Character/HeroTPP_Skeleton
[2014.11.19-17.19.03:648][659]LogLinker:Warning: Can't find file '/Game/Character/IdleRun_TPP'
[2014.11.19-17.19.03:648][659]LogLinker:Warning: Can't find file for asset '/Game/Character/IdleRun_TPP' while loading ../../../../../Jablo/UNREAL_AKTUALNY_PROJEKT/MyProject4/Content/Blueprints/HeroTPP_AnimBlueprint.uasset.
[2014.11.19-17.19.03:648][659]LogLinker:Warning: Can't find file '/Game/Character/HeroTPP_Skeleton'
[2014.11.19-17.19.03:648][659]LogLinker:Warning: Can't find file for asset '/Game/Character/HeroTPP_Skeleton' while loading ../../../../../Jablo/UNREAL_AKTUALNY_PROJEKT/MyProject4/Content/Blueprints/HeroTPP_AnimBlueprint.uasset.
[2014.11.19-17.19.03:665][659]LogLinker:Warning: Can't find file '/Game/Character/HeroTPP_Skeleton'
[2014.11.19-17.19.03:665][659]LoadErrors: Info Failed to load /Game/Character/HeroTPP_Skeleton.HeroTPP_Skeleton Referenced by HeroTPP_AnimBlueprint_C Property /Script/Engine.AnimBlueprintGeneratedClass:TargetSkeleton
[2014.11.19-17.19.03:665][659]LogLinker:Warning: Can't find file for asset '/Game/Character/HeroTPP_Skeleton' while loading NULL.
[2014.11.19-17.19.03:691][659]LogLinker:Warning: Can't find file '/Game/Animations/Jump_End'
[2014.11.19-17.19.03:692][659]LoadErrors: Info Failed to load /Game/Animations/Jump_End.Jump_End Referenced by HeroTPP_AnimBlueprint_C Property /Script/Engine.AnimNode_SequencePlayer:Sequence
[2014.11.19-17.19.03:692][659]LogLinker:Warning: Can't find file for asset '/Game/Animations/Jump_End' while loading NULL.
[2014.11.19-17.19.03:692][659]LogLinker:Warning: Can't find file '/Game/Animations/Jump_Loop'
[2014.11.19-17.19.03:692][659]LoadErrors: Info Failed to load /Game/Animations/Jump_Loop.Jump_Loop Referenced by HeroTPP_AnimBlueprint_C Property /Script/Engine.AnimNode_SequencePlayer:Sequence
[2014.11.19-17.19.03:692][659]LogLinker:Warning: Can't find file for asset '/Game/Animations/Jump_Loop' while loading NULL.
[2014.11.19-17.19.03:692][659]LogLinker:Warning: Can't find file '/Game/Animations/Jump_Start'
[2014.11.19-17.19.03:693][659]LoadErrors: Info Failed to load /Game/Animations/Jump_Start.Jump_Start Referenced by HeroTPP_AnimBlueprint_C Property /Script/Engine.AnimNode_SequencePlayer:Sequence
[2014.11.19-17.19.03:693][659]LogLinker:Warning: Can't find file for asset '/Game/Animations/Jump_Start' while loading NULL.
[2014.11.19-17.19.03:693][659]LogLinker:Warning: Can't find file '/Game/Character/IdleRun_TPP'
[2014.11.19-17.19.03:694][659]LoadErrors: Info Failed to load /Game/Character/IdleRun_TPP.IdleRun_TPP Referenced by HeroTPP_AnimBlueprint_C Property /Script/Engine.AnimNode_BlendSpacePlayer:BlendSpace
[2014.11.19-17.19.03:694][659]LogLinker:Warning: Can't find file for asset '/Game/Character/IdleRun_TPP' while loading NULL.
[2014.11.19-17.19.03:694][659]LogLinker:Warning: Can't find file '/Game/Character/HeroTPP_Skeleton'
[2014.11.19-17.19.03:694][659]LoadErrors: Info Failed to load /Game/Character/HeroTPP_Skeleton.HeroTPP_Skeleton Referenced by HeroTPP_AnimBlueprint Property /Script/Engine.AnimBlueprint:TargetSkeleton
[2014.11.19-17.19.03:694][659]LogLinker:Warning: Can't find file for asset '/Game/Character/HeroTPP_Skeleton' while loading NULL.
[2014.11.19-17.19.03:712][659]LogLinker:Warning: Can't find file '/Game/Character/IdleRun_TPP'
[2014.11.19-17.19.03:713][659]LoadErrors: Info Failed to load /Game/Character/IdleRun_TPP.IdleRun_TPP Referenced by AnimGraphNode_BlendSpacePlayer_9 Property /Script/Engine.AnimNode_BlendSpacePlayer:BlendSpace
[2014.11.19-17.19.03:713][659]LogLinker:Warning: Can't find file for asset '/Game/Character/IdleRun_TPP' while loading NULL.
[2014.11.19-17.19.03:714][659]LogLinker:Warning: Can't find file '/Game/Animations/Jump_Start'
[2014.11.19-17.19.03:715][659]LoadErrors: Info Failed to load /Game/Animations/Jump_Start.Jump_Start Referenced by AnimGraphNode_SequencePlayer_34 Property /Script/Engine.AnimNode_SequencePlayer:Sequence
[2014.11.19-17.19.03:715][659]LogLinker:Warning: Can't find file for asset '/Game/Animations/Jump_Start' while loading NULL.
[2014.11.19-17.19.03:716][659]LogLinker:Warning: Can't find file '/Game/Animations/Jump_Loop'
[2014.11.19-17.19.03:716][659]LoadErrors: Info Failed to load /Game/Animations/Jump_Loop.Jump_Loop Referenced by AnimGraphNode_SequencePlayer_40 Property /Script/Engine.AnimNode_SequencePlayer:Sequence
[2014.11.19-17.19.03:716][659]LogLinker:Warning: Can't find file for asset '/Game/Animations/Jump_Loop' while loading NULL.
[2014.11.19-17.19.03:717][659]LogLinker:Warning: Can't find file '/Game/Animations/Jump_End'
[2014.11.19-17.19.03:718][659]LoadErrors: Info Failed to load /Game/Animations/Jump_End.Jump_End Referenced by AnimGraphNode_SequencePlayer_46 Property /Script/Engine.AnimNode_SequencePlayer:Sequence
[2014.11.19-17.19.03:718][659]LogLinker:Warning: Can't find file for asset '/Game/Animations/Jump_End' while loading NULL.
[2014.11.19-17.19.04:186][659]LogBlueprint:Error: [compiler] Error  Blendspace Player'(None)'  references an unknown blend space
[2014.11.19-17.19.04:186][659]LogBlueprint:Error: [compiler] Error  Play (None)  references an unknown sequence
[2014.11.19-17.19.04:187][659]LogBlueprint:Error: [compiler] Error  Play (None)  references an unknown sequence
[2014.11.19-17.19.04:187][659]LogBlueprint:Error: [compiler] Error  Play (None)  references an unknown sequence
[2014.11.19-17.19.04:188][659]LogBlueprint:Error: [compiler] Error ICE: Player node  Play (None)  was not processed prior to handling a transition getter  K2Node_TransitionRuleGetter  that used it
[2014.11.19-17.19.04:189][659]LogBlueprint:Error: [compiler] Error ICE: Player node  Play (None)  was not processed prior to handling a transition getter  K2Node_TransitionRuleGetter  that used it
[2014.11.19-17.19.04:204][659]LogBlueprint:Warning: [compiler] Warning [0389,88] Compile of HeroTPP_AnimBlueprint failed. 6 Fatal Issue(s) 0 Warning(s) [in 21 ms]
[2014.11.19-17.19.08:496][659]LogContentBrowser:Verbose: The majority of assets in the view are of type: Skeleton
[2014.11.19-17.19.20:319][659]LogBlueprint:Error: [compiler] Error  Blendspace Player'(None)'  references an unknown blend space
[2014.11.19-17.19.20:320][659]LogBlueprint:Error: [compiler] Error  Play (None)  references an unknown sequence
[2014.11.19-17.19.20:322][659]LogBlueprint:Error: [compiler] Error  Play (None)  references an unknown sequence
[2014.11.19-17.19.20:322][659]LogBlueprint:Error: [compiler] Error  Play (None)  references an unknown sequence
[2014.11.19-17.19.20:324][659]LogBlueprint:Error: [compiler] Error ICE: Player node  Play (None)  was not processed prior to handling a transition getter  K2Node_TransitionRuleGetter  that used it
[2014.11.19-17.19.20:325][659]LogBlueprint:Error: [compiler] Error ICE: Player node  Play (None)  was not processed prior to handling a transition getter  K2Node_TransitionRuleGetter  that used it
[2014.11.19-17.19.20:328][659]LogBlueprint:Warning: [compiler] Warning [0406,01] Compile of HeroTPP_AnimBlueprint failed. 6 Fatal Issue(s) 0 Warning(s) [in 12 ms]
[2014.11.19-17.20.43:202][449]BlueprintLog: New page: Compile HeroTPP_AnimBlueprint
[2014.11.19-17.20.43:269][449]LogBlueprint:Error: [compiler] Error  Blendspace Player'(None)'  references an unknown blend space
[2014.11.19-17.20.43:270][449]LogBlueprint:Error: [compiler] Error  Play (None)  references an unknown sequence
[2014.11.19-17.20.43:271][449]LogBlueprint:Error: [compiler] Error  Play (None)  references an unknown sequence
[2014.11.19-17.20.43:271][449]LogBlueprint:Error: [compiler] Error  Play (None)  references an unknown sequence
[2014.11.19-17.20.43:273][449]LogBlueprint:Error: [compiler] Error ICE: Player node  Play (None)  was not processed prior to handling a transition getter  K2Node_TransitionRuleGetter  that used it
[2014.11.19-17.20.43:275][449]LogBlueprint:Error: [compiler] Error ICE: Player node  Play (None)  was not processed prior to handling a transition getter  K2Node_TransitionRuleGetter  that used it
[2014.11.19-17.20.43:278][449]LogBlueprint:Warning: [compiler] Warning [0488,95] Compile of HeroTPP_AnimBlueprint failed. 6 Fatal Issue(s) 0 Warning(s) [in 16 ms]
[2014.11.19-17.20.43:609][449]LogParticles: Destroying 0 GPU particle simulations for FXSystem 0x0000009F89F5A980
[2014.11.19-17.20.43:700][449]LogParticles: Destroying 0 GPU particle simulations for FXSystem 0x0000009F87C87240
[2014.11.19-17.20.43:700][449]LogParticles: Destroying 0 GPU particle simulations for FXSystem 0x0000009F99147CE0
[2014.11.19-17.20.43:700][449]LogParticles: Destroying 0 GPU particle simulations for FXSystem 0x0000009F98EFFB00
[2014.11.19-17.20.43:751][449]BlueprintEditorCompileResults:Error: Error  Blendspace Player'(None)'  references an unknown blend space
[2014.11.19-17.20.43:751][449]BlueprintEditorCompileResults:Error: Error  Play (None)  references an unknown sequence
[2014.11.19-17.20.43:751][449]BlueprintEditorCompileResults:Error: Error  Play (None)  references an unknown sequence
[2014.11.19-17.20.43:751][449]BlueprintEditorCompileResults:Error: Error  Play (None)  references an unknown sequence
[2014.11.19-17.20.43:752][449]BlueprintEditorCompileResults:Error: Error ICE: Player node  Play (None)  was not processed prior to handling a transition getter  K2Node_TransitionRuleGetter  that used it
[2014.11.19-17.20.43:752][449]BlueprintEditorCompileResults:Error: Error ICE: Player node  Play (None)  was not processed prior to handling a transition getter  K2Node_TransitionRuleGetter  that used it
[2014.11.19-17.20.43:752][449]BlueprintEditorCompileResults:Warning: Warning [0488,95] Compile of HeroTPP_AnimBlueprint failed. 6 Fatal Issue(s) 0 Warning(s) [in 16 ms]
[2014.11.19-17.21.05:154][ 22]LogParticles: Destroying 0 GPU particle simulations for FXSystem 0x0000009F98EFC540
[2014.11.19-17.21.05:227][ 22]LogParticles: Destroying 0 GPU particle simulations for FXSystem 0x0000009F9A1D2B60
[2014.11.19-17.21.08:599][ 22]LogObjectTools:Warning: ForceReplaceReferences replaced references for a transient object 'SkeletalMeshComponent0' or package '/Engine/Transient'.
[2014.11.19-17.21.08:599][ 22]LogObjectTools:Warning: ForceReplaceReferences replaced references for a transient object 'SKEL_HeroTPP_AnimBlueprint_C' or package '/Game/Blueprints/HeroTPP_AnimBlueprint'.
[2014.11.19-17.21.14:324][229]LogLinker:Warning: Can't find file '/Game/Character/HeroTPP_Skeleton'
[2014.11.19-17.21.14:324][229]LogLinker:Warning: Can't find file for asset '/Game/Character/HeroTPP_Skeleton' while loading ../../../../../Jablo/UNREAL_AKTUALNY_PROJEKT/MyProject4/Content/Animations/Idle.uasset.
[2014.11.19-17.21.14:324][229]LoadErrors:Error: Error /Game/Animations/Idle : Can't find file for asset. /Game/Character/HeroTPP_Skeleton
[2014.11.19-17.21.14:324][229]LogLinker:Warning: Can't find file '/Game/Character/HeroTPP_Skeleton'
[2014.11.19-17.21.14:324][229]LogLinker:Warning: Can't find file for asset '/Game/Character/HeroTPP_Skeleton' while loading ../../../../../Jablo/UNREAL_AKTUALNY_PROJEKT/MyProject4/Content/Animations/Idle.uasset.
[2014.11.19-17.21.14:337][229]LogLinker:Warning: Can't find file '/Game/Character/HeroTPP_Skeleton'
[2014.11.19-17.21.14:338][229]LogLinker:Warning: Can't find file for asset '/Game/Character/HeroTPP_Skeleton' while loading ../../../../../Jablo/UNREAL_AKTUALNY_PROJEKT/MyProject4/Content/Animations/Run.uasset.
[2014.11.19-17.21.14:338][229]LoadErrors:Error: Error /Game/Animations/Run : Can't find file for asset. /Game/Character/HeroTPP_Skeleton
[2014.11.19-17.21.14:338][229]LogLinker:Warning: Can't find file '/Game/Character/HeroTPP_Skeleton'
[2014.11.19-17.21.14:338][229]LogLinker:Warning: Can't find file for asset '/Game/Character/HeroTPP_Skeleton' while loading ../../../../../Jablo/UNREAL_AKTUALNY_PROJEKT/MyProject4/Content/Animations/Run.uasset.
[2014.11.19-17.21.14:353][229]LogLinker:Warning: Can't find file '/Game/Character/HeroTPP_Skeleton'
[2014.11.19-17.21.14:354][229]LogLinker:Warning: Can't find file for asset '/Game/Character/HeroTPP_Skeleton' while loading ../../../../../Jablo/UNREAL_AKTUALNY_PROJEKT/MyProject4/Content/Animations/Walk.uasset.
[2014.11.19-17.21.14:354][229]LoadErrors:Error: Error /Game/Animations/Walk : Can't find file for asset. /Game/Character/HeroTPP_Skeleton
[2014.11.19-17.21.14:354][229]LogLinker:Warning: Can't find file '/Game/Character/HeroTPP_Skeleton'
[2014.11.19-17.21.14:354][229]LogLinker:Warning: Can't find file for asset '/Game/Character/HeroTPP_Skeleton' while loading ../../../../../Jablo/UNREAL_AKTUALNY_PROJEKT/MyProject4/Content/Animations/Walk.uasset.
[2014.11.19-17.21.14:355][229]LogLinker:Warning: Can't find file '/Game/Character/HeroTPP_Skeleton'
[2014.11.19-17.21.14:355][229]LogLinker:Warning: Can't find file for asset '/Game/Character/HeroTPP_Skeleton' while loading ../../../../../Jablo/UNREAL_AKTUALNY_PROJEKT/MyProject4/Content/Blueprints/IdleRun_TPP.uasset.
[2014.11.19-17.21.14:355][229]LoadErrors:Error: Error /Game/Blueprints/IdleRun_TPP : Can't find file for asset. /Game/Character/HeroTPP_Skeleton
[2014.11.19-17.21.14:355][229]LogLinker:Warning: Can't find file '/Game/Character/HeroTPP_Skeleton'
[2014.11.19-17.21.14:355][229]LogLinker:Warning: Can't find file for asset '/Game/Character/HeroTPP_Skeleton' while loading ../../../../../Jablo/UNREAL_AKTUALNY_PROJEKT/MyProject4/Content/Blueprints/IdleRun_TPP.uasset.
[2014.11.19-17.21.14:373][229]LogLinker:Warning: Can't find file '/Game/Character/HeroTPP_Skeleton'
[2014.11.19-17.21.14:373][229]LoadErrors: Info Failed to load /Game/Character/HeroTPP_Skeleton.HeroTPP_Skeleton Referenced by Idle Property /Script/Engine.AnimationAsset:Skeleton
[2014.11.19-17.21.14:373][229]LogLinker:Warning: Can't find file for asset '/Game/Character/HeroTPP_Skeleton' while loading NULL.
[2014.11.19-17.21.14:389][229]LogLinker:Warning: Can't find file '/Game/Character/HeroTPP_Skeleton'
[2014.11.19-17.21.14:389][229]LoadErrors: Info Failed to load /Game/Character/HeroTPP_Skeleton.HeroTPP_Skeleton Referenced by IdleRun_TPP Property /Script/Engine.AnimationAsset:Skeleton
[2014.11.19-17.21.14:389][229]LogLinker:Warning: Can't find file for asset '/Game/Character/HeroTPP_Skeleton' while loading NULL.
[2014.11.19-17.21.14:390][229]LogLinker:Warning: Can't find file '/Game/Character/HeroTPP_Skeleton'
[2014.11.19-17.21.14:390][229]LoadErrors: Info Failed to load /Game/Character/HeroTPP_Skeleton.HeroTPP_Skeleton Referenced by Walk Property /Script/Engine.AnimationAsset:Skeleton
[2014.11.19-17.21.14:390][229]LogLinker:Warning: Can't find file for asset '/Game/Character/HeroTPP_Skeleton' while loading NULL.
[2014.11.19-17.21.14:391][229]LogLinker:Warning: Can't find file '/Game/Character/HeroTPP_Skeleton'
[2014.11.19-17.21.14:391][229]LoadErrors: Info Failed to load /Game/Character/HeroTPP_Skeleton.HeroTPP_Skeleton Referenced by Run Property /Script/Engine.AnimationAsset:Skeleton
[2014.11.19-17.21.14:391][229]LogLinker:Warning: Can't find file for asset '/Game/Character/HeroTPP_Skeleton' while loading NULL.
[2014.11.19-17.21.19:156][229]LogContentBrowser:Verbose: The majority of assets in the view are of type: Skeleton
[2014.11.19-17.21.22:472][229]LogContentBrowser:Verbose: The majority of assets in the view are of type: AnimSequence
[2014.11.19-17.21.27:843][356]Cmd: OBJ SAVEPACKAGE PACKAGE="/Game/Blueprints/IdleRun_TPP" FILE="../../../../../Jablo/UNREAL_AKTUALNY_PROJEKT/MyProject4/Content/Blueprints/IdleRun_TPP.uasset" SILENT=true
[2014.11.19-17.21.28:249][356]LogSavePackage: Save=368.744476ms
[2014.11.19-17.21.28:249][356]LogSavePackage: Moving '../../../../../Jablo/UNREAL_AKTUALNY_PROJEKT/MyProject4/Saved/IdleRun_TPPB6C9958746C2D6DE869D30A6C44FAD3D.tmp' to '../../../../../Jablo/UNREAL_AKTUALNY_PROJEKT/MyProject4/Content/Blueprints/IdleRun_TPP.uasset'
[2014.11.19-17.21.43:747][778]Cmd: OBJ SAVEPACKAGE PACKAGE="/Game/Blueprints/HeroTPP_Skeleton" FILE="../../../../../Jablo/UNREAL_AKTUALNY_PROJEKT/MyProject4/Content/Blueprints/HeroTPP_Skeleton.uasset" SILENT=true
[2014.11.19-17.21.43:801][778]LogSavePackage: Save=13.003764ms
[2014.11.19-17.21.43:801][778]LogSavePackage: Moving '../../../../../Jablo/UNREAL_AKTUALNY_PROJEKT/MyProject4/Saved/HeroTPP_Skeleton6F44FCE04C0F5C57D46DDB9768CF1196.tmp' to '../../../../../Jablo/UNREAL_AKTUALNY_PROJEKT/MyProject4/Content/Blueprints/HeroTPP_Skeleton.uasset'
[2014.11.19-17.21.56:447][359]LogContentBrowser:Verbose: The content browser source was changed by the sources view to '/Game/Blueprints/Mechanika'
[2014.11.19-17.22.16:456][957]LogRenderer:Warning: Reallocating scene render targets to support 920x584.
[2014.11.19-17.22.40:245][350]LogActorComponent: UnregisterComponent: (/Engine/Transient.CharacterMovementComponent_1) Not registered. Aborting.
[2014.11.19-17.23.19:710][941]LogParticles: Destroying 0 GPU particle simulations for FXSystem 0x0000009F990928E0
[2014.11.19-17.23.19:712][941]LogParticles: Destroying 0 GPU particle simulations for FXSystem 0x0000009F98CC07C0
[2014.11.19-17.23.19:713][941]LogParticles: Destroying 0 GPU particle simulations for FXSystem 0x0000009F99090180
[2014.11.19-17.23.20:057][941]LogSavePackage: Save=167.234039ms
[2014.11.19-17.23.20:057][941]LogSavePackage: Moving '../../../../../Jablo/UNREAL_AKTUALNY_PROJEKT/MyProject4/Saved/Minimal_Default_Auto13CCA3A2D421E3232C808C6981BF48340.tmp' to '../../../../../Jablo/UNREAL_AKTUALNY_PROJEKT/MyProject4/Saved/Autosaves/Game/Maps/Minimal_Default_Auto1.umap'
[2014.11.19-17.23.20:093][941]LogFileHelpers: Editor autosave (incl. sublevels) for '/Game/Maps/Minimal_Default' took 0.430
[2014.11.19-17.23.20:093][941]LogFileHelpers: Editor autosave (incl. sublevels) for all levels took 0.430
[2014.11.19-17.23.20:119][941]OBJ SavePackage: Generating thumbnails for [1] asset(s) in package [/Game/Animations/Idle] ([1] browsable assets)...
[2014.11.19-17.23.20:171][941]OBJ SavePackage:     Rendered thumbnail for [AnimSequence /Game/Animations/Idle.Idle]
[2014.11.19-17.23.20:171][941]OBJ SavePackage: Finished generating thumbnails for package [/Game/Animations/Idle]
[2014.11.19-17.23.20:177][941]Cmd: OBJ SAVEPACKAGE PACKAGE="/Game/Animations/Idle" FILE="../../../../../Jablo/UNREAL_AKTUALNY_PROJEKT/MyProject4/Saved/Autosaves/Game/Animations/Idle_Auto1.uasset" SILENT=false AUTOSAVING=true
[2014.11.19-17.23.20:633][941]LogSavePackage: Save=405.994324ms
[2014.11.19-17.23.20:633][941]LogSavePackage: Moving '../../../../../Jablo/UNREAL_AKTUALNY_PROJEKT/MyProject4/Saved/Idle_Auto11EA41BB84A81D59D576D19ACC5325368.tmp' to '../../../../../Jablo/UNREAL_AKTUALNY_PROJEKT/MyProject4/Saved/Autosaves/Game/Animations/Idle_Auto1.uasset'
[2014.11.19-17.23.20:712][941]LogSavePackage: Save=11.554825ms
[2014.11.19-17.23.20:712][941]LogSavePackage: Moving '../../../../../Jablo/UNREAL_AKTUALNY_PROJEKT/MyProject4/Saved/HeroTPP_AnimBlueprint_Auto1AB6E5AEE4303DA37270E3C9AEF579D7D.tmp' to '../../../../../Jablo/UNREAL_AKTUALNY_PROJEKT/MyProject4/Saved/Autosaves/Game/Blueprints/HeroTPP_AnimBlueprint_Auto1.uasset'
[2014.11.19-17.23.20:738][941]OBJ SavePackage: Generating thumbnails for [1] asset(s) in package [/Game/Animations/Run] ([1] browsable assets)...
[2014.11.19-17.23.20:778][941]OBJ SavePackage:     Rendered thumbnail for [AnimSequence /Game/Animations/Run.Run]
[2014.11.19-17.23.20:778][941]OBJ SavePackage: Finished generating thumbnails for package [/Game/Animations/Run]
[2014.11.19-17.23.20:786][941]Cmd: OBJ SAVEPACKAGE PACKAGE="/Game/Animations/Run" FILE="../../../../../Jablo/UNREAL_AKTUALNY_PROJEKT/MyProject4/Saved/Autosaves/Game/Animations/Run_Auto1.uasset" SILENT=false AUTOSAVING=true
[2014.11.19-17.23.21:225][941]LogSavePackage: Save=388.734833ms
[2014.11.19-17.23.21:225][941]LogSavePackage: Moving '../../../../../Jablo/UNREAL_AKTUALNY_PROJEKT/MyProject4/Saved/Run_Auto1E964C74D48D8A2B6A7879191C07ECCF8.tmp' to '../../../../../Jablo/UNREAL_AKTUALNY_PROJEKT/MyProject4/Saved/Autosaves/Game/Animations/Run_Auto1.uasset'
[2014.11.19-17.23.21:257][941]OBJ SavePackage: Generating thumbnails for [1] asset(s) in package [/Game/Animations/Walk] ([1] browsable assets)...
[2014.11.19-17.23.21:298][941]OBJ SavePackage:     Rendered thumbnail for [AnimSequence /Game/Animations/Walk.Walk]
[2014.11.19-17.23.21:298][941]OBJ SavePackage: Finished generating thumbnails for package [/Game/Animations/Walk]
[2014.11.19-17.23.21:307][941]Cmd: OBJ SAVEPACKAGE PACKAGE="/Game/Animations/Walk" FILE="../../../../../Jablo/UNREAL_AKTUALNY_PROJEKT/MyProject4/Saved/Autosaves/Game/Animations/Walk_Auto1.uasset" SILENT=false AUTOSAVING=true
[2014.11.19-17.23.21:759][941]LogSavePackage: Save=386.679871ms
[2014.11.19-17.23.21:759][941]LogSavePackage: Moving '../../../../../Jablo/UNREAL_AKTUALNY_PROJEKT/MyProject4/Saved/Walk_Auto1971776684E769CD093AB859CBCE3F91C.tmp' to '../../../../../Jablo/UNREAL_AKTUALNY_PROJEKT/MyProject4/Saved/Autosaves/Game/Animations/Walk_Auto1.uasset'
[2014.11.19-17.23.21:805][941]OBJ SavePackage: Generating thumbnails for [1] asset(s) in package [/Game/Blueprints/Mechanika/BP_Postac] ([1] browsable assets)...
[2014.11.19-17.23.21:848][941]OBJ SavePackage:     Rendered thumbnail for [Blueprint /Game/Blueprints/Mechanika/BP_Postac.BP_Postac]
[2014.11.19-17.23.21:848][941]OBJ SavePackage: Finished generating thumbnails for package [/Game/Blueprints/Mechanika/BP_Postac]
[2014.11.19-17.23.22:393][941]LogSavePackage: Save=495.422760ms
[2014.11.19-17.23.22:393][941]LogSavePackage: Moving '../../../../../Jablo/UNREAL_AKTUALNY_PROJEKT/MyProject4/Saved/BP_Postac_Auto1DC7F1A0B45C94DA537B6728C4BA0903F.tmp' to '../../../../../Jablo/UNREAL_AKTUALNY_PROJEKT/MyProject4/Saved/Autosaves/Game/Blueprints/Mechanika/BP_Postac_Auto1.uasset'
[2014.11.19-17.23.22:412][941]LogFileHelpers: Auto-saving content packages took 2.318
[2014.11.19-17.24.22:507][499]LogActorComponent: UnregisterComponent: (/Engine/Transient.CharacterMovementComponent_2) Not registered. Aborting.
[2014.11.19-17.24.38:811][221]BlueprintLog: New page: Compile BP_Postac
[2014.11.19-17.24.39:255][221]BlueprintEditorCompileResults: Info [0724,75] Compile of BP_Postac successful! [in 101 ms]
[2014.11.19-17.24.41:258][317]Cmd: OBJ SAVEPACKAGE PACKAGE="/Game/Blueprints/Mechanika/BP_Postac" FILE="../../../../../Jablo/UNREAL_AKTUALNY_PROJEKT/MyProject4/Content/Blueprints/Mechanika/BP_Postac.uasset" SILENT=true
[2014.11.19-17.24.41:771][317]LogSavePackage: Save=484.618805ms
[2014.11.19-17.24.41:771][317]LogSavePackage: Moving '../../../../../Jablo/UNREAL_AKTUALNY_PROJEKT/MyProject4/Saved/BP_Postac1DF5C59142EBAAC1AE9C1C97CCACE772.tmp' to '../../../../../Jablo/UNREAL_AKTUALNY_PROJEKT/MyProject4/Content/Blueprints/Mechanika/BP_Postac.uasset'
[2014.11.19-17.24.49:138][588]BlueprintLog: New page: Pre-PIE auto-recompile
[2014.11.19-17.24.49:139][588]LogPlayLevel: [PIE] Compiling Minimal_Default before PIE...
[2014.11.19-17.24.49:201][588]LogActorComponent: UnregisterComponent: (/Engine/Transient.CharacterMovementComponent_3) Not registered. Aborting.
[2014.11.19-17.24.49:241][588]LogPlayLevel: PIE:  Blueprint regeneration took 118 ms (1 blueprints)
[2014.11.19-17.24.49:366][588]PIE: New page: PIE session: Minimal_Default (19 Nov 2014 19:24:49)
[2014.11.19-17.24.49:605][588]LogPlayLevel: PIE: StaticDuplicateObject took: (0.229353s)
[2014.11.19-17.24.49:607][588]LogPlayLevel: PIE: World Init took: (0.001632s)
[2014.11.19-17.24.49:607][588]LogPlayLevel: PIE: Created PIE world by copying editor world from /Game/Maps/Minimal_Default.Minimal_Default to /Game/Maps/UEDPIE_0_Minimal_Default.Minimal_Default (0.231466s)
[2014.11.19-17.24.50:047][588]LogWorld: Game class is 'BP_TrybGry_C'
[2014.11.19-17.24.50:106][588]LogAIModule: Creating AISystem for world Minimal_Default
[2014.11.19-17.24.50:132][588]LogWorld:Warning: *** WARNING - PATHS MAY NOT BE VALID ***
[2014.11.19-17.24.50:132][588]LogWorld: Bringing World /Game/Maps/UEDPIE_0_Minimal_Default.Minimal_Default up for play (max tick rate 0) at 2014.11.19-18.24.50
[2014.11.19-17.24.50:343][588]LogWorld: Bringing up level for play took: 0.236832
[2014.11.19-17.24.50:843][588]PIE: Info Play in editor start time for /Game/Maps/UEDPIE_0_Minimal_Default 1,77
[2014.11.19-17.24.51:456][589]LogRenderer:Warning: Reallocating scene render targets to support 920x592.
[2014.11.19-17.24.52:622][634]LogBlueprintUserMessages: ciach
[2014.11.19-17.25.07:172][252]LogBlueprintUserMessages: ciach
[2014.11.19-17.25.07:575][268]LogBlueprintUserMessages: ciach
[2014.11.19-17.25.07:766][276]LogBlueprintUserMessages: ciach
[2014.11.19-17.25.07:905][282]LogBlueprintUserMessages: ciach
[2014.11.19-17.25.17:310][690]LogBlueprintUserMessages: ciach
[2014.11.19-17.25.17:325][690]LogBlueprintUserMessages: 70.0
[2014.11.19-17.25.17:821][714]LogBlueprintUserMessages: ciach
[2014.11.19-17.25.17:821][714]LogBlueprintUserMessages: 40.0
[2014.11.19-17.25.18:008][723]LogBlueprintUserMessages: ciach
[2014.11.19-17.25.18:009][723]LogBlueprintUserMessages: 10.0
[2014.11.19-17.25.18:244][735]LogBlueprintUserMessages: ciach
[2014.11.19-17.25.18:245][735]LogBlueprintUserMessages: -20.0
[2014.11.19-17.25.19:627][783]LogParticles: Destroying 0 GPU particle simulations for FXSystem 0x0000009F9D8B8C20
[2014.11.19-17.26.02:561][552]LogLinker:Warning: Can't find file '/Game/Character/HeroTPP_AnimBlueprint'
[2014.11.19-17.26.02:561][552]LogLinker:Warning: Can't find file for asset '/Game/Character/HeroTPP_AnimBlueprint' while loading ../../../../../Jablo/UNREAL_AKTUALNY_PROJEKT/MyProject4/Content/Blueprints/Mechanika/MyCharacter.uasset.
[2014.11.19-17.26.02:561][552]LoadErrors:Error: Error /Game/Blueprints/Mechanika/MyCharacter : Can't find file for asset. /Game/Character/HeroTPP_AnimBlueprint
[2014.11.19-17.26.02:562][552]LogLinker:Warning: Can't find file '/Game/Character/HeroTPP'
[2014.11.19-17.26.02:563][552]LogLinker:Warning: Can't find file for asset '/Game/Character/HeroTPP' while loading ../../../../../Jablo/UNREAL_AKTUALNY_PROJEKT/MyProject4/Content/Blueprints/Mechanika/MyCharacter.uasset.
[2014.11.19-17.26.02:563][552]LoadErrors:Error: Error /Game/Blueprints/Mechanika/MyCharacter : Can't find file for asset. /Game/Character/HeroTPP
[2014.11.19-17.26.02:563][552]LogLinker:Warning: Can't find file '/Game/Character/HeroTPP_AnimBlueprint'
[2014.11.19-17.26.02:563][552]LogLinker:Warning: Can't find file for asset '/Game/Character/HeroTPP_AnimBlueprint' while loading ../../../../../Jablo/UNREAL_AKTUALNY_PROJEKT/MyProject4/Content/Blueprints/Mechanika/MyCharacter.uasset.
[2014.11.19-17.26.02:565][552]LogLinker:Warning: Can't find file '/Game/Character/HeroTPP'
[2014.11.19-17.26.02:565][552]LogLinker:Warning: Can't find file for asset '/Game/Character/HeroTPP' while loading ../../../../../Jablo/UNREAL_AKTUALNY_PROJEKT/MyProject4/Content/Blueprints/Mechanika/MyCharacter.uasset.
[2014.11.19-17.26.02:567][552]LogLinker:Warning: Can't find file '/Game/Character/HeroTPP_AnimBlueprint'
[2014.11.19-17.26.02:568][552]LoadErrors: Info Failed to load /Game/Character/HeroTPP_AnimBlueprint.HeroTPP_AnimBlueprint_C Referenced by Default__MyCharacter_C Property /Script/Engine.SkeletalMeshComponent:AnimBlueprintGeneratedClass
[2014.11.19-17.26.02:568][552]LogLinker:Warning: Can't find file for asset '/Game/Character/HeroTPP_AnimBlueprint' while loading NULL.
[2014.11.19-17.26.02:568][552]LogLinker:Warning: Can't find file '/Game/Character/HeroTPP'
[2014.11.19-17.26.02:568][552]LoadErrors: Info Failed to load /Game/Character/HeroTPP.HeroTPP Referenced by Default__MyCharacter_C Property /Script/Engine.SkinnedMeshComponent:SkeletalMesh
[2014.11.19-17.26.02:568][552]LogLinker:Warning: Can't find file for asset '/Game/Character/HeroTPP' while loading NULL.
[2014.11.19-17.26.02:648][552]LogBlueprint:Warning: [compiler] Warning Input Axis Event references unknown Axis 'LookUpRate' for  LookUpRate 
[2014.11.19-17.26.02:648][552]LogBlueprint:Warning: [compiler] Warning Input Axis Event references unknown Axis 'TurnRate' for  TurnRate 
[2014.11.19-17.26.02:649][552]LogBlueprint:Warning: [compiler] Warning Input Axis Event references unknown Axis 'MoveRight' for  MoveRight 
[2014.11.19-17.26.02:649][552]LogBlueprint:Warning: [compiler] Warning Input Axis Event references unknown Axis 'MoveForward' for  MoveForward 
[2014.11.19-17.26.02:650][552]LogBlueprint:Warning: [compiler] Warning Input Axis Event references unknown Axis 'Turn' for  Turn 
[2014.11.19-17.26.02:650][552]LogBlueprint:Warning: [compiler] Warning Input Axis Event references unknown Axis 'LookUp' for  LookUp 
[2014.11.19-17.26.02:651][552]LogBlueprint:Warning: [compiler] Warning InputAction Event references unknown Action 'Jump' for  Jump 
[2014.11.19-17.26.02:654][552]LogBlueprint:Warning: [compiler] Warning [0808,33] Compile of MyCharacter successful, but with 7 Warning(s) [in 19 ms]
[2014.11.19-17.26.02:697][552]LogBlueprint:Warning: [compiler] Warning Input Axis Event references unknown Axis 'LookUpRate' for  LookUpRate 
[2014.11.19-17.26.02:698][552]LogBlueprint:Warning: [compiler] Warning Input Axis Event references unknown Axis 'TurnRate' for  TurnRate 
[2014.11.19-17.26.02:698][552]LogBlueprint:Warning: [compiler] Warning Input Axis Event references unknown Axis 'MoveRight' for  MoveRight 
[2014.11.19-17.26.02:698][552]LogBlueprint:Warning: [compiler] Warning Input Axis Event references unknown Axis 'MoveForward' for  MoveForward 
[2014.11.19-17.26.02:699][552]LogBlueprint:Warning: [compiler] Warning Input Axis Event references unknown Axis 'Turn' for  Turn 
[2014.11.19-17.26.02:699][552]LogBlueprint:Warning: [compiler] Warning Input Axis Event references unknown Axis 'LookUp' for  LookUp 
[2014.11.19-17.26.02:700][552]LogBlueprint:Warning: [compiler] Warning InputAction Event references unknown Action 'Jump' for  Jump 
[2014.11.19-17.26.02:703][552]LogBlueprint:Warning: [compiler] Warning [0808,38] Compile of MyCharacter successful, but with 7 Warning(s) [in 11 ms]
[2014.11.19-17.26.02:715][552]BlueprintLog:Warning: Warning Blueprint MyCharacter has been migrated and requires re-saving to avoid import errors
[2014.11.19-17.26.19:106][952]LogActorComponent: UnregisterComponent: (/Engine/Transient.CharacterMovementComponent_4) Not registered. Aborting.
[2014.11.19-17.26.19:106][952]LogActorComponent: UnregisterComponent: (/Engine/Transient.CharacterMovementComponent_5) Not registered. Aborting.
[2014.11.19-17.27.25:274][713]Cmd: OBJ SAVEPACKAGE PACKAGE="/Game/Blueprints/Mechanika/MyCharacter" FILE="../../../../../Jablo/UNREAL_AKTUALNY_PROJEKT/MyProject4/Content/Blueprints/Mechanika/MyCharacter.uasset" SILENT=true
[2014.11.19-17.27.25:755][713]LogSavePackage: Save=445.550262ms
[2014.11.19-17.27.25:755][713]LogSavePackage: Moving '../../../../../Jablo/UNREAL_AKTUALNY_PROJEKT/MyProject4/Saved/MyCharacter13000F0544B6E738858C488B96AA83E0.tmp' to '../../../../../Jablo/UNREAL_AKTUALNY_PROJEKT/MyProject4/Content/Blueprints/Mechanika/MyCharacter.uasset'
[2014.11.19-17.28.29:045][354]LogUProjectInfo: Found projects:
[2014.11.19-17.28.42:291][420]Cmd: CLOSE_SLATE_MAINFRAME
[2014.11.19-17.28.42:293][420]LogActorComponent: UnregisterComponent: (/Engine/Transient.CharacterMovementComponent_6) Not registered. Aborting.
[2014.11.19-17.28.42:427][420]LogParticles: Destroying 0 GPU particle simulations for FXSystem 0x0000009F9D47B100
[2014.11.19-17.28.42:429][420]LogParticles: Destroying 0 GPU particle simulations for FXSystem 0x0000009F9D6DF240
[2014.11.19-17.28.47:829][421]Cmd: QUIT_EDITOR
[2014.11.19-17.28.48:303][421]LogWindowsTextInputMethodSystem:Error: Terminating failed while unadvising the language notification sink from the TSF source.
[2014.11.19-17.28.48:554][421]LogExit: Preparing to exit.
[2014.11.19-17.28.53:483][421]LogExit: Editor shut down
[2014.11.19-17.28.53:484][421]LogExit: Transaction tracking system shut down
[2014.11.19-17.28.53:484][421]LogParticles: Destroying 0 GPU particle simulations for FXSystem 0x0000009F9651EA20
[2014.11.19-17.28.53:485][421]LogParticles: Destroying 0 GPU particle simulations for FXSystem 0x0000009F997E2D40
[2014.11.19-17.28.53:485][421]LogParticles: Destroying 0 GPU particle simulations for FXSystem 0x0000009F99819440
[2014.11.19-17.28.53:486][421]LogParticles: Destroying 0 GPU particle simulations for FXSystem 0x0000009F90323BA0
[2014.11.19-17.28.53:486][421]LogParticles: Destroying 0 GPU particle simulations for FXSystem 0x0000009F87C87BA0
[2014.11.19-17.28.53:496][421]LogParticles: Destroying 0 GPU particle simulations for FXSystem 0x0000009F8A9818A0
[2014.11.19-17.28.53:496][421]LogParticles: Destroying 0 GPU particle simulations for FXSystem 0x0000009F8A981800
[2014.11.19-17.28.53:496][421]LogParticles: Destroying 0 GPU particle simulations for FXSystem 0x0000009F8A981940
[2014.11.19-17.28.53:497][421]LogParticles: Destroying 0 GPU particle simulations for FXSystem 0x0000009F99818F40
[2014.11.19-17.28.54:928][421]LogExit: Object subsystem successfully closed.
[2014.11.19-17.28.57:381][421]LogModuleManager: Shutting down and abandoning module Merge (154)
[2014.11.19-17.28.57:381][421]LogModuleManager: Shutting down and abandoning module HTTP (153)
[2014.11.19-17.28.57:478][421]LogModuleManager: Shutting down and abandoning module CrashTracker (152)
[2014.11.19-17.28.57:478][421]LogModuleManager: Shutting down and abandoning module SuperSearch (151)
[2014.11.19-17.28.57:506][421]LogModuleManager: Shutting down and abandoning module SceneOutliner (150)
[2014.11.19-17.28.57:506][421]LogModuleManager: Shutting down and abandoning module EditorWidgets (149)
[2014.11.19-17.28.57:506][421]LogModuleManager: Shutting down and abandoning module CollectionManager (148)
[2014.11.19-17.28.57:529][421]LogModuleManager: Shutting down and abandoning module StatsViewer (147)
[2014.11.19-17.28.57:593][421]LogModuleManager: Shutting down and abandoning module FoliageEdit (146)
[2014.11.19-17.28.57:593][421]LogModuleManager: Shutting down and abandoning module LandscapeEditor (145)
[2014.11.19-17.28.57:675][421]LogModuleManager: Shutting down and abandoning module MeshPaint (144)
[2014.11.19-17.28.57:699][421]LogModuleManager: Shutting down and abandoning module ActorPickerMode (143)
[2014.11.19-17.28.57:699][421]LogModuleManager: Shutting down and abandoning module GeometryMode (142)
[2014.11.19-17.28.57:699][421]LogModuleManager: Shutting down and abandoning module TextureAlignMode (141)
[2014.11.19-17.28.57:699][421]LogModuleManager: Shutting down and abandoning module BspMode (140)
[2014.11.19-17.28.57:699][421]LogModuleManager: Shutting down and abandoning module PlacementMode (139)
[2014.11.19-17.28.57:699][421]LogModuleManager: Shutting down and abandoning module DesktopPlatform (138)
[2014.11.19-17.28.57:699][421]LogModuleManager: Shutting down and abandoning module AutomationWorker (137)
[2014.11.19-17.28.57:699][421]LogModuleManager: Shutting down and abandoning module EditorLiveStreaming (136)
[2014.11.19-17.28.57:730][421]LogModuleManager: Shutting down and abandoning module BehaviorTreeEditor (135)
[2014.11.19-17.28.57:821][421]LogModuleManager: Shutting down and abandoning module DeviceProfileEditor (134)
[2014.11.19-17.28.57:839][421]LogModuleManager: Shutting down and abandoning module UndoHistory (133)
[2014.11.19-17.28.57:839][421]LogModuleManager: Shutting down and abandoning module GameplayTagsEditor (132)
[2014.11.19-17.28.57:839][421]LogModuleManager: Shutting down and abandoning module UserFeedback (131)
[2014.11.19-17.28.57:839][421]LogModuleManager: Shutting down and abandoning module XmlParser (130)
[2014.11.19-17.28.57:852][421]LogModuleManager: Shutting down and abandoning module Blutility (129)
[2014.11.19-17.28.57:852][421]LogModuleManager: Shutting down and abandoning module IOSPlatformEditor (128)
[2014.11.19-17.28.57:852][421]LogModuleManager: Shutting down and abandoning module IOSRuntimeSettings (127)
[2014.11.19-17.28.57:852][421]LogModuleManager: Shutting down and abandoning module ProjectTargetPlatformEditor (124)
[2014.11.19-17.28.57:860][421]LogModuleManager: Shutting down and abandoning module ProjectSettingsViewer (123)
[2014.11.19-17.28.57:860][421]LogModuleManager: Shutting down and abandoning module InputBindingEditor (122)
[2014.11.19-17.28.57:904][421]LogModuleManager: Shutting down and abandoning module EditorSettingsViewer (121)
[2014.11.19-17.28.57:904][421]LogModuleManager: Shutting down and abandoning module SettingsEditor (120)
[2014.11.19-17.28.57:917][421]LogModuleManager: Shutting down and abandoning module SessionLauncher (119)
[2014.11.19-17.28.57:929][421]LogModuleManager: Shutting down and abandoning module SessionFrontend (118)
[2014.11.19-17.28.57:939][421]LogModuleManager: Shutting down and abandoning module ProfilerClient (117)
[2014.11.19-17.28.57:949][421]LogModuleManager: Shutting down and abandoning module TargetDeviceServices (116)
[2014.11.19-17.28.57:949][421]LogModuleManager: Shutting down and abandoning module DeviceManager (115)
[2014.11.19-17.28.57:963][421]LogModuleManager: Shutting down and abandoning module AutomationController (114)
[2014.11.19-17.28.57:970][421]LogModuleManager: Shutting down and abandoning module AutomationWindow (113)
[2014.11.19-17.28.57:980][421]LogModuleManager: Shutting down and abandoning module Layers (112)
[2014.11.19-17.28.58:009][421]LogModuleManager: Shutting down and abandoning module ComponentVisualizers (111)
[2014.11.19-17.28.58:009][421]LogModuleManager: Shutting down and abandoning module DetailCustomizations (110)
[2014.11.19-17.28.58:022][421]LogModuleManager: Shutting down and abandoning module PackagesDialog (109)
[2014.11.19-17.28.58:022][421]LogModuleManager: Shutting down and abandoning module DirectoryWatcher (108)
[2014.11.19-17.28.58:025][421]LogModuleManager: Shutting down and abandoning module AssetRegistry (107)
[2014.11.19-17.28.58:100][421]LogModuleManager: Shutting down and abandoning module Persona (106)
[2014.11.19-17.28.58:126][421]LogModuleManager: Shutting down and abandoning module GraphEditor (105)
[2014.11.19-17.28.58:138][421]LogModuleManager: Shutting down and abandoning module ClassViewer (104)
[2014.11.19-17.28.58:138][421]LogModuleManager: Shutting down and abandoning module Toolbox (103)
[2014.11.19-17.28.58:138][421]LogModuleManager: Shutting down and abandoning module ModuleUI (102)
[2014.11.19-17.28.58:146][421]LogModuleManager: Shutting down and abandoning module Sequencer (101)
[2014.11.19-17.28.58:172][421]LogModuleManager: Shutting down and abandoning module MovieSceneTools (100)
[2014.11.19-17.28.58:205][421]LogModuleManager: Shutting down and abandoning module OutputLog (99)
[2014.11.19-17.28.58:205][421]LogModuleManager: Shutting down and abandoning module GammaUI (98)
[2014.11.19-17.28.58:218][421]LogModuleManager: Shutting down and abandoning module Documentation (97)
[2014.11.19-17.28.58:218][421]LogModuleManager: Shutting down and abandoning module GameLiveStreaming (96)
[2014.11.19-17.28.58:229][421]LogModuleManager: Shutting down and abandoning module StreamingPauseRendering (95)
[2014.11.19-17.28.58:241][421]LogModuleManager: Shutting down and abandoning module AnalyticsET (94)
[2014.11.19-17.28.58:241][421]LogModuleManager: Shutting down and abandoning module Analytics (93)
[2014.11.19-17.28.58:241][421]LogModuleManager: Shutting down and abandoning module GameplayDebugger (92)
[2014.11.19-17.28.58:241][421]LogModuleManager: Shutting down and abandoning module AIModule (91)
[2014.11.19-17.28.58:253][421]LogModuleManager: Shutting down and abandoning module ProfilerService (90)
[2014.11.19-17.28.58:554][421]LogModuleManager: Shutting down and abandoning module TaskGraph (89)
[2014.11.19-17.28.58:582][421]LogModuleManager: Shutting down and abandoning module SlateRemote (88)
[2014.11.19-17.28.58:582][421]LogModuleManager: Shutting down and abandoning module ScriptEditorPlugin (87)
[2014.11.19-17.28.58:582][421]LogModuleManager: Shutting down and abandoning module CustomMeshComponent (86)
[2014.11.19-17.28.58:582][421]LogModuleManager: Shutting down and abandoning module CableComponent (85)
[2014.11.19-17.28.58:582][421]LogModuleManager: Shutting down and abandoning module MessagingDebugger (84)
[2014.11.19-17.28.58:616][421]LogModuleManager: Shutting down and abandoning module ViewportSnapping (83)
[2014.11.19-17.28.58:616][421]LogModuleManager: Shutting down and abandoning module SmartSnapping (82)
[2014.11.19-17.28.58:616][421]LogModuleManager: Shutting down and abandoning module PaperTiledImporter (81)
[2014.11.19-17.28.58:616][421]LogModuleManager: Shutting down and abandoning module PaperJsonImporter (80)
[2014.11.19-17.28.58:616][421]LogModuleManager: Shutting down and abandoning module GameProjectGeneration (79)
[2014.11.19-17.28.58:616][421]LogModuleManager: Shutting down and abandoning module Matinee (78)
[2014.11.19-17.28.58:635][421]LogModuleManager: Shutting down and abandoning module Kismet (77)
[2014.11.19-17.28.58:662][421]LogModuleManager: Shutting down and abandoning module SlateReflector (76)
[2014.11.19-17.28.58:678][421]LogModuleManager: Shutting down and abandoning module LevelEditor (75)
[2014.11.19-17.28.58:712][421]LogModuleManager: Shutting down and abandoning module IntroTutorials (74)
[2014.11.19-17.28.58:731][421]LogModuleManager: Shutting down and abandoning module ContentBrowser (73)
[2014.11.19-17.28.58:731][421]LogModuleManager: Shutting down and abandoning module PropertyEditor (72)
[2014.11.19-17.28.58:731][421]LogModuleManager: Shutting down and abandoning module AssetTools (71)
[2014.11.19-17.28.58:767][421]LogModuleManager: Shutting down and abandoning module Paper2DEditor (70)
[2014.11.19-17.28.58:805][421]LogModuleManager: Shutting down and abandoning module SpeedTreeImporter (69)
[2014.11.19-17.28.58:810][421]LogModuleManager: Shutting down and abandoning module PluginsEditor (68)
[2014.11.19-17.28.58:821][421]LogModuleManager: Shutting down and abandoning module MainFrame (67)
[2014.11.19-17.28.58:821][421]LogModuleManager: Shutting down and abandoning module EpicSurvey (66)
[2014.11.19-17.28.58:847][421]LogModuleManager: Shutting down and abandoning module VisualStudioSourceCodeAccess (65)
[2014.11.19-17.28.58:847][421]LogModuleManager: Shutting down and abandoning module UObjectPlugin (64)
[2014.11.19-17.28.58:847][421]LogModuleManager: Shutting down and abandoning module SubversionSourceControl (63)
[2014.11.19-17.28.58:904][421]LogModuleManager: Shutting down and abandoning module SourceControl (62)
[2014.11.19-17.28.58:944][421]LogModuleManager: Shutting down and abandoning module PerforceSourceControl (61)
[2014.11.19-17.28.58:987][421]LogModuleManager: Shutting down and abandoning module BlankPlugin (60)
[2014.11.19-17.28.58:987][421]LogModuleManager: Shutting down and abandoning module ScriptPlugin (59)
[2014.11.19-17.28.59:007][421]LogModuleManager: Shutting down and abandoning module UdpMessaging (58)
[2014.11.19-17.28.59:108][421]LogModuleManager: Shutting down and abandoning module Paper2D (57)
[2014.11.19-17.28.59:128][421]LogModuleManager: Shutting down and abandoning module WindowsMoviePlayer (56)
[2014.11.19-17.28.59:160][421]LogModuleManager: Shutting down and abandoning module ImageWrapper (55)
[2014.11.19-17.28.59:160][421]LogModuleManager: Shutting down and abandoning module OnlineBlueprintSupport (54)
[2014.11.19-17.28.59:160][421]LogModuleManager: Shutting down and abandoning module FunctionalTesting (53)
[2014.11.19-17.28.59:172][421]LogModuleManager: Shutting down and abandoning module CollisionAnalyzer (52)
[2014.11.19-17.28.59:212][421]LogModuleManager: Shutting down and abandoning module WorkspaceMenuStructure (51)
[2014.11.19-17.28.59:212][421]LogModuleManager: Shutting down and abandoning module MessageLog (50)
[2014.11.19-17.28.59:212][421]LogModuleManager: Shutting down and abandoning module UMGEditor (49)
[2014.11.19-17.28.59:272][421]LogModuleManager: Shutting down and abandoning module UMG (48)
[2014.11.19-17.28.59:308][421]LogModuleManager: Shutting down and abandoning module Slate (47)
[2014.11.19-17.28.59:308][421]LogModuleManager: Shutting down and abandoning module EditorStyle (46)
[2014.11.19-17.28.59:456][421]LogModuleManager: Shutting down and abandoning module SessionServices (45)
[2014.11.19-17.28.59:456][421]LogModuleManager: Shutting down and abandoning module SourceCodeAccess (44)
[2014.11.19-17.28.59:456][421]LogModuleManager: Shutting down and abandoning module HeadMountedDisplay (43)
[2014.11.19-17.28.59:466][421]LogModuleManager: Shutting down and abandoning module XAudio2 (42)
[2014.11.19-17.28.59:466][421]LogModuleManager: Shutting down and abandoning module Networking (40)
[2014.11.19-17.28.59:466][421]LogModuleManager: Shutting down and abandoning module Core (39)
[2014.11.19-17.28.59:466][421]LogModuleManager: Shutting down and abandoning module KismetCompiler (38)
[2014.11.19-17.28.59:466][421]LogModuleManager: Shutting down and abandoning module PhysXFormats (37)
[2014.11.19-17.28.59:466][421]LogModuleManager: Shutting down and abandoning module MeshUtilities (36)
[2014.11.19-17.28.59:506][421]LogModuleManager: Shutting down and abandoning module DerivedDataCache (35)
[2014.11.19-17.28.59:543][421]LogDerivedDataCache: Shutdown
[2014.11.19-17.28.59:543][421]LogModuleManager: Shutting down and abandoning module ShaderFormatOpenGL (34)
[2014.11.19-17.28.59:554][421]LogModuleManager: Shutting down and abandoning module ShaderFormatD3D (33)
[2014.11.19-17.28.59:574][421]LogModuleManager: Shutting down and abandoning module MetalShaderFormat (32)
[2014.11.19-17.28.59:583][421]LogModuleManager: Shutting down and abandoning module TextureFormatUncompressed (31)
[2014.11.19-17.28.59:583][421]LogModuleManager: Shutting down and abandoning module TextureFormatPVR (30)
[2014.11.19-17.28.59:590][421]LogModuleManager: Shutting down and abandoning module TextureFormatDXT (29)
[2014.11.19-17.28.59:606][421]LogModuleManager: Shutting down and abandoning module AudioFormatOpus (28)
[2014.11.19-17.28.59:621][421]LogModuleManager: Shutting down and abandoning module AudioFormatOgg (27)
[2014.11.19-17.28.59:621][421]LogModuleManager: Shutting down and abandoning module AudioFormatADPCM (26)
[2014.11.19-17.28.59:621][421]LogModuleManager: Shutting down and abandoning module Messaging (25)
[2014.11.19-17.28.59:621][421]LogModuleManager: Shutting down and abandoning module IOSTargetPlatform (24)
[2014.11.19-17.28.59:621][421]LogModuleManager: Shutting down and abandoning module WindowsTargetPlatform (23)
[2014.11.19-17.28.59:628][421]LogModuleManager: Shutting down and abandoning module WindowsServerTargetPlatform (22)
[2014.11.19-17.28.59:628][421]LogModuleManager: Shutting down and abandoning module WindowsNoEditorTargetPlatform (21)
[2014.11.19-17.28.59:628][421]LogModuleManager: Shutting down and abandoning module WindowsClientTargetPlatform (20)
[2014.11.19-17.28.59:628][421]LogModuleManager: Shutting down and abandoning module TargetPlatform (19)
[2014.11.19-17.28.59:628][421]LogModuleManager: Shutting down and abandoning module InputCore (18)
[2014.11.19-17.28.59:628][421]LogModuleManager: Shutting down and abandoning module Settings (17)
[2014.11.19-17.28.59:628][421]LogModuleManager: Shutting down and abandoning module ExampleDeviceProfileSelector (14)
[2014.11.19-17.28.59:631][421]LogModuleManager: Shutting down and abandoning module OculusRift (13)
[2014.11.19-17.28.59:632][421]LogModuleManager: Shutting down and abandoning module TextureCompressor (12)
[2014.11.19-17.28.59:642][421]LogModuleManager: Shutting down and abandoning module ShaderCore (11)
[2014.11.19-17.28.59:642][421]LogModuleManager: Shutting down and abandoning module OpenGLDrv (10)
[2014.11.19-17.28.59:656][421]LogModuleManager: Shutting down and abandoning module D3D11RHI (9)
[2014.11.19-17.28.59:656][421]LogModuleManager: Shutting down and abandoning module SlateRHIRenderer (8)
[2014.11.19-17.28.59:656][421]LogModuleManager: Shutting down and abandoning module Renderer (7)
[2014.11.19-17.28.59:663][421]LogModuleManager: Shutting down and abandoning module Engine (6)
[2014.11.19-17.28.59:663][421]LogModuleManager: Shutting down and abandoning module CoreUObject (5)
[2014.11.19-17.28.59:663][421]LogModuleManager: Shutting down and abandoning module NetworkFile (4)
[2014.11.19-17.28.59:685][421]LogModuleManager: Shutting down and abandoning module StreamingFile (3)
[2014.11.19-17.28.59:685][421]LogModuleManager: Shutting down and abandoning module SandboxFile (2)
[2014.11.19-17.28.59:692][421]LogModuleManager: Shutting down and abandoning module PakFile (1)
[2014.11.19-17.28.59:810][421]LogExit: Exiting.
[2014.11.19-17.29.00:125][421]Log file closed, 11/19/14 18:29:00
