Log file open, 11/17/14 22:07:25
LogInit:Display: Running engine for game: MyProject4
LogInit: Version: 4.4.3-0+UE4
LogInit: API Version: 0
LogInit: Compiled (64-bit): Sep 17 2014 07:16:51
LogInit: Build Configuration: Development
LogInit: Branch Name: UE4
LogInit: Command line: 
LogInit: Base directory: D:/Developer/UnrealEngine-4.4.3-release/UnrealEngine-4.4.3-release/Engine/Binaries/Win64/
LogInit: Rocket: 0
[2014.11.17-21.07.25:275][  0]LogTaskGraph: Started task graph with 3 named threads and 4 total threads.
[2014.11.17-21.07.25:304][  0]LogOnline:Warning: No default platform service specified for OnlineSubsystem
[2014.11.17-21.07.25:314][  0]LogInit: Presizing for 0 objects not considered by GC, pre-allocating 0 bytes.
[2014.11.17-21.07.25:324][  0]LogInit: Object subsystem initialized
[2014.11.17-21.07.25:328][  0]LogInit: Selected Device Profile: [Windows]
[2014.11.17-21.07.25:328][  0]LogInit: Applying CVar settings loaded from the selected device profile: [Windows]
[2014.11.17-21.07.25:333][  0]LogInit: Computer: ADAM
[2014.11.17-21.07.25:334][  0]LogInit: User: Adam
[2014.11.17-21.07.25:335][  0]LogInit: CPU Page size=4096, Cores=2
[2014.11.17-21.07.25:335][  0]LogInit: High frequency timer resolution =3.161619 MHz
[2014.11.17-21.07.25:335][  0]LogMemory: Memory total: Physical=3.0GB (3GB approx) Virtual=131072.0GB
[2014.11.17-21.07.25:336][  0]LogMemory: Platform Memory Stats for Windows
[2014.11.17-21.07.25:336][  0]LogMemory: Process Physical Memory: 59.75 MB used, 59.84 MB peak
[2014.11.17-21.07.25:336][  0]LogMemory: Process Virtual Memory: 35.91 MB used, 36.02 MB peak
[2014.11.17-21.07.25:336][  0]LogMemory: Physical Memory: 1829.18 MB used, 3071.55 MB total
[2014.11.17-21.07.25:336][  0]LogMemory: Virtual Memory: 262.07 MB used, 134217728.00 MB total
[2014.11.17-21.07.25:369][  0]LogD3D11RHI: Found D3D11 adapter 0: NVIDIA GeForce GTX 780 (Feature Level 11_0)
[2014.11.17-21.07.25:369][  0]LogD3D11RHI: Adapter has 2988MB of dedicated video memory, 0MB of dedicated system memory, and 1535MB of shared system memory, 2 output[s]
[2014.11.17-21.07.25:371][  0]LogD3D11RHI: Found D3D11 adapter 1: Microsoft Basic Render Driver (Feature Level 11_0)
[2014.11.17-21.07.25:371][  0]LogD3D11RHI: Adapter has 0MB of dedicated video memory, 0MB of dedicated system memory, and 256MB of shared system memory, 0 output[s]
[2014.11.17-21.07.25:371][  0]LogD3D11RHI: Chosen D3D11 Adapter Id = 0
[2014.11.17-21.07.25:381][  0]LogRHI: Texture pool is 1361 MB (70% of 1945 MB)
[2014.11.17-21.07.25:396][  0]LogD3D11RHI: Async texture creation enabled
[2014.11.17-21.07.25:584][  0]LogContentStreaming: Texture pool size is 0.000000MB
[2014.11.17-21.07.27:317][  0]LogTargetPlatformManager:Display: Building Assets For Windows
[2014.11.17-21.07.27:806][  0]LogTargetPlatformManager:Display: Building Assets For Windows
[2014.11.17-21.07.27:850][  0]LogDerivedDataCache:Display: Max Cache Size: 512 MB
[2014.11.17-21.07.29:513][  0]LogDerivedDataCache: Loaded boot cache 1.66s 39MB ../../../../../Jablo/UNREAL_AKTUALNY_PROJEKT/MyProject4/DerivedDataCache/Boot.ddc.
[2014.11.17-21.07.29:513][  0]LogDerivedDataCache:Display: Loaded Boot cache: ../../../../../Jablo/UNREAL_AKTUALNY_PROJEKT/MyProject4/DerivedDataCache/Boot.ddc
[2014.11.17-21.07.29:513][  0]LogDerivedDataCache: FDerivedDataBackendGraph:  Pak pak cache file ../../../../../Jablo/UNREAL_AKTUALNY_PROJEKT/MyProject4/DerivedDataCache/DDC.ddp not found, will not use a pak cache.
[2014.11.17-21.07.29:513][  0]LogDerivedDataCache: Unable to find inner node Pak for hierarchical cache Hierarchy.
[2014.11.17-21.07.29:513][  0]LogDerivedDataCache: FDerivedDataBackendGraph:  EnginePak pak cache file ../../../Engine/DerivedDataCache/DDC.ddp not found, will not use a pak cache.
[2014.11.17-21.07.29:513][  0]LogDerivedDataCache: Unable to find inner node EnginePak for hierarchical cache Hierarchy.
[2014.11.17-21.07.29:540][  0]LogDerivedDataCache: Using Local data cache path ../../../Engine/DerivedDataCache: Writable
[2014.11.17-21.07.29:540][  0]LogDerivedDataCache: Shared data cache path not found in *engine.ini, will not use an Shared cache.
[2014.11.17-21.07.29:540][  0]LogDerivedDataCache: Unable to find inner node Shared for hierarchical cache Hierarchy.
[2014.11.17-21.07.29:787][  0]LogMeshUtilities: No automatic mesh reduction module available
[2014.11.17-21.07.29:788][  0]LogMeshUtilities: No automatic mesh merging module available
[2014.11.17-21.07.30:545][  0]LogInit: WinSock: version 1.1 (2.2), MaxSocks=32767, MaxUdp=65467
[2014.11.17-21.07.31:511][  0]LogStats:Warning: MetaData mismatch. Did you assign a stat to two groups? New //STATGROUP_Threads//FMonitoredProcess///Thread_15d4_0///////STATCAT_Advanced//// old //STATGROUP_Threads//FMonitoredProcess///Thread_14e4_0///////STATCAT_Advanced////
[2014.11.17-21.07.31:511][  0]UdpMessaging: Initializing bridge on interface 0.0.0.0:0 to multicast group 230.0.0.1:6666.
[2014.11.17-21.07.31:617][  0]SourceControl: Info Source control is disabled
[2014.11.17-21.07.31:617][  0]SourceControl: Info Source control is disabled
[2014.11.17-21.07.31:623][  0]SourceControl: Info Source control is disabled
[2014.11.17-21.07.31:820][  0]BlueprintLog: New page: Editor Load
[2014.11.17-21.07.31:921][  0]LogObj: 21438 objects as part of root set at end of initial load.
[2014.11.17-21.07.31:921][  0]LogUObjectAllocator: 4218656 out of 0 bytes used by permanent object pool.
[2014.11.17-21.07.32:249][  0]LogEngine: Initializing Engine...
[2014.11.17-21.07.32:502][  0]LogInit: XAudio2 using 'GBo[niki (USB Multi-Channel Audio Device)' : 6 channels at 48 kHz using 32 bits per sample (channel mask 0x60f)
[2014.11.17-21.07.32:513][  0]LogInit: FAudioDevice initialized.
[2014.11.17-21.07.32:534][  0]LogAIModule: Creating AISystem for world NewWorld
[2014.11.17-21.07.32:612][  0]LogDerivedDataCache: Saved boot cache 0.08s 39MB ../../../../../Jablo/UNREAL_AKTUALNY_PROJEKT/MyProject4/DerivedDataCache/Boot.ddc.
[2014.11.17-21.07.32:643][  0]LogInit: Texture streaming: Enabled
[2014.11.17-21.07.32:689][  0]LogInit: Transaction tracking system initialized
[2014.11.17-21.07.32:806][  0]LogAssetRegistry: FAssetRegistry took 0.0105 seconds to start up
[2014.11.17-21.07.33:389][  0]LogTargetPlatformManager:Display: Building Assets For Windows
[2014.11.17-21.07.33:791][  0]LogTargetPlatformManager:Display: Building Assets For Windows
[2014.11.17-21.07.33:823][  0]LogModuleManager:Warning: ModuleManager: Unable to load module 'AndroidRuntimeSettings' because the file 'D:/Developer/UnrealEngine-4.4.3-release/UnrealEngine-4.4.3-release/Engine/Binaries/Win64/' was not found.
[2014.11.17-21.07.33:828][  0]LogModuleManager:Warning: ModuleManager: Unable to load module 'AndroidPlatformEditor' because the file 'D:/Developer/UnrealEngine-4.4.3-release/UnrealEngine-4.4.3-release/Engine/Binaries/Win64/' was not found.
[2014.11.17-21.07.33:910][  0]LogConsoleResponse:Display: 
[2014.11.17-21.07.34:097][  0]LogStats:Warning: MetaData mismatch. Did you assign a stat to two groups? New //STATGROUP_Threads//FMonitoredProcess///Thread_d34_0///////STATCAT_Advanced//// old //STATGROUP_Threads//FMonitoredProcess///Thread_14e4_0///////STATCAT_Advanced////
[2014.11.17-21.07.34:097][  0]LogStats:Warning: MetaData mismatch. Did you assign a stat to two groups? New //STATGROUP_Threads//FMonitoredProcess///Thread_28c_0///////STATCAT_Advanced//// old //STATGROUP_Threads//FMonitoredProcess///Thread_14e4_0///////STATCAT_Advanced////
[2014.11.17-21.07.34:097][  0]SourceControl: Info Source control is disabled
[2014.11.17-21.07.34:098][  0]Cmd: MAP LOAD FILE="../../../../../Jablo/UNREAL_AKTUALNY_PROJEKT/MyProject4/Content/Maps/Minimal_Default.umap" TEMPLATE=0 SHOWPROGRESS=1
[2014.11.17-21.07.34:154][  0]LightingResults: New page: Lighting Build
[2014.11.17-21.07.34:162][  0]MapCheck: New page: Map Check
[2014.11.17-21.07.34:162][  0]LightingResults: New page: Lighting Build
[2014.11.17-21.07.34:628][  0]LogParticles: Destroying 0 GPU particle simulations for FXSystem 0x000000796D8287C0
[2014.11.17-21.07.35:553][  0]LogEditorServer: Finished looking for orphan Actors (0.000 secs)
[2014.11.17-21.07.35:553][  0]LogAIModule: Creating AISystem for world Minimal_Default
[2014.11.17-21.07.35:554][  0]Cmd: MAP CHECKDEP
[2014.11.17-21.07.35:554][  0]MapCheck: New page: Minimal_Default - 17 Nov 2014 23:07:35
[2014.11.17-21.07.35:619][  0]MapCheck: Info ========== Map Check: 0 Error(s), 0 Warning(s), [64,371ms] ==========
[2014.11.17-21.07.35:619][  0]LogFileHelpers: Loading map 'Minimal_Default' took 1.521
[2014.11.17-21.07.35:779][  0]LogCollectionManager: Loaded 0 collections in 0.000965 seconds
[2014.11.17-21.07.35:930][  0]LogCrashTracker: Crashtracker disabled due to settings.
[2014.11.17-21.07.36:017][  0]LogInit: Using libcurl 7.34.0
[2014.11.17-21.07.36:017][  0]LogInit:  - built for x86_64-pc-win32
[2014.11.17-21.07.36:017][  0]LogInit:  - supports SSL with WinSSL
[2014.11.17-21.07.36:017][  0]LogInit:  - other features:
[2014.11.17-21.07.36:017][  0]LogInit:      CURL_VERSION_SSL
[2014.11.17-21.07.36:017][  0]LogInit:      CURL_VERSION_ASYNCHDNS
[2014.11.17-21.07.36:017][  0]LogInit:      CURL_VERSION_LARGEFILE
[2014.11.17-21.07.36:017][  0]LogInit:      CURL_VERSION_IDN
[2014.11.17-21.07.36:017][  0]LogInit: Libcurl will NOT reuse connections
[2014.11.17-21.07.36:058][  0]LogLoad: Full Startup: 13.15 seconds (BP compile: 0.08 seconds)
[2014.11.17-21.07.36:072][  0]LogContentBrowser:Verbose: The content browser source was changed by the sources view to '/Game/Blueprints/Mechanika'
[2014.11.17-21.07.36:284][  0]LogRenderer:Warning: Reallocating scene render targets to support 664x584.
[2014.11.17-21.07.36:641][  2]LogAssetRegistry: Asset discovery search completed in 3.8463 seconds
[2014.11.17-21.08.11:172][ 64]LogRenderer:Warning: Reallocating scene render targets to support 664x608.
[2014.11.17-21.08.16:981][327]LogAssetTools:Warning: Failed to import 'C:\Users\Adam\Desktop\pocisk.COPY'. Unknown extension 'COPY'.
[2014.11.17-21.08.34:675][ 86]Cmd: OBJ SAVEPACKAGE PACKAGE="/Game/Blueprints/Mechanika/BP_Postac" FILE="../../../../../Jablo/UNREAL_AKTUALNY_PROJEKT/MyProject4/Content/Blueprints/Mechanika/BP_Postac.uasset" SILENT=true
[2014.11.17-21.08.35:187][ 86]LogSavePackage: Save=494.588684ms
[2014.11.17-21.08.35:187][ 86]LogSavePackage: Moving '../../../../../Jablo/UNREAL_AKTUALNY_PROJEKT/MyProject4/Saved/BP_Postac306EA06348BE02ED93E820A67AE33542.tmp' to '../../../../../Jablo/UNREAL_AKTUALNY_PROJEKT/MyProject4/Content/Blueprints/Mechanika/BP_Postac.uasset'
[2014.11.17-21.08.38:542][213]LogSlate:Warning: GetFontFace failed to load or process 'Roboto-Regular'
[2014.11.17-21.08.38:542][213]LogSlate:Warning: GetFontFace failed to load or process 'Roboto-Regular'
[2014.11.17-21.08.38:550][213]LogSlate:Warning: GetFontFace failed to load or process 'Roboto-Regular'
[2014.11.17-21.08.38:550][213]LogSlate:Warning: GetFontFace failed to load or process 'Roboto-Regular'
[2014.11.17-21.08.38:550][213]LogSlate:Warning: GetFontFace failed to load or process 'Roboto-Regular'
[2014.11.17-21.08.38:550][213]LogSlate:Warning: GetFontFace failed to load or process 'Roboto-Regular'
[2014.11.17-21.08.38:550][213]LogSlate:Warning: GetFontFace failed to load or process 'Roboto-Regular'
[2014.11.17-21.08.38:550][213]LogSlate:Warning: GetFontFace failed to load or process 'Roboto-Regular'
[2014.11.17-21.08.38:550][213]LogSlate:Warning: GetFontFace failed to load or process 'Roboto-Regular'
[2014.11.17-21.08.38:550][213]LogSlate:Warning: GetFontFace failed to load or process 'Roboto-Regular'
[2014.11.17-21.08.38:550][213]LogSlate:Warning: GetFontFace failed to load or process 'Roboto-Regular'
[2014.11.17-21.08.38:550][213]LogSlate:Warning: GetFontFace failed to load or process 'Roboto-Regular'
[2014.11.17-21.08.38:550][213]LogSlate:Warning: GetFontFace failed to load or process 'Roboto-Regular'
[2014.11.17-21.08.38:550][213]LogSlate:Warning: GetFontFace failed to load or process 'Roboto-Regular'
[2014.11.17-21.08.38:550][213]LogSlate:Warning: GetFontFace failed to load or process 'Roboto-Regular'
[2014.11.17-21.08.38:551][213]LogSlate:Warning: GetFontFace failed to load or process 'Roboto-Regular'
[2014.11.17-21.08.38:551][213]LogSlate:Warning: GetFontFace failed to load or process 'Roboto-Regular'
[2014.11.17-21.08.38:551][213]LogSlate:Warning: GetFontFace failed to load or process 'Roboto-Regular'
[2014.11.17-21.08.41:697][329]LogUObjectGlobals:Warning: Failed to find object 'Object None.'
[2014.11.17-21.08.41:713][329]LogUObjectGlobals:Warning: Failed to find object 'Object None.'
[2014.11.17-21.08.41:713][329]LogUObjectGlobals:Warning: Failed to find object 'Object None.'
[2014.11.17-21.08.41:713][329]LogUObjectGlobals:Warning: Failed to find object 'Object None.'
[2014.11.17-21.08.41:713][329]LogUObjectGlobals:Warning: Failed to find object 'Object None.'
[2014.11.17-21.08.41:713][329]LogUObjectGlobals:Warning: Failed to find object 'Object None.'
[2014.11.17-21.08.41:714][329]LogUObjectGlobals:Warning: Failed to find object 'Object None.'
[2014.11.17-21.08.41:714][329]LogUObjectGlobals:Warning: Failed to find object 'Object None.'
[2014.11.17-21.08.41:714][329]LogUObjectGlobals:Warning: Failed to find object 'Object None.'
[2014.11.17-21.08.41:714][329]LogUObjectGlobals:Warning: Failed to find object 'Object None.'
[2014.11.17-21.08.41:714][329]LogUObjectGlobals:Warning: Failed to find object 'Object None.'
[2014.11.17-21.08.41:714][329]LogUObjectGlobals:Warning: Failed to find object 'Object None.'
[2014.11.17-21.08.41:714][329]LogUObjectGlobals:Warning: Failed to find object 'Object None.'
[2014.11.17-21.08.41:714][329]LogUObjectGlobals:Warning: Failed to find object 'Object None.'
[2014.11.17-21.08.41:714][329]LogUObjectGlobals:Warning: Failed to find object 'Object None.'
[2014.11.17-21.08.41:715][329]LogUObjectGlobals:Warning: Failed to find object 'Object None.'
[2014.11.17-21.08.41:715][329]LogUObjectGlobals:Warning: Failed to find object 'Object None.'
[2014.11.17-21.08.41:738][329]LogProperty:Warning: ObjectProperty /Script/Engine.EdGraphPin:LinkedTo.LinkedTo: unresolved reference to 'EdGraphPin'"K2Node_CommutativeAssociativeBinaryOperator_1022.EdGraphPin_4166"''
[2014.11.17-21.08.41:739][329]LogProperty:Warning: ObjectProperty /Script/Engine.EdGraphPin:LinkedTo.LinkedTo: unresolved reference to 'EdGraphPin'"K2Node_CommutativeAssociativeBinaryOperator_1022.EdGraphPin_4168"''
[2014.11.17-21.08.41:739][329]LogUObjectHash:Warning: Ambiguous search, could be K2Node_CallFunction /Game/Blueprints/Mechanika/BP_Postac.BP_Postac:EventGraph.K2Node_CallFunction_4916 or K2Node_CallFunction /Game/Blueprints/Mechanika/BP_Postac.BP_Postac:EdGraph_37.K2Node_CallFunction_4916
[2014.11.17-21.08.41:739][329]LogProperty:Warning: ObjectProperty /Script/Engine.EdGraphPin:LinkedTo.LinkedTo: unresolved reference to 'EdGraphPin'"K2Node_CallFunction_4916.EdGraphPin_4230"''
[2014.11.17-21.08.41:739][329]LogUObjectHash:Warning: Ambiguous search, could be K2Node_SpawnActorFromClass /Game/Blueprints/Mechanika/BP_Postac.BP_Postac:EventGraph.K2Node_SpawnActorFromClass_5 or K2Node_SpawnActorFromClass /Game/Blueprints/Mechanika/BP_Postac.BP_Postac:EdGraph_39.K2Node_SpawnActorFromClass_5
[2014.11.17-21.08.41:739][329]LogProperty:Warning: ObjectProperty /Script/Engine.EdGraphPin:LinkedTo.LinkedTo: unresolved reference to 'EdGraphPin'"K2Node_SpawnActorFromClass_5.EdGraphPin_4602"''
[2014.11.17-21.08.41:740][329]LogUObjectHash:Warning: Ambiguous search, could be K2Node_VariableGet /Game/Blueprints/Mechanika/BP_Postac.BP_Postac:EventGraph.K2Node_VariableGet_34 or K2Node_VariableGet /Game/Blueprints/Mechanika/BP_Postac.BP_Postac:ExecuteUbergraph_BP_Postac.K2Node_VariableGet_34
[2014.11.17-21.08.41:740][329]LogProperty:Warning: ObjectProperty /Script/Engine.EdGraphPin:LinkedTo.LinkedTo: unresolved reference to 'EdGraphPin'"K2Node_VariableGet_34.EdGraphPin_4177"''
[2014.11.17-21.08.41:740][329]LogUObjectHash:Warning: Ambiguous search, could be K2Node_CallFunction /Game/Blueprints/Mechanika/BP_Postac.BP_Postac:EventGraph.K2Node_CallFunction_4916 or K2Node_CallFunction /Game/Blueprints/Mechanika/BP_Postac.BP_Postac:EdGraph_37.K2Node_CallFunction_4916
[2014.11.17-21.08.41:740][329]LogProperty:Warning: ObjectProperty /Script/Engine.EdGraphPin:LinkedTo.LinkedTo: unresolved reference to 'EdGraphPin'"K2Node_CallFunction_4916.EdGraphPin_4230"''
[2014.11.17-21.08.41:741][329]LogProperty:Warning: ObjectProperty /Script/Engine.EdGraphPin:LinkedTo.LinkedTo: unresolved reference to 'EdGraphPin'"K2Node_CommutativeAssociativeBinaryOperator_1022.EdGraphPin_4167"''
[2014.11.17-21.08.41:744][329]LogUObjectHash:Warning: Ambiguous search, could be K2Node_IfThenElse /Game/Blueprints/Mechanika/BP_Postac.BP_Postac:EventGraph.K2Node_IfThenElse_14 or K2Node_IfThenElse /Game/Blueprints/Mechanika/BP_Postac.BP_Postac:ExecuteUbergraph_BP_Postac.K2Node_IfThenElse_14
[2014.11.17-21.08.41:744][329]LogProperty:Warning: ObjectProperty /Script/Engine.EdGraphPin:LinkedTo.LinkedTo: unresolved reference to 'EdGraphPin'"K2Node_IfThenElse_14.EdGraphPin_4155"''
[2014.11.17-21.08.41:744][329]LogProperty:Warning: ObjectProperty /Script/Engine.EdGraphPin:LinkedTo.LinkedTo: unresolved reference to 'EdGraphPin'"K2Node_CallFunction_24486.EdGraphPin_4356"''
[2014.11.17-21.08.41:744][329]LogUObjectHash:Warning: Ambiguous search, could be K2Node_CallFunction /Game/Blueprints/Mechanika/BP_Postac.BP_Postac:EventGraph.K2Node_CallFunction_3218 or K2Node_CallFunction /Game/Blueprints/Mechanika/BP_Postac.BP_Postac:EdGraph_36.K2Node_CallFunction_3218
[2014.11.17-21.08.41:744][329]LogProperty:Warning: ObjectProperty /Script/Engine.EdGraphPin:LinkedTo.LinkedTo: unresolved reference to 'EdGraphPin'"K2Node_CallFunction_3218.EdGraphPin_4235"''
[2014.11.17-21.08.41:745][329]LogLinker:Warning: Can't find file '/Game/Blueprints/MyProjectile'
[2014.11.17-21.08.41:745][329]LogLinker: Can't find file '/Game/Blueprints/MyProjectile'
[2014.11.17-21.08.41:745][329]LogProperty:Warning: ObjectProperty /Script/Engine.EdGraphPin:DefaultObject: unresolved reference to 'BlueprintGeneratedClass'/Game/Blueprints/MyProjectile.MyProjectile_C''
[2014.11.17-21.08.41:746][329]LogLinker:Warning: Can't find file '/Game/Blueprints/MyProjectile'
[2014.11.17-21.08.41:746][329]LogLinker: Can't find file '/Game/Blueprints/MyProjectile'
[2014.11.17-21.08.41:746][329]LogProperty:Warning: WeakObjectProperty /Script/Engine.EdGraphPin:EdGraphPinType.PinSubCategoryObject: unresolved reference to 'BlueprintGeneratedClass'/Game/Blueprints/MyProjectile.MyProjectile_C')'
[2014.11.17-21.08.41:747][329]LogUObjectHash:Warning: Ambiguous search, could be K2Node_IfThenElse /Game/Blueprints/Mechanika/BP_Postac.BP_Postac:EventGraph.K2Node_IfThenElse_14 or K2Node_IfThenElse /Game/Blueprints/Mechanika/BP_Postac.BP_Postac:ExecuteUbergraph_BP_Postac.K2Node_IfThenElse_14
[2014.11.17-21.08.41:747][329]LogProperty:Warning: ObjectProperty /Script/Engine.EdGraphPin:LinkedTo.LinkedTo: unresolved reference to 'EdGraphPin'"K2Node_IfThenElse_14.EdGraphPin_4153"''
[2014.11.17-21.08.41:747][329]LogProperty:Warning: ObjectProperty /Script/Engine.EdGraphPin:LinkedTo.LinkedTo: unresolved reference to 'EdGraphPin'"K2Node_EnumEquality_8.EdGraphPin_4416"''
[2014.11.17-21.08.41:748][329]LogProperty:Warning: ObjectProperty /Script/Engine.EdGraphPin:LinkedTo.LinkedTo: unresolved reference to 'EdGraphPin'"K2Node_EnumEquality_8.EdGraphPin_4415"''
[2014.11.17-21.08.41:751][329]LogLinker:Warning: Can't find file '/Game/Audio/Template1rst_WeaponFire02'
[2014.11.17-21.08.41:751][329]LogLinker: Can't find file '/Game/Audio/Template1rst_WeaponFire02'
[2014.11.17-21.08.41:751][329]LogProperty:Warning: ObjectProperty /Script/Engine.EdGraphPin:DefaultObject: unresolved reference to 'SoundWave'/Game/Audio/Template1rst_WeaponFire02.Template1rst_WeaponFire02''
[2014.11.17-21.08.41:751][329]LogUObjectHash:Warning: Ambiguous search, could be K2Node_CallFunction /Game/Blueprints/Mechanika/BP_Postac.BP_Postac:EventGraph.K2Node_CallFunction_3682 or K2Node_CallFunction /Game/Blueprints/Mechanika/BP_Postac.BP_Postac:EdGraph_36.K2Node_CallFunction_3682
[2014.11.17-21.08.41:751][329]LogProperty:Warning: ObjectProperty /Script/Engine.EdGraphPin:LinkedTo.LinkedTo: unresolved reference to 'EdGraphPin'"K2Node_CallFunction_3682.EdGraphPin_4266"''
[2014.11.17-21.08.41:753][329]LogProperty:Warning: ObjectProperty /Script/Engine.EdGraphPin:LinkedTo.LinkedTo: unresolved reference to 'EdGraphPin'"K2Node_CallFunction_24486.EdGraphPin_4355"''
[2014.11.17-21.08.41:754][329]LogProperty:Warning: ObjectProperty /Script/Engine.EdGraphPin:LinkedTo.LinkedTo: unresolved reference to 'EdGraphPin'"K2Node_CallFunction_24451.EdGraphPin_4349"''
[2014.11.17-21.08.41:754][329]LogProperty:Warning: ObjectProperty /Script/Engine.EdGraphPin:LinkedTo.LinkedTo: unresolved reference to 'EdGraphPin'"K2Node_CallFunction_24486.EdGraphPin_4357"''
[2014.11.17-21.08.41:756][329]LogLinker:Warning: Can't find file '/Game/Animations/FPP_Fire_Montage'
[2014.11.17-21.08.41:756][329]LogLinker: Can't find file '/Game/Animations/FPP_Fire_Montage'
[2014.11.17-21.08.41:756][329]LogProperty:Warning: ObjectProperty /Script/Engine.EdGraphPin:DefaultObject: unresolved reference to 'AnimMontage'/Game/Animations/FPP_Fire_Montage.FPP_Fire_Montage''
[2014.11.17-21.08.41:778][329]LogBlueprint:Warning: [BP_Postac] CreatePinForVariable: 'GunOffset' variable not found. Base class was probably changed.
[2014.11.17-21.08.41:780][329]LogBlueprint:Warning: [BP_Postac] CreatePinForVariable: 'Mesh1P' variable not found. Base class was probably changed.
[2014.11.17-21.10.40:365][ 68]LogActorComponent: UnregisterComponent: (/Engine/Transient.CharacterMovementComponent_0) Not registered. Aborting.
[2014.11.17-21.11.16:156][100]BlueprintLog: New page: Compile BP_Postac
[2014.11.17-21.11.16:243][100]LogBlueprint:Error: [compiler] Error Spawn node  Spawn Actor from Class  must have a class specified.
[2014.11.17-21.11.16:296][100]LogBlueprint:Warning: [compiler] Warning [0233,39] Compile of BP_Postac failed. 1 Fatal Issue(s) 0 Warning(s) [in 59 ms]
[2014.11.17-21.11.16:747][100]BlueprintEditorCompileResults:Error: Error Spawn node  Spawn Actor from Class  must have a class specified.
[2014.11.17-21.11.16:747][100]BlueprintEditorCompileResults:Warning: Warning [0233,39] Compile of BP_Postac failed. 1 Fatal Issue(s) 0 Warning(s) [in 59 ms]
[2014.11.17-21.12.03:016][532]LogSlate:Warning: Prevented a slow task dialog from being summoned while a context menu was open
[2014.11.17-21.12.15:029][914]Cmd: OBJ SAVEPACKAGE PACKAGE="/Game/Blueprints/Mechanika/BP_Postac" FILE="../../../../../Jablo/UNREAL_AKTUALNY_PROJEKT/MyProject4/Content/Blueprints/Mechanika/BP_Postac.uasset" SILENT=true
[2014.11.17-21.12.15:530][914]LogSavePackage: Save=483.753418ms
[2014.11.17-21.12.15:530][914]LogSavePackage: Moving '../../../../../Jablo/UNREAL_AKTUALNY_PROJEKT/MyProject4/Saved/BP_PostacD96565A241E3C176195F6CB2E9E87822.tmp' to '../../../../../Jablo/UNREAL_AKTUALNY_PROJEKT/MyProject4/Content/Blueprints/Mechanika/BP_Postac.uasset'
[2014.11.17-21.12.30:350][331]Cmd: OBJ SAVEPACKAGE PACKAGE="/Game/Blueprints/Mechanika/BP_Postac" FILE="../../../../../Jablo/UNREAL_AKTUALNY_PROJEKT/MyProject4/Content/Blueprints/Mechanika/BP_Postac.uasset" SILENT=true
[2014.11.17-21.12.30:454][331]LogSavePackage: Save=87.580765ms
[2014.11.17-21.12.30:454][331]LogSavePackage: Moving '../../../../../Jablo/UNREAL_AKTUALNY_PROJEKT/MyProject4/Saved/BP_PostacD59D50914DAFFD8D69EACBA8444EC6F8.tmp' to '../../../../../Jablo/UNREAL_AKTUALNY_PROJEKT/MyProject4/Content/Blueprints/Mechanika/BP_Postac.uasset'
[2014.11.17-21.12.39:471][684]Cmd: OBJ SAVEPACKAGE PACKAGE="/Game/Maps/Minimal_Default" FILE="../../../../../Jablo/UNREAL_AKTUALNY_PROJEKT/MyProject4/Content/Maps/Minimal_Default.umap" SILENT=true AUTOSAVING=false KEEPDIRTY=false
[2014.11.17-21.12.39:507][684]LogActorComponent: UnregisterComponent: (/Engine/Transient.CharacterMovementComponent_1) Not registered. Aborting.
[2014.11.17-21.12.39:539][684]LogParticles: Destroying 0 GPU particle simulations for FXSystem 0x0000007968DEEDE0
[2014.11.17-21.12.39:701][684]LogSavePackage: Save=131.771103ms
[2014.11.17-21.12.39:701][684]LogSavePackage: Moving '../../../../../Jablo/UNREAL_AKTUALNY_PROJEKT/MyProject4/Saved/Minimal_Default86F8964046461888B75339B23038EF8F.tmp' to '../../../../../Jablo/UNREAL_AKTUALNY_PROJEKT/MyProject4/Content/Maps/Minimal_Default.umap'
[2014.11.17-21.12.51:988][204]LogContentBrowser:Verbose: The content browser source was changed by the sources view to '/Game/Blueprints/Mechanika'
[2014.11.17-21.13.38:839][266]Cmd: OBJ SAVEPACKAGE PACKAGE="/Game/Maps/Minimal_Default" FILE="../../../../../Jablo/UNREAL_AKTUALNY_PROJEKT/MyProject4/Content/Maps/Minimal_Default.umap" SILENT=true AUTOSAVING=false KEEPDIRTY=false
[2014.11.17-21.13.38:846][266]LogActorComponent: UnregisterComponent: (/Engine/Transient.CharacterMovementComponent_2) Not registered. Aborting.
[2014.11.17-21.13.38:961][266]LogSavePackage: Save=65.724236ms
[2014.11.17-21.13.38:961][266]LogSavePackage: Moving '../../../../../Jablo/UNREAL_AKTUALNY_PROJEKT/MyProject4/Saved/Minimal_Default9BD0B19D47000D29E93FD087B7E465AA.tmp' to '../../../../../Jablo/UNREAL_AKTUALNY_PROJEKT/MyProject4/Content/Maps/Minimal_Default.umap'
[2014.11.17-21.13.44:413][535]Cmd: OBJ SAVEPACKAGE PACKAGE="/Game/Blueprints/Mechanika/BP_Pocisk" FILE="../../../../../Jablo/UNREAL_AKTUALNY_PROJEKT/MyProject4/Content/Blueprints/Mechanika/BP_Pocisk.uasset" SILENT=true
[2014.11.17-21.13.44:438][535]LogSavePackage: Save=21.428263ms
[2014.11.17-21.13.44:438][535]LogSavePackage: Moving '../../../../../Jablo/UNREAL_AKTUALNY_PROJEKT/MyProject4/Saved/BP_Pocisk591CB0414D9F408FA42566A983C633C6.tmp' to '../../../../../Jablo/UNREAL_AKTUALNY_PROJEKT/MyProject4/Content/Blueprints/Mechanika/BP_Pocisk.uasset'
[2014.11.17-21.13.48:281][746]LogUProjectInfo: Found projects:
[2014.11.17-21.13.51:458][901]Cmd: CLOSE_SLATE_MAINFRAME
[2014.11.17-21.13.51:458][901]LogActorComponent: UnregisterComponent: (/Engine/Transient.CharacterMovementComponent_3) Not registered. Aborting.
[2014.11.17-21.13.52:076][902]Cmd: QUIT_EDITOR
[2014.11.17-21.13.52:287][902]LogWindowsTextInputMethodSystem:Error: Terminating failed while unadvising the language notification sink from the TSF source.
[2014.11.17-21.13.52:288][902]LogExit: Preparing to exit.
[2014.11.17-21.13.52:841][902]LogExit: Editor shut down
[2014.11.17-21.13.52:841][902]LogExit: Transaction tracking system shut down
[2014.11.17-21.13.52:844][902]LogParticles: Destroying 0 GPU particle simulations for FXSystem 0x000000796A3D59E0
[2014.11.17-21.13.52:846][902]LogParticles: Destroying 0 GPU particle simulations for FXSystem 0x00000079691B8900
[2014.11.17-21.13.52:904][902]LogExit: Object subsystem successfully closed.
[2014.11.17-21.13.52:966][902]LogModuleManager: Shutting down and abandoning module HTTP (153)
[2014.11.17-21.13.52:966][902]LogModuleManager: Shutting down and abandoning module CrashTracker (152)
[2014.11.17-21.13.52:966][902]LogModuleManager: Shutting down and abandoning module SuperSearch (151)
[2014.11.17-21.13.52:966][902]LogModuleManager: Shutting down and abandoning module SceneOutliner (150)
[2014.11.17-21.13.52:966][902]LogModuleManager: Shutting down and abandoning module EditorWidgets (149)
[2014.11.17-21.13.52:966][902]LogModuleManager: Shutting down and abandoning module CollectionManager (148)
[2014.11.17-21.13.52:966][902]LogModuleManager: Shutting down and abandoning module StatsViewer (147)
[2014.11.17-21.13.52:966][902]LogModuleManager: Shutting down and abandoning module FoliageEdit (146)
[2014.11.17-21.13.52:966][902]LogModuleManager: Shutting down and abandoning module LandscapeEditor (145)
[2014.11.17-21.13.52:967][902]LogModuleManager: Shutting down and abandoning module MeshPaint (144)
[2014.11.17-21.13.52:967][902]LogModuleManager: Shutting down and abandoning module ActorPickerMode (143)
[2014.11.17-21.13.52:967][902]LogModuleManager: Shutting down and abandoning module GeometryMode (142)
[2014.11.17-21.13.52:967][902]LogModuleManager: Shutting down and abandoning module TextureAlignMode (141)
[2014.11.17-21.13.52:967][902]LogModuleManager: Shutting down and abandoning module BspMode (140)
[2014.11.17-21.13.52:967][902]LogModuleManager: Shutting down and abandoning module PlacementMode (139)
[2014.11.17-21.13.52:968][902]LogModuleManager: Shutting down and abandoning module AutomationWorker (138)
[2014.11.17-21.13.52:968][902]LogModuleManager: Shutting down and abandoning module EditorLiveStreaming (137)
[2014.11.17-21.13.52:968][902]LogModuleManager: Shutting down and abandoning module BehaviorTreeEditor (136)
[2014.11.17-21.13.52:968][902]LogModuleManager: Shutting down and abandoning module DeviceProfileEditor (135)
[2014.11.17-21.13.52:968][902]LogModuleManager: Shutting down and abandoning module UndoHistory (134)
[2014.11.17-21.13.52:968][902]LogModuleManager: Shutting down and abandoning module GameplayTagsEditor (133)
[2014.11.17-21.13.52:968][902]LogModuleManager: Shutting down and abandoning module UserFeedback (132)
[2014.11.17-21.13.52:968][902]LogModuleManager: Shutting down and abandoning module XmlParser (131)
[2014.11.17-21.13.52:968][902]LogModuleManager: Shutting down and abandoning module Blutility (130)
[2014.11.17-21.13.52:968][902]LogModuleManager: Shutting down and abandoning module IOSPlatformEditor (129)
[2014.11.17-21.13.52:968][902]LogModuleManager: Shutting down and abandoning module IOSRuntimeSettings (128)
[2014.11.17-21.13.52:968][902]LogModuleManager: Shutting down and abandoning module ProjectTargetPlatformEditor (125)
[2014.11.17-21.13.52:968][902]LogModuleManager: Shutting down and abandoning module ProjectSettingsViewer (124)
[2014.11.17-21.13.52:968][902]LogModuleManager: Shutting down and abandoning module InputBindingEditor (123)
[2014.11.17-21.13.52:968][902]LogModuleManager: Shutting down and abandoning module EditorSettingsViewer (122)
[2014.11.17-21.13.52:968][902]LogModuleManager: Shutting down and abandoning module SettingsEditor (121)
[2014.11.17-21.13.52:968][902]LogModuleManager: Shutting down and abandoning module SessionLauncher (120)
[2014.11.17-21.13.52:968][902]LogModuleManager: Shutting down and abandoning module SessionFrontend (119)
[2014.11.17-21.13.52:968][902]LogModuleManager: Shutting down and abandoning module ProfilerClient (118)
[2014.11.17-21.13.52:968][902]LogModuleManager: Shutting down and abandoning module TargetDeviceServices (117)
[2014.11.17-21.13.52:968][902]LogModuleManager: Shutting down and abandoning module DeviceManager (116)
[2014.11.17-21.13.52:968][902]LogModuleManager: Shutting down and abandoning module AutomationController (115)
[2014.11.17-21.13.52:968][902]LogModuleManager: Shutting down and abandoning module AutomationWindow (114)
[2014.11.17-21.13.52:968][902]LogModuleManager: Shutting down and abandoning module Layers (113)
[2014.11.17-21.13.52:968][902]LogModuleManager: Shutting down and abandoning module ComponentVisualizers (112)
[2014.11.17-21.13.52:968][902]LogModuleManager: Shutting down and abandoning module DetailCustomizations (111)
[2014.11.17-21.13.52:968][902]LogModuleManager: Shutting down and abandoning module PackagesDialog (110)
[2014.11.17-21.13.52:969][902]LogModuleManager: Shutting down and abandoning module DirectoryWatcher (109)
[2014.11.17-21.13.52:970][902]LogModuleManager: Shutting down and abandoning module AssetRegistry (108)
[2014.11.17-21.13.53:064][902]LogModuleManager: Shutting down and abandoning module Persona (107)
[2014.11.17-21.13.53:064][902]LogModuleManager: Shutting down and abandoning module GraphEditor (106)
[2014.11.17-21.13.53:064][902]LogModuleManager: Shutting down and abandoning module ClassViewer (105)
[2014.11.17-21.13.53:064][902]LogModuleManager: Shutting down and abandoning module Toolbox (104)
[2014.11.17-21.13.53:064][902]LogModuleManager: Shutting down and abandoning module ModuleUI (103)
[2014.11.17-21.13.53:064][902]LogModuleManager: Shutting down and abandoning module Sequencer (102)
[2014.11.17-21.13.53:064][902]LogModuleManager: Shutting down and abandoning module MovieSceneTools (101)
[2014.11.17-21.13.53:064][902]LogModuleManager: Shutting down and abandoning module OutputLog (100)
[2014.11.17-21.13.53:064][902]LogModuleManager: Shutting down and abandoning module GammaUI (99)
[2014.11.17-21.13.53:064][902]LogModuleManager: Shutting down and abandoning module Documentation (98)
[2014.11.17-21.13.53:064][902]LogModuleManager: Shutting down and abandoning module GameLiveStreaming (97)
[2014.11.17-21.13.53:064][902]LogModuleManager: Shutting down and abandoning module DesktopPlatform (96)
[2014.11.17-21.13.53:064][902]LogModuleManager: Shutting down and abandoning module StreamingPauseRendering (95)
[2014.11.17-21.13.53:064][902]LogModuleManager: Shutting down and abandoning module AnalyticsET (94)
[2014.11.17-21.13.53:064][902]LogModuleManager: Shutting down and abandoning module Analytics (93)
[2014.11.17-21.13.53:064][902]LogModuleManager: Shutting down and abandoning module GameplayDebugger (92)
[2014.11.17-21.13.53:064][902]LogModuleManager: Shutting down and abandoning module AIModule (91)
[2014.11.17-21.13.53:064][902]LogModuleManager: Shutting down and abandoning module ProfilerService (90)
[2014.11.17-21.13.53:224][902]LogModuleManager: Shutting down and abandoning module TaskGraph (89)
[2014.11.17-21.13.53:224][902]LogModuleManager: Shutting down and abandoning module SlateRemote (88)
[2014.11.17-21.13.53:224][902]LogModuleManager: Shutting down and abandoning module ScriptEditorPlugin (87)
[2014.11.17-21.13.53:224][902]LogModuleManager: Shutting down and abandoning module CustomMeshComponent (86)
[2014.11.17-21.13.53:224][902]LogModuleManager: Shutting down and abandoning module CableComponent (85)
[2014.11.17-21.13.53:224][902]LogModuleManager: Shutting down and abandoning module MessagingDebugger (84)
[2014.11.17-21.13.53:224][902]LogModuleManager: Shutting down and abandoning module ViewportSnapping (83)
[2014.11.17-21.13.53:224][902]LogModuleManager: Shutting down and abandoning module SmartSnapping (82)
[2014.11.17-21.13.53:224][902]LogModuleManager: Shutting down and abandoning module PaperTiledImporter (81)
[2014.11.17-21.13.53:224][902]LogModuleManager: Shutting down and abandoning module PaperJsonImporter (80)
[2014.11.17-21.13.53:224][902]LogModuleManager: Shutting down and abandoning module GameProjectGeneration (79)
[2014.11.17-21.13.53:224][902]LogModuleManager: Shutting down and abandoning module Matinee (78)
[2014.11.17-21.13.53:224][902]LogModuleManager: Shutting down and abandoning module Kismet (77)
[2014.11.17-21.13.53:224][902]LogModuleManager: Shutting down and abandoning module SlateReflector (76)
[2014.11.17-21.13.53:224][902]LogModuleManager: Shutting down and abandoning module LevelEditor (75)
[2014.11.17-21.13.53:226][902]LogModuleManager: Shutting down and abandoning module IntroTutorials (74)
[2014.11.17-21.13.53:226][902]LogModuleManager: Shutting down and abandoning module ContentBrowser (73)
[2014.11.17-21.13.53:226][902]LogModuleManager: Shutting down and abandoning module PropertyEditor (72)
[2014.11.17-21.13.53:226][902]LogModuleManager: Shutting down and abandoning module AssetTools (71)
[2014.11.17-21.13.53:226][902]LogModuleManager: Shutting down and abandoning module Paper2DEditor (70)
[2014.11.17-21.13.53:226][902]LogModuleManager: Shutting down and abandoning module SpeedTreeImporter (69)
[2014.11.17-21.13.53:226][902]LogModuleManager: Shutting down and abandoning module PluginsEditor (68)
[2014.11.17-21.13.53:226][902]LogModuleManager: Shutting down and abandoning module MainFrame (67)
[2014.11.17-21.13.53:226][902]LogModuleManager: Shutting down and abandoning module EpicSurvey (66)
[2014.11.17-21.13.53:226][902]LogModuleManager: Shutting down and abandoning module VisualStudioSourceCodeAccess (65)
[2014.11.17-21.13.53:226][902]LogModuleManager: Shutting down and abandoning module UObjectPlugin (64)
[2014.11.17-21.13.53:226][902]LogModuleManager: Shutting down and abandoning module SubversionSourceControl (63)
[2014.11.17-21.13.53:226][902]LogModuleManager: Shutting down and abandoning module SourceControl (62)
[2014.11.17-21.13.53:227][902]LogModuleManager: Shutting down and abandoning module PerforceSourceControl (61)
[2014.11.17-21.13.53:227][902]LogModuleManager: Shutting down and abandoning module BlankPlugin (60)
[2014.11.17-21.13.53:227][902]LogModuleManager: Shutting down and abandoning module ScriptPlugin (59)
[2014.11.17-21.13.53:227][902]LogModuleManager: Shutting down and abandoning module UdpMessaging (58)
[2014.11.17-21.13.53:328][902]LogModuleManager: Shutting down and abandoning module Paper2D (57)
[2014.11.17-21.13.53:328][902]LogModuleManager: Shutting down and abandoning module WindowsMoviePlayer (56)
[2014.11.17-21.13.53:339][902]LogModuleManager: Shutting down and abandoning module ImageWrapper (55)
[2014.11.17-21.13.53:339][902]LogModuleManager: Shutting down and abandoning module OnlineBlueprintSupport (54)
[2014.11.17-21.13.53:339][902]LogModuleManager: Shutting down and abandoning module FunctionalTesting (53)
[2014.11.17-21.13.53:339][902]LogModuleManager: Shutting down and abandoning module CollisionAnalyzer (52)
[2014.11.17-21.13.53:339][902]LogModuleManager: Shutting down and abandoning module WorkspaceMenuStructure (51)
[2014.11.17-21.13.53:339][902]LogModuleManager: Shutting down and abandoning module MessageLog (50)
[2014.11.17-21.13.53:339][902]LogModuleManager: Shutting down and abandoning module UMGEditor (49)
[2014.11.17-21.13.53:339][902]LogModuleManager: Shutting down and abandoning module UMG (48)
[2014.11.17-21.13.53:339][902]LogModuleManager: Shutting down and abandoning module Slate (47)
[2014.11.17-21.13.53:339][902]LogModuleManager: Shutting down and abandoning module EditorStyle (46)
[2014.11.17-21.13.53:342][902]LogModuleManager: Shutting down and abandoning module SessionServices (45)
[2014.11.17-21.13.53:342][902]LogModuleManager: Shutting down and abandoning module SourceCodeAccess (44)
[2014.11.17-21.13.53:342][902]LogModuleManager: Shutting down and abandoning module HeadMountedDisplay (43)
[2014.11.17-21.13.53:342][902]LogModuleManager: Shutting down and abandoning module XAudio2 (42)
[2014.11.17-21.13.53:342][902]LogModuleManager: Shutting down and abandoning module Networking (40)
[2014.11.17-21.13.53:342][902]LogModuleManager: Shutting down and abandoning module Core (39)
[2014.11.17-21.13.53:342][902]LogModuleManager: Shutting down and abandoning module KismetCompiler (38)
[2014.11.17-21.13.53:342][902]LogModuleManager: Shutting down and abandoning module PhysXFormats (37)
[2014.11.17-21.13.53:342][902]LogModuleManager: Shutting down and abandoning module MeshUtilities (36)
[2014.11.17-21.13.53:342][902]LogModuleManager: Shutting down and abandoning module DerivedDataCache (35)
[2014.11.17-21.13.53:344][902]LogDerivedDataCache: Shutdown
[2014.11.17-21.13.53:344][902]LogModuleManager: Shutting down and abandoning module ShaderFormatOpenGL (34)
[2014.11.17-21.13.53:344][902]LogModuleManager: Shutting down and abandoning module ShaderFormatD3D (33)
[2014.11.17-21.13.53:344][902]LogModuleManager: Shutting down and abandoning module MetalShaderFormat (32)
[2014.11.17-21.13.53:344][902]LogModuleManager: Shutting down and abandoning module TextureFormatUncompressed (31)
[2014.11.17-21.13.53:344][902]LogModuleManager: Shutting down and abandoning module TextureFormatPVR (30)
[2014.11.17-21.13.53:344][902]LogModuleManager: Shutting down and abandoning module TextureFormatDXT (29)
[2014.11.17-21.13.53:344][902]LogModuleManager: Shutting down and abandoning module AudioFormatOpus (28)
[2014.11.17-21.13.53:344][902]LogModuleManager: Shutting down and abandoning module AudioFormatOgg (27)
[2014.11.17-21.13.53:344][902]LogModuleManager: Shutting down and abandoning module AudioFormatADPCM (26)
[2014.11.17-21.13.53:344][902]LogModuleManager: Shutting down and abandoning module Messaging (25)
[2014.11.17-21.13.53:344][902]LogModuleManager: Shutting down and abandoning module IOSTargetPlatform (24)
[2014.11.17-21.13.53:344][902]LogModuleManager: Shutting down and abandoning module WindowsTargetPlatform (23)
[2014.11.17-21.13.53:344][902]LogModuleManager: Shutting down and abandoning module WindowsServerTargetPlatform (22)
[2014.11.17-21.13.53:344][902]LogModuleManager: Shutting down and abandoning module WindowsNoEditorTargetPlatform (21)
[2014.11.17-21.13.53:344][902]LogModuleManager: Shutting down and abandoning module WindowsClientTargetPlatform (20)
[2014.11.17-21.13.53:344][902]LogModuleManager: Shutting down and abandoning module TargetPlatform (19)
[2014.11.17-21.13.53:344][902]LogModuleManager: Shutting down and abandoning module InputCore (18)
[2014.11.17-21.13.53:344][902]LogModuleManager: Shutting down and abandoning module Settings (17)
[2014.11.17-21.13.53:344][902]LogModuleManager: Shutting down and abandoning module ExampleDeviceProfileSelector (14)
[2014.11.17-21.13.53:344][902]LogModuleManager: Shutting down and abandoning module OculusRift (13)
[2014.11.17-21.13.53:344][902]LogModuleManager: Shutting down and abandoning module TextureCompressor (12)
[2014.11.17-21.13.53:344][902]LogModuleManager: Shutting down and abandoning module ShaderCore (11)
[2014.11.17-21.13.53:344][902]LogModuleManager: Shutting down and abandoning module OpenGLDrv (10)
[2014.11.17-21.13.53:344][902]LogModuleManager: Shutting down and abandoning module D3D11RHI (9)
[2014.11.17-21.13.53:344][902]LogModuleManager: Shutting down and abandoning module SlateRHIRenderer (8)
[2014.11.17-21.13.53:344][902]LogModuleManager: Shutting down and abandoning module Renderer (7)
[2014.11.17-21.13.53:344][902]LogModuleManager: Shutting down and abandoning module Engine (6)
[2014.11.17-21.13.53:344][902]LogModuleManager: Shutting down and abandoning module CoreUObject (5)
[2014.11.17-21.13.53:344][902]LogModuleManager: Shutting down and abandoning module NetworkFile (4)
[2014.11.17-21.13.53:344][902]LogModuleManager: Shutting down and abandoning module StreamingFile (3)
[2014.11.17-21.13.53:344][902]LogModuleManager: Shutting down and abandoning module SandboxFile (2)
[2014.11.17-21.13.53:344][902]LogModuleManager: Shutting down and abandoning module PakFile (1)
[2014.11.17-21.13.53:345][902]LogExit: Exiting.
[2014.11.17-21.13.53:349][902]Log file closed, 11/17/14 22:13:53
