Log file open, 11/24/14 15:20:52
LogInit:Display: Running engine for game: MyProject4
LogInit: Version: 4.4.3-0+UE4
LogInit: API Version: 0
LogInit: Compiled (64-bit): Sep 17 2014 07:16:51
LogInit: Build Configuration: Development
LogInit: Branch Name: UE4
LogInit: Command line: 
LogInit: Base directory: D:/Developer/UnrealEngine-4.4.3-release/UnrealEngine-4.4.3-release/Engine/Binaries/Win64/
LogInit: Rocket: 0
[2014.11.24-14.20.52:618][  0]LogTaskGraph: Started task graph with 3 named threads and 4 total threads.
[2014.11.24-14.20.52:653][  0]LogOnline:Warning: No default platform service specified for OnlineSubsystem
[2014.11.24-14.20.52:669][  0]LogInit: Presizing for 0 objects not considered by GC, pre-allocating 0 bytes.
[2014.11.24-14.20.52:680][  0]LogInit: Object subsystem initialized
[2014.11.24-14.20.52:682][  0]LogInit: Selected Device Profile: [Windows]
[2014.11.24-14.20.52:682][  0]LogInit: Applying CVar settings loaded from the selected device profile: [Windows]
[2014.11.24-14.20.54:488][  0]LogInit: Computer: ADAM
[2014.11.24-14.20.54:488][  0]LogInit: User: Adam
[2014.11.24-14.20.54:491][  0]LogInit: CPU Page size=4096, Cores=2
[2014.11.24-14.20.54:491][  0]LogInit: High frequency timer resolution =3.161618 MHz
[2014.11.24-14.20.54:491][  0]LogMemory: Memory total: Physical=3.0GB (3GB approx) Virtual=131072.0GB
[2014.11.24-14.20.54:491][  0]LogMemory: Platform Memory Stats for Windows
[2014.11.24-14.20.54:491][  0]LogMemory: Process Physical Memory: 60.06 MB used, 60.15 MB peak
[2014.11.24-14.20.54:491][  0]LogMemory: Process Virtual Memory: 36.05 MB used, 36.15 MB peak
[2014.11.24-14.20.54:491][  0]LogMemory: Physical Memory: 1896.70 MB used, 3071.55 MB total
[2014.11.24-14.20.54:491][  0]LogMemory: Virtual Memory: 268.48 MB used, 134217728.00 MB total
[2014.11.24-14.20.54:539][  0]LogD3D11RHI: Found D3D11 adapter 0: NVIDIA GeForce GTX 780 (Feature Level 11_0)
[2014.11.24-14.20.54:539][  0]LogD3D11RHI: Adapter has 2988MB of dedicated video memory, 0MB of dedicated system memory, and 1535MB of shared system memory, 2 output[s]
[2014.11.24-14.20.54:544][  0]LogD3D11RHI: Found D3D11 adapter 1: Microsoft Basic Render Driver (Feature Level 11_0)
[2014.11.24-14.20.54:544][  0]LogD3D11RHI: Adapter has 0MB of dedicated video memory, 0MB of dedicated system memory, and 256MB of shared system memory, 0 output[s]
[2014.11.24-14.20.54:544][  0]LogD3D11RHI: Chosen D3D11 Adapter Id = 0
[2014.11.24-14.20.54:556][  0]LogRHI: Texture pool is 1361 MB (70% of 1945 MB)
[2014.11.24-14.20.55:461][  0]LogD3D11RHI: Async texture creation enabled
[2014.11.24-14.20.58:084][  0]LogContentStreaming: Texture pool size is 0.000000MB
[2014.11.24-14.21.01:248][  0]LogTargetPlatformManager:Display: Building Assets For Windows
[2014.11.24-14.21.01:972][  0]LogTargetPlatformManager:Display: Building Assets For Windows
[2014.11.24-14.21.02:048][  0]LogDerivedDataCache:Display: Max Cache Size: 512 MB
[2014.11.24-14.21.05:172][  0]LogDerivedDataCache: Loaded boot cache 3.12s 39MB I:/UNREAL_AKTUALNY_PROJEKT/Jablo/DerivedDataCache/Boot.ddc.
[2014.11.24-14.21.05:173][  0]LogDerivedDataCache:Display: Loaded Boot cache: I:/UNREAL_AKTUALNY_PROJEKT/Jablo/DerivedDataCache/Boot.ddc
[2014.11.24-14.21.06:077][  0]LogDerivedDataCache: FDerivedDataBackendGraph:  Pak pak cache file I:/UNREAL_AKTUALNY_PROJEKT/Jablo/DerivedDataCache/DDC.ddp not found, will not use a pak cache.
[2014.11.24-14.21.06:077][  0]LogDerivedDataCache: Unable to find inner node Pak for hierarchical cache Hierarchy.
[2014.11.24-14.21.06:081][  0]LogDerivedDataCache: FDerivedDataBackendGraph:  EnginePak pak cache file ../../../Engine/DerivedDataCache/DDC.ddp not found, will not use a pak cache.
[2014.11.24-14.21.06:081][  0]LogDerivedDataCache: Unable to find inner node EnginePak for hierarchical cache Hierarchy.
[2014.11.24-14.21.06:097][  0]LogDerivedDataCache: Using Local data cache path ../../../Engine/DerivedDataCache: Writable
[2014.11.24-14.21.06:097][  0]LogDerivedDataCache: Shared data cache path not found in *engine.ini, will not use an Shared cache.
[2014.11.24-14.21.06:097][  0]LogDerivedDataCache: Unable to find inner node Shared for hierarchical cache Hierarchy.
[2014.11.24-14.21.06:470][  0]LogMeshUtilities: No automatic mesh reduction module available
[2014.11.24-14.21.06:470][  0]LogMeshUtilities: No automatic mesh merging module available
[2014.11.24-14.21.08:377][  0]LogInit: WinSock: version 1.1 (2.2), MaxSocks=32767, MaxUdp=65467
[2014.11.24-14.21.09:885][  0]LogStats:Warning: MetaData mismatch. Did you assign a stat to two groups? New //STATGROUP_Threads//FMonitoredProcess///Thread_710_0///////STATCAT_Advanced//// old //STATGROUP_Threads//FMonitoredProcess///Thread_1164_0///////STATCAT_Advanced////
[2014.11.24-14.21.09:885][  0]UdpMessaging: Initializing bridge on interface 0.0.0.0:0 to multicast group 230.0.0.1:6666.
[2014.11.24-14.21.10:059][  0]SourceControl: Info Source control is disabled
[2014.11.24-14.21.10:059][  0]SourceControl: Info Source control is disabled
[2014.11.24-14.21.10:068][  0]SourceControl: Info Source control is disabled
[2014.11.24-14.21.11:243][  0]BlueprintLog: New page: Editor Load
[2014.11.24-14.21.11:418][  0]LogObj: 21438 objects as part of root set at end of initial load.
[2014.11.24-14.21.11:418][  0]LogUObjectAllocator: 4218656 out of 0 bytes used by permanent object pool.
[2014.11.24-14.21.11:891][  0]LogEngine: Initializing Engine...
[2014.11.24-14.21.12:280][  0]LogInit: XAudio2 using 'GBo[niki (USB Multi-Channel Audio Device)' : 6 channels at 48 kHz using 32 bits per sample (channel mask 0x60f)
[2014.11.24-14.21.12:289][  0]LogInit: FAudioDevice initialized.
[2014.11.24-14.21.12:322][  0]LogAIModule: Creating AISystem for world NewWorld
[2014.11.24-14.21.33:122][  0]LogDerivedDataCache: Saved boot cache 20.80s 39MB I:/UNREAL_AKTUALNY_PROJEKT/Jablo/DerivedDataCache/Boot.ddc.
[2014.11.24-14.21.46:682][  0]LogInit: Texture streaming: Enabled
[2014.11.24-14.21.46:738][  0]LogInit: Transaction tracking system initialized
[2014.11.24-14.21.46:905][  0]LogAssetRegistry: FAssetRegistry took 0.0122 seconds to start up
[2014.11.24-14.21.47:915][  0]LogTargetPlatformManager:Display: Building Assets For Windows
[2014.11.24-14.21.48:712][  0]LogTargetPlatformManager:Display: Building Assets For Windows
[2014.11.24-14.21.48:773][  0]LogModuleManager:Warning: ModuleManager: Unable to load module 'AndroidRuntimeSettings' because the file 'D:/Developer/UnrealEngine-4.4.3-release/UnrealEngine-4.4.3-release/Engine/Binaries/Win64/' was not found.
[2014.11.24-14.21.48:780][  0]LogModuleManager:Warning: ModuleManager: Unable to load module 'AndroidPlatformEditor' because the file 'D:/Developer/UnrealEngine-4.4.3-release/UnrealEngine-4.4.3-release/Engine/Binaries/Win64/' was not found.
[2014.11.24-14.21.48:997][  0]LogConsoleResponse:Display: 
[2014.11.24-14.21.49:332][  0]LogStats:Warning: MetaData mismatch. Did you assign a stat to two groups? New //STATGROUP_Threads//FMonitoredProcess///Thread_172c_0///////STATCAT_Advanced//// old //STATGROUP_Threads//FMonitoredProcess///Thread_1164_0///////STATCAT_Advanced////
[2014.11.24-14.21.49:332][  0]LogStats:Warning: MetaData mismatch. Did you assign a stat to two groups? New //STATGROUP_Threads//FMonitoredProcess///Thread_15dc_0///////STATCAT_Advanced//// old //STATGROUP_Threads//FMonitoredProcess///Thread_1164_0///////STATCAT_Advanced////
[2014.11.24-14.21.49:332][  0]SourceControl: Info Source control is disabled
[2014.11.24-14.21.49:332][  0]Cmd: MAP LOAD FILE="I:/UNREAL_AKTUALNY_PROJEKT/Jablo/Content/Maps/Minimal_Default.umap" TEMPLATE=0 SHOWPROGRESS=1
[2014.11.24-14.21.49:347][  0]LightingResults: New page: Lighting Build
[2014.11.24-14.21.49:359][  0]MapCheck: New page: Map Check
[2014.11.24-14.21.49:359][  0]LightingResults: New page: Lighting Build
[2014.11.24-14.21.49:388][  0]LogParticles: Destroying 0 GPU particle simulations for FXSystem 0x000000010F915300
[2014.11.24-14.21.50:875][  0]LogEditorServer: Finished looking for orphan Actors (0.000 secs)
[2014.11.24-14.21.50:875][  0]LogAIModule: Creating AISystem for world Minimal_Default
[2014.11.24-14.21.50:876][  0]Cmd: MAP CHECKDEP
[2014.11.24-14.21.50:876][  0]MapCheck: New page: Minimal_Default - 24 Nov 2014 16:21:50
[2014.11.24-14.21.51:025][  0]MapCheck: Info ========== Map Check: 0 Error(s), 0 Warning(s), [148,487ms] ==========
[2014.11.24-14.21.51:025][  0]LogFileHelpers: Loading map 'Minimal_Default' took 1.693
[2014.11.24-14.21.51:165][  0]LogCollectionManager: Loaded 0 collections in 0.002046 seconds
[2014.11.24-14.21.53:130][  0]LogCrashTracker: Crashtracker disabled due to settings.
[2014.11.24-14.21.54:981][  0]LogInit: Using libcurl 7.34.0
[2014.11.24-14.21.54:981][  0]LogInit:  - built for x86_64-pc-win32
[2014.11.24-14.21.54:981][  0]LogInit:  - supports SSL with WinSSL
[2014.11.24-14.21.54:981][  0]LogInit:  - other features:
[2014.11.24-14.21.54:981][  0]LogInit:      CURL_VERSION_SSL
[2014.11.24-14.21.54:981][  0]LogInit:      CURL_VERSION_ASYNCHDNS
[2014.11.24-14.21.54:981][  0]LogInit:      CURL_VERSION_LARGEFILE
[2014.11.24-14.21.54:981][  0]LogInit:      CURL_VERSION_IDN
[2014.11.24-14.21.54:981][  0]LogInit: Libcurl will NOT reuse connections
[2014.11.24-14.21.55:029][  0]LogLoad: Full Startup: 87.66 seconds (BP compile: 0.35 seconds)
[2014.11.24-14.21.55:050][  0]LogContentBrowser:Verbose: The content browser source was changed by the sources view to '/Game/Blueprints'
[2014.11.24-14.21.55:374][  0]LogRenderer:Warning: Reallocating scene render targets to support 32x32.
[2014.11.24-14.21.55:612][  0]LogRenderer:Warning: Reallocating scene render targets to support 664x584.
[2014.11.24-14.21.56:226][  3]LogAssetRegistry: Asset discovery search completed in 9.3336 seconds
[2014.11.24-14.22.25:336][751]LogActorComponent: UnregisterComponent: (/Engine/Transient.CharacterMovementComponent_0) Not registered. Aborting.
[2014.11.24-14.22.25:388][751]Cmd: MAP LOAD FILE="I:/UNREAL_AKTUALNY_PROJEKT/Jablo/Content/Maps/Level1.umap" TEMPLATE=0 SHOWPROGRESS=1
[2014.11.24-14.22.25:390][751]LightingResults: New page: Lighting Build
[2014.11.24-14.22.25:417][751]LoadErrors: New page: Loading map: Level1.umap
[2014.11.24-14.22.25:419][751]MapCheck: New page: Map Check
[2014.11.24-14.22.25:419][751]LightingResults: New page: Lighting Build
[2014.11.24-14.22.25:452][751]LogParticles: Destroying 0 GPU particle simulations for FXSystem 0x0000000109063380
[2014.11.24-14.22.26:200][751]LogEditorServer: Finished looking for orphan Actors (0.001 secs)
[2014.11.24-14.22.26:201][751]LogAIModule: Creating AISystem for world Level1
[2014.11.24-14.22.32:560][751]Cmd: MAP CHECKDEP
[2014.11.24-14.22.32:560][751]MapCheck: New page: Level1 - 24 Nov 2014 16:22:32
[2014.11.24-14.22.32:695][751]MapCheck: Info ========== Map Check: 0 Error(s), 0 Warning(s), [134,211ms] ==========
[2014.11.24-14.22.32:695][751]LogFileHelpers: Loading map 'Level1' took 7.308
[2014.11.24-14.22.43:600][171]LogEditorViewport: Clicking on Actor (LMB): StaticMeshActor (Podloga)
[2014.11.24-14.22.46:880][281]LogEditorViewport: Clicking on Actor (LMB): TargetPoint (TargetPoint1)
[2014.11.24-14.22.49:094][358]Cmd: DELETE
[2014.11.24-14.22.49:094][358]Cmd: ACTOR DELETE
[2014.11.24-14.22.49:228][358]LogEditorActor: Deleted Actor: TargetPoint
[2014.11.24-14.22.49:228][358]LogActorComponent: UnregisterComponent: (/Engine/Transient.CharacterMovementComponent_1) Not registered. Aborting.
[2014.11.24-14.22.49:256][358]LogEditorActor: Deleted 1 Actors (0.050 secs)
[2014.11.24-14.22.57:302][607]LogPlayLevel: PIE:  No blueprints needed recompiling
[2014.11.24-14.22.57:302][607]PIE: New page: PIE session: Level1 (24 Nov 2014 16:22:57)
[2014.11.24-14.22.57:352][607]LogPlayLevel: PIE: StaticDuplicateObject took: (0.049570s)
[2014.11.24-14.22.57:354][607]LogPlayLevel: PIE: World Init took: (0.002180s)
[2014.11.24-14.22.57:354][607]LogPlayLevel: PIE: Created PIE world by copying editor world from /Game/Maps/Level1.Level1 to /Game/Maps/UEDPIE_0_Level1.Level1 (0.052056s)
[2014.11.24-14.22.57:953][607]LogWorld: Game class is 'BP_TrybGry_C'
[2014.11.24-14.22.57:955][607]LogAIModule: Creating AISystem for world Level1
[2014.11.24-14.22.57:962][607]LogWorld:Warning: *** WARNING - PATHS MAY NOT BE VALID ***
[2014.11.24-14.22.57:962][607]LogWorld: Bringing World /Game/Maps/UEDPIE_0_Level1.Level1 up for play (max tick rate 0) at 2014.11.24-15.22.57
[2014.11.24-14.22.57:965][607]LogWorld: Bringing up level for play took: 0.009345
[2014.11.24-14.22.57:973][607]PIE: Info Play in editor start time for /Game/Maps/UEDPIE_0_Level1 0,605
[2014.11.24-14.22.58:025][607]LogScript:Warning: Accessed None 'CallFunc_GetPlayerPawn_ReturnValue'
	HeroTPP_AnimBlueprint_C /Engine/Transient.World_4:PersistentLevel.SkeletalMeshActor_1.SkeletalMeshComponent0.HeroTPP_AnimBlueprint_C_0
	Function /Game/Blueprints/HeroTPP_AnimBlueprint.HeroTPP_AnimBlueprint_C:ExecuteUbergraph_HeroTPP_AnimBlueprint:00FA
[2014.11.24-14.22.58:026][607]LogScript:Warning: Accessed None 'CallFunc_GetMovementComponent_ReturnValue'
	HeroTPP_AnimBlueprint_C /Engine/Transient.World_4:PersistentLevel.SkeletalMeshActor_1.SkeletalMeshComponent0.HeroTPP_AnimBlueprint_C_0
	Function /Game/Blueprints/HeroTPP_AnimBlueprint.HeroTPP_AnimBlueprint_C:ExecuteUbergraph_HeroTPP_AnimBlueprint:0125
[2014.11.24-14.22.58:026][607]LogScript:Warning: Accessed None 'CallFunc_GetPlayerPawn_ReturnValue'
	HeroTPP_AnimBlueprint_C /Engine/Transient.World_4:PersistentLevel.SkeletalMeshActor_1.SkeletalMeshComponent0.HeroTPP_AnimBlueprint_C_0
	Function /Game/Blueprints/HeroTPP_AnimBlueprint.HeroTPP_AnimBlueprint_C:ExecuteUbergraph_HeroTPP_AnimBlueprint:0054
[2014.11.24-14.22.58:083][608]LogRenderer:Warning: Reallocating scene render targets to support 664x592.
[2014.11.24-14.23.35:698][225]LogBlueprintUserMessages: 50.0
[2014.11.24-14.23.36:208][247]LogBlueprintUserMessages: 0.0
[2014.11.24-14.23.36:955][275]LogBlueprintUserMessages: 50.0
[2014.11.24-14.23.37:397][292]LogBlueprintUserMessages: 0.0
[2014.11.24-14.23.38:143][322]LogBlueprintUserMessages: 50.0
[2014.11.24-14.23.38:580][339]LogBlueprintUserMessages: 0.0
[2014.11.24-14.23.39:337][371]LogBlueprintUserMessages: 50.0
[2014.11.24-14.23.39:730][388]LogBlueprintUserMessages: Przeladuj!
[2014.11.24-14.23.40:203][409]LogBlueprintUserMessages: Przeladuj!
[2014.11.24-14.23.49:489][828]LogParticles: Destroying 0 GPU particle simulations for FXSystem 0x000000010901E7A0
[2014.11.24-14.24.34:794][555]Cmd: OBJ SAVEPACKAGE PACKAGE="/Game/Maps/Level1" FILE="I:/UNREAL_AKTUALNY_PROJEKT/Jablo/Content/Maps/Level1.umap" SILENT=true AUTOSAVING=false KEEPDIRTY=false
[2014.11.24-14.25.17:055][555]LogSavePackage: Save=38621.750000ms
[2014.11.24-14.25.17:056][555]LogSavePackage: Moving 'I:/UNREAL_AKTUALNY_PROJEKT/Jablo/Saved/Level1DD9A0FE44CFE49352EE71F9056F2B419.tmp' to 'I:/UNREAL_AKTUALNY_PROJEKT/Jablo/Content/Maps/Level1.umap'
[2014.11.24-14.25.24:087][555]LogFileHelpers: Saving map 'Level1' took 49.480
[2014.11.24-14.26.18:974][531]Cmd: QUIT_EDITOR
[2014.11.24-14.26.20:115][531]LogWindowsTextInputMethodSystem:Error: Terminating failed while unadvising the language notification sink from the TSF source.
[2014.11.24-14.26.20:118][531]LogExit: Preparing to exit.
[2014.11.24-14.26.22:967][531]LogExit: Editor shut down
[2014.11.24-14.26.22:967][531]LogExit: Transaction tracking system shut down
[2014.11.24-14.26.22:969][531]LogParticles: Destroying 0 GPU particle simulations for FXSystem 0x0000000108FFFC40
[2014.11.24-14.26.22:971][531]LogParticles: Destroying 0 GPU particle simulations for FXSystem 0x000000010BA92A20
[2014.11.24-14.26.22:971][531]LogParticles: Destroying 0 GPU particle simulations for FXSystem 0x0000000108D26700
[2014.11.24-14.26.22:972][531]LogParticles: Destroying 0 GPU particle simulations for FXSystem 0x0000000108D26520
[2014.11.24-14.26.23:082][531]LogParticles: Destroying 0 GPU particle simulations for FXSystem 0x000000011A1B9260
[2014.11.24-14.26.23:082][531]LogParticles: Destroying 0 GPU particle simulations for FXSystem 0x00000001229A1BC0
[2014.11.24-14.26.23:082][531]LogParticles: Destroying 0 GPU particle simulations for FXSystem 0x00000001229A13A0
[2014.11.24-14.26.23:082][531]LogExit: Object subsystem successfully closed.
[2014.11.24-14.26.23:149][531]LogModuleManager: Shutting down and abandoning module ExternalImagePicker (154)
[2014.11.24-14.26.23:149][531]LogModuleManager: Shutting down and abandoning module HTTP (153)
[2014.11.24-14.26.23:149][531]LogModuleManager: Shutting down and abandoning module CrashTracker (152)
[2014.11.24-14.26.23:149][531]LogModuleManager: Shutting down and abandoning module SuperSearch (151)
[2014.11.24-14.26.23:149][531]LogModuleManager: Shutting down and abandoning module SceneOutliner (150)
[2014.11.24-14.26.23:149][531]LogModuleManager: Shutting down and abandoning module EditorWidgets (149)
[2014.11.24-14.26.23:149][531]LogModuleManager: Shutting down and abandoning module CollectionManager (148)
[2014.11.24-14.26.23:149][531]LogModuleManager: Shutting down and abandoning module StatsViewer (147)
[2014.11.24-14.26.23:149][531]LogModuleManager: Shutting down and abandoning module FoliageEdit (146)
[2014.11.24-14.26.23:149][531]LogModuleManager: Shutting down and abandoning module LandscapeEditor (145)
[2014.11.24-14.26.23:149][531]LogModuleManager: Shutting down and abandoning module MeshPaint (144)
[2014.11.24-14.26.23:149][531]LogModuleManager: Shutting down and abandoning module ActorPickerMode (143)
[2014.11.24-14.26.23:149][531]LogModuleManager: Shutting down and abandoning module GeometryMode (142)
[2014.11.24-14.26.23:149][531]LogModuleManager: Shutting down and abandoning module TextureAlignMode (141)
[2014.11.24-14.26.23:149][531]LogModuleManager: Shutting down and abandoning module BspMode (140)
[2014.11.24-14.26.23:149][531]LogModuleManager: Shutting down and abandoning module PlacementMode (139)
[2014.11.24-14.26.23:149][531]LogModuleManager: Shutting down and abandoning module DesktopPlatform (138)
[2014.11.24-14.26.23:149][531]LogModuleManager: Shutting down and abandoning module AutomationWorker (137)
[2014.11.24-14.26.23:149][531]LogModuleManager: Shutting down and abandoning module EditorLiveStreaming (136)
[2014.11.24-14.26.23:149][531]LogModuleManager: Shutting down and abandoning module BehaviorTreeEditor (135)
[2014.11.24-14.26.23:149][531]LogModuleManager: Shutting down and abandoning module DeviceProfileEditor (134)
[2014.11.24-14.26.23:149][531]LogModuleManager: Shutting down and abandoning module UndoHistory (133)
[2014.11.24-14.26.23:149][531]LogModuleManager: Shutting down and abandoning module GameplayTagsEditor (132)
[2014.11.24-14.26.23:149][531]LogModuleManager: Shutting down and abandoning module UserFeedback (131)
[2014.11.24-14.26.23:149][531]LogModuleManager: Shutting down and abandoning module XmlParser (130)
[2014.11.24-14.26.23:149][531]LogModuleManager: Shutting down and abandoning module Blutility (129)
[2014.11.24-14.26.23:149][531]LogModuleManager: Shutting down and abandoning module IOSPlatformEditor (128)
[2014.11.24-14.26.23:149][531]LogModuleManager: Shutting down and abandoning module IOSRuntimeSettings (127)
[2014.11.24-14.26.23:149][531]LogModuleManager: Shutting down and abandoning module ProjectTargetPlatformEditor (124)
[2014.11.24-14.26.23:150][531]LogModuleManager: Shutting down and abandoning module ProjectSettingsViewer (123)
[2014.11.24-14.26.23:150][531]LogModuleManager: Shutting down and abandoning module InputBindingEditor (122)
[2014.11.24-14.26.23:150][531]LogModuleManager: Shutting down and abandoning module EditorSettingsViewer (121)
[2014.11.24-14.26.23:150][531]LogModuleManager: Shutting down and abandoning module SettingsEditor (120)
[2014.11.24-14.26.23:150][531]LogModuleManager: Shutting down and abandoning module SessionLauncher (119)
[2014.11.24-14.26.23:150][531]LogModuleManager: Shutting down and abandoning module SessionFrontend (118)
[2014.11.24-14.26.23:150][531]LogModuleManager: Shutting down and abandoning module ProfilerClient (117)
[2014.11.24-14.26.23:150][531]LogModuleManager: Shutting down and abandoning module TargetDeviceServices (116)
[2014.11.24-14.26.23:150][531]LogModuleManager: Shutting down and abandoning module DeviceManager (115)
[2014.11.24-14.26.23:150][531]LogModuleManager: Shutting down and abandoning module AutomationController (114)
[2014.11.24-14.26.23:150][531]LogModuleManager: Shutting down and abandoning module AutomationWindow (113)
[2014.11.24-14.26.23:150][531]LogModuleManager: Shutting down and abandoning module Layers (112)
[2014.11.24-14.26.23:151][531]LogModuleManager: Shutting down and abandoning module ComponentVisualizers (111)
[2014.11.24-14.26.23:151][531]LogModuleManager: Shutting down and abandoning module DetailCustomizations (110)
[2014.11.24-14.26.23:151][531]LogModuleManager: Shutting down and abandoning module PackagesDialog (109)
[2014.11.24-14.26.23:151][531]LogModuleManager: Shutting down and abandoning module DirectoryWatcher (108)
[2014.11.24-14.26.23:154][531]LogModuleManager: Shutting down and abandoning module AssetRegistry (107)
[2014.11.24-14.26.28:482][531]LogModuleManager: Shutting down and abandoning module Persona (106)
[2014.11.24-14.26.28:482][531]LogModuleManager: Shutting down and abandoning module GraphEditor (105)
[2014.11.24-14.26.28:482][531]LogModuleManager: Shutting down and abandoning module ClassViewer (104)
[2014.11.24-14.26.28:482][531]LogModuleManager: Shutting down and abandoning module Toolbox (103)
[2014.11.24-14.26.28:482][531]LogModuleManager: Shutting down and abandoning module ModuleUI (102)
[2014.11.24-14.26.28:482][531]LogModuleManager: Shutting down and abandoning module MovieSceneTools (101)
[2014.11.24-14.26.28:482][531]LogModuleManager: Shutting down and abandoning module OutputLog (100)
[2014.11.24-14.26.28:482][531]LogModuleManager: Shutting down and abandoning module GammaUI (99)
[2014.11.24-14.26.28:482][531]LogModuleManager: Shutting down and abandoning module Documentation (98)
[2014.11.24-14.26.28:482][531]LogModuleManager: Shutting down and abandoning module GameLiveStreaming (97)
[2014.11.24-14.26.28:482][531]LogModuleManager: Shutting down and abandoning module StreamingPauseRendering (96)
[2014.11.24-14.26.28:482][531]LogModuleManager: Shutting down and abandoning module AnalyticsET (95)
[2014.11.24-14.26.28:482][531]LogModuleManager: Shutting down and abandoning module Analytics (94)
[2014.11.24-14.26.28:482][531]LogModuleManager: Shutting down and abandoning module GameplayDebugger (93)
[2014.11.24-14.26.28:482][531]LogModuleManager: Shutting down and abandoning module AIModule (92)
[2014.11.24-14.26.28:482][531]LogModuleManager: Shutting down and abandoning module ProfilerService (91)
[2014.11.24-14.26.28:537][531]LogModuleManager: Shutting down and abandoning module TaskGraph (90)
[2014.11.24-14.26.28:537][531]LogModuleManager: Shutting down and abandoning module SlateRemote (89)
[2014.11.24-14.26.28:541][531]LogModuleManager: Shutting down and abandoning module ScriptEditorPlugin (88)
[2014.11.24-14.26.28:541][531]LogModuleManager: Shutting down and abandoning module CustomMeshComponent (87)
[2014.11.24-14.26.28:541][531]LogModuleManager: Shutting down and abandoning module CableComponent (86)
[2014.11.24-14.26.28:541][531]LogModuleManager: Shutting down and abandoning module MessagingDebugger (85)
[2014.11.24-14.26.28:541][531]LogModuleManager: Shutting down and abandoning module ViewportSnapping (84)
[2014.11.24-14.26.28:541][531]LogModuleManager: Shutting down and abandoning module SmartSnapping (83)
[2014.11.24-14.26.28:541][531]LogModuleManager: Shutting down and abandoning module PaperTiledImporter (82)
[2014.11.24-14.26.28:541][531]LogModuleManager: Shutting down and abandoning module PaperJsonImporter (81)
[2014.11.24-14.26.28:541][531]LogModuleManager: Shutting down and abandoning module GameProjectGeneration (80)
[2014.11.24-14.26.28:541][531]LogModuleManager: Shutting down and abandoning module Matinee (79)
[2014.11.24-14.26.28:541][531]LogModuleManager: Shutting down and abandoning module Kismet (78)
[2014.11.24-14.26.28:541][531]LogModuleManager: Shutting down and abandoning module SlateReflector (77)
[2014.11.24-14.26.28:541][531]LogModuleManager: Shutting down and abandoning module LevelEditor (76)
[2014.11.24-14.26.28:546][531]LogModuleManager: Shutting down and abandoning module IntroTutorials (75)
[2014.11.24-14.26.28:546][531]LogModuleManager: Shutting down and abandoning module ContentBrowser (74)
[2014.11.24-14.26.28:546][531]LogModuleManager: Shutting down and abandoning module PropertyEditor (73)
[2014.11.24-14.26.28:546][531]LogModuleManager: Shutting down and abandoning module Paper2DEditor (72)
[2014.11.24-14.26.28:546][531]LogModuleManager: Shutting down and abandoning module SpeedTreeImporter (71)
[2014.11.24-14.26.28:546][531]LogModuleManager: Shutting down and abandoning module PluginsEditor (70)
[2014.11.24-14.26.28:546][531]LogModuleManager: Shutting down and abandoning module MainFrame (69)
[2014.11.24-14.26.28:546][531]LogModuleManager: Shutting down and abandoning module EpicSurvey (68)
[2014.11.24-14.26.28:546][531]LogModuleManager: Shutting down and abandoning module VisualStudioSourceCodeAccess (67)
[2014.11.24-14.26.28:546][531]LogModuleManager: Shutting down and abandoning module UObjectPlugin (66)
[2014.11.24-14.26.28:546][531]LogModuleManager: Shutting down and abandoning module SubversionSourceControl (65)
[2014.11.24-14.26.28:546][531]LogModuleManager: Shutting down and abandoning module SourceControl (64)
[2014.11.24-14.26.28:546][531]LogModuleManager: Shutting down and abandoning module PerforceSourceControl (63)
[2014.11.24-14.26.28:546][531]LogModuleManager: Shutting down and abandoning module BlankPlugin (62)
[2014.11.24-14.26.28:546][531]LogModuleManager: Shutting down and abandoning module ScriptPlugin (61)
[2014.11.24-14.26.28:546][531]LogModuleManager: Shutting down and abandoning module UdpMessaging (60)
[2014.11.24-14.26.28:647][531]LogModuleManager: Shutting down and abandoning module Paper2D (59)
[2014.11.24-14.26.28:647][531]LogModuleManager: Shutting down and abandoning module WindowsMoviePlayer (58)
[2014.11.24-14.26.28:664][531]LogModuleManager: Shutting down and abandoning module ImageWrapper (57)
[2014.11.24-14.26.28:664][531]LogModuleManager: Shutting down and abandoning module OnlineBlueprintSupport (56)
[2014.11.24-14.26.28:664][531]LogModuleManager: Shutting down and abandoning module FunctionalTesting (55)
[2014.11.24-14.26.28:664][531]LogModuleManager: Shutting down and abandoning module CollisionAnalyzer (54)
[2014.11.24-14.26.28:664][531]LogModuleManager: Shutting down and abandoning module WorkspaceMenuStructure (53)
[2014.11.24-14.26.28:664][531]LogModuleManager: Shutting down and abandoning module MessageLog (52)
[2014.11.24-14.26.28:664][531]LogModuleManager: Shutting down and abandoning module Sequencer (51)
[2014.11.24-14.26.28:664][531]LogModuleManager: Shutting down and abandoning module AssetTools (50)
[2014.11.24-14.26.28:664][531]LogModuleManager: Shutting down and abandoning module UMGEditor (49)
[2014.11.24-14.26.28:664][531]LogModuleManager: Shutting down and abandoning module UMG (48)
[2014.11.24-14.26.28:664][531]LogModuleManager: Shutting down and abandoning module Slate (47)
[2014.11.24-14.26.28:664][531]LogModuleManager: Shutting down and abandoning module EditorStyle (46)
[2014.11.24-14.26.28:666][531]LogModuleManager: Shutting down and abandoning module SessionServices (45)
[2014.11.24-14.26.28:666][531]LogModuleManager: Shutting down and abandoning module SourceCodeAccess (44)
[2014.11.24-14.26.28:666][531]LogModuleManager: Shutting down and abandoning module HeadMountedDisplay (43)
[2014.11.24-14.26.28:666][531]LogModuleManager: Shutting down and abandoning module XAudio2 (42)
[2014.11.24-14.26.28:666][531]LogModuleManager: Shutting down and abandoning module Networking (40)
[2014.11.24-14.26.28:666][531]LogModuleManager: Shutting down and abandoning module Core (39)
[2014.11.24-14.26.28:666][531]LogModuleManager: Shutting down and abandoning module KismetCompiler (38)
[2014.11.24-14.26.28:666][531]LogModuleManager: Shutting down and abandoning module PhysXFormats (37)
[2014.11.24-14.26.28:666][531]LogModuleManager: Shutting down and abandoning module MeshUtilities (36)
[2014.11.24-14.26.28:666][531]LogModuleManager: Shutting down and abandoning module DerivedDataCache (35)
[2014.11.24-14.26.28:719][531]LogDerivedDataCache: Shutdown
[2014.11.24-14.26.28:719][531]LogModuleManager: Shutting down and abandoning module ShaderFormatOpenGL (34)
[2014.11.24-14.26.28:719][531]LogModuleManager: Shutting down and abandoning module ShaderFormatD3D (33)
[2014.11.24-14.26.28:719][531]LogModuleManager: Shutting down and abandoning module MetalShaderFormat (32)
[2014.11.24-14.26.28:719][531]LogModuleManager: Shutting down and abandoning module TextureFormatUncompressed (31)
[2014.11.24-14.26.28:719][531]LogModuleManager: Shutting down and abandoning module TextureFormatPVR (30)
[2014.11.24-14.26.28:719][531]LogModuleManager: Shutting down and abandoning module TextureFormatDXT (29)
[2014.11.24-14.26.28:719][531]LogModuleManager: Shutting down and abandoning module AudioFormatOpus (28)
[2014.11.24-14.26.28:719][531]LogModuleManager: Shutting down and abandoning module AudioFormatOgg (27)
[2014.11.24-14.26.28:719][531]LogModuleManager: Shutting down and abandoning module AudioFormatADPCM (26)
[2014.11.24-14.26.28:719][531]LogModuleManager: Shutting down and abandoning module Messaging (25)
[2014.11.24-14.26.28:719][531]LogModuleManager: Shutting down and abandoning module IOSTargetPlatform (24)
[2014.11.24-14.26.28:719][531]LogModuleManager: Shutting down and abandoning module WindowsTargetPlatform (23)
[2014.11.24-14.26.28:719][531]LogModuleManager: Shutting down and abandoning module WindowsServerTargetPlatform (22)
[2014.11.24-14.26.28:719][531]LogModuleManager: Shutting down and abandoning module WindowsNoEditorTargetPlatform (21)
[2014.11.24-14.26.28:719][531]LogModuleManager: Shutting down and abandoning module WindowsClientTargetPlatform (20)
[2014.11.24-14.26.28:719][531]LogModuleManager: Shutting down and abandoning module TargetPlatform (19)
[2014.11.24-14.26.28:719][531]LogModuleManager: Shutting down and abandoning module InputCore (18)
[2014.11.24-14.26.28:719][531]LogModuleManager: Shutting down and abandoning module Settings (17)
[2014.11.24-14.26.28:719][531]LogModuleManager: Shutting down and abandoning module ExampleDeviceProfileSelector (14)
[2014.11.24-14.26.28:719][531]LogModuleManager: Shutting down and abandoning module OculusRift (13)
[2014.11.24-14.26.28:719][531]LogModuleManager: Shutting down and abandoning module TextureCompressor (12)
[2014.11.24-14.26.28:719][531]LogModuleManager: Shutting down and abandoning module ShaderCore (11)
[2014.11.24-14.26.28:719][531]LogModuleManager: Shutting down and abandoning module OpenGLDrv (10)
[2014.11.24-14.26.28:719][531]LogModuleManager: Shutting down and abandoning module D3D11RHI (9)
[2014.11.24-14.26.28:719][531]LogModuleManager: Shutting down and abandoning module SlateRHIRenderer (8)
[2014.11.24-14.26.28:719][531]LogModuleManager: Shutting down and abandoning module Renderer (7)
[2014.11.24-14.26.28:719][531]LogModuleManager: Shutting down and abandoning module Engine (6)
[2014.11.24-14.26.28:719][531]LogModuleManager: Shutting down and abandoning module CoreUObject (5)
[2014.11.24-14.26.28:719][531]LogModuleManager: Shutting down and abandoning module NetworkFile (4)
[2014.11.24-14.26.28:719][531]LogModuleManager: Shutting down and abandoning module StreamingFile (3)
[2014.11.24-14.26.28:719][531]LogModuleManager: Shutting down and abandoning module SandboxFile (2)
[2014.11.24-14.26.28:720][531]LogModuleManager: Shutting down and abandoning module PakFile (1)
[2014.11.24-14.26.28:720][531]LogExit: Exiting.
[2014.11.24-14.26.29:630][531]Log file closed, 11/24/14 15:26:29
