Log file open, 11/21/14 15:36:29
LogInit:Display: Running engine for game: MyProject4
LogInit: Version: 4.4.3-0+UE4
LogInit: API Version: 0
LogInit: Compiled (64-bit): Sep 17 2014 07:16:51
LogInit: Build Configuration: Development
LogInit: Branch Name: UE4
LogInit: Command line: 
LogInit: Base directory: D:/Developer/UnrealEngine-4.4.3-release/UnrealEngine-4.4.3-release/Engine/Binaries/Win64/
LogInit: Rocket: 0
[2014.11.21-14.36.29:171][  0]LogTaskGraph: Started task graph with 3 named threads and 4 total threads.
[2014.11.21-14.36.29:207][  0]LogOnline:Warning: No default platform service specified for OnlineSubsystem
[2014.11.21-14.36.29:302][  0]LogInit: Presizing for 0 objects not considered by GC, pre-allocating 0 bytes.
[2014.11.21-14.36.29:323][  0]LogInit: Object subsystem initialized
[2014.11.21-14.36.29:327][  0]LogInit: Selected Device Profile: [Windows]
[2014.11.21-14.36.29:327][  0]LogInit: Applying CVar settings loaded from the selected device profile: [Windows]
[2014.11.21-14.36.32:070][  0]LogInit: Computer: ADAM
[2014.11.21-14.36.32:070][  0]LogInit: User: Adam
[2014.11.21-14.36.32:072][  0]LogInit: CPU Page size=4096, Cores=2
[2014.11.21-14.36.32:072][  0]LogInit: High frequency timer resolution =3.161621 MHz
[2014.11.21-14.36.32:073][  0]LogMemory: Memory total: Physical=3.0GB (3GB approx) Virtual=131072.0GB
[2014.11.21-14.36.32:073][  0]LogMemory: Platform Memory Stats for Windows
[2014.11.21-14.36.32:073][  0]LogMemory: Process Physical Memory: 60.15 MB used, 60.15 MB peak
[2014.11.21-14.36.32:073][  0]LogMemory: Process Virtual Memory: 36.17 MB used, 36.17 MB peak
[2014.11.21-14.36.32:073][  0]LogMemory: Physical Memory: 2535.77 MB used, 3071.55 MB total
[2014.11.21-14.36.32:073][  0]LogMemory: Virtual Memory: 268.48 MB used, 134217728.00 MB total
[2014.11.21-14.36.32:225][  0]LogD3D11RHI: Found D3D11 adapter 0: NVIDIA GeForce GTX 780 (Feature Level 11_0)
[2014.11.21-14.36.32:225][  0]LogD3D11RHI: Adapter has 2988MB of dedicated video memory, 0MB of dedicated system memory, and 1535MB of shared system memory, 2 output[s]
[2014.11.21-14.36.33:109][  0]LogD3D11RHI: Found D3D11 adapter 1: Microsoft Basic Render Driver (Feature Level 11_0)
[2014.11.21-14.36.33:109][  0]LogD3D11RHI: Adapter has 0MB of dedicated video memory, 0MB of dedicated system memory, and 256MB of shared system memory, 0 output[s]
[2014.11.21-14.36.33:109][  0]LogD3D11RHI: Chosen D3D11 Adapter Id = 0
[2014.11.21-14.36.33:129][  0]LogRHI: Texture pool is 1361 MB (70% of 1945 MB)
[2014.11.21-14.36.33:167][  0]LogD3D11RHI: Async texture creation enabled
[2014.11.21-14.36.34:377][  0]LogContentStreaming: Texture pool size is 0.000000MB
[2014.11.21-14.36.37:908][  0]LogTargetPlatformManager:Display: Building Assets For Windows
[2014.11.21-14.36.39:236][  0]LogTargetPlatformManager:Display: Building Assets For Windows
[2014.11.21-14.36.39:318][  0]LogDerivedDataCache:Display: Max Cache Size: 512 MB
[2014.11.21-14.36.42:480][  0]LogDerivedDataCache: Loaded boot cache 3.16s 39MB I:/UNREAL_AKTUALNY_PROJEKT/Jablo/DerivedDataCache/Boot.ddc.
[2014.11.21-14.36.42:480][  0]LogDerivedDataCache:Display: Loaded Boot cache: I:/UNREAL_AKTUALNY_PROJEKT/Jablo/DerivedDataCache/Boot.ddc
[2014.11.21-14.36.42:480][  0]LogDerivedDataCache: FDerivedDataBackendGraph:  Pak pak cache file I:/UNREAL_AKTUALNY_PROJEKT/Jablo/DerivedDataCache/DDC.ddp not found, will not use a pak cache.
[2014.11.21-14.36.42:480][  0]LogDerivedDataCache: Unable to find inner node Pak for hierarchical cache Hierarchy.
[2014.11.21-14.36.42:481][  0]LogDerivedDataCache: FDerivedDataBackendGraph:  EnginePak pak cache file ../../../Engine/DerivedDataCache/DDC.ddp not found, will not use a pak cache.
[2014.11.21-14.36.42:481][  0]LogDerivedDataCache: Unable to find inner node EnginePak for hierarchical cache Hierarchy.
[2014.11.21-14.36.42:536][  0]LogDerivedDataCache: Using Local data cache path ../../../Engine/DerivedDataCache: Writable
[2014.11.21-14.36.42:536][  0]LogDerivedDataCache: Shared data cache path not found in *engine.ini, will not use an Shared cache.
[2014.11.21-14.36.42:536][  0]LogDerivedDataCache: Unable to find inner node Shared for hierarchical cache Hierarchy.
[2014.11.21-14.36.44:749][  0]LogMeshUtilities: No automatic mesh reduction module available
[2014.11.21-14.36.44:749][  0]LogMeshUtilities: No automatic mesh merging module available
[2014.11.21-14.36.46:708][  0]LogInit: WinSock: version 1.1 (2.2), MaxSocks=32767, MaxUdp=65467
[2014.11.21-14.36.54:217][  0]LogStats:Warning: MetaData mismatch. Did you assign a stat to two groups? New //STATGROUP_Threads//FMonitoredProcess///Thread_12f8_0///////STATCAT_Advanced//// old //STATGROUP_Threads//FMonitoredProcess///Thread_215c_0///////STATCAT_Advanced////
[2014.11.21-14.36.54:217][  0]UdpMessaging: Initializing bridge on interface 0.0.0.0:0 to multicast group 230.0.0.1:6666.
[2014.11.21-14.36.54:419][  0]SourceControl: Info Source control is disabled
[2014.11.21-14.36.54:419][  0]SourceControl: Info Source control is disabled
[2014.11.21-14.36.54:427][  0]SourceControl: Info Source control is disabled
[2014.11.21-14.36.55:107][  0]BlueprintLog: New page: Editor Load
[2014.11.21-14.36.55:538][  0]LogObj: 21438 objects as part of root set at end of initial load.
[2014.11.21-14.36.55:538][  0]LogUObjectAllocator: 4218656 out of 0 bytes used by permanent object pool.
[2014.11.21-14.36.56:193][  0]LogEngine: Initializing Engine...
[2014.11.21-14.36.56:802][  0]LogInit: XAudio2 using 'GBo[niki (SB Audigy)' : 6 channels at 48 kHz using 24 bits per sample (channel mask 0x3f)
[2014.11.21-14.36.56:936][  0]LogInit: FAudioDevice initialized.
[2014.11.21-14.36.56:967][  0]LogAIModule: Creating AISystem for world NewWorld
[2014.11.21-14.37.11:347][  0]LogDerivedDataCache: Saved boot cache 14.38s 39MB I:/UNREAL_AKTUALNY_PROJEKT/Jablo/DerivedDataCache/Boot.ddc.
[2014.11.21-14.37.19:611][  0]LogInit: Texture streaming: Enabled
[2014.11.21-14.37.19:714][  0]LogInit: Transaction tracking system initialized
[2014.11.21-14.37.20:006][  0]LogAssetRegistry: FAssetRegistry took 0.0112 seconds to start up
[2014.11.21-14.37.25:070][  0]LogTargetPlatformManager:Display: Building Assets For Windows
[2014.11.21-14.37.26:199][  0]LogTargetPlatformManager:Display: Building Assets For Windows
[2014.11.21-14.37.26:245][  0]LogModuleManager:Warning: ModuleManager: Unable to load module 'AndroidRuntimeSettings' because the file 'D:/Developer/UnrealEngine-4.4.3-release/UnrealEngine-4.4.3-release/Engine/Binaries/Win64/' was not found.
[2014.11.21-14.37.26:254][  0]LogModuleManager:Warning: ModuleManager: Unable to load module 'AndroidPlatformEditor' because the file 'D:/Developer/UnrealEngine-4.4.3-release/UnrealEngine-4.4.3-release/Engine/Binaries/Win64/' was not found.
[2014.11.21-14.37.26:546][  0]LogConsoleResponse:Display: 
[2014.11.21-14.37.27:441][  0]LogStats:Warning: MetaData mismatch. Did you assign a stat to two groups? New //STATGROUP_Threads//FMonitoredProcess///Thread_24c4_0///////STATCAT_Advanced//// old //STATGROUP_Threads//FMonitoredProcess///Thread_215c_0///////STATCAT_Advanced////
[2014.11.21-14.37.27:441][  0]LogStats:Warning: MetaData mismatch. Did you assign a stat to two groups? New //STATGROUP_Threads//FMonitoredProcess///Thread_151c_0///////STATCAT_Advanced//// old //STATGROUP_Threads//FMonitoredProcess///Thread_215c_0///////STATCAT_Advanced////
[2014.11.21-14.37.27:442][  0]SourceControl: Info Source control is disabled
[2014.11.21-14.37.27:442][  0]Cmd: MAP LOAD FILE="I:/UNREAL_AKTUALNY_PROJEKT/Jablo/Content/Maps/Minimal_Default.umap" TEMPLATE=0 SHOWPROGRESS=1
[2014.11.21-14.37.27:457][  0]LightingResults: New page: Lighting Build
[2014.11.21-14.37.27:468][  0]MapCheck: New page: Map Check
[2014.11.21-14.37.27:468][  0]LightingResults: New page: Lighting Build
[2014.11.21-14.37.27:491][  0]LogParticles: Destroying 0 GPU particle simulations for FXSystem 0x000000AA15C2C360
[2014.11.21-14.37.30:876][  0]LogEditorServer: Finished looking for orphan Actors (0.000 secs)
[2014.11.21-14.37.30:977][  0]LogAIModule: Creating AISystem for world Minimal_Default
[2014.11.21-14.37.31:005][  0]Cmd: MAP CHECKDEP
[2014.11.21-14.37.31:006][  0]MapCheck: New page: Minimal_Default - 21 Nov 2014 16:37:31
[2014.11.21-14.37.31:160][  0]MapCheck: Info ========== Map Check: 0 Error(s), 0 Warning(s), [154,719ms] ==========
[2014.11.21-14.37.31:161][  0]LogFileHelpers: Loading map 'Minimal_Default' took 3.718
[2014.11.21-14.37.32:635][  0]LogCollectionManager: Loaded 0 collections in 0.002338 seconds
[2014.11.21-14.37.32:968][  0]LogContentBrowser:Verbose: The content browser source was changed by the sources view to '/Game'
[2014.11.21-14.37.36:666][  0]LogCrashTracker: Crashtracker disabled due to settings.
[2014.11.21-14.37.37:049][  0]LogInit: Using libcurl 7.34.0
[2014.11.21-14.37.37:049][  0]LogInit:  - built for x86_64-pc-win32
[2014.11.21-14.37.37:049][  0]LogInit:  - supports SSL with WinSSL
[2014.11.21-14.37.37:049][  0]LogInit:  - other features:
[2014.11.21-14.37.37:049][  0]LogInit:      CURL_VERSION_SSL
[2014.11.21-14.37.37:049][  0]LogInit:      CURL_VERSION_ASYNCHDNS
[2014.11.21-14.37.37:049][  0]LogInit:      CURL_VERSION_LARGEFILE
[2014.11.21-14.37.37:049][  0]LogInit:      CURL_VERSION_IDN
[2014.11.21-14.37.37:049][  0]LogInit: Libcurl will NOT reuse connections
[2014.11.21-14.37.37:098][  0]LogLoad: Full Startup: 85.15 seconds (BP compile: 0.43 seconds)
[2014.11.21-14.37.38:242][  0]LogRenderer:Warning: Reallocating scene render targets to support 32x32.
[2014.11.21-14.37.39:312][  0]LogRenderer:Warning: Reallocating scene render targets to support 664x584.
[2014.11.21-14.37.41:162][  3]LogAssetRegistry: Asset discovery search completed in 21.1672 seconds
[2014.11.21-14.37.58:511][296]LogLinker:Warning: Can't resolve asset name
[2014.11.21-14.40.42:025][229]LogSlate:Warning: GetFontFace failed to load or process 'Roboto-Regular'
[2014.11.21-14.40.42:037][229]LogSlate:Warning: GetFontFace failed to load or process 'Roboto-Regular'
[2014.11.21-14.40.42:217][229]LogSlate:Warning: GetFontFace failed to load or process 'Roboto-Regular'
[2014.11.21-14.40.42:218][229]LogSlate:Warning: GetFontFace failed to load or process 'Roboto-Regular'
[2014.11.21-14.40.42:218][229]LogSlate:Warning: GetFontFace failed to load or process 'Roboto-Regular'
[2014.11.21-14.40.42:218][229]LogSlate:Warning: GetFontFace failed to load or process 'Roboto-Regular'
[2014.11.21-14.40.42:218][229]LogSlate:Warning: GetFontFace failed to load or process 'Roboto-Regular'
[2014.11.21-14.40.42:218][229]LogSlate:Warning: GetFontFace failed to load or process 'Roboto-Regular'
[2014.11.21-14.40.42:218][229]LogSlate:Warning: GetFontFace failed to load or process 'Roboto-Regular'
[2014.11.21-14.40.42:218][229]LogSlate:Warning: GetFontFace failed to load or process 'Roboto-Regular'
[2014.11.21-14.40.42:218][229]LogSlate:Warning: GetFontFace failed to load or process 'Roboto-Regular'
[2014.11.21-14.40.42:218][229]LogSlate:Warning: GetFontFace failed to load or process 'Roboto-Regular'
[2014.11.21-14.40.42:218][229]LogSlate:Warning: GetFontFace failed to load or process 'Roboto-Regular'
[2014.11.21-14.40.42:218][229]LogSlate:Warning: GetFontFace failed to load or process 'Roboto-Regular'
[2014.11.21-14.40.42:218][229]LogSlate:Warning: GetFontFace failed to load or process 'Roboto-Regular'
[2014.11.21-14.40.42:218][229]LogSlate:Warning: GetFontFace failed to load or process 'Roboto-Regular'
[2014.11.21-14.40.42:218][229]LogSlate:Warning: GetFontFace failed to load or process 'Roboto-Regular'
[2014.11.21-14.40.42:218][229]LogSlate:Warning: GetFontFace failed to load or process 'Roboto-Regular'
[2014.11.21-14.41.07:061][861]LogSlate:Warning: GetFontFace failed to load or process 'Roboto-Regular'
[2014.11.21-14.41.07:061][861]LogSlate:Warning: GetFontFace failed to load or process 'Roboto-Regular'
[2014.11.21-14.41.07:061][861]LogSlate:Warning: GetFontFace failed to load or process 'Roboto-Regular'
[2014.11.21-14.41.07:061][861]LogSlate:Warning: GetFontFace failed to load or process 'Roboto-Regular'
[2014.11.21-14.41.07:061][861]LogSlate:Warning: GetFontFace failed to load or process 'Roboto-Regular'
[2014.11.21-14.41.07:061][861]LogSlate:Warning: GetFontFace failed to load or process 'Roboto-Regular'
[2014.11.21-14.41.07:061][861]LogSlate:Warning: GetFontFace failed to load or process 'Roboto-Regular'
[2014.11.21-14.41.07:061][861]LogSlate:Warning: GetFontFace failed to load or process 'Roboto-Regular'
[2014.11.21-14.41.07:061][861]LogSlate:Warning: GetFontFace failed to load or process 'Roboto-Regular'
[2014.11.21-14.41.50:645][699]LogSlate:Warning: GetFontFace failed to load or process 'Roboto-Regular'
[2014.11.21-14.41.50:646][699]LogSlate:Warning: GetFontFace failed to load or process 'Roboto-Regular'
[2014.11.21-14.45.05:388][859]Cmd: OBJ SAVEPACKAGE PACKAGE="/Game/Blueprints/wrogowie/BP_AI_Controller" FILE="I:/UNREAL_AKTUALNY_PROJEKT/Jablo/Content/Blueprints/wrogowie/BP_AI_Controller.uasset" SILENT=true
[2014.11.21-14.45.12:747][859]LogSavePackage: Save=5804.935059ms
[2014.11.21-14.45.12:749][859]LogSavePackage: Moving 'I:/UNREAL_AKTUALNY_PROJEKT/Jablo/Saved/BP_AI_Controller7C06EA17406DEF25B74982A41F4C0956.tmp' to 'I:/UNREAL_AKTUALNY_PROJEKT/Jablo/Content/Blueprints/wrogowie/BP_AI_Controller.uasset'
[2014.11.21-14.45.16:054][909]BlueprintLog: New page: Compile BP_AI_Controller
[2014.11.21-14.45.16:682][909]LogActorComponent: UnregisterComponent: (/Engine/Transient.CharacterMovementComponent_0) Not registered. Aborting.
[2014.11.21-14.45.18:320][909]BlueprintEditorCompileResults: Info [0544,34] Compile of BP_AI_Controller successful! [in 5 ms]
[2014.11.21-14.47.39:836][929]LogFileHelpers: Editor autosave (incl. sublevels) for '/Game/Maps/Minimal_Default' took 0.091
[2014.11.21-14.47.40:031][929]OBJ SavePackage: Generating thumbnails for [1] asset(s) in package [/Game/Blueprints/Mechanika/BP_Postac] ([1] browsable assets)...
[2014.11.21-14.47.40:623][929]OBJ SavePackage:     Rendered thumbnail for [Blueprint /Game/Blueprints/Mechanika/BP_Postac.BP_Postac]
[2014.11.21-14.47.40:623][929]OBJ SavePackage: Finished generating thumbnails for package [/Game/Blueprints/Mechanika/BP_Postac]
[2014.11.21-14.47.40:637][929]Cmd: OBJ SAVEPACKAGE PACKAGE="/Game/Blueprints/Mechanika/BP_Postac" FILE="I:/UNREAL_AKTUALNY_PROJEKT/Jablo/Saved/Autosaves/Game/Blueprints/Mechanika/BP_Postac_Auto1.uasset" SILENT=false AUTOSAVING=true
[2014.11.21-14.47.51:015][929]LogSavePackage: Save=7143.997559ms
[2014.11.21-14.47.51:017][929]LogSavePackage: Moving 'I:/UNREAL_AKTUALNY_PROJEKT/Jablo/Saved/BP_Postac_Auto147D4D9CA404F1BEBF8A065810E064DDF.tmp' to 'I:/UNREAL_AKTUALNY_PROJEKT/Jablo/Saved/Autosaves/Game/Blueprints/Mechanika/BP_Postac_Auto1.uasset'
[2014.11.21-14.47.53:028][929]LogFileHelpers: Auto-saving content packages took 13.192
[2014.11.21-14.53.53:214][195]Cmd: OBJ SAVEPACKAGE PACKAGE="/Game/Blueprints/wrogowie/BT_AI_Wrog" FILE="I:/UNREAL_AKTUALNY_PROJEKT/Jablo/Content/Blueprints/wrogowie/BT_AI_Wrog.uasset" SILENT=true
[2014.11.21-14.53.57:433][195]LogSavePackage: Save=3710.176270ms
[2014.11.21-14.53.57:435][195]LogSavePackage: Moving 'I:/UNREAL_AKTUALNY_PROJEKT/Jablo/Saved/BT_AI_Wrog6E449EB042E358F5CF5D43AD2A7B1566.tmp' to 'I:/UNREAL_AKTUALNY_PROJEKT/Jablo/Content/Blueprints/wrogowie/BT_AI_Wrog.uasset'
[2014.11.21-14.53.59:296][195]Cmd: OBJ SAVEPACKAGE PACKAGE="/Game/Blueprints/wrogowie/BB_AI_Wrog" FILE="I:/UNREAL_AKTUALNY_PROJEKT/Jablo/Content/Blueprints/wrogowie/BB_AI_Wrog.uasset" SILENT=true
[2014.11.21-14.54.01:623][195]LogSavePackage: Save=41.885792ms
[2014.11.21-14.54.01:623][195]LogSavePackage: Moving 'I:/UNREAL_AKTUALNY_PROJEKT/Jablo/Saved/BB_AI_Wrog988AC3204309137E7C2C3E9CCFE84EB2.tmp' to 'I:/UNREAL_AKTUALNY_PROJEKT/Jablo/Content/Blueprints/wrogowie/BB_AI_Wrog.uasset'
[2014.11.21-14.54.05:617][340]LogActorComponent: UnregisterComponent: (/Engine/Transient.CharacterMovementComponent_1) Not registered. Aborting.
[2014.11.21-14.54.05:618][340]LogActorComponent: UnregisterComponent: (/Engine/Transient.PawnNoiseEmitterComponent_0) Not registered. Aborting.
[2014.11.21-14.54.05:767][340]Cmd: OBJ SAVEPACKAGE PACKAGE="/Game/Blueprints/Mechanika/BP_Postac" FILE="I:/UNREAL_AKTUALNY_PROJEKT/Jablo/Content/Blueprints/Mechanika/BP_Postac.uasset" SILENT=true
[2014.11.21-14.54.14:667][340]LogSavePackage: Save=5637.831543ms
[2014.11.21-14.54.14:668][340]LogSavePackage: Moving 'I:/UNREAL_AKTUALNY_PROJEKT/Jablo/Saved/BP_PostacBE6A816049BB9BEB409C568335B00C7A.tmp' to 'I:/UNREAL_AKTUALNY_PROJEKT/Jablo/Content/Blueprints/Mechanika/BP_Postac.uasset'
[2014.11.21-15.49.37:479][769]LogHttp:Warning: InternetStatusCallbackWinInet: on invalid request 000000AA19FF5B40. 
[2014.11.21-15.49.37:479][769]LogHttp:Warning: InternetStatusCallbackWinInet: on invalid request 000000AA19FF5B40. 
[2014.11.21-16.13.14:871][922]Cmd: QUIT_EDITOR
[2014.11.21-16.13.15:813][922]LogWindowsTextInputMethodSystem:Error: Terminating failed while unadvising the language notification sink from the TSF source.
[2014.11.21-16.13.16:121][922]LogExit: Preparing to exit.
[2014.11.21-16.13.18:856][922]LogExit: Editor shut down
[2014.11.21-16.13.18:876][922]LogExit: Transaction tracking system shut down
[2014.11.21-16.13.18:922][922]LogParticles: Destroying 0 GPU particle simulations for FXSystem 0x000000AA137E1120
[2014.11.21-16.13.20:223][922]LogParticles: Destroying 0 GPU particle simulations for FXSystem 0x000000AA0C341EE0
[2014.11.21-16.13.20:223][922]LogParticles: Destroying 0 GPU particle simulations for FXSystem 0x000000AA0C341D00
[2014.11.21-16.13.20:223][922]LogParticles: Destroying 0 GPU particle simulations for FXSystem 0x000000AA0D98A160
[2014.11.21-16.13.20:223][922]LogParticles: Destroying 0 GPU particle simulations for FXSystem 0x000000AA1EE5E980
[2014.11.21-16.13.20:223][922]LogParticles: Destroying 0 GPU particle simulations for FXSystem 0x000000AA12293380
[2014.11.21-16.13.20:223][922]LogExit: Object subsystem successfully closed.
[2014.11.21-16.13.22:398][922]LogModuleManager: Shutting down and abandoning module HTTP (153)
[2014.11.21-16.13.22:416][922]LogModuleManager: Shutting down and abandoning module CrashTracker (152)
[2014.11.21-16.13.22:416][922]LogModuleManager: Shutting down and abandoning module SuperSearch (151)
[2014.11.21-16.13.22:428][922]LogModuleManager: Shutting down and abandoning module SceneOutliner (150)
[2014.11.21-16.13.22:428][922]LogModuleManager: Shutting down and abandoning module EditorWidgets (149)
[2014.11.21-16.13.22:428][922]LogModuleManager: Shutting down and abandoning module CollectionManager (148)
[2014.11.21-16.13.22:442][922]LogModuleManager: Shutting down and abandoning module StatsViewer (147)
[2014.11.21-16.13.22:465][922]LogModuleManager: Shutting down and abandoning module FoliageEdit (146)
[2014.11.21-16.13.22:465][922]LogModuleManager: Shutting down and abandoning module LandscapeEditor (145)
[2014.11.21-16.13.22:505][922]LogModuleManager: Shutting down and abandoning module MeshPaint (144)
[2014.11.21-16.13.22:513][922]LogModuleManager: Shutting down and abandoning module ActorPickerMode (143)
[2014.11.21-16.13.22:513][922]LogModuleManager: Shutting down and abandoning module GeometryMode (142)
[2014.11.21-16.13.22:513][922]LogModuleManager: Shutting down and abandoning module TextureAlignMode (141)
[2014.11.21-16.13.22:513][922]LogModuleManager: Shutting down and abandoning module BspMode (140)
[2014.11.21-16.13.22:513][922]LogModuleManager: Shutting down and abandoning module PlacementMode (139)
[2014.11.21-16.13.22:513][922]LogModuleManager: Shutting down and abandoning module DesktopPlatform (138)
[2014.11.21-16.13.22:548][922]LogModuleManager: Shutting down and abandoning module AutomationWorker (137)
[2014.11.21-16.13.22:548][922]LogModuleManager: Shutting down and abandoning module EditorLiveStreaming (136)
[2014.11.21-16.13.22:560][922]LogModuleManager: Shutting down and abandoning module BehaviorTreeEditor (135)
[2014.11.21-16.13.22:560][922]LogModuleManager: Shutting down and abandoning module DeviceProfileEditor (134)
[2014.11.21-16.13.22:570][922]LogModuleManager: Shutting down and abandoning module UndoHistory (133)
[2014.11.21-16.13.22:570][922]LogModuleManager: Shutting down and abandoning module GameplayTagsEditor (132)
[2014.11.21-16.13.22:570][922]LogModuleManager: Shutting down and abandoning module UserFeedback (131)
[2014.11.21-16.13.22:570][922]LogModuleManager: Shutting down and abandoning module XmlParser (130)
[2014.11.21-16.13.22:585][922]LogModuleManager: Shutting down and abandoning module Blutility (129)
[2014.11.21-16.13.22:585][922]LogModuleManager: Shutting down and abandoning module IOSPlatformEditor (128)
[2014.11.21-16.13.22:585][922]LogModuleManager: Shutting down and abandoning module IOSRuntimeSettings (127)
[2014.11.21-16.13.22:585][922]LogModuleManager: Shutting down and abandoning module ProjectTargetPlatformEditor (124)
[2014.11.21-16.13.22:590][922]LogModuleManager: Shutting down and abandoning module ProjectSettingsViewer (123)
[2014.11.21-16.13.22:590][922]LogModuleManager: Shutting down and abandoning module InputBindingEditor (122)
[2014.11.21-16.13.22:618][922]LogModuleManager: Shutting down and abandoning module EditorSettingsViewer (121)
[2014.11.21-16.13.22:618][922]LogModuleManager: Shutting down and abandoning module SettingsEditor (120)
[2014.11.21-16.13.22:631][922]LogModuleManager: Shutting down and abandoning module SessionLauncher (119)
[2014.11.21-16.13.22:642][922]LogModuleManager: Shutting down and abandoning module SessionFrontend (118)
[2014.11.21-16.13.22:653][922]LogModuleManager: Shutting down and abandoning module ProfilerClient (117)
[2014.11.21-16.13.22:663][922]LogModuleManager: Shutting down and abandoning module TargetDeviceServices (116)
[2014.11.21-16.13.22:663][922]LogModuleManager: Shutting down and abandoning module DeviceManager (115)
[2014.11.21-16.13.22:693][922]LogModuleManager: Shutting down and abandoning module AutomationController (114)
[2014.11.21-16.13.22:702][922]LogModuleManager: Shutting down and abandoning module AutomationWindow (113)
[2014.11.21-16.13.22:710][922]LogModuleManager: Shutting down and abandoning module Layers (112)
[2014.11.21-16.13.22:739][922]LogModuleManager: Shutting down and abandoning module ComponentVisualizers (111)
[2014.11.21-16.13.22:739][922]LogModuleManager: Shutting down and abandoning module DetailCustomizations (110)
[2014.11.21-16.13.22:753][922]LogModuleManager: Shutting down and abandoning module PackagesDialog (109)
[2014.11.21-16.13.22:769][922]LogModuleManager: Shutting down and abandoning module DirectoryWatcher (108)
[2014.11.21-16.13.22:773][922]LogModuleManager: Shutting down and abandoning module AssetRegistry (107)
[2014.11.21-16.13.26:208][922]LogModuleManager: Shutting down and abandoning module Persona (106)
[2014.11.21-16.13.26:247][922]LogModuleManager: Shutting down and abandoning module GraphEditor (105)
[2014.11.21-16.13.26:260][922]LogModuleManager: Shutting down and abandoning module ClassViewer (104)
[2014.11.21-16.13.26:260][922]LogModuleManager: Shutting down and abandoning module Toolbox (103)
[2014.11.21-16.13.26:280][922]LogModuleManager: Shutting down and abandoning module ModuleUI (102)
[2014.11.21-16.13.26:290][922]LogModuleManager: Shutting down and abandoning module Sequencer (101)
[2014.11.21-16.13.26:337][922]LogModuleManager: Shutting down and abandoning module MovieSceneTools (100)
[2014.11.21-16.13.26:366][922]LogModuleManager: Shutting down and abandoning module OutputLog (99)
[2014.11.21-16.13.26:366][922]LogModuleManager: Shutting down and abandoning module GammaUI (98)
[2014.11.21-16.13.26:378][922]LogModuleManager: Shutting down and abandoning module Documentation (97)
[2014.11.21-16.13.26:378][922]LogModuleManager: Shutting down and abandoning module GameLiveStreaming (96)
[2014.11.21-16.13.26:389][922]LogModuleManager: Shutting down and abandoning module StreamingPauseRendering (95)
[2014.11.21-16.13.26:402][922]LogModuleManager: Shutting down and abandoning module AnalyticsET (94)
[2014.11.21-16.13.26:402][922]LogModuleManager: Shutting down and abandoning module Analytics (93)
[2014.11.21-16.13.26:402][922]LogModuleManager: Shutting down and abandoning module GameplayDebugger (92)
[2014.11.21-16.13.26:402][922]LogModuleManager: Shutting down and abandoning module AIModule (91)
[2014.11.21-16.13.26:413][922]LogModuleManager: Shutting down and abandoning module ProfilerService (90)
[2014.11.21-16.13.26:557][922]LogModuleManager: Shutting down and abandoning module TaskGraph (89)
[2014.11.21-16.13.26:575][922]LogModuleManager: Shutting down and abandoning module SlateRemote (88)
[2014.11.21-16.13.26:576][922]LogModuleManager: Shutting down and abandoning module ScriptEditorPlugin (87)
[2014.11.21-16.13.26:576][922]LogModuleManager: Shutting down and abandoning module CustomMeshComponent (86)
[2014.11.21-16.13.26:578][922]LogModuleManager: Shutting down and abandoning module CableComponent (85)
[2014.11.21-16.13.26:589][922]LogModuleManager: Shutting down and abandoning module MessagingDebugger (84)
[2014.11.21-16.13.26:667][922]LogModuleManager: Shutting down and abandoning module ViewportSnapping (83)
[2014.11.21-16.13.26:667][922]LogModuleManager: Shutting down and abandoning module SmartSnapping (82)
[2014.11.21-16.13.26:667][922]LogModuleManager: Shutting down and abandoning module PaperTiledImporter (81)
[2014.11.21-16.13.26:667][922]LogModuleManager: Shutting down and abandoning module PaperJsonImporter (80)
[2014.11.21-16.13.26:667][922]LogModuleManager: Shutting down and abandoning module GameProjectGeneration (79)
[2014.11.21-16.13.26:667][922]LogModuleManager: Shutting down and abandoning module Matinee (78)
[2014.11.21-16.13.26:691][922]LogModuleManager: Shutting down and abandoning module Kismet (77)
[2014.11.21-16.13.26:741][922]LogModuleManager: Shutting down and abandoning module SlateReflector (76)
[2014.11.21-16.13.26:757][922]LogModuleManager: Shutting down and abandoning module LevelEditor (75)
[2014.11.21-16.13.26:867][922]LogModuleManager: Shutting down and abandoning module IntroTutorials (74)
[2014.11.21-16.13.26:887][922]LogModuleManager: Shutting down and abandoning module ContentBrowser (73)
[2014.11.21-16.13.26:887][922]LogModuleManager: Shutting down and abandoning module PropertyEditor (72)
[2014.11.21-16.13.26:887][922]LogModuleManager: Shutting down and abandoning module AssetTools (71)
[2014.11.21-16.13.26:945][922]LogModuleManager: Shutting down and abandoning module Paper2DEditor (70)
[2014.11.21-16.13.27:003][922]LogModuleManager: Shutting down and abandoning module SpeedTreeImporter (69)
[2014.11.21-16.13.27:011][922]LogModuleManager: Shutting down and abandoning module PluginsEditor (68)
[2014.11.21-16.13.27:025][922]LogModuleManager: Shutting down and abandoning module MainFrame (67)
[2014.11.21-16.13.27:026][922]LogModuleManager: Shutting down and abandoning module EpicSurvey (66)
[2014.11.21-16.13.27:040][922]LogModuleManager: Shutting down and abandoning module VisualStudioSourceCodeAccess (65)
[2014.11.21-16.13.27:049][922]LogModuleManager: Shutting down and abandoning module UObjectPlugin (64)
[2014.11.21-16.13.27:049][922]LogModuleManager: Shutting down and abandoning module SubversionSourceControl (63)
[2014.11.21-16.13.27:068][922]LogModuleManager: Shutting down and abandoning module SourceControl (62)
[2014.11.21-16.13.27:080][922]LogModuleManager: Shutting down and abandoning module PerforceSourceControl (61)
[2014.11.21-16.13.27:106][922]LogModuleManager: Shutting down and abandoning module BlankPlugin (60)
[2014.11.21-16.13.27:106][922]LogModuleManager: Shutting down and abandoning module ScriptPlugin (59)
[2014.11.21-16.13.27:126][922]LogModuleManager: Shutting down and abandoning module UdpMessaging (58)
[2014.11.21-16.13.27:327][922]LogModuleManager: Shutting down and abandoning module Paper2D (57)
[2014.11.21-16.13.27:362][922]LogModuleManager: Shutting down and abandoning module WindowsMoviePlayer (56)
[2014.11.21-16.13.27:428][922]LogModuleManager: Shutting down and abandoning module ImageWrapper (55)
[2014.11.21-16.13.27:428][922]LogModuleManager: Shutting down and abandoning module OnlineBlueprintSupport (54)
[2014.11.21-16.13.27:428][922]LogModuleManager: Shutting down and abandoning module FunctionalTesting (53)
[2014.11.21-16.13.27:440][922]LogModuleManager: Shutting down and abandoning module CollisionAnalyzer (52)
[2014.11.21-16.13.27:466][922]LogModuleManager: Shutting down and abandoning module WorkspaceMenuStructure (51)
[2014.11.21-16.13.27:467][922]LogModuleManager: Shutting down and abandoning module MessageLog (50)
[2014.11.21-16.13.27:467][922]LogModuleManager: Shutting down and abandoning module UMGEditor (49)
[2014.11.21-16.13.27:499][922]LogModuleManager: Shutting down and abandoning module UMG (48)
[2014.11.21-16.13.27:521][922]LogModuleManager: Shutting down and abandoning module Slate (47)
[2014.11.21-16.13.27:521][922]LogModuleManager: Shutting down and abandoning module EditorStyle (46)
[2014.11.21-16.13.27:624][922]LogModuleManager: Shutting down and abandoning module SessionServices (45)
[2014.11.21-16.13.27:624][922]LogModuleManager: Shutting down and abandoning module SourceCodeAccess (44)
[2014.11.21-16.13.27:624][922]LogModuleManager: Shutting down and abandoning module HeadMountedDisplay (43)
[2014.11.21-16.13.27:625][922]LogModuleManager: Shutting down and abandoning module XAudio2 (42)
[2014.11.21-16.13.27:625][922]LogModuleManager: Shutting down and abandoning module Networking (40)
[2014.11.21-16.13.27:625][922]LogModuleManager: Shutting down and abandoning module Core (39)
[2014.11.21-16.13.27:625][922]LogModuleManager: Shutting down and abandoning module KismetCompiler (38)
[2014.11.21-16.13.27:625][922]LogModuleManager: Shutting down and abandoning module PhysXFormats (37)
[2014.11.21-16.13.27:625][922]LogModuleManager: Shutting down and abandoning module MeshUtilities (36)
[2014.11.21-16.13.27:649][922]LogModuleManager: Shutting down and abandoning module DerivedDataCache (35)
[2014.11.21-16.13.27:783][922]LogDerivedDataCache: Shutdown
[2014.11.21-16.13.27:783][922]LogModuleManager: Shutting down and abandoning module ShaderFormatOpenGL (34)
[2014.11.21-16.13.27:798][922]LogModuleManager: Shutting down and abandoning module ShaderFormatD3D (33)
[2014.11.21-16.13.27:809][922]LogModuleManager: Shutting down and abandoning module MetalShaderFormat (32)
[2014.11.21-16.13.27:817][922]LogModuleManager: Shutting down and abandoning module TextureFormatUncompressed (31)
[2014.11.21-16.13.27:818][922]LogModuleManager: Shutting down and abandoning module TextureFormatPVR (30)
[2014.11.21-16.13.27:826][922]LogModuleManager: Shutting down and abandoning module TextureFormatDXT (29)
[2014.11.21-16.13.27:833][922]LogModuleManager: Shutting down and abandoning module AudioFormatOpus (28)
[2014.11.21-16.13.27:847][922]LogModuleManager: Shutting down and abandoning module AudioFormatOgg (27)
[2014.11.21-16.13.27:847][922]LogModuleManager: Shutting down and abandoning module AudioFormatADPCM (26)
[2014.11.21-16.13.27:847][922]LogModuleManager: Shutting down and abandoning module Messaging (25)
[2014.11.21-16.13.27:847][922]LogModuleManager: Shutting down and abandoning module IOSTargetPlatform (24)
[2014.11.21-16.13.27:847][922]LogModuleManager: Shutting down and abandoning module WindowsTargetPlatform (23)
[2014.11.21-16.13.27:848][922]LogModuleManager: Shutting down and abandoning module WindowsServerTargetPlatform (22)
[2014.11.21-16.13.27:848][922]LogModuleManager: Shutting down and abandoning module WindowsNoEditorTargetPlatform (21)
[2014.11.21-16.13.27:848][922]LogModuleManager: Shutting down and abandoning module WindowsClientTargetPlatform (20)
[2014.11.21-16.13.27:848][922]LogModuleManager: Shutting down and abandoning module TargetPlatform (19)
[2014.11.21-16.13.27:848][922]LogModuleManager: Shutting down and abandoning module InputCore (18)
[2014.11.21-16.13.27:848][922]LogModuleManager: Shutting down and abandoning module Settings (17)
[2014.11.21-16.13.27:848][922]LogModuleManager: Shutting down and abandoning module ExampleDeviceProfileSelector (14)
[2014.11.21-16.13.27:859][922]LogModuleManager: Shutting down and abandoning module OculusRift (13)
[2014.11.21-16.13.27:878][922]LogModuleManager: Shutting down and abandoning module TextureCompressor (12)
[2014.11.21-16.13.27:999][922]LogModuleManager: Shutting down and abandoning module ShaderCore (11)
[2014.11.21-16.13.27:999][922]LogModuleManager: Shutting down and abandoning module OpenGLDrv (10)
[2014.11.21-16.13.28:009][922]LogModuleManager: Shutting down and abandoning module D3D11RHI (9)
[2014.11.21-16.13.28:009][922]LogModuleManager: Shutting down and abandoning module SlateRHIRenderer (8)
[2014.11.21-16.13.28:009][922]LogModuleManager: Shutting down and abandoning module Renderer (7)
[2014.11.21-16.13.28:018][922]LogModuleManager: Shutting down and abandoning module Engine (6)
[2014.11.21-16.13.28:018][922]LogModuleManager: Shutting down and abandoning module CoreUObject (5)
[2014.11.21-16.13.28:018][922]LogModuleManager: Shutting down and abandoning module NetworkFile (4)
[2014.11.21-16.13.28:043][922]LogModuleManager: Shutting down and abandoning module StreamingFile (3)
[2014.11.21-16.13.28:056][922]LogModuleManager: Shutting down and abandoning module SandboxFile (2)
[2014.11.21-16.13.28:068][922]LogModuleManager: Shutting down and abandoning module PakFile (1)
[2014.11.21-16.13.28:228][922]LogExit: Exiting.
[2014.11.21-16.13.29:858][922]Log file closed, 11/21/14 17:13:29
