Log file open, 11/19/14 17:12:32
LogInit:Display: Running engine for game: MyProject4
LogInit: Version: 4.4.3-0+UE4
LogInit: API Version: 0
LogInit: Compiled (64-bit): Sep 17 2014 07:16:51
LogInit: Build Configuration: Development
LogInit: Branch Name: UE4
LogInit: Command line: 
LogInit: Base directory: D:/Developer/UnrealEngine-4.4.3-release/UnrealEngine-4.4.3-release/Engine/Binaries/Win64/
LogInit: Rocket: 0
[2014.11.19-16.12.32:685][  0]LogTaskGraph: Started task graph with 3 named threads and 4 total threads.
[2014.11.19-16.12.32:717][  0]LogOnline:Warning: No default platform service specified for OnlineSubsystem
[2014.11.19-16.12.32:731][  0]LogInit: Presizing for 0 objects not considered by GC, pre-allocating 0 bytes.
[2014.11.19-16.12.32:742][  0]LogInit: Object subsystem initialized
[2014.11.19-16.12.32:746][  0]LogInit: Selected Device Profile: [Windows]
[2014.11.19-16.12.32:746][  0]LogInit: Applying CVar settings loaded from the selected device profile: [Windows]
[2014.11.19-16.12.32:767][  0]LogInit: Computer: ADAM
[2014.11.19-16.12.32:767][  0]LogInit: User: Adam
[2014.11.19-16.12.32:769][  0]LogInit: CPU Page size=4096, Cores=2
[2014.11.19-16.12.32:769][  0]LogInit: High frequency timer resolution =3.161623 MHz
[2014.11.19-16.12.32:769][  0]LogMemory: Memory total: Physical=3.0GB (3GB approx) Virtual=131072.0GB
[2014.11.19-16.12.32:769][  0]LogMemory: Platform Memory Stats for Windows
[2014.11.19-16.12.32:769][  0]LogMemory: Process Physical Memory: 59.78 MB used, 59.87 MB peak
[2014.11.19-16.12.32:769][  0]LogMemory: Process Virtual Memory: 35.85 MB used, 35.96 MB peak
[2014.11.19-16.12.32:769][  0]LogMemory: Physical Memory: 2383.87 MB used, 3071.55 MB total
[2014.11.19-16.12.32:769][  0]LogMemory: Virtual Memory: 262.09 MB used, 134217728.00 MB total
[2014.11.19-16.12.32:817][  0]LogD3D11RHI: Found D3D11 adapter 0: NVIDIA GeForce GTX 780 (Feature Level 11_0)
[2014.11.19-16.12.32:817][  0]LogD3D11RHI: Adapter has 2988MB of dedicated video memory, 0MB of dedicated system memory, and 1535MB of shared system memory, 2 output[s]
[2014.11.19-16.12.32:820][  0]LogD3D11RHI: Found D3D11 adapter 1: Microsoft Basic Render Driver (Feature Level 11_0)
[2014.11.19-16.12.32:820][  0]LogD3D11RHI: Adapter has 0MB of dedicated video memory, 0MB of dedicated system memory, and 256MB of shared system memory, 0 output[s]
[2014.11.19-16.12.32:820][  0]LogD3D11RHI: Chosen D3D11 Adapter Id = 0
[2014.11.19-16.12.32:837][  0]LogRHI: Texture pool is 1361 MB (70% of 1945 MB)
[2014.11.19-16.12.32:854][  0]LogD3D11RHI: Async texture creation enabled
[2014.11.19-16.12.33:083][  0]LogContentStreaming: Texture pool size is 0.000000MB
[2014.11.19-16.12.35:019][  0]LogTargetPlatformManager:Display: Building Assets For Windows
[2014.11.19-16.12.35:641][  0]LogTargetPlatformManager:Display: Building Assets For Windows
[2014.11.19-16.12.35:690][  0]LogDerivedDataCache:Display: Max Cache Size: 512 MB
[2014.11.19-16.12.37:926][  0]LogDerivedDataCache: Loaded boot cache 2.22s 39MB ../../../../../Jablo/UNREAL_AKTUALNY_PROJEKT/MyProject4/DerivedDataCache/Boot.ddc.
[2014.11.19-16.12.37:926][  0]LogDerivedDataCache:Display: Loaded Boot cache: ../../../../../Jablo/UNREAL_AKTUALNY_PROJEKT/MyProject4/DerivedDataCache/Boot.ddc
[2014.11.19-16.12.37:926][  0]LogDerivedDataCache: FDerivedDataBackendGraph:  Pak pak cache file ../../../../../Jablo/UNREAL_AKTUALNY_PROJEKT/MyProject4/DerivedDataCache/DDC.ddp not found, will not use a pak cache.
[2014.11.19-16.12.37:926][  0]LogDerivedDataCache: Unable to find inner node Pak for hierarchical cache Hierarchy.
[2014.11.19-16.12.37:926][  0]LogDerivedDataCache: FDerivedDataBackendGraph:  EnginePak pak cache file ../../../Engine/DerivedDataCache/DDC.ddp not found, will not use a pak cache.
[2014.11.19-16.12.37:926][  0]LogDerivedDataCache: Unable to find inner node EnginePak for hierarchical cache Hierarchy.
[2014.11.19-16.12.37:939][  0]LogDerivedDataCache: Using Local data cache path ../../../Engine/DerivedDataCache: Writable
[2014.11.19-16.12.37:939][  0]LogDerivedDataCache: Shared data cache path not found in *engine.ini, will not use an Shared cache.
[2014.11.19-16.12.37:939][  0]LogDerivedDataCache: Unable to find inner node Shared for hierarchical cache Hierarchy.
[2014.11.19-16.12.38:236][  0]LogMeshUtilities: No automatic mesh reduction module available
[2014.11.19-16.12.38:236][  0]LogMeshUtilities: No automatic mesh merging module available
[2014.11.19-16.12.39:280][  0]LogInit: WinSock: version 1.1 (2.2), MaxSocks=32767, MaxUdp=65467
[2014.11.19-16.12.40:509][  0]LogStats:Warning: MetaData mismatch. Did you assign a stat to two groups? New //STATGROUP_Threads//FMonitoredProcess///Thread_1a3c_0///////STATCAT_Advanced//// old //STATGROUP_Threads//FMonitoredProcess///Thread_1b34_0///////STATCAT_Advanced////
[2014.11.19-16.12.40:509][  0]UdpMessaging: Initializing bridge on interface 0.0.0.0:0 to multicast group 230.0.0.1:6666.
[2014.11.19-16.12.40:628][  0]SourceControl: Info Source control is disabled
[2014.11.19-16.12.40:628][  0]SourceControl: Info Source control is disabled
[2014.11.19-16.12.40:635][  0]SourceControl: Info Source control is disabled
[2014.11.19-16.12.40:865][  0]BlueprintLog: New page: Editor Load
[2014.11.19-16.12.40:988][  0]LogObj: 21438 objects as part of root set at end of initial load.
[2014.11.19-16.12.40:988][  0]LogUObjectAllocator: 4218656 out of 0 bytes used by permanent object pool.
[2014.11.19-16.12.41:386][  0]LogEngine: Initializing Engine...
[2014.11.19-16.12.41:707][  0]LogInit: XAudio2 using 'GBo[niki (USB Multi-Channel Audio Device)' : 6 channels at 48 kHz using 32 bits per sample (channel mask 0x60f)
[2014.11.19-16.12.41:719][  0]LogInit: FAudioDevice initialized.
[2014.11.19-16.12.41:742][  0]LogAIModule: Creating AISystem for world NewWorld
[2014.11.19-16.12.41:824][  0]LogDerivedDataCache: Saved boot cache 0.08s 39MB ../../../../../Jablo/UNREAL_AKTUALNY_PROJEKT/MyProject4/DerivedDataCache/Boot.ddc.
[2014.11.19-16.12.41:865][  0]LogInit: Texture streaming: Enabled
[2014.11.19-16.12.41:901][  0]LogInit: Transaction tracking system initialized
[2014.11.19-16.12.42:028][  0]LogAssetRegistry: FAssetRegistry took 0.0111 seconds to start up
[2014.11.19-16.12.42:802][  0]LogTargetPlatformManager:Display: Building Assets For Windows
[2014.11.19-16.12.43:334][  0]LogTargetPlatformManager:Display: Building Assets For Windows
[2014.11.19-16.12.43:372][  0]LogModuleManager:Warning: ModuleManager: Unable to load module 'AndroidRuntimeSettings' because the file 'D:/Developer/UnrealEngine-4.4.3-release/UnrealEngine-4.4.3-release/Engine/Binaries/Win64/' was not found.
[2014.11.19-16.12.43:377][  0]LogModuleManager:Warning: ModuleManager: Unable to load module 'AndroidPlatformEditor' because the file 'D:/Developer/UnrealEngine-4.4.3-release/UnrealEngine-4.4.3-release/Engine/Binaries/Win64/' was not found.
[2014.11.19-16.12.43:477][  0]LogConsoleResponse:Display: 
[2014.11.19-16.12.43:750][  0]LogStats:Warning: MetaData mismatch. Did you assign a stat to two groups? New //STATGROUP_Threads//FMonitoredProcess///Thread_684_0///////STATCAT_Advanced//// old //STATGROUP_Threads//FMonitoredProcess///Thread_1b34_0///////STATCAT_Advanced////
[2014.11.19-16.12.43:750][  0]LogStats:Warning: MetaData mismatch. Did you assign a stat to two groups? New //STATGROUP_Threads//FMonitoredProcess///Thread_193c_0///////STATCAT_Advanced//// old //STATGROUP_Threads//FMonitoredProcess///Thread_1b34_0///////STATCAT_Advanced////
[2014.11.19-16.12.43:750][  0]SourceControl: Info Source control is disabled
[2014.11.19-16.12.43:750][  0]Cmd: MAP LOAD FILE="../../../../../Jablo/UNREAL_AKTUALNY_PROJEKT/MyProject4/Content/Maps/Minimal_Default.umap" TEMPLATE=0 SHOWPROGRESS=1
[2014.11.19-16.12.43:798][  0]LightingResults: New page: Lighting Build
[2014.11.19-16.12.43:808][  0]MapCheck: New page: Map Check
[2014.11.19-16.12.43:808][  0]LightingResults: New page: Lighting Build
[2014.11.19-16.12.43:831][  0]LogParticles: Destroying 0 GPU particle simulations for FXSystem 0x00000035FF2947C0
[2014.11.19-16.12.46:434][  0]LogBlueprint:Warning: Node '/Game/Maps/Minimal_Default.Minimal_Default:PersistentLevel.Minimal_Default.EventGraph.K2Node_Literal_4' missing NodeGuid.
[2014.11.19-16.12.46:826][  0]LogEditorServer: Finished looking for orphan Actors (0.000 secs)
[2014.11.19-16.12.46:902][  0]LogAIModule: Creating AISystem for world Minimal_Default
[2014.11.19-16.12.46:929][  0]Cmd: MAP CHECKDEP
[2014.11.19-16.12.46:930][  0]MapCheck: New page: Minimal_Default - 19 Nov 2014 18:12:46
[2014.11.19-16.12.47:004][  0]MapCheck: Info ========== Map Check: 0 Error(s), 0 Warning(s), [74,189ms] ==========
[2014.11.19-16.12.47:004][  0]LogFileHelpers: Loading map 'Minimal_Default' took 3.254
[2014.11.19-16.12.48:097][  0]LogCollectionManager: Loaded 0 collections in 0.001049 seconds
[2014.11.19-16.12.52:383][  0]LogCrashTracker: Crashtracker disabled due to settings.
[2014.11.19-16.12.52:765][  0]LogInit: Using libcurl 7.34.0
[2014.11.19-16.12.52:765][  0]LogInit:  - built for x86_64-pc-win32
[2014.11.19-16.12.52:765][  0]LogInit:  - supports SSL with WinSSL
[2014.11.19-16.12.52:765][  0]LogInit:  - other features:
[2014.11.19-16.12.52:765][  0]LogInit:      CURL_VERSION_SSL
[2014.11.19-16.12.52:765][  0]LogInit:      CURL_VERSION_ASYNCHDNS
[2014.11.19-16.12.52:765][  0]LogInit:      CURL_VERSION_LARGEFILE
[2014.11.19-16.12.52:765][  0]LogInit:      CURL_VERSION_IDN
[2014.11.19-16.12.52:766][  0]LogInit: Libcurl will NOT reuse connections
[2014.11.19-16.12.52:808][  0]LogLoad: Full Startup: 22.81 seconds (BP compile: 0.41 seconds)
[2014.11.19-16.12.52:841][  0]LogContentBrowser:Verbose: The content browser source was changed by the sources view to '/Game/Blueprints/Mechanika'
[2014.11.19-16.12.53:919][  0]LogRenderer:Warning: Reallocating scene render targets to support 32x32.
[2014.11.19-16.12.55:062][  0]LogRenderer:Warning: Reallocating scene render targets to support 664x584.
[2014.11.19-16.12.56:453][  4]LogAssetRegistry: Asset discovery search completed in 14.4361 seconds
[2014.11.19-16.22.58:683][ 24]LogActorComponent: UnregisterComponent: (/Engine/Transient.CharacterMovementComponent_0) Not registered. Aborting.
[2014.11.19-16.22.58:695][ 24]LogActorComponent: UnregisterComponent: (/Engine/Transient.CharacterMovementComponent_1) Not registered. Aborting.
[2014.11.19-16.22.58:778][ 24]LogFileHelpers: Editor autosave (incl. sublevels) for '/Game/Maps/Minimal_Default' took 0.094
[2014.11.19-16.22.58:839][ 24]OBJ SavePackage: Generating thumbnails for [1] asset(s) in package [/Game/Blueprints/Mechanika/BP_Postac] ([1] browsable assets)...
[2014.11.19-16.22.58:888][ 24]OBJ SavePackage:     Rendered thumbnail for [Blueprint /Game/Blueprints/Mechanika/BP_Postac.BP_Postac]
[2014.11.19-16.22.58:888][ 24]OBJ SavePackage: Finished generating thumbnails for package [/Game/Blueprints/Mechanika/BP_Postac]
[2014.11.19-16.22.59:793][ 24]LogSavePackage: Save=672.323059ms
[2014.11.19-16.22.59:793][ 24]LogSavePackage: Moving '../../../../../Jablo/UNREAL_AKTUALNY_PROJEKT/MyProject4/Saved/BP_Postac_Auto1FA251ADB4117FE65606F5BA1DADC99D8.tmp' to '../../../../../Jablo/UNREAL_AKTUALNY_PROJEKT/MyProject4/Saved/Autosaves/Game/Blueprints/Mechanika/BP_Postac_Auto1.uasset'
[2014.11.19-16.22.59:840][ 24]LogFileHelpers: Auto-saving content packages took 1.063
[2014.11.19-16.24.15:649][ 60]LogSlate:Warning: GetFontFace failed to load or process 'Roboto-Regular'
[2014.11.19-16.24.15:657][ 60]LogSlate:Warning: GetFontFace failed to load or process 'Roboto-Regular'
[2014.11.19-16.24.15:795][ 60]LogSlate:Warning: GetFontFace failed to load or process 'Roboto-Regular'
[2014.11.19-16.24.15:795][ 60]LogSlate:Warning: GetFontFace failed to load or process 'Roboto-Regular'
[2014.11.19-16.24.15:795][ 60]LogSlate:Warning: GetFontFace failed to load or process 'Roboto-Regular'
[2014.11.19-16.24.15:795][ 60]LogSlate:Warning: GetFontFace failed to load or process 'Roboto-Regular'
[2014.11.19-16.24.15:795][ 60]LogSlate:Warning: GetFontFace failed to load or process 'Roboto-Regular'
[2014.11.19-16.24.15:795][ 60]LogSlate:Warning: GetFontFace failed to load or process 'Roboto-Regular'
[2014.11.19-16.24.15:795][ 60]LogSlate:Warning: GetFontFace failed to load or process 'Roboto-Regular'
[2014.11.19-16.24.15:795][ 60]LogSlate:Warning: GetFontFace failed to load or process 'Roboto-Regular'
[2014.11.19-16.24.15:795][ 60]LogSlate:Warning: GetFontFace failed to load or process 'Roboto-Regular'
[2014.11.19-16.24.15:795][ 60]LogSlate:Warning: GetFontFace failed to load or process 'Roboto-Regular'
[2014.11.19-16.24.15:795][ 60]LogSlate:Warning: GetFontFace failed to load or process 'Roboto-Regular'
[2014.11.19-16.24.15:795][ 60]LogSlate:Warning: GetFontFace failed to load or process 'Roboto-Regular'
[2014.11.19-16.24.15:795][ 60]LogSlate:Warning: GetFontFace failed to load or process 'Roboto-Regular'
[2014.11.19-16.24.15:795][ 60]LogSlate:Warning: GetFontFace failed to load or process 'Roboto-Regular'
[2014.11.19-16.24.15:796][ 60]LogSlate:Warning: GetFontFace failed to load or process 'Roboto-Regular'
[2014.11.19-16.24.15:796][ 60]LogSlate:Warning: GetFontFace failed to load or process 'Roboto-Regular'
[2014.11.19-16.54.45:364][194]LogActorComponent: UnregisterComponent: (/Engine/Transient.CharacterMovementComponent_2) Not registered. Aborting.
[2014.11.19-16.54.48:741][194]Cmd: OBJ SAVEPACKAGE PACKAGE="/Game/Blueprints/Mechanika/BP_Postac" FILE="../../../../../Jablo/UNREAL_AKTUALNY_PROJEKT/MyProject4/Content/Blueprints/Mechanika/BP_Postac.uasset" SILENT=true
[2014.11.19-16.54.49:317][194]LogSavePackage: Save=385.463104ms
[2014.11.19-16.54.49:317][194]LogSavePackage: Moving '../../../../../Jablo/UNREAL_AKTUALNY_PROJEKT/MyProject4/Saved/BP_PostacCF6286274550C86FC889B68DE68C26D5.tmp' to '../../../../../Jablo/UNREAL_AKTUALNY_PROJEKT/MyProject4/Content/Blueprints/Mechanika/BP_Postac.uasset'
[2014.11.19-16.54.51:277][195]Cmd: QUIT_EDITOR
[2014.11.19-16.54.51:737][195]LogWindowsTextInputMethodSystem:Error: Terminating failed while unadvising the language notification sink from the TSF source.
[2014.11.19-16.54.51:890][195]LogExit: Preparing to exit.
[2014.11.19-16.54.53:360][195]LogExit: Editor shut down
[2014.11.19-16.54.53:368][195]LogExit: Transaction tracking system shut down
[2014.11.19-16.54.53:384][195]LogParticles: Destroying 0 GPU particle simulations for FXSystem 0x00000035FBAEFBA0
[2014.11.19-16.54.54:417][195]LogParticles: Destroying 0 GPU particle simulations for FXSystem 0x0000003580CEDB20
[2014.11.19-16.54.54:418][195]LogParticles: Destroying 0 GPU particle simulations for FXSystem 0x0000003580CEDA80
[2014.11.19-16.54.54:418][195]LogParticles: Destroying 0 GPU particle simulations for FXSystem 0x00000035801ADEE0
[2014.11.19-16.54.54:418][195]LogParticles: Destroying 0 GPU particle simulations for FXSystem 0x0000003586CDF4C0
[2014.11.19-16.54.54:418][195]LogExit: Object subsystem successfully closed.
[2014.11.19-16.54.55:340][195]LogModuleManager: Shutting down and abandoning module HTTP (153)
[2014.11.19-16.54.55:358][195]LogModuleManager: Shutting down and abandoning module CrashTracker (152)
[2014.11.19-16.54.55:358][195]LogModuleManager: Shutting down and abandoning module SuperSearch (151)
[2014.11.19-16.54.55:369][195]LogModuleManager: Shutting down and abandoning module SceneOutliner (150)
[2014.11.19-16.54.55:369][195]LogModuleManager: Shutting down and abandoning module EditorWidgets (149)
[2014.11.19-16.54.55:369][195]LogModuleManager: Shutting down and abandoning module CollectionManager (148)
[2014.11.19-16.54.55:384][195]LogModuleManager: Shutting down and abandoning module StatsViewer (147)
[2014.11.19-16.54.55:398][195]LogModuleManager: Shutting down and abandoning module FoliageEdit (146)
[2014.11.19-16.54.55:398][195]LogModuleManager: Shutting down and abandoning module LandscapeEditor (145)
[2014.11.19-16.54.55:422][195]LogModuleManager: Shutting down and abandoning module MeshPaint (144)
[2014.11.19-16.54.55:429][195]LogModuleManager: Shutting down and abandoning module ActorPickerMode (143)
[2014.11.19-16.54.55:429][195]LogModuleManager: Shutting down and abandoning module GeometryMode (142)
[2014.11.19-16.54.55:429][195]LogModuleManager: Shutting down and abandoning module TextureAlignMode (141)
[2014.11.19-16.54.55:429][195]LogModuleManager: Shutting down and abandoning module BspMode (140)
[2014.11.19-16.54.55:429][195]LogModuleManager: Shutting down and abandoning module PlacementMode (139)
[2014.11.19-16.54.55:429][195]LogModuleManager: Shutting down and abandoning module DesktopPlatform (138)
[2014.11.19-16.54.55:481][195]LogModuleManager: Shutting down and abandoning module AutomationWorker (137)
[2014.11.19-16.54.55:481][195]LogModuleManager: Shutting down and abandoning module EditorLiveStreaming (136)
[2014.11.19-16.54.55:494][195]LogModuleManager: Shutting down and abandoning module BehaviorTreeEditor (135)
[2014.11.19-16.54.55:527][195]LogModuleManager: Shutting down and abandoning module DeviceProfileEditor (134)
[2014.11.19-16.54.55:537][195]LogModuleManager: Shutting down and abandoning module UndoHistory (133)
[2014.11.19-16.54.55:537][195]LogModuleManager: Shutting down and abandoning module GameplayTagsEditor (132)
[2014.11.19-16.54.55:537][195]LogModuleManager: Shutting down and abandoning module UserFeedback (131)
[2014.11.19-16.54.55:537][195]LogModuleManager: Shutting down and abandoning module XmlParser (130)
[2014.11.19-16.54.55:551][195]LogModuleManager: Shutting down and abandoning module Blutility (129)
[2014.11.19-16.54.55:551][195]LogModuleManager: Shutting down and abandoning module IOSPlatformEditor (128)
[2014.11.19-16.54.55:551][195]LogModuleManager: Shutting down and abandoning module IOSRuntimeSettings (127)
[2014.11.19-16.54.55:551][195]LogModuleManager: Shutting down and abandoning module ProjectTargetPlatformEditor (124)
[2014.11.19-16.54.55:565][195]LogModuleManager: Shutting down and abandoning module ProjectSettingsViewer (123)
[2014.11.19-16.54.55:565][195]LogModuleManager: Shutting down and abandoning module InputBindingEditor (122)
[2014.11.19-16.54.55:593][195]LogModuleManager: Shutting down and abandoning module EditorSettingsViewer (121)
[2014.11.19-16.54.55:593][195]LogModuleManager: Shutting down and abandoning module SettingsEditor (120)
[2014.11.19-16.54.55:606][195]LogModuleManager: Shutting down and abandoning module SessionLauncher (119)
[2014.11.19-16.54.55:617][195]LogModuleManager: Shutting down and abandoning module SessionFrontend (118)
[2014.11.19-16.54.55:620][195]LogModuleManager: Shutting down and abandoning module ProfilerClient (117)
[2014.11.19-16.54.55:630][195]LogModuleManager: Shutting down and abandoning module TargetDeviceServices (116)
[2014.11.19-16.54.55:630][195]LogModuleManager: Shutting down and abandoning module DeviceManager (115)
[2014.11.19-16.54.55:663][195]LogModuleManager: Shutting down and abandoning module AutomationController (114)
[2014.11.19-16.54.55:676][195]LogModuleManager: Shutting down and abandoning module AutomationWindow (113)
[2014.11.19-16.54.55:686][195]LogModuleManager: Shutting down and abandoning module Layers (112)
[2014.11.19-16.54.55:711][195]LogModuleManager: Shutting down and abandoning module ComponentVisualizers (111)
[2014.11.19-16.54.55:711][195]LogModuleManager: Shutting down and abandoning module DetailCustomizations (110)
[2014.11.19-16.54.55:737][195]LogModuleManager: Shutting down and abandoning module PackagesDialog (109)
[2014.11.19-16.54.55:737][195]LogModuleManager: Shutting down and abandoning module DirectoryWatcher (108)
[2014.11.19-16.54.55:739][195]LogModuleManager: Shutting down and abandoning module AssetRegistry (107)
[2014.11.19-16.54.55:861][195]LogModuleManager: Shutting down and abandoning module Persona (106)
[2014.11.19-16.54.55:894][195]LogModuleManager: Shutting down and abandoning module GraphEditor (105)
[2014.11.19-16.54.55:894][195]LogModuleManager: Shutting down and abandoning module ClassViewer (104)
[2014.11.19-16.54.55:894][195]LogModuleManager: Shutting down and abandoning module Toolbox (103)
[2014.11.19-16.54.55:894][195]LogModuleManager: Shutting down and abandoning module ModuleUI (102)
[2014.11.19-16.54.55:901][195]LogModuleManager: Shutting down and abandoning module Sequencer (101)
[2014.11.19-16.54.55:928][195]LogModuleManager: Shutting down and abandoning module MovieSceneTools (100)
[2014.11.19-16.54.55:960][195]LogModuleManager: Shutting down and abandoning module OutputLog (99)
[2014.11.19-16.54.55:960][195]LogModuleManager: Shutting down and abandoning module GammaUI (98)
[2014.11.19-16.54.55:974][195]LogModuleManager: Shutting down and abandoning module Documentation (97)
[2014.11.19-16.54.55:974][195]LogModuleManager: Shutting down and abandoning module GameLiveStreaming (96)
[2014.11.19-16.54.55:984][195]LogModuleManager: Shutting down and abandoning module StreamingPauseRendering (95)
[2014.11.19-16.54.55:996][195]LogModuleManager: Shutting down and abandoning module AnalyticsET (94)
[2014.11.19-16.54.55:996][195]LogModuleManager: Shutting down and abandoning module Analytics (93)
[2014.11.19-16.54.55:996][195]LogModuleManager: Shutting down and abandoning module GameplayDebugger (92)
[2014.11.19-16.54.55:996][195]LogModuleManager: Shutting down and abandoning module AIModule (91)
[2014.11.19-16.54.56:012][195]LogModuleManager: Shutting down and abandoning module ProfilerService (90)
[2014.11.19-16.54.56:110][195]LogModuleManager: Shutting down and abandoning module TaskGraph (89)
[2014.11.19-16.54.56:124][195]LogModuleManager: Shutting down and abandoning module SlateRemote (88)
[2014.11.19-16.54.56:124][195]LogModuleManager: Shutting down and abandoning module ScriptEditorPlugin (87)
[2014.11.19-16.54.56:124][195]LogModuleManager: Shutting down and abandoning module CustomMeshComponent (86)
[2014.11.19-16.54.56:124][195]LogModuleManager: Shutting down and abandoning module CableComponent (85)
[2014.11.19-16.54.56:124][195]LogModuleManager: Shutting down and abandoning module MessagingDebugger (84)
[2014.11.19-16.54.56:155][195]LogModuleManager: Shutting down and abandoning module ViewportSnapping (83)
[2014.11.19-16.54.56:155][195]LogModuleManager: Shutting down and abandoning module SmartSnapping (82)
[2014.11.19-16.54.56:155][195]LogModuleManager: Shutting down and abandoning module PaperTiledImporter (81)
[2014.11.19-16.54.56:155][195]LogModuleManager: Shutting down and abandoning module PaperJsonImporter (80)
[2014.11.19-16.54.56:155][195]LogModuleManager: Shutting down and abandoning module GameProjectGeneration (79)
[2014.11.19-16.54.56:155][195]LogModuleManager: Shutting down and abandoning module Matinee (78)
[2014.11.19-16.54.56:174][195]LogModuleManager: Shutting down and abandoning module Kismet (77)
[2014.11.19-16.54.56:194][195]LogModuleManager: Shutting down and abandoning module SlateReflector (76)
[2014.11.19-16.54.56:211][195]LogModuleManager: Shutting down and abandoning module LevelEditor (75)
[2014.11.19-16.54.56:235][195]LogModuleManager: Shutting down and abandoning module IntroTutorials (74)
[2014.11.19-16.54.56:254][195]LogModuleManager: Shutting down and abandoning module ContentBrowser (73)
[2014.11.19-16.54.56:254][195]LogModuleManager: Shutting down and abandoning module PropertyEditor (72)
[2014.11.19-16.54.56:254][195]LogModuleManager: Shutting down and abandoning module AssetTools (71)
[2014.11.19-16.54.56:298][195]LogModuleManager: Shutting down and abandoning module Paper2DEditor (70)
[2014.11.19-16.54.56:329][195]LogModuleManager: Shutting down and abandoning module SpeedTreeImporter (69)
[2014.11.19-16.54.56:334][195]LogModuleManager: Shutting down and abandoning module PluginsEditor (68)
[2014.11.19-16.54.56:343][195]LogModuleManager: Shutting down and abandoning module MainFrame (67)
[2014.11.19-16.54.56:344][195]LogModuleManager: Shutting down and abandoning module EpicSurvey (66)
[2014.11.19-16.54.56:354][195]LogModuleManager: Shutting down and abandoning module VisualStudioSourceCodeAccess (65)
[2014.11.19-16.54.56:360][195]LogModuleManager: Shutting down and abandoning module UObjectPlugin (64)
[2014.11.19-16.54.56:360][195]LogModuleManager: Shutting down and abandoning module SubversionSourceControl (63)
[2014.11.19-16.54.56:376][195]LogModuleManager: Shutting down and abandoning module SourceControl (62)
[2014.11.19-16.54.56:393][195]LogModuleManager: Shutting down and abandoning module PerforceSourceControl (61)
[2014.11.19-16.54.56:410][195]LogModuleManager: Shutting down and abandoning module BlankPlugin (60)
[2014.11.19-16.54.56:410][195]LogModuleManager: Shutting down and abandoning module ScriptPlugin (59)
[2014.11.19-16.54.56:422][195]LogModuleManager: Shutting down and abandoning module UdpMessaging (58)
[2014.11.19-16.54.56:523][195]LogModuleManager: Shutting down and abandoning module Paper2D (57)
[2014.11.19-16.54.56:523][195]LogModuleManager: Shutting down and abandoning module WindowsMoviePlayer (56)
[2014.11.19-16.54.56:571][195]LogModuleManager: Shutting down and abandoning module ImageWrapper (55)
[2014.11.19-16.54.56:571][195]LogModuleManager: Shutting down and abandoning module OnlineBlueprintSupport (54)
[2014.11.19-16.54.56:571][195]LogModuleManager: Shutting down and abandoning module FunctionalTesting (53)
[2014.11.19-16.54.56:578][195]LogModuleManager: Shutting down and abandoning module CollisionAnalyzer (52)
[2014.11.19-16.54.56:604][195]LogModuleManager: Shutting down and abandoning module WorkspaceMenuStructure (51)
[2014.11.19-16.54.56:604][195]LogModuleManager: Shutting down and abandoning module MessageLog (50)
[2014.11.19-16.54.56:604][195]LogModuleManager: Shutting down and abandoning module UMGEditor (49)
[2014.11.19-16.54.56:617][195]LogModuleManager: Shutting down and abandoning module UMG (48)
[2014.11.19-16.54.56:628][195]LogModuleManager: Shutting down and abandoning module Slate (47)
[2014.11.19-16.54.56:628][195]LogModuleManager: Shutting down and abandoning module EditorStyle (46)
[2014.11.19-16.54.56:684][195]LogModuleManager: Shutting down and abandoning module SessionServices (45)
[2014.11.19-16.54.56:684][195]LogModuleManager: Shutting down and abandoning module SourceCodeAccess (44)
[2014.11.19-16.54.56:684][195]LogModuleManager: Shutting down and abandoning module HeadMountedDisplay (43)
[2014.11.19-16.54.56:684][195]LogModuleManager: Shutting down and abandoning module XAudio2 (42)
[2014.11.19-16.54.56:684][195]LogModuleManager: Shutting down and abandoning module Networking (40)
[2014.11.19-16.54.56:684][195]LogModuleManager: Shutting down and abandoning module Core (39)
[2014.11.19-16.54.56:684][195]LogModuleManager: Shutting down and abandoning module KismetCompiler (38)
[2014.11.19-16.54.56:685][195]LogModuleManager: Shutting down and abandoning module PhysXFormats (37)
[2014.11.19-16.54.56:685][195]LogModuleManager: Shutting down and abandoning module MeshUtilities (36)
[2014.11.19-16.54.56:705][195]LogModuleManager: Shutting down and abandoning module DerivedDataCache (35)
[2014.11.19-16.54.56:725][195]LogDerivedDataCache: Shutdown
[2014.11.19-16.54.56:725][195]LogModuleManager: Shutting down and abandoning module ShaderFormatOpenGL (34)
[2014.11.19-16.54.56:736][195]LogModuleManager: Shutting down and abandoning module ShaderFormatD3D (33)
[2014.11.19-16.54.56:740][195]LogModuleManager: Shutting down and abandoning module MetalShaderFormat (32)
[2014.11.19-16.54.56:749][195]LogModuleManager: Shutting down and abandoning module TextureFormatUncompressed (31)
[2014.11.19-16.54.56:749][195]LogModuleManager: Shutting down and abandoning module TextureFormatPVR (30)
[2014.11.19-16.54.56:756][195]LogModuleManager: Shutting down and abandoning module TextureFormatDXT (29)
[2014.11.19-16.54.56:764][195]LogModuleManager: Shutting down and abandoning module AudioFormatOpus (28)
[2014.11.19-16.54.56:771][195]LogModuleManager: Shutting down and abandoning module AudioFormatOgg (27)
[2014.11.19-16.54.56:771][195]LogModuleManager: Shutting down and abandoning module AudioFormatADPCM (26)
[2014.11.19-16.54.56:771][195]LogModuleManager: Shutting down and abandoning module Messaging (25)
[2014.11.19-16.54.56:771][195]LogModuleManager: Shutting down and abandoning module IOSTargetPlatform (24)
[2014.11.19-16.54.56:771][195]LogModuleManager: Shutting down and abandoning module WindowsTargetPlatform (23)
[2014.11.19-16.54.56:771][195]LogModuleManager: Shutting down and abandoning module WindowsServerTargetPlatform (22)
[2014.11.19-16.54.56:771][195]LogModuleManager: Shutting down and abandoning module WindowsNoEditorTargetPlatform (21)
[2014.11.19-16.54.56:771][195]LogModuleManager: Shutting down and abandoning module WindowsClientTargetPlatform (20)
[2014.11.19-16.54.56:771][195]LogModuleManager: Shutting down and abandoning module TargetPlatform (19)
[2014.11.19-16.54.56:771][195]LogModuleManager: Shutting down and abandoning module InputCore (18)
[2014.11.19-16.54.56:771][195]LogModuleManager: Shutting down and abandoning module Settings (17)
[2014.11.19-16.54.56:771][195]LogModuleManager: Shutting down and abandoning module ExampleDeviceProfileSelector (14)
[2014.11.19-16.54.56:771][195]LogModuleManager: Shutting down and abandoning module OculusRift (13)
[2014.11.19-16.54.56:788][195]LogModuleManager: Shutting down and abandoning module TextureCompressor (12)
[2014.11.19-16.54.56:798][195]LogModuleManager: Shutting down and abandoning module ShaderCore (11)
[2014.11.19-16.54.56:798][195]LogModuleManager: Shutting down and abandoning module OpenGLDrv (10)
[2014.11.19-16.54.56:805][195]LogModuleManager: Shutting down and abandoning module D3D11RHI (9)
[2014.11.19-16.54.56:805][195]LogModuleManager: Shutting down and abandoning module SlateRHIRenderer (8)
[2014.11.19-16.54.56:805][195]LogModuleManager: Shutting down and abandoning module Renderer (7)
[2014.11.19-16.54.56:805][195]LogModuleManager: Shutting down and abandoning module Engine (6)
[2014.11.19-16.54.56:805][195]LogModuleManager: Shutting down and abandoning module CoreUObject (5)
[2014.11.19-16.54.56:806][195]LogModuleManager: Shutting down and abandoning module NetworkFile (4)
[2014.11.19-16.54.56:817][195]LogModuleManager: Shutting down and abandoning module StreamingFile (3)
[2014.11.19-16.54.56:828][195]LogModuleManager: Shutting down and abandoning module SandboxFile (2)
[2014.11.19-16.54.56:828][195]LogModuleManager: Shutting down and abandoning module PakFile (1)
[2014.11.19-16.54.56:881][195]LogExit: Exiting.
[2014.11.19-16.54.56:905][195]Log file closed, 11/19/14 17:54:56
