Log file open, 11/17/14 21:42:04
LogInit:Display: Running engine for game: MyProject4
LogInit: Version: 4.4.3-0+UE4
LogInit: API Version: 0
LogInit: Compiled (64-bit): Sep 17 2014 07:16:51
LogInit: Build Configuration: Development
LogInit: Branch Name: UE4
LogInit: Command line: 
LogInit: Base directory: D:/Developer/UnrealEngine-4.4.3-release/UnrealEngine-4.4.3-release/Engine/Binaries/Win64/
LogInit: Rocket: 0
[2014.11.17-20.42.04:846][  0]LogTaskGraph: Started task graph with 3 named threads and 4 total threads.
[2014.11.17-20.42.04:875][  0]LogOnline:Warning: No default platform service specified for OnlineSubsystem
[2014.11.17-20.42.04:884][  0]LogInit: Presizing for 0 objects not considered by GC, pre-allocating 0 bytes.
[2014.11.17-20.42.04:892][  0]LogInit: Object subsystem initialized
[2014.11.17-20.42.04:895][  0]LogInit: Selected Device Profile: [Windows]
[2014.11.17-20.42.04:895][  0]LogInit: Applying CVar settings loaded from the selected device profile: [Windows]
[2014.11.17-20.42.04:901][  0]LogInit: Computer: ADAM
[2014.11.17-20.42.04:901][  0]LogInit: User: Adam
[2014.11.17-20.42.04:903][  0]LogInit: CPU Page size=4096, Cores=2
[2014.11.17-20.42.04:903][  0]LogInit: High frequency timer resolution =3.161619 MHz
[2014.11.17-20.42.04:903][  0]LogMemory: Memory total: Physical=3.0GB (3GB approx) Virtual=131072.0GB
[2014.11.17-20.42.04:903][  0]LogMemory: Platform Memory Stats for Windows
[2014.11.17-20.42.04:903][  0]LogMemory: Process Physical Memory: 59.73 MB used, 59.82 MB peak
[2014.11.17-20.42.04:903][  0]LogMemory: Process Virtual Memory: 35.83 MB used, 35.94 MB peak
[2014.11.17-20.42.04:903][  0]LogMemory: Physical Memory: 1557.83 MB used, 3071.55 MB total
[2014.11.17-20.42.04:903][  0]LogMemory: Virtual Memory: 262.07 MB used, 134217728.00 MB total
[2014.11.17-20.42.04:943][  0]LogD3D11RHI: Found D3D11 adapter 0: NVIDIA GeForce GTX 780 (Feature Level 11_0)
[2014.11.17-20.42.04:943][  0]LogD3D11RHI: Adapter has 2988MB of dedicated video memory, 0MB of dedicated system memory, and 1535MB of shared system memory, 2 output[s]
[2014.11.17-20.42.04:945][  0]LogD3D11RHI: Found D3D11 adapter 1: Microsoft Basic Render Driver (Feature Level 11_0)
[2014.11.17-20.42.04:945][  0]LogD3D11RHI: Adapter has 0MB of dedicated video memory, 0MB of dedicated system memory, and 256MB of shared system memory, 0 output[s]
[2014.11.17-20.42.04:945][  0]LogD3D11RHI: Chosen D3D11 Adapter Id = 0
[2014.11.17-20.42.04:956][  0]LogRHI: Texture pool is 1361 MB (70% of 1945 MB)
[2014.11.17-20.42.04:969][  0]LogD3D11RHI: Async texture creation enabled
[2014.11.17-20.42.05:143][  0]LogContentStreaming: Texture pool size is 0.000000MB
[2014.11.17-20.42.06:699][  0]LogTargetPlatformManager:Display: Building Assets For Windows
[2014.11.17-20.42.07:219][  0]LogTargetPlatformManager:Display: Building Assets For Windows
[2014.11.17-20.42.07:264][  0]LogDerivedDataCache:Display: Max Cache Size: 512 MB
[2014.11.17-20.42.09:228][  0]LogDerivedDataCache: Loaded boot cache 1.95s 39MB ../../../../../Jablo/UNREAL_AKTUALNY_PROJEKT/MyProject4/DerivedDataCache/Boot.ddc.
[2014.11.17-20.42.09:228][  0]LogDerivedDataCache:Display: Loaded Boot cache: ../../../../../Jablo/UNREAL_AKTUALNY_PROJEKT/MyProject4/DerivedDataCache/Boot.ddc
[2014.11.17-20.42.09:228][  0]LogDerivedDataCache: FDerivedDataBackendGraph:  Pak pak cache file ../../../../../Jablo/UNREAL_AKTUALNY_PROJEKT/MyProject4/DerivedDataCache/DDC.ddp not found, will not use a pak cache.
[2014.11.17-20.42.09:228][  0]LogDerivedDataCache: Unable to find inner node Pak for hierarchical cache Hierarchy.
[2014.11.17-20.42.09:228][  0]LogDerivedDataCache: FDerivedDataBackendGraph:  EnginePak pak cache file ../../../Engine/DerivedDataCache/DDC.ddp not found, will not use a pak cache.
[2014.11.17-20.42.09:228][  0]LogDerivedDataCache: Unable to find inner node EnginePak for hierarchical cache Hierarchy.
[2014.11.17-20.42.09:258][  0]LogDerivedDataCache: Using Local data cache path ../../../Engine/DerivedDataCache: Writable
[2014.11.17-20.42.09:258][  0]LogDerivedDataCache: Shared data cache path not found in *engine.ini, will not use an Shared cache.
[2014.11.17-20.42.09:258][  0]LogDerivedDataCache: Unable to find inner node Shared for hierarchical cache Hierarchy.
[2014.11.17-20.42.09:471][  0]LogMeshUtilities: No automatic mesh reduction module available
[2014.11.17-20.42.09:471][  0]LogMeshUtilities: No automatic mesh merging module available
[2014.11.17-20.42.10:161][  0]LogInit: WinSock: version 1.1 (2.2), MaxSocks=32767, MaxUdp=65467
[2014.11.17-20.42.11:034][  0]LogStats:Warning: MetaData mismatch. Did you assign a stat to two groups? New //STATGROUP_Threads//FMonitoredProcess///Thread_7b4_0///////STATCAT_Advanced//// old //STATGROUP_Threads//FMonitoredProcess///Thread_ad8_0///////STATCAT_Advanced////
[2014.11.17-20.42.11:034][  0]UdpMessaging: Initializing bridge on interface 0.0.0.0:0 to multicast group 230.0.0.1:6666.
[2014.11.17-20.42.11:139][  0]SourceControl: Info Source control is disabled
[2014.11.17-20.42.11:139][  0]SourceControl: Info Source control is disabled
[2014.11.17-20.42.11:144][  0]SourceControl: Info Source control is disabled
[2014.11.17-20.42.11:326][  0]BlueprintLog: New page: Editor Load
[2014.11.17-20.42.11:420][  0]LogObj: 21438 objects as part of root set at end of initial load.
[2014.11.17-20.42.11:420][  0]LogUObjectAllocator: 4218656 out of 0 bytes used by permanent object pool.
[2014.11.17-20.42.11:739][  0]LogEngine: Initializing Engine...
[2014.11.17-20.42.11:991][  0]LogInit: XAudio2 using 'GBo[niki (USB Multi-Channel Audio Device)' : 6 channels at 48 kHz using 32 bits per sample (channel mask 0x60f)
[2014.11.17-20.42.12:000][  0]LogInit: FAudioDevice initialized.
[2014.11.17-20.42.12:020][  0]LogAIModule: Creating AISystem for world NewWorld
[2014.11.17-20.42.12:089][  0]LogDerivedDataCache: Saved boot cache 0.07s 39MB ../../../../../Jablo/UNREAL_AKTUALNY_PROJEKT/MyProject4/DerivedDataCache/Boot.ddc.
[2014.11.17-20.42.12:119][  0]LogInit: Texture streaming: Enabled
[2014.11.17-20.42.12:163][  0]LogInit: Transaction tracking system initialized
[2014.11.17-20.42.12:286][  0]LogAssetRegistry: FAssetRegistry took 0.0115 seconds to start up
[2014.11.17-20.42.12:916][  0]LogTargetPlatformManager:Display: Building Assets For Windows
[2014.11.17-20.42.13:378][  0]LogTargetPlatformManager:Display: Building Assets For Windows
[2014.11.17-20.42.13:413][  0]LogModuleManager:Warning: ModuleManager: Unable to load module 'AndroidRuntimeSettings' because the file 'D:/Developer/UnrealEngine-4.4.3-release/UnrealEngine-4.4.3-release/Engine/Binaries/Win64/' was not found.
[2014.11.17-20.42.13:420][  0]LogModuleManager:Warning: ModuleManager: Unable to load module 'AndroidPlatformEditor' because the file 'D:/Developer/UnrealEngine-4.4.3-release/UnrealEngine-4.4.3-release/Engine/Binaries/Win64/' was not found.
[2014.11.17-20.42.13:517][  0]LogConsoleResponse:Display: 
[2014.11.17-20.42.13:737][  0]LogStats:Warning: MetaData mismatch. Did you assign a stat to two groups? New //STATGROUP_Threads//FMonitoredProcess///Thread_15a0_0///////STATCAT_Advanced//// old //STATGROUP_Threads//FMonitoredProcess///Thread_ad8_0///////STATCAT_Advanced////
[2014.11.17-20.42.13:737][  0]LogStats:Warning: MetaData mismatch. Did you assign a stat to two groups? New //STATGROUP_Threads//FMonitoredProcess///Thread_1104_0///////STATCAT_Advanced//// old //STATGROUP_Threads//FMonitoredProcess///Thread_ad8_0///////STATCAT_Advanced////
[2014.11.17-20.42.13:737][  0]SourceControl: Info Source control is disabled
[2014.11.17-20.42.13:738][  0]Cmd: MAP LOAD FILE="../../../../../Jablo/UNREAL_AKTUALNY_PROJEKT/MyProject4/Content/Maps/Minimal_Default.umap" TEMPLATE=0 SHOWPROGRESS=1
[2014.11.17-20.42.13:738][  0]LightingResults: New page: Lighting Build
[2014.11.17-20.42.13:747][  0]MapCheck: New page: Map Check
[2014.11.17-20.42.13:747][  0]LightingResults: New page: Lighting Build
[2014.11.17-20.42.13:767][  0]LogParticles: Destroying 0 GPU particle simulations for FXSystem 0x000000F1B46E47C0
[2014.11.17-20.42.16:858][  0]LogEditorServer: Finished looking for orphan Actors (0.000 secs)
[2014.11.17-20.42.16:858][  0]LogAIModule: Creating AISystem for world Minimal_Default
[2014.11.17-20.42.16:888][  0]Cmd: MAP CHECKDEP
[2014.11.17-20.42.16:888][  0]MapCheck: New page: Minimal_Default - 17 Nov 2014 22:42:16
[2014.11.17-20.42.16:958][  0]MapCheck: Info ========== Map Check: 0 Error(s), 0 Warning(s), [70,124ms] ==========
[2014.11.17-20.42.16:959][  0]LogFileHelpers: Loading map 'Minimal_Default' took 3.221
[2014.11.17-20.42.18:094][  0]LogCollectionManager: Loaded 0 collections in 0.001061 seconds
[2014.11.17-20.42.22:023][  0]LogCrashTracker: Crashtracker disabled due to settings.
[2014.11.17-20.42.22:238][  0]LogInit: Using libcurl 7.34.0
[2014.11.17-20.42.22:238][  0]LogInit:  - built for x86_64-pc-win32
[2014.11.17-20.42.22:238][  0]LogInit:  - supports SSL with WinSSL
[2014.11.17-20.42.22:238][  0]LogInit:  - other features:
[2014.11.17-20.42.22:238][  0]LogInit:      CURL_VERSION_SSL
[2014.11.17-20.42.22:238][  0]LogInit:      CURL_VERSION_ASYNCHDNS
[2014.11.17-20.42.22:238][  0]LogInit:      CURL_VERSION_LARGEFILE
[2014.11.17-20.42.22:238][  0]LogInit:      CURL_VERSION_IDN
[2014.11.17-20.42.22:238][  0]LogInit: Libcurl will NOT reuse connections
[2014.11.17-20.42.22:267][  0]LogLoad: Full Startup: 19.62 seconds (BP compile: 0.09 seconds)
[2014.11.17-20.42.22:283][  0]LogContentBrowser:Verbose: The content browser source was changed by the sources view to '/Game/Blueprints/Mechanika'
[2014.11.17-20.42.23:981][  0]LogRenderer:Warning: Reallocating scene render targets to support 664x584.
[2014.11.17-20.42.25:570][  3]LogAssetRegistry: Asset discovery search completed in 13.2948 seconds
[2014.11.17-20.42.55:933][764]LogPlayLevel: PIE:  No blueprints needed recompiling
[2014.11.17-20.42.55:941][764]PIE: New page: PIE session: Minimal_Default (17 Nov 2014 22:42:55)
[2014.11.17-20.42.55:988][764]LogPlayLevel: PIE: StaticDuplicateObject took: (0.047177s)
[2014.11.17-20.42.55:991][764]LogPlayLevel: PIE: World Init took: (0.002495s)
[2014.11.17-20.42.55:991][764]LogPlayLevel: PIE: Created PIE world by copying editor world from /Game/Maps/Minimal_Default.Minimal_Default to /Game/Maps/UEDPIE_0_Minimal_Default.Minimal_Default (0.049930s)
[2014.11.17-20.42.56:794][764]LogWorld: Game class is 'BP_TrybGry_C'
[2014.11.17-20.42.57:003][764]LogAIModule: Creating AISystem for world Minimal_Default
[2014.11.17-20.42.57:039][764]LogWorld: Bringing World /Game/Maps/UEDPIE_0_Minimal_Default.Minimal_Default up for play (max tick rate 0) at 2014.11.17-21.42.57
[2014.11.17-20.42.57:076][764]LogWorld: Bringing up level for play took: 0.073105
[2014.11.17-20.42.57:512][764]PIE: Info Play in editor start time for /Game/Maps/UEDPIE_0_Minimal_Default 1,44
[2014.11.17-20.42.59:828][765]LogRenderer:Warning: Reallocating scene render targets to support 664x592.
[2014.11.17-20.43.29:951][317]LogActorComponent: UnregisterComponent: (/Engine/Transient.CharacterMovementComponent_0) Not registered. Aborting.
[2014.11.17-20.43.30:009][317]LogParticles: Destroying 0 GPU particle simulations for FXSystem 0x000000F1AC066DE0
[2014.11.17-20.44.37:889][415]BlueprintLog: New page: Compile BP_HUD
[2014.11.17-20.44.38:152][415]LogActorComponent: UnregisterComponent: (/Engine/Transient.CharacterMovementComponent_1) Not registered. Aborting.
[2014.11.17-20.44.38:246][415]BlueprintEditorCompileResults: Info [0155,30] Compile of BP_HUD successful! [in 5 ms]
[2014.11.17-20.44.39:532][452]Cmd: OBJ SAVEPACKAGE PACKAGE="/Game/Blueprints/Mechanika/BP_HUD" FILE="../../../../../Jablo/UNREAL_AKTUALNY_PROJEKT/MyProject4/Content/Blueprints/Mechanika/BP_HUD.uasset" SILENT=true
[2014.11.17-20.44.39:771][452]LogSavePackage: Save=106.734871ms
[2014.11.17-20.44.39:771][452]LogSavePackage: Moving '../../../../../Jablo/UNREAL_AKTUALNY_PROJEKT/MyProject4/Saved/BP_HUD00B00F1B4F2480969F32AC8CF271023D.tmp' to '../../../../../Jablo/UNREAL_AKTUALNY_PROJEKT/MyProject4/Content/Blueprints/Mechanika/BP_HUD.uasset'
[2014.11.17-20.44.43:429][630]LogPlayLevel: PIE:  No blueprints needed recompiling
[2014.11.17-20.44.43:429][630]PIE: New page: PIE session: Minimal_Default (17 Nov 2014 22:44:43)
[2014.11.17-20.44.43:438][630]LogPlayLevel: PIE: StaticDuplicateObject took: (0.009149s)
[2014.11.17-20.44.43:440][630]LogPlayLevel: PIE: World Init took: (0.001994s)
[2014.11.17-20.44.43:440][630]LogPlayLevel: PIE: Created PIE world by copying editor world from /Game/Maps/Minimal_Default.Minimal_Default to /Game/Maps/UEDPIE_0_Minimal_Default.Minimal_Default (0.011422s)
[2014.11.17-20.44.43:503][630]LogWorld: Game class is 'BP_TrybGry_C'
[2014.11.17-20.44.43:505][630]LogAIModule: Creating AISystem for world Minimal_Default
[2014.11.17-20.44.43:506][630]LogWorld: Bringing World /Game/Maps/UEDPIE_0_Minimal_Default.Minimal_Default up for play (max tick rate 0) at 2014.11.17-21.44.43
[2014.11.17-20.44.43:507][630]LogWorld: Bringing up level for play took: 0.001877
[2014.11.17-20.44.43:509][630]PIE: Info Play in editor start time for /Game/Maps/UEDPIE_0_Minimal_Default -0,562
[2014.11.17-20.45.24:966][725]LogParticles: Destroying 0 GPU particle simulations for FXSystem 0x000000F1AB441A80
[2014.11.17-20.47.55:797][390]Cmd: OBJ SAVEPACKAGE PACKAGE="/Game/Blueprints/Mechanika/BP_Postac" FILE="../../../../../Jablo/UNREAL_AKTUALNY_PROJEKT/MyProject4/Content/Blueprints/Mechanika/BP_Postac.uasset" SILENT=true
[2014.11.17-20.47.56:345][390]LogSavePackage: Save=526.786133ms
[2014.11.17-20.47.56:345][390]LogSavePackage: Moving '../../../../../Jablo/UNREAL_AKTUALNY_PROJEKT/MyProject4/Saved/BP_Postac80A70E1649757985EA41D59590BA2094.tmp' to '../../../../../Jablo/UNREAL_AKTUALNY_PROJEKT/MyProject4/Content/Blueprints/Mechanika/BP_Postac.uasset'
[2014.11.17-20.48.02:134][581]LogSlate:Warning: GetFontFace failed to load or process 'Roboto-Regular'
[2014.11.17-20.48.02:134][581]LogSlate:Warning: GetFontFace failed to load or process 'Roboto-Regular'
[2014.11.17-20.48.02:301][581]LogSlate:Warning: GetFontFace failed to load or process 'Roboto-Regular'
[2014.11.17-20.48.02:301][581]LogSlate:Warning: GetFontFace failed to load or process 'Roboto-Regular'
[2014.11.17-20.48.02:301][581]LogSlate:Warning: GetFontFace failed to load or process 'Roboto-Regular'
[2014.11.17-20.48.02:301][581]LogSlate:Warning: GetFontFace failed to load or process 'Roboto-Regular'
[2014.11.17-20.48.02:301][581]LogSlate:Warning: GetFontFace failed to load or process 'Roboto-Regular'
[2014.11.17-20.48.02:301][581]LogSlate:Warning: GetFontFace failed to load or process 'Roboto-Regular'
[2014.11.17-20.48.02:301][581]LogSlate:Warning: GetFontFace failed to load or process 'Roboto-Regular'
[2014.11.17-20.48.02:301][581]LogSlate:Warning: GetFontFace failed to load or process 'Roboto-Regular'
[2014.11.17-20.48.02:301][581]LogSlate:Warning: GetFontFace failed to load or process 'Roboto-Regular'
[2014.11.17-20.48.02:301][581]LogSlate:Warning: GetFontFace failed to load or process 'Roboto-Regular'
[2014.11.17-20.48.02:302][581]LogSlate:Warning: GetFontFace failed to load or process 'Roboto-Regular'
[2014.11.17-20.48.02:302][581]LogSlate:Warning: GetFontFace failed to load or process 'Roboto-Regular'
[2014.11.17-20.48.02:302][581]LogSlate:Warning: GetFontFace failed to load or process 'Roboto-Regular'
[2014.11.17-20.48.02:302][581]LogSlate:Warning: GetFontFace failed to load or process 'Roboto-Regular'
[2014.11.17-20.48.02:302][581]LogSlate:Warning: GetFontFace failed to load or process 'Roboto-Regular'
[2014.11.17-20.48.02:302][581]LogSlate:Warning: GetFontFace failed to load or process 'Roboto-Regular'
[2014.11.17-20.49.43:517][303]Cmd: OBJ SAVEPACKAGE PACKAGE="/Game/Blueprints/Mechanika/BP_Postac" FILE="../../../../../Jablo/UNREAL_AKTUALNY_PROJEKT/MyProject4/Content/Blueprints/Mechanika/BP_Postac.uasset" SILENT=true
[2014.11.17-20.49.44:012][303]LogSavePackage: Save=479.664703ms
[2014.11.17-20.49.44:012][303]LogSavePackage: Moving '../../../../../Jablo/UNREAL_AKTUALNY_PROJEKT/MyProject4/Saved/BP_Postac88A0360C44B0F5E41FE499A228B87339.tmp' to '../../../../../Jablo/UNREAL_AKTUALNY_PROJEKT/MyProject4/Content/Blueprints/Mechanika/BP_Postac.uasset'
[2014.11.17-20.49.44:548][323]BlueprintLog: New page: Compile BP_Postac
[2014.11.17-20.49.44:736][323]LogActorComponent: UnregisterComponent: (/Engine/Transient.CharacterMovementComponent_2) Not registered. Aborting.
[2014.11.17-20.49.44:791][323]LogParticles: Destroying 0 GPU particle simulations for FXSystem 0x000000F1ABA6B060
[2014.11.17-20.49.44:859][323]BlueprintEditorCompileResults: Info [0462,02] Compile of BP_Postac successful! [in 56 ms]
[2014.11.17-20.51.23:101][427]BlueprintLog: New page: Compile BP_Postac
[2014.11.17-20.51.23:404][427]BlueprintEditorCompileResults: Info [0560,59] Compile of BP_Postac successful! [in 67 ms]
[2014.11.17-20.51.24:800][448]Cmd: OBJ SAVEPACKAGE PACKAGE="/Game/Blueprints/Mechanika/BP_Postac" FILE="../../../../../Jablo/UNREAL_AKTUALNY_PROJEKT/MyProject4/Content/Blueprints/Mechanika/BP_Postac.uasset" SILENT=true
[2014.11.17-20.51.25:348][448]LogSavePackage: Save=532.447144ms
[2014.11.17-20.51.25:348][448]LogSavePackage: Moving '../../../../../Jablo/UNREAL_AKTUALNY_PROJEKT/MyProject4/Saved/BP_Postac30A5686A44E218B54BE626A4D575BCAA.tmp' to '../../../../../Jablo/UNREAL_AKTUALNY_PROJEKT/MyProject4/Content/Blueprints/Mechanika/BP_Postac.uasset'
[2014.11.17-20.51.33:021][722]LogSlate:Warning: GetFontFace failed to load or process 'Roboto-Regular'
[2014.11.17-20.51.33:021][722]LogSlate:Warning: GetFontFace failed to load or process 'Roboto-Regular'
[2014.11.17-20.51.33:021][722]LogSlate:Warning: GetFontFace failed to load or process 'Roboto-Regular'
[2014.11.17-20.51.33:021][722]LogSlate:Warning: GetFontFace failed to load or process 'Roboto-Regular'
[2014.11.17-20.51.54:181][428]BlueprintLog: New page: Compile BP_Postac
[2014.11.17-20.51.54:360][428]LogActorComponent: UnregisterComponent: (/Engine/Transient.CharacterMovementComponent_3) Not registered. Aborting.
[2014.11.17-20.51.54:457][428]BlueprintEditorCompileResults: Info [0591,66] Compile of BP_Postac successful! [in 57 ms]
[2014.11.17-20.51.56:004][455]Cmd: OBJ SAVEPACKAGE PACKAGE="/Game/Blueprints/Mechanika/BP_Postac" FILE="../../../../../Jablo/UNREAL_AKTUALNY_PROJEKT/MyProject4/Content/Blueprints/Mechanika/BP_Postac.uasset" SILENT=true
[2014.11.17-20.51.56:506][455]LogSavePackage: Save=488.217285ms
[2014.11.17-20.51.56:507][455]LogSavePackage: Moving '../../../../../Jablo/UNREAL_AKTUALNY_PROJEKT/MyProject4/Saved/BP_PostacA7BF926748DE0639B95935A84B162F56.tmp' to '../../../../../Jablo/UNREAL_AKTUALNY_PROJEKT/MyProject4/Content/Blueprints/Mechanika/BP_Postac.uasset'
[2014.11.17-20.52.01:241][664]BlueprintLog: New page: Pre-PIE auto-recompile
[2014.11.17-20.52.01:241][664]LogPlayLevel: [PIE] Compiling BP_HUD before PIE...
[2014.11.17-20.52.01:332][664]LogActorComponent: UnregisterComponent: (/Engine/Transient.CharacterMovementComponent_4) Not registered. Aborting.
[2014.11.17-20.52.01:373][664]LogPlayLevel: PIE:  Blueprint regeneration took 140 ms (1 blueprints)
[2014.11.17-20.52.01:373][664]PIE: New page: PIE session: Minimal_Default (17 Nov 2014 22:52:01)
[2014.11.17-20.52.01:382][664]LogPlayLevel: PIE: StaticDuplicateObject took: (0.008722s)
[2014.11.17-20.52.01:384][664]LogPlayLevel: PIE: World Init took: (0.002477s)
[2014.11.17-20.52.01:386][664]LogPlayLevel: PIE: Created PIE world by copying editor world from /Game/Maps/Minimal_Default.Minimal_Default to /Game/Maps/UEDPIE_0_Minimal_Default.Minimal_Default (0.013378s)
[2014.11.17-20.52.01:422][664]LogWorld: Game class is 'BP_TrybGry_C'
[2014.11.17-20.52.01:424][664]LogAIModule: Creating AISystem for world Minimal_Default
[2014.11.17-20.52.01:426][664]LogWorld: Bringing World /Game/Maps/UEDPIE_0_Minimal_Default.Minimal_Default up for play (max tick rate 0) at 2014.11.17-21.52.01
[2014.11.17-20.52.01:427][664]LogWorld: Bringing up level for play took: 0.002691
[2014.11.17-20.52.01:429][664]PIE: Info Play in editor start time for /Game/Maps/UEDPIE_0_Minimal_Default -0,642
[2014.11.17-20.52.02:325][702]LogBlueprintUserMessages: Bam
[2014.11.17-20.52.05:125][841]LogBlueprintUserMessages: Bam
[2014.11.17-20.52.06:774][925]LogBlueprintUserMessages: Bam
[2014.11.17-20.52.07:278][951]LogBlueprintUserMessages: Bam
[2014.11.17-20.52.07:653][971]LogBlueprintUserMessages: Bam
[2014.11.17-20.52.07:916][984]LogBlueprintUserMessages: Bam
[2014.11.17-20.52.08:501][ 12]LogBlueprintUserMessages: Bam
[2014.11.17-20.52.08:805][ 27]LogBlueprintUserMessages: Bam
[2014.11.17-20.52.09:143][ 44]LogBlueprintUserMessages: Bam
[2014.11.17-20.52.09:547][ 64]LogBlueprintUserMessages: Bam
[2014.11.17-20.52.09:942][ 83]LogBlueprintUserMessages: Bam
[2014.11.17-20.52.10:304][101]LogBlueprintUserMessages: Bam
[2014.11.17-20.52.19:658][544]LogParticles: Destroying 0 GPU particle simulations for FXSystem 0x000000F1B7483F60
[2014.11.17-20.52.57:052][129]LogUObjectGlobals:Warning: Failed to find object 'Object None.'
[2014.11.17-20.53.11:288][600]Cmd: OBJ SAVEPACKAGE PACKAGE="/Game/Blueprints/Mechanika/BP_Postac" FILE="../../../../../Jablo/UNREAL_AKTUALNY_PROJEKT/MyProject4/Content/Blueprints/Mechanika/BP_Postac.uasset" SILENT=true
[2014.11.17-20.53.11:800][600]LogSavePackage: Save=497.335388ms
[2014.11.17-20.53.11:800][600]LogSavePackage: Moving '../../../../../Jablo/UNREAL_AKTUALNY_PROJEKT/MyProject4/Saved/BP_Postac62403E2A4C5F8D0FD5BC08AE005F4E4C.tmp' to '../../../../../Jablo/UNREAL_AKTUALNY_PROJEKT/MyProject4/Content/Blueprints/Mechanika/BP_Postac.uasset'
[2014.11.17-20.53.12:879][639]BlueprintLog: New page: Compile BP_Postac
[2014.11.17-20.53.13:056][639]LogActorComponent: UnregisterComponent: (/Engine/Transient.CharacterMovementComponent_5) Not registered. Aborting.
[2014.11.17-20.53.13:155][639]BlueprintEditorCompileResults: Info [0670,36] Compile of BP_Postac successful! [in 55 ms]
[2014.11.17-20.53.14:854][674]Cmd: OBJ SAVEPACKAGE PACKAGE="/Game/Blueprints/Mechanika/BP_Postac" FILE="../../../../../Jablo/UNREAL_AKTUALNY_PROJEKT/MyProject4/Content/Blueprints/Mechanika/BP_Postac.uasset" SILENT=true
[2014.11.17-20.53.15:370][674]LogSavePackage: Save=500.231995ms
[2014.11.17-20.53.15:370][674]LogSavePackage: Moving '../../../../../Jablo/UNREAL_AKTUALNY_PROJEKT/MyProject4/Saved/BP_Postac9FA28808440B574C010ABD97A51422EC.tmp' to '../../../../../Jablo/UNREAL_AKTUALNY_PROJEKT/MyProject4/Content/Blueprints/Mechanika/BP_Postac.uasset'
[2014.11.17-20.53.20:405][923]BlueprintLog: New page: Pre-PIE auto-recompile
[2014.11.17-20.53.20:405][923]LogPlayLevel: [PIE] Compiling BP_HUD before PIE...
[2014.11.17-20.53.20:497][923]LogActorComponent: UnregisterComponent: (/Engine/Transient.CharacterMovementComponent_6) Not registered. Aborting.
[2014.11.17-20.53.20:533][923]LogPlayLevel: PIE:  Blueprint regeneration took 127 ms (1 blueprints)
[2014.11.17-20.53.20:533][923]PIE: New page: PIE session: Minimal_Default (17 Nov 2014 22:53:20)
[2014.11.17-20.53.20:543][923]LogPlayLevel: PIE: StaticDuplicateObject took: (0.010061s)
[2014.11.17-20.53.20:547][923]LogPlayLevel: PIE: World Init took: (0.003443s)
[2014.11.17-20.53.20:547][923]LogPlayLevel: PIE: Created PIE world by copying editor world from /Game/Maps/Minimal_Default.Minimal_Default to /Game/Maps/UEDPIE_0_Minimal_Default.Minimal_Default (0.013835s)
[2014.11.17-20.53.20:578][923]LogWorld: Game class is 'BP_TrybGry_C'
[2014.11.17-20.53.20:580][923]LogAIModule: Creating AISystem for world Minimal_Default
[2014.11.17-20.53.20:581][923]LogWorld: Bringing World /Game/Maps/UEDPIE_0_Minimal_Default.Minimal_Default up for play (max tick rate 0) at 2014.11.17-21.53.20
[2014.11.17-20.53.20:582][923]LogWorld: Bringing up level for play took: 0.002206
[2014.11.17-20.53.20:584][923]PIE: Info Play in editor start time for /Game/Maps/UEDPIE_0_Minimal_Default 0,512
[2014.11.17-20.53.22:943][ 35]LogBlueprintUserMessages: ciach
[2014.11.17-20.53.23:736][ 74]LogBlueprintUserMessages: ciach
[2014.11.17-20.53.24:542][114]LogBlueprintUserMessages: ciach
[2014.11.17-20.53.25:026][138]LogBlueprintUserMessages: ciach
[2014.11.17-20.53.26:264][197]LogBlueprintUserMessages: bam
[2014.11.17-20.53.26:853][225]LogBlueprintUserMessages: bam
[2014.11.17-20.53.28:063][283]LogBlueprintUserMessages: bam
[2014.11.17-20.53.34:901][641]LogBlueprintUserMessages: bam
[2014.11.17-20.53.35:471][669]LogBlueprintUserMessages: bam
[2014.11.17-20.53.36:587][723]LogBlueprintUserMessages: ciach
[2014.11.17-20.53.37:145][751]LogBlueprintUserMessages: ciach
[2014.11.17-20.53.53:180][519]LogParticles: Destroying 0 GPU particle simulations for FXSystem 0x000000F1C0755940
[2014.11.17-20.54.24:636][473]LogRenderer:Warning: Reallocating scene render targets to support 920x592.
[2014.11.17-20.54.29:164][691]LogFileHelpers: Editor autosave (incl. sublevels) for '/Game/Maps/Minimal_Default' took 0.043
[2014.11.17-20.54.29:227][691]OBJ SavePackage: Generating thumbnails for [0] asset(s) in package [/Game/Blueprints/Mechanika/BP_HUD] ([1] browsable assets)...
[2014.11.17-20.54.29:242][691]OBJ SavePackage: Finished generating thumbnails for package [/Game/Blueprints/Mechanika/BP_HUD]
[2014.11.17-20.54.29:351][691]LogSavePackage: Save=57.423111ms
[2014.11.17-20.54.29:352][691]LogSavePackage: Moving '../../../../../Jablo/UNREAL_AKTUALNY_PROJEKT/MyProject4/Saved/BP_HUD_Auto1BEE4DDE14B3CF0772E524199F9AC62A0.tmp' to '../../../../../Jablo/UNREAL_AKTUALNY_PROJEKT/MyProject4/Saved/Autosaves/Game/Blueprints/Mechanika/BP_HUD_Auto1.uasset'
[2014.11.17-20.54.29:418][691]OBJ SavePackage: Generating thumbnails for [0] asset(s) in package [/Game/Blueprints/Mechanika/BP_Postac] ([1] browsable assets)...
[2014.11.17-20.54.29:426][691]OBJ SavePackage: Finished generating thumbnails for package [/Game/Blueprints/Mechanika/BP_Postac]
[2014.11.17-20.54.29:565][691]LogSavePackage: Save=95.395744ms
[2014.11.17-20.54.29:565][691]LogSavePackage: Moving '../../../../../Jablo/UNREAL_AKTUALNY_PROJEKT/MyProject4/Saved/BP_Postac_Auto1F8C2B41F436CB685E4EC1D9F5738182A.tmp' to '../../../../../Jablo/UNREAL_AKTUALNY_PROJEKT/MyProject4/Saved/Autosaves/Game/Blueprints/Mechanika/BP_Postac_Auto1.uasset'
[2014.11.17-20.54.29:582][691]LogFileHelpers: Auto-saving content packages took 0.417
[2014.11.17-20.55.19:469][ 97]BlueprintLog: New page: Compile BP_Postac
[2014.11.17-20.55.19:787][ 97]BlueprintEditorCompileResults: Info [0796,95] Compile of BP_Postac successful! [in 58 ms]
[2014.11.17-20.57.40:318][ 57]BlueprintLog: New page: Compile BP_Postac
[2014.11.17-20.57.40:670][ 57]BlueprintEditorCompileResults: Info [0937,86] Compile of BP_Postac successful! [in 75 ms]
[2014.11.17-20.57.42:177][ 82]Cmd: OBJ SAVEPACKAGE PACKAGE="/Game/Blueprints/Mechanika/BP_Postac" FILE="../../../../../Jablo/UNREAL_AKTUALNY_PROJEKT/MyProject4/Content/Blueprints/Mechanika/BP_Postac.uasset" SILENT=true
[2014.11.17-20.57.42:680][ 82]LogSavePackage: Save=487.838043ms
[2014.11.17-20.57.42:680][ 82]LogSavePackage: Moving '../../../../../Jablo/UNREAL_AKTUALNY_PROJEKT/MyProject4/Saved/BP_Postac30284305488D960E61F3828EEF77AD2A.tmp' to '../../../../../Jablo/UNREAL_AKTUALNY_PROJEKT/MyProject4/Content/Blueprints/Mechanika/BP_Postac.uasset'
[2014.11.17-20.57.46:421][237]Cmd: OBJ SAVEPACKAGE PACKAGE="/Game/Maps/Minimal_Default" FILE="../../../../../Jablo/UNREAL_AKTUALNY_PROJEKT/MyProject4/Content/Maps/Minimal_Default.umap" SILENT=true AUTOSAVING=false KEEPDIRTY=false
[2014.11.17-20.57.46:449][237]LogActorComponent: UnregisterComponent: (/Engine/Transient.CharacterMovementComponent_7) Not registered. Aborting.
[2014.11.17-20.57.46:601][237]LogSavePackage: Save=95.052879ms
[2014.11.17-20.57.46:601][237]LogSavePackage: Moving '../../../../../Jablo/UNREAL_AKTUALNY_PROJEKT/MyProject4/Saved/Minimal_DefaultE602149D46F62CCE3225E19BD5AEBF33.tmp' to '../../../../../Jablo/UNREAL_AKTUALNY_PROJEKT/MyProject4/Content/Maps/Minimal_Default.umap'
[2014.11.17-20.57.51:597][324]Cmd: OBJ SAVEPACKAGE PACKAGE="/Game/Blueprints/Mechanika/BP_HUD" FILE="../../../../../Jablo/UNREAL_AKTUALNY_PROJEKT/MyProject4/Content/Blueprints/Mechanika/BP_HUD.uasset" SILENT=true
[2014.11.17-20.57.51:648][324]LogSavePackage: Save=38.205742ms
[2014.11.17-20.57.51:648][324]LogSavePackage: Moving '../../../../../Jablo/UNREAL_AKTUALNY_PROJEKT/MyProject4/Saved/BP_HUDF41163304F99BEE8D4F81EB59D2B1EC5.tmp' to '../../../../../Jablo/UNREAL_AKTUALNY_PROJEKT/MyProject4/Content/Blueprints/Mechanika/BP_HUD.uasset'
[2014.11.17-20.57.52:518][325]Cmd: QUIT_EDITOR
[2014.11.17-20.57.52:711][325]LogWindowsTextInputMethodSystem:Error: Terminating failed while unadvising the language notification sink from the TSF source.
[2014.11.17-20.57.52:712][325]LogExit: Preparing to exit.
[2014.11.17-20.57.53:657][325]LogExit: Editor shut down
[2014.11.17-20.57.53:658][325]LogExit: Transaction tracking system shut down
[2014.11.17-20.57.53:658][325]LogParticles: Destroying 0 GPU particle simulations for FXSystem 0x000000F1AB9EECA0
[2014.11.17-20.57.53:659][325]LogParticles: Destroying 0 GPU particle simulations for FXSystem 0x000000F1B4E6D9E0
[2014.11.17-20.57.53:661][325]LogParticles: Destroying 0 GPU particle simulations for FXSystem 0x000000F1B0541440
[2014.11.17-20.57.53:662][325]LogParticles: Destroying 0 GPU particle simulations for FXSystem 0x000000F1C0E8C540
[2014.11.17-20.57.53:709][325]LogExit: Object subsystem successfully closed.
[2014.11.17-20.57.53:750][325]LogModuleManager: Shutting down and abandoning module ExternalImagePicker (154)
[2014.11.17-20.57.53:750][325]LogModuleManager: Shutting down and abandoning module HTTP (153)
[2014.11.17-20.57.53:750][325]LogModuleManager: Shutting down and abandoning module CrashTracker (152)
[2014.11.17-20.57.53:750][325]LogModuleManager: Shutting down and abandoning module SuperSearch (151)
[2014.11.17-20.57.53:750][325]LogModuleManager: Shutting down and abandoning module SceneOutliner (150)
[2014.11.17-20.57.53:750][325]LogModuleManager: Shutting down and abandoning module EditorWidgets (149)
[2014.11.17-20.57.53:750][325]LogModuleManager: Shutting down and abandoning module CollectionManager (148)
[2014.11.17-20.57.53:750][325]LogModuleManager: Shutting down and abandoning module StatsViewer (147)
[2014.11.17-20.57.53:750][325]LogModuleManager: Shutting down and abandoning module FoliageEdit (146)
[2014.11.17-20.57.53:750][325]LogModuleManager: Shutting down and abandoning module LandscapeEditor (145)
[2014.11.17-20.57.53:750][325]LogModuleManager: Shutting down and abandoning module MeshPaint (144)
[2014.11.17-20.57.53:750][325]LogModuleManager: Shutting down and abandoning module ActorPickerMode (143)
[2014.11.17-20.57.53:750][325]LogModuleManager: Shutting down and abandoning module GeometryMode (142)
[2014.11.17-20.57.53:750][325]LogModuleManager: Shutting down and abandoning module TextureAlignMode (141)
[2014.11.17-20.57.53:751][325]LogModuleManager: Shutting down and abandoning module BspMode (140)
[2014.11.17-20.57.53:751][325]LogModuleManager: Shutting down and abandoning module PlacementMode (139)
[2014.11.17-20.57.53:751][325]LogModuleManager: Shutting down and abandoning module AutomationWorker (138)
[2014.11.17-20.57.53:751][325]LogModuleManager: Shutting down and abandoning module EditorLiveStreaming (137)
[2014.11.17-20.57.53:751][325]LogModuleManager: Shutting down and abandoning module BehaviorTreeEditor (136)
[2014.11.17-20.57.53:751][325]LogModuleManager: Shutting down and abandoning module DeviceProfileEditor (135)
[2014.11.17-20.57.53:751][325]LogModuleManager: Shutting down and abandoning module UndoHistory (134)
[2014.11.17-20.57.53:751][325]LogModuleManager: Shutting down and abandoning module GameplayTagsEditor (133)
[2014.11.17-20.57.53:751][325]LogModuleManager: Shutting down and abandoning module UserFeedback (132)
[2014.11.17-20.57.53:751][325]LogModuleManager: Shutting down and abandoning module XmlParser (131)
[2014.11.17-20.57.53:751][325]LogModuleManager: Shutting down and abandoning module Blutility (130)
[2014.11.17-20.57.53:751][325]LogModuleManager: Shutting down and abandoning module IOSPlatformEditor (129)
[2014.11.17-20.57.53:751][325]LogModuleManager: Shutting down and abandoning module IOSRuntimeSettings (128)
[2014.11.17-20.57.53:751][325]LogModuleManager: Shutting down and abandoning module ProjectTargetPlatformEditor (125)
[2014.11.17-20.57.53:751][325]LogModuleManager: Shutting down and abandoning module ProjectSettingsViewer (124)
[2014.11.17-20.57.53:751][325]LogModuleManager: Shutting down and abandoning module InputBindingEditor (123)
[2014.11.17-20.57.53:751][325]LogModuleManager: Shutting down and abandoning module EditorSettingsViewer (122)
[2014.11.17-20.57.53:751][325]LogModuleManager: Shutting down and abandoning module SettingsEditor (121)
[2014.11.17-20.57.53:751][325]LogModuleManager: Shutting down and abandoning module SessionLauncher (120)
[2014.11.17-20.57.53:751][325]LogModuleManager: Shutting down and abandoning module SessionFrontend (119)
[2014.11.17-20.57.53:751][325]LogModuleManager: Shutting down and abandoning module ProfilerClient (118)
[2014.11.17-20.57.53:751][325]LogModuleManager: Shutting down and abandoning module TargetDeviceServices (117)
[2014.11.17-20.57.53:751][325]LogModuleManager: Shutting down and abandoning module DeviceManager (116)
[2014.11.17-20.57.53:751][325]LogModuleManager: Shutting down and abandoning module AutomationController (115)
[2014.11.17-20.57.53:751][325]LogModuleManager: Shutting down and abandoning module AutomationWindow (114)
[2014.11.17-20.57.53:751][325]LogModuleManager: Shutting down and abandoning module Layers (113)
[2014.11.17-20.57.53:751][325]LogModuleManager: Shutting down and abandoning module ComponentVisualizers (112)
[2014.11.17-20.57.53:751][325]LogModuleManager: Shutting down and abandoning module DetailCustomizations (111)
[2014.11.17-20.57.53:752][325]LogModuleManager: Shutting down and abandoning module PackagesDialog (110)
[2014.11.17-20.57.53:752][325]LogModuleManager: Shutting down and abandoning module DirectoryWatcher (109)
[2014.11.17-20.57.53:752][325]LogModuleManager: Shutting down and abandoning module AssetRegistry (108)
[2014.11.17-20.57.53:853][325]LogModuleManager: Shutting down and abandoning module Persona (107)
[2014.11.17-20.57.53:853][325]LogModuleManager: Shutting down and abandoning module GraphEditor (106)
[2014.11.17-20.57.53:853][325]LogModuleManager: Shutting down and abandoning module ClassViewer (105)
[2014.11.17-20.57.53:853][325]LogModuleManager: Shutting down and abandoning module Toolbox (104)
[2014.11.17-20.57.53:853][325]LogModuleManager: Shutting down and abandoning module ModuleUI (103)
[2014.11.17-20.57.53:854][325]LogModuleManager: Shutting down and abandoning module Sequencer (102)
[2014.11.17-20.57.53:854][325]LogModuleManager: Shutting down and abandoning module MovieSceneTools (101)
[2014.11.17-20.57.53:854][325]LogModuleManager: Shutting down and abandoning module OutputLog (100)
[2014.11.17-20.57.53:854][325]LogModuleManager: Shutting down and abandoning module GammaUI (99)
[2014.11.17-20.57.53:854][325]LogModuleManager: Shutting down and abandoning module Documentation (98)
[2014.11.17-20.57.53:854][325]LogModuleManager: Shutting down and abandoning module GameLiveStreaming (97)
[2014.11.17-20.57.53:854][325]LogModuleManager: Shutting down and abandoning module DesktopPlatform (96)
[2014.11.17-20.57.53:854][325]LogModuleManager: Shutting down and abandoning module StreamingPauseRendering (95)
[2014.11.17-20.57.53:854][325]LogModuleManager: Shutting down and abandoning module AnalyticsET (94)
[2014.11.17-20.57.53:854][325]LogModuleManager: Shutting down and abandoning module Analytics (93)
[2014.11.17-20.57.53:854][325]LogModuleManager: Shutting down and abandoning module GameplayDebugger (92)
[2014.11.17-20.57.53:854][325]LogModuleManager: Shutting down and abandoning module AIModule (91)
[2014.11.17-20.57.53:854][325]LogModuleManager: Shutting down and abandoning module ProfilerService (90)
[2014.11.17-20.57.53:948][325]LogModuleManager: Shutting down and abandoning module TaskGraph (89)
[2014.11.17-20.57.53:948][325]LogModuleManager: Shutting down and abandoning module SlateRemote (88)
[2014.11.17-20.57.53:948][325]LogModuleManager: Shutting down and abandoning module ScriptEditorPlugin (87)
[2014.11.17-20.57.53:948][325]LogModuleManager: Shutting down and abandoning module CustomMeshComponent (86)
[2014.11.17-20.57.53:948][325]LogModuleManager: Shutting down and abandoning module CableComponent (85)
[2014.11.17-20.57.53:948][325]LogModuleManager: Shutting down and abandoning module MessagingDebugger (84)
[2014.11.17-20.57.53:948][325]LogModuleManager: Shutting down and abandoning module ViewportSnapping (83)
[2014.11.17-20.57.53:948][325]LogModuleManager: Shutting down and abandoning module SmartSnapping (82)
[2014.11.17-20.57.53:948][325]LogModuleManager: Shutting down and abandoning module PaperTiledImporter (81)
[2014.11.17-20.57.53:948][325]LogModuleManager: Shutting down and abandoning module PaperJsonImporter (80)
[2014.11.17-20.57.53:948][325]LogModuleManager: Shutting down and abandoning module GameProjectGeneration (79)
[2014.11.17-20.57.53:948][325]LogModuleManager: Shutting down and abandoning module Matinee (78)
[2014.11.17-20.57.53:948][325]LogModuleManager: Shutting down and abandoning module Kismet (77)
[2014.11.17-20.57.53:948][325]LogModuleManager: Shutting down and abandoning module SlateReflector (76)
[2014.11.17-20.57.53:948][325]LogModuleManager: Shutting down and abandoning module LevelEditor (75)
[2014.11.17-20.57.53:950][325]LogModuleManager: Shutting down and abandoning module IntroTutorials (74)
[2014.11.17-20.57.53:950][325]LogModuleManager: Shutting down and abandoning module ContentBrowser (73)
[2014.11.17-20.57.53:950][325]LogModuleManager: Shutting down and abandoning module PropertyEditor (72)
[2014.11.17-20.57.53:950][325]LogModuleManager: Shutting down and abandoning module AssetTools (71)
[2014.11.17-20.57.53:950][325]LogModuleManager: Shutting down and abandoning module Paper2DEditor (70)
[2014.11.17-20.57.53:950][325]LogModuleManager: Shutting down and abandoning module SpeedTreeImporter (69)
[2014.11.17-20.57.53:950][325]LogModuleManager: Shutting down and abandoning module PluginsEditor (68)
[2014.11.17-20.57.53:950][325]LogModuleManager: Shutting down and abandoning module MainFrame (67)
[2014.11.17-20.57.53:950][325]LogModuleManager: Shutting down and abandoning module EpicSurvey (66)
[2014.11.17-20.57.53:950][325]LogModuleManager: Shutting down and abandoning module VisualStudioSourceCodeAccess (65)
[2014.11.17-20.57.53:950][325]LogModuleManager: Shutting down and abandoning module UObjectPlugin (64)
[2014.11.17-20.57.53:950][325]LogModuleManager: Shutting down and abandoning module SubversionSourceControl (63)
[2014.11.17-20.57.53:950][325]LogModuleManager: Shutting down and abandoning module SourceControl (62)
[2014.11.17-20.57.53:950][325]LogModuleManager: Shutting down and abandoning module PerforceSourceControl (61)
[2014.11.17-20.57.53:950][325]LogModuleManager: Shutting down and abandoning module BlankPlugin (60)
[2014.11.17-20.57.53:950][325]LogModuleManager: Shutting down and abandoning module ScriptPlugin (59)
[2014.11.17-20.57.53:950][325]LogModuleManager: Shutting down and abandoning module UdpMessaging (58)
[2014.11.17-20.57.54:051][325]LogModuleManager: Shutting down and abandoning module Paper2D (57)
[2014.11.17-20.57.54:051][325]LogModuleManager: Shutting down and abandoning module WindowsMoviePlayer (56)
[2014.11.17-20.57.54:058][325]LogModuleManager: Shutting down and abandoning module ImageWrapper (55)
[2014.11.17-20.57.54:058][325]LogModuleManager: Shutting down and abandoning module OnlineBlueprintSupport (54)
[2014.11.17-20.57.54:058][325]LogModuleManager: Shutting down and abandoning module FunctionalTesting (53)
[2014.11.17-20.57.54:058][325]LogModuleManager: Shutting down and abandoning module CollisionAnalyzer (52)
[2014.11.17-20.57.54:058][325]LogModuleManager: Shutting down and abandoning module WorkspaceMenuStructure (51)
[2014.11.17-20.57.54:058][325]LogModuleManager: Shutting down and abandoning module MessageLog (50)
[2014.11.17-20.57.54:058][325]LogModuleManager: Shutting down and abandoning module UMGEditor (49)
[2014.11.17-20.57.54:058][325]LogModuleManager: Shutting down and abandoning module UMG (48)
[2014.11.17-20.57.54:058][325]LogModuleManager: Shutting down and abandoning module Slate (47)
[2014.11.17-20.57.54:058][325]LogModuleManager: Shutting down and abandoning module EditorStyle (46)
[2014.11.17-20.57.54:060][325]LogModuleManager: Shutting down and abandoning module SessionServices (45)
[2014.11.17-20.57.54:060][325]LogModuleManager: Shutting down and abandoning module SourceCodeAccess (44)
[2014.11.17-20.57.54:060][325]LogModuleManager: Shutting down and abandoning module HeadMountedDisplay (43)
[2014.11.17-20.57.54:060][325]LogModuleManager: Shutting down and abandoning module XAudio2 (42)
[2014.11.17-20.57.54:060][325]LogModuleManager: Shutting down and abandoning module Networking (40)
[2014.11.17-20.57.54:060][325]LogModuleManager: Shutting down and abandoning module Core (39)
[2014.11.17-20.57.54:060][325]LogModuleManager: Shutting down and abandoning module KismetCompiler (38)
[2014.11.17-20.57.54:060][325]LogModuleManager: Shutting down and abandoning module PhysXFormats (37)
[2014.11.17-20.57.54:060][325]LogModuleManager: Shutting down and abandoning module MeshUtilities (36)
[2014.11.17-20.57.54:060][325]LogModuleManager: Shutting down and abandoning module DerivedDataCache (35)
[2014.11.17-20.57.54:065][325]LogDerivedDataCache: Shutdown
[2014.11.17-20.57.54:065][325]LogModuleManager: Shutting down and abandoning module ShaderFormatOpenGL (34)
[2014.11.17-20.57.54:065][325]LogModuleManager: Shutting down and abandoning module ShaderFormatD3D (33)
[2014.11.17-20.57.54:065][325]LogModuleManager: Shutting down and abandoning module MetalShaderFormat (32)
[2014.11.17-20.57.54:065][325]LogModuleManager: Shutting down and abandoning module TextureFormatUncompressed (31)
[2014.11.17-20.57.54:065][325]LogModuleManager: Shutting down and abandoning module TextureFormatPVR (30)
[2014.11.17-20.57.54:065][325]LogModuleManager: Shutting down and abandoning module TextureFormatDXT (29)
[2014.11.17-20.57.54:065][325]LogModuleManager: Shutting down and abandoning module AudioFormatOpus (28)
[2014.11.17-20.57.54:065][325]LogModuleManager: Shutting down and abandoning module AudioFormatOgg (27)
[2014.11.17-20.57.54:065][325]LogModuleManager: Shutting down and abandoning module AudioFormatADPCM (26)
[2014.11.17-20.57.54:065][325]LogModuleManager: Shutting down and abandoning module Messaging (25)
[2014.11.17-20.57.54:065][325]LogModuleManager: Shutting down and abandoning module IOSTargetPlatform (24)
[2014.11.17-20.57.54:065][325]LogModuleManager: Shutting down and abandoning module WindowsTargetPlatform (23)
[2014.11.17-20.57.54:065][325]LogModuleManager: Shutting down and abandoning module WindowsServerTargetPlatform (22)
[2014.11.17-20.57.54:065][325]LogModuleManager: Shutting down and abandoning module WindowsNoEditorTargetPlatform (21)
[2014.11.17-20.57.54:065][325]LogModuleManager: Shutting down and abandoning module WindowsClientTargetPlatform (20)
[2014.11.17-20.57.54:065][325]LogModuleManager: Shutting down and abandoning module TargetPlatform (19)
[2014.11.17-20.57.54:065][325]LogModuleManager: Shutting down and abandoning module InputCore (18)
[2014.11.17-20.57.54:065][325]LogModuleManager: Shutting down and abandoning module Settings (17)
[2014.11.17-20.57.54:065][325]LogModuleManager: Shutting down and abandoning module ExampleDeviceProfileSelector (14)
[2014.11.17-20.57.54:065][325]LogModuleManager: Shutting down and abandoning module OculusRift (13)
[2014.11.17-20.57.54:065][325]LogModuleManager: Shutting down and abandoning module TextureCompressor (12)
[2014.11.17-20.57.54:065][325]LogModuleManager: Shutting down and abandoning module ShaderCore (11)
[2014.11.17-20.57.54:065][325]LogModuleManager: Shutting down and abandoning module OpenGLDrv (10)
[2014.11.17-20.57.54:065][325]LogModuleManager: Shutting down and abandoning module D3D11RHI (9)
[2014.11.17-20.57.54:065][325]LogModuleManager: Shutting down and abandoning module SlateRHIRenderer (8)
[2014.11.17-20.57.54:065][325]LogModuleManager: Shutting down and abandoning module Renderer (7)
[2014.11.17-20.57.54:065][325]LogModuleManager: Shutting down and abandoning module Engine (6)
[2014.11.17-20.57.54:065][325]LogModuleManager: Shutting down and abandoning module CoreUObject (5)
[2014.11.17-20.57.54:065][325]LogModuleManager: Shutting down and abandoning module NetworkFile (4)
[2014.11.17-20.57.54:065][325]LogModuleManager: Shutting down and abandoning module StreamingFile (3)
[2014.11.17-20.57.54:065][325]LogModuleManager: Shutting down and abandoning module SandboxFile (2)
[2014.11.17-20.57.54:065][325]LogModuleManager: Shutting down and abandoning module PakFile (1)
[2014.11.17-20.57.54:066][325]LogExit: Exiting.
[2014.11.17-20.57.54:077][325]Log file closed, 11/17/14 21:57:54
