Log file open, 11/19/14 00:55:49
LogInit:Display: Running engine for game: MyProject4
LogInit: Version: 4.4.3-0+UE4
LogInit: API Version: 0
LogInit: Compiled (64-bit): Sep 17 2014 07:16:51
LogInit: Build Configuration: Development
LogInit: Branch Name: UE4
LogInit: Command line: 
LogInit: Base directory: D:/Developer/UnrealEngine-4.4.3-release/UnrealEngine-4.4.3-release/Engine/Binaries/Win64/
LogInit: Rocket: 0
[2014.11.18-23.55.50:016][  0]LogTaskGraph: Started task graph with 3 named threads and 4 total threads.
[2014.11.18-23.55.50:046][  0]LogOnline:Warning: No default platform service specified for OnlineSubsystem
[2014.11.18-23.55.50:055][  0]LogInit: Presizing for 0 objects not considered by GC, pre-allocating 0 bytes.
[2014.11.18-23.55.50:065][  0]LogInit: Object subsystem initialized
[2014.11.18-23.55.50:068][  0]LogInit: Selected Device Profile: [Windows]
[2014.11.18-23.55.50:068][  0]LogInit: Applying CVar settings loaded from the selected device profile: [Windows]
[2014.11.18-23.55.50:090][  0]LogInit: Computer: ADAM
[2014.11.18-23.55.50:090][  0]LogInit: User: Adam
[2014.11.18-23.55.50:092][  0]LogInit: CPU Page size=4096, Cores=2
[2014.11.18-23.55.50:092][  0]LogInit: High frequency timer resolution =3.161619 MHz
[2014.11.18-23.55.50:092][  0]LogMemory: Memory total: Physical=3.0GB (3GB approx) Virtual=131072.0GB
[2014.11.18-23.55.50:092][  0]LogMemory: Platform Memory Stats for Windows
[2014.11.18-23.55.50:092][  0]LogMemory: Process Physical Memory: 59.95 MB used, 59.95 MB peak
[2014.11.18-23.55.50:092][  0]LogMemory: Process Virtual Memory: 35.98 MB used, 35.98 MB peak
[2014.11.18-23.55.50:092][  0]LogMemory: Physical Memory: 2459.72 MB used, 3071.55 MB total
[2014.11.18-23.55.50:092][  0]LogMemory: Virtual Memory: 266.03 MB used, 134217728.00 MB total
[2014.11.18-23.55.50:132][  0]LogD3D11RHI: Found D3D11 adapter 0: NVIDIA GeForce GTX 780 (Feature Level 11_0)
[2014.11.18-23.55.50:132][  0]LogD3D11RHI: Adapter has 2988MB of dedicated video memory, 0MB of dedicated system memory, and 1535MB of shared system memory, 2 output[s]
[2014.11.18-23.55.50:134][  0]LogD3D11RHI: Found D3D11 adapter 1: Microsoft Basic Render Driver (Feature Level 11_0)
[2014.11.18-23.55.50:134][  0]LogD3D11RHI: Adapter has 0MB of dedicated video memory, 0MB of dedicated system memory, and 256MB of shared system memory, 0 output[s]
[2014.11.18-23.55.50:134][  0]LogD3D11RHI: Chosen D3D11 Adapter Id = 0
[2014.11.18-23.55.50:148][  0]LogRHI: Texture pool is 1361 MB (70% of 1945 MB)
[2014.11.18-23.55.50:164][  0]LogD3D11RHI: Async texture creation enabled
[2014.11.18-23.55.50:376][  0]LogContentStreaming: Texture pool size is 0.000000MB
[2014.11.18-23.55.52:008][  0]LogTargetPlatformManager:Display: Building Assets For Windows
[2014.11.18-23.55.52:529][  0]LogTargetPlatformManager:Display: Building Assets For Windows
[2014.11.18-23.55.52:573][  0]LogDerivedDataCache:Display: Max Cache Size: 512 MB
[2014.11.18-23.55.54:600][  0]LogDerivedDataCache: Loaded boot cache 2.03s 39MB ../../../../../Jablo/UNREAL_AKTUALNY_PROJEKT/MyProject4/DerivedDataCache/Boot.ddc.
[2014.11.18-23.55.54:600][  0]LogDerivedDataCache:Display: Loaded Boot cache: ../../../../../Jablo/UNREAL_AKTUALNY_PROJEKT/MyProject4/DerivedDataCache/Boot.ddc
[2014.11.18-23.55.54:600][  0]LogDerivedDataCache: FDerivedDataBackendGraph:  Pak pak cache file ../../../../../Jablo/UNREAL_AKTUALNY_PROJEKT/MyProject4/DerivedDataCache/DDC.ddp not found, will not use a pak cache.
[2014.11.18-23.55.54:600][  0]LogDerivedDataCache: Unable to find inner node Pak for hierarchical cache Hierarchy.
[2014.11.18-23.55.54:601][  0]LogDerivedDataCache: FDerivedDataBackendGraph:  EnginePak pak cache file ../../../Engine/DerivedDataCache/DDC.ddp not found, will not use a pak cache.
[2014.11.18-23.55.54:601][  0]LogDerivedDataCache: Unable to find inner node EnginePak for hierarchical cache Hierarchy.
[2014.11.18-23.55.54:616][  0]LogDerivedDataCache: Using Local data cache path ../../../Engine/DerivedDataCache: Writable
[2014.11.18-23.55.54:616][  0]LogDerivedDataCache: Shared data cache path not found in *engine.ini, will not use an Shared cache.
[2014.11.18-23.55.54:616][  0]LogDerivedDataCache: Unable to find inner node Shared for hierarchical cache Hierarchy.
[2014.11.18-23.55.54:869][  0]LogMeshUtilities: No automatic mesh reduction module available
[2014.11.18-23.55.54:870][  0]LogMeshUtilities: No automatic mesh merging module available
[2014.11.18-23.55.55:779][  0]LogInit: WinSock: version 1.1 (2.2), MaxSocks=32767, MaxUdp=65467
[2014.11.18-23.55.56:792][  0]LogStats:Warning: MetaData mismatch. Did you assign a stat to two groups? New //STATGROUP_Threads//FMonitoredProcess///Thread_25f4_0///////STATCAT_Advanced//// old //STATGROUP_Threads//FMonitoredProcess///Thread_1c34_0///////STATCAT_Advanced////
[2014.11.18-23.55.56:792][  0]UdpMessaging: Initializing bridge on interface 0.0.0.0:0 to multicast group 230.0.0.1:6666.
[2014.11.18-23.55.56:899][  0]SourceControl: Info Source control is disabled
[2014.11.18-23.55.56:899][  0]SourceControl: Info Source control is disabled
[2014.11.18-23.55.56:906][  0]SourceControl: Info Source control is disabled
[2014.11.18-23.55.57:110][  0]BlueprintLog: New page: Editor Load
[2014.11.18-23.55.57:215][  0]LogObj: 21438 objects as part of root set at end of initial load.
[2014.11.18-23.55.57:215][  0]LogUObjectAllocator: 4218656 out of 0 bytes used by permanent object pool.
[2014.11.18-23.55.57:560][  0]LogEngine: Initializing Engine...
[2014.11.18-23.55.57:834][  0]LogInit: XAudio2 using 'GBo[niki (USB Multi-Channel Audio Device)' : 6 channels at 48 kHz using 32 bits per sample (channel mask 0x60f)
[2014.11.18-23.55.57:844][  0]LogInit: FAudioDevice initialized.
[2014.11.18-23.55.57:864][  0]LogAIModule: Creating AISystem for world NewWorld
[2014.11.18-23.55.57:945][  0]LogDerivedDataCache: Saved boot cache 0.08s 39MB ../../../../../Jablo/UNREAL_AKTUALNY_PROJEKT/MyProject4/DerivedDataCache/Boot.ddc.
[2014.11.18-23.55.58:022][  0]LogInit: Texture streaming: Enabled
[2014.11.18-23.55.58:056][  0]LogInit: Transaction tracking system initialized
[2014.11.18-23.55.58:177][  0]LogAssetRegistry: FAssetRegistry took 0.0110 seconds to start up
[2014.11.18-23.55.58:869][  0]LogTargetPlatformManager:Display: Building Assets For Windows
[2014.11.18-23.55.59:328][  0]LogTargetPlatformManager:Display: Building Assets For Windows
[2014.11.18-23.55.59:364][  0]LogModuleManager:Warning: ModuleManager: Unable to load module 'AndroidRuntimeSettings' because the file 'D:/Developer/UnrealEngine-4.4.3-release/UnrealEngine-4.4.3-release/Engine/Binaries/Win64/' was not found.
[2014.11.18-23.55.59:370][  0]LogModuleManager:Warning: ModuleManager: Unable to load module 'AndroidPlatformEditor' because the file 'D:/Developer/UnrealEngine-4.4.3-release/UnrealEngine-4.4.3-release/Engine/Binaries/Win64/' was not found.
[2014.11.18-23.55.59:462][  0]LogConsoleResponse:Display: 
[2014.11.18-23.55.59:692][  0]LogStats:Warning: MetaData mismatch. Did you assign a stat to two groups? New //STATGROUP_Threads//FMonitoredProcess///Thread_1134_0///////STATCAT_Advanced//// old //STATGROUP_Threads//FMonitoredProcess///Thread_1c34_0///////STATCAT_Advanced////
[2014.11.18-23.55.59:693][  0]LogStats:Warning: MetaData mismatch. Did you assign a stat to two groups? New //STATGROUP_Threads//FMonitoredProcess///Thread_1698_0///////STATCAT_Advanced//// old //STATGROUP_Threads//FMonitoredProcess///Thread_1c34_0///////STATCAT_Advanced////
[2014.11.18-23.55.59:693][  0]SourceControl: Info Source control is disabled
[2014.11.18-23.55.59:693][  0]Cmd: MAP LOAD FILE="../../../../../Jablo/UNREAL_AKTUALNY_PROJEKT/MyProject4/Content/Maps/Minimal_Default.umap" TEMPLATE=0 SHOWPROGRESS=1
[2014.11.18-23.55.59:708][  0]LightingResults: New page: Lighting Build
[2014.11.18-23.55.59:717][  0]MapCheck: New page: Map Check
[2014.11.18-23.55.59:717][  0]LightingResults: New page: Lighting Build
[2014.11.18-23.56.00:608][  0]LogParticles: Destroying 0 GPU particle simulations for FXSystem 0x00000022F18A07C0
[2014.11.18-23.56.02:041][  0]LogEditorServer: Finished looking for orphan Actors (0.000 secs)
[2014.11.18-23.56.02:041][  0]LogAIModule: Creating AISystem for world Minimal_Default
[2014.11.18-23.56.02:071][  0]Cmd: MAP CHECKDEP
[2014.11.18-23.56.02:071][  0]MapCheck: New page: Minimal_Default - 19 Nov 2014 01:56:02
[2014.11.18-23.56.02:139][  0]MapCheck: Info ========== Map Check: 0 Error(s), 0 Warning(s), [67,793ms] ==========
[2014.11.18-23.56.02:139][  0]LogFileHelpers: Loading map 'Minimal_Default' took 2.447
[2014.11.18-23.56.03:234][  0]LogCollectionManager: Loaded 0 collections in 0.002592 seconds
[2014.11.18-23.56.04:912][  0]LogCrashTracker: Crashtracker disabled due to settings.
[2014.11.18-23.56.05:198][  0]LogInit: Using libcurl 7.34.0
[2014.11.18-23.56.05:198][  0]LogInit:  - built for x86_64-pc-win32
[2014.11.18-23.56.05:199][  0]LogInit:  - supports SSL with WinSSL
[2014.11.18-23.56.05:199][  0]LogInit:  - other features:
[2014.11.18-23.56.05:199][  0]LogInit:      CURL_VERSION_SSL
[2014.11.18-23.56.05:199][  0]LogInit:      CURL_VERSION_ASYNCHDNS
[2014.11.18-23.56.05:199][  0]LogInit:      CURL_VERSION_LARGEFILE
[2014.11.18-23.56.05:199][  0]LogInit:      CURL_VERSION_IDN
[2014.11.18-23.56.05:199][  0]LogInit: Libcurl will NOT reuse connections
[2014.11.18-23.56.05:243][  0]LogLoad: Full Startup: 17.59 seconds (BP compile: 0.17 seconds)
[2014.11.18-23.56.05:258][  0]LogContentBrowser:Verbose: The content browser source was changed by the sources view to '/Game/Props'
[2014.11.18-23.56.06:404][  0]LogRenderer:Warning: Reallocating scene render targets to support 664x584.
[2014.11.18-23.56.07:595][  3]LogAssetRegistry: Asset discovery search completed in 9.4300 seconds
[2014.11.19-00.01.28:957][653]LogPlayLevel: PIE:  No blueprints needed recompiling
[2014.11.19-00.01.28:966][653]PIE: New page: SIE session: Minimal_Default (19 Nov 2014 02:01:28)
[2014.11.19-00.01.29:030][653]LogPlayLevel: PIE: StaticDuplicateObject took: (0.063788s)
[2014.11.19-00.01.29:033][653]LogPlayLevel: PIE: World Init took: (0.002678s)
[2014.11.19-00.01.29:033][653]LogPlayLevel: PIE: Created PIE world by copying editor world from /Game/Maps/Minimal_Default.Minimal_Default to /Game/Maps/UEDPIE_0_Minimal_Default.Minimal_Default (0.066741s)
[2014.11.19-00.01.29:056][653]LogSelection:Warning: PIE object was selected: "NavMeshBoundsVolume /Game/Maps/UEDPIE_0_Minimal_Default.Minimal_Default:PersistentLevel.NavMeshBoundsVolume_1"
[2014.11.19-00.01.29:454][653]LogWorld: Game class is 'BP_TrybGry_C'
[2014.11.19-00.01.29:671][653]LogAIModule: Creating AISystem for world Minimal_Default
[2014.11.19-00.01.29:673][653]LogWorld:Warning: *** WARNING - PATHS MAY NOT BE VALID ***
[2014.11.19-00.01.29:673][653]LogWorld: Bringing World /Game/Maps/UEDPIE_0_Minimal_Default.Minimal_Default up for play (max tick rate 0) at 2014.11.19-01.01.29
[2014.11.19-00.01.29:766][653]LogWorld: Bringing up level for play took: 0.089885
[2014.11.19-00.01.29:933][653]PIE: Info Play in editor start time for /Game/Maps/UEDPIE_0_Minimal_Default 0,978
[2014.11.19-00.01.30:017][653]LogAudioDerivedData:Display: Building compressed audio format OGG wave PossessPlayer...
[2014.11.19-00.01.30:395][653]LogSelection:Warning: PIE object was selected: "NavMeshBoundsVolume /Game/Maps/UEDPIE_0_Minimal_Default.Minimal_Default:PersistentLevel.NavMeshBoundsVolume_1"
[2014.11.19-00.01.30:866][654]LogRenderer:Warning: Reallocating scene render targets to support 664x592.
[2014.11.19-00.01.38:028][919]LogAudioDerivedData:Display: Building compressed audio format OGG wave EndSimulate...
[2014.11.19-00.01.38:151][919]LogActorComponent: UnregisterComponent: (/Engine/Transient.CharacterMovementComponent_0) Not registered. Aborting.
[2014.11.19-00.01.38:271][919]LogParticles: Destroying 0 GPU particle simulations for FXSystem 0x00000022F46EE660
[2014.11.19-00.02.40:052][339]LogPlayLevel: PIE:  No blueprints needed recompiling
[2014.11.19-00.02.40:052][339]PIE: New page: SIE session: Minimal_Default (19 Nov 2014 02:02:40)
[2014.11.19-00.02.40:062][339]LogPlayLevel: PIE: StaticDuplicateObject took: (0.009812s)
[2014.11.19-00.02.40:065][339]LogPlayLevel: PIE: World Init took: (0.003487s)
[2014.11.19-00.02.40:066][339]LogPlayLevel: PIE: Created PIE world by copying editor world from /Game/Maps/Minimal_Default.Minimal_Default to /Game/Maps/UEDPIE_0_Minimal_Default.Minimal_Default (0.013810s)
[2014.11.19-00.02.40:067][339]LogSelection:Warning: PIE object was selected: "NavMeshBoundsVolume /Game/Maps/UEDPIE_0_Minimal_Default.Minimal_Default:PersistentLevel.NavMeshBoundsVolume_1"
[2014.11.19-00.02.40:117][339]LogWorld: Game class is 'BP_TrybGry_C'
[2014.11.19-00.02.40:119][339]LogAIModule: Creating AISystem for world Minimal_Default
[2014.11.19-00.02.40:121][339]LogWorld:Warning: *** WARNING - PATHS MAY NOT BE VALID ***
[2014.11.19-00.02.40:121][339]LogWorld: Bringing World /Game/Maps/UEDPIE_0_Minimal_Default.Minimal_Default up for play (max tick rate 0) at 2014.11.19-01.02.40
[2014.11.19-00.02.40:122][339]LogWorld: Bringing up level for play took: 0.003113
[2014.11.19-00.02.40:123][339]PIE: Info Play in editor start time for /Game/Maps/UEDPIE_0_Minimal_Default -0,832
[2014.11.19-00.02.40:142][339]LogSelection:Warning: PIE object was selected: "NavMeshBoundsVolume /Game/Maps/UEDPIE_0_Minimal_Default.Minimal_Default:PersistentLevel.NavMeshBoundsVolume_1"
[2014.11.19-00.02.48:535][612]LogSelection:Warning: PIE object was selected: "RecastNavMesh /Game/Maps/UEDPIE_0_Minimal_Default.Minimal_Default:PersistentLevel.RecastNavMesh-Default"
[2014.11.19-00.03.06:226][251]LogParticles: Destroying 0 GPU particle simulations for FXSystem 0x00000022E916D8A0
[2014.11.19-00.03.09:968][431]MapCheck: New page: Map Check
[2014.11.19-00.03.10:096][431]Cmd: MAP CHECK DONTDISPLAYDIALOG
[2014.11.19-00.03.10:097][431]MapCheck: New page: Minimal_Default - 19 Nov 2014 02:03:10
[2014.11.19-00.03.10:236][431]MapCheck: Info ========== Map Check: 0 Error(s), 0 Warning(s), [138,934ms] ==========
[2014.11.19-00.03.10:258][431]LogEditorBuildUtils: Build time 0:00:00
[2014.11.19-00.05.42:062][284]Cmd: BRUSH ADD SELECTNEWBRUSH
[2014.11.19-00.05.51:897][647]Cmd: DELETE
[2014.11.19-00.05.51:897][647]Cmd: ACTOR DELETE
[2014.11.19-00.05.52:071][647]LogEditorActor: Deleted Actor: Brush
[2014.11.19-00.05.52:137][647]LogEditorActor: Deleted 1 Actors (0.097 secs)
[2014.11.19-00.06.26:469][219]LogMaterial: Missing cached shader map for material FoliageBrushSphereMaterial, compiling.
[2014.11.19-00.06.27:839][226]LogMaterial: Missing cached shader map for material CircleBrushMaterial, compiling.
[2014.11.19-00.06.27:990][226]LogMaterial: Missing cached shader map for material CircleBrushMaterial, compiling.
[2014.11.19-00.06.28:012][226]LogMaterial: Missing cached shader map for material CircleBrushMaterial, compiling.
[2014.11.19-00.06.28:189][226]LogMaterial: Missing cached shader map for material CircleBrushMaterial, compiling.
[2014.11.19-00.06.28:258][226]LogActorComponent: UnregisterComponent: (/Engine/Transient.StaticMeshComponent_12) Not registered. Aborting.
[2014.11.19-00.06.28:565][226]LogTexture:Display: Building textures: Texture2D_2 (G8)
[2014.11.19-00.06.46:575][813]LogSavePackage: Save=210.400116ms
[2014.11.19-00.06.46:575][813]LogSavePackage: Moving '../../../../../Jablo/UNREAL_AKTUALNY_PROJEKT/MyProject4/Saved/Minimal_Default_Auto1D22B13D64AD2031B68AF2DAFC3330090.tmp' to '../../../../../Jablo/UNREAL_AKTUALNY_PROJEKT/MyProject4/Saved/Autosaves/Game/Maps/Minimal_Default_Auto1.umap'
[2014.11.19-00.06.46:618][813]LogFileHelpers: Editor autosave (incl. sublevels) for '/Game/Maps/Minimal_Default' took 0.618
[2014.11.19-00.06.46:618][813]LogFileHelpers: Editor autosave (incl. sublevels) for all levels took 0.618
[2014.11.19-00.06.46:656][813]OBJ SavePackage: Generating thumbnails for [1] asset(s) in package [/Game/Blueprints/Mechanika/BP_Postac] ([1] browsable assets)...
[2014.11.19-00.06.46:727][813]OBJ SavePackage:     Rendered thumbnail for [Blueprint /Game/Blueprints/Mechanika/BP_Postac.BP_Postac]
[2014.11.19-00.06.46:727][813]OBJ SavePackage: Finished generating thumbnails for package [/Game/Blueprints/Mechanika/BP_Postac]
[2014.11.19-00.06.47:505][813]LogSavePackage: Save=699.383789ms
[2014.11.19-00.06.47:505][813]LogSavePackage: Moving '../../../../../Jablo/UNREAL_AKTUALNY_PROJEKT/MyProject4/Saved/BP_Postac_Auto1632AFE7F4D177E59EE1DC993F68A82E7.tmp' to '../../../../../Jablo/UNREAL_AKTUALNY_PROJEKT/MyProject4/Saved/Autosaves/Game/Blueprints/Mechanika/BP_Postac_Auto1.uasset'
[2014.11.19-00.06.47:537][813]LogFileHelpers: Auto-saving content packages took 0.919
[2014.11.19-00.07.20:321][508]LogEditorViewport: Clicking on Actor (LMB): NavMeshBoundsVolume (NavMeshBoundsVolume1)
[2014.11.19-00.09.44:053][274]MapCheck: New page: Map Check
[2014.11.19-00.09.44:085][274]Cmd: MAP REBUILD ALLVISIBLE
[2014.11.19-00.09.44:096][274]LogEditorServer: Rebuildmap Clear paths rebuilt
[2014.11.19-00.09.44:171][274]LogInstancedFoliage: Map Rebuilt - Update all BSP painted foliage!
[2014.11.19-00.09.44:226][274]LightingResults: New page: Lighting Build - 19 Nov 2014 02:09:44
[2014.11.19-00.10.14:735][274]LogStaticLightingSystem:Warning: No importance volume found, so the scene bounding box was used.  You can optimize your scene's quality and lighting build times by adding importance volumes.
[2014.11.19-00.10.14:759][274]LogStaticLightingSystem: Running Lightmass w/ ImmediateImport mode ENABLED
[2014.11.19-00.10.14:759][274]LogStaticLightingSystem: Running Lightmass w/ ImmediateProcess mode ENABLED
[2014.11.19-00.10.14:759][274]LogStaticLightingSystem: Running Lightmass w/ Sorting mode ENABLED
[2014.11.19-00.10.14:759][274]LogStaticLightingSystem: Running Lightmass w/ Mapping paddings ENABLED
[2014.11.19-00.10.14:759][274]LogStaticLightingSystem: Running Lightmass w/ Mapping debug paddings DISABLED
[2014.11.19-00.10.15:327][274]LogEditorBuildUtils: Build time 0:00:31
[2014.11.19-00.10.41:969][282]LogActorComponent: UnregisterComponent: (/Engine/Transient.CharacterMovementComponent_1) Not registered. Aborting.
[2014.11.19-00.10.55:777][415]Job is a success!
[2014.11.19-00.10.56:333][416]LogTexture:Display: Building textures: HQ_Lightmap1_1 (AutoDXT)
[2014.11.19-00.10.56:403][416]LogTexture:Display: Building textures: LQ_Lightmap_1_2 (DXT1)
[2014.11.19-00.10.56:416][416]LogTexture:Display: Building textures: HQ_Lightmap1_2 (AutoDXT)
[2014.11.19-00.10.56:449][416]LogTexture:Display: Building textures: LQ_Lightmap_1_1 (DXT1)
[2014.11.19-00.10.56:531][416]LogTexture:Display: Building textures: ShadowMapTexture2D_2 (BGRA8)
[2014.11.19-00.10.56:586][416]LogTexture:Display: Building textures: ShadowMapTexture2D_3 (BGRA8)
[2014.11.19-00.11.05:191][416]Lightmass on ADAM: 11.2 sec total, 1.64 sec importing, 3 ms setup, 1.52 sec photons, 7.28 sec processing, 0 ms extra exporting [3/3 mappings]. Threads: 21.6 sec total, 10.2 sec processing.
[2014.11.19-00.11.05:228][416]LogStaticLightingSystem:Warning: Illumination: 1:20 min (452 ms encoding lightmaps)
[2014.11.19-00.11.05:228][416]LogStaticLightingSystem: Lightmap texture memory:  0.1 MB (0.1 MB streaming, 0.0 MB non-streaming), 4 textures
[2014.11.19-00.11.05:228][416]LogStaticLightingSystem: Shadowmap texture memory: 0.0 MB (0.0 MB streaming, 0.0 MB non-streaming), 2 textures
[2014.11.19-00.11.05:829][417]Cmd: MAP CHECK NOTIFYRESULTS
[2014.11.19-00.11.05:831][417]MapCheck: New page: Minimal_Default - 19 Nov 2014 02:11:05
[2014.11.19-00.11.05:956][417]MapCheck: Info ========== Map Check: 0 Error(s), 0 Warning(s), [126,141ms] ==========
[2014.11.19-00.11.29:651][212]LogPlayLevel: PIE:  No blueprints needed recompiling
[2014.11.19-00.11.29:651][212]PIE: New page: SIE session: Minimal_Default (19 Nov 2014 02:11:29)
[2014.11.19-00.11.29:670][212]LogPlayLevel: PIE: StaticDuplicateObject took: (0.018861s)
[2014.11.19-00.11.29:673][212]LogPlayLevel: PIE: World Init took: (0.002923s)
[2014.11.19-00.11.29:673][212]LogPlayLevel: PIE: Created PIE world by copying editor world from /Game/Maps/Minimal_Default.Minimal_Default to /Game/Maps/UEDPIE_0_Minimal_Default.Minimal_Default (0.022048s)
[2014.11.19-00.11.29:674][212]LogSelection:Warning: PIE object was selected: "NavMeshBoundsVolume /Game/Maps/UEDPIE_0_Minimal_Default.Minimal_Default:PersistentLevel.NavMeshBoundsVolume_1"
[2014.11.19-00.11.29:708][212]LogWorld: Game class is 'BP_TrybGry_C'
[2014.11.19-00.11.29:710][212]LogAIModule: Creating AISystem for world Minimal_Default
[2014.11.19-00.11.29:713][212]LogWorld:Warning: *** WARNING - PATHS MAY NOT BE VALID ***
[2014.11.19-00.11.29:713][212]LogWorld: Bringing World /Game/Maps/UEDPIE_0_Minimal_Default.Minimal_Default up for play (max tick rate 0) at 2014.11.19-01.11.29
[2014.11.19-00.11.29:713][212]LogWorld: Bringing up level for play took: 0.003730
[2014.11.19-00.11.29:715][212]PIE: Info Play in editor start time for /Game/Maps/UEDPIE_0_Minimal_Default 0,759
[2014.11.19-00.11.29:735][212]LogSelection:Warning: PIE object was selected: "NavMeshBoundsVolume /Game/Maps/UEDPIE_0_Minimal_Default.Minimal_Default:PersistentLevel.NavMeshBoundsVolume_1"
[2014.11.19-00.11.32:718][301]LogSelection:Warning: PIE object was selected: "RecastNavMesh /Game/Maps/UEDPIE_0_Minimal_Default.Minimal_Default:PersistentLevel.RecastNavMesh-Default"
[2014.11.19-00.12.08:760][748]LogParticles: Destroying 0 GPU particle simulations for FXSystem 0x00000022EB58E700
[2014.11.19-00.12.18:162][109]LogTexture:Display: Building textures: Texture2D_3 (G8)
[2014.11.19-00.12.20:215][179]LogActorComponent: UnregisterComponent: (/Engine/Transient.StaticMeshComponent_12) Not registered. Aborting.
[2014.11.19-00.12.23:172][292]LogEditorViewport: Clicking on Actor (LMB): BP_Sky_Sphere_C (BP_Sky_Sphere)
[2014.11.19-00.14.21:850][332]Cmd: QUIT_EDITOR
[2014.11.19-00.14.22:221][332]LogWindowsTextInputMethodSystem:Error: Terminating failed while unadvising the language notification sink from the TSF source.
[2014.11.19-00.14.22:269][332]LogExit: Preparing to exit.
[2014.11.19-00.14.22:942][332]LogExit: Editor shut down
[2014.11.19-00.14.22:943][332]LogExit: Transaction tracking system shut down
[2014.11.19-00.14.22:945][332]LogParticles: Destroying 0 GPU particle simulations for FXSystem 0x00000022F136EAC0
[2014.11.19-00.14.22:945][332]LogParticles: Destroying 0 GPU particle simulations for FXSystem 0x00000022FA269D00
[2014.11.19-00.14.22:946][332]LogParticles: Destroying 0 GPU particle simulations for FXSystem 0x00000022FA479E40
[2014.11.19-00.14.23:814][332]LogExit: Object subsystem successfully closed.
[2014.11.19-00.14.24:574][332]LogModuleManager: Shutting down and abandoning module HTTP (153)
[2014.11.19-00.14.24:596][332]LogModuleManager: Shutting down and abandoning module CrashTracker (152)
[2014.11.19-00.14.24:596][332]LogModuleManager: Shutting down and abandoning module SuperSearch (151)
[2014.11.19-00.14.24:608][332]LogModuleManager: Shutting down and abandoning module SceneOutliner (150)
[2014.11.19-00.14.24:608][332]LogModuleManager: Shutting down and abandoning module EditorWidgets (149)
[2014.11.19-00.14.24:608][332]LogModuleManager: Shutting down and abandoning module CollectionManager (148)
[2014.11.19-00.14.24:622][332]LogModuleManager: Shutting down and abandoning module StatsViewer (147)
[2014.11.19-00.14.24:636][332]LogModuleManager: Shutting down and abandoning module FoliageEdit (146)
[2014.11.19-00.14.24:636][332]LogModuleManager: Shutting down and abandoning module LandscapeEditor (145)
[2014.11.19-00.14.24:636][332]LogModuleManager: Shutting down and abandoning module MeshPaint (144)
[2014.11.19-00.14.24:636][332]LogModuleManager: Shutting down and abandoning module ActorPickerMode (143)
[2014.11.19-00.14.24:636][332]LogModuleManager: Shutting down and abandoning module GeometryMode (142)
[2014.11.19-00.14.24:636][332]LogModuleManager: Shutting down and abandoning module TextureAlignMode (141)
[2014.11.19-00.14.24:636][332]LogModuleManager: Shutting down and abandoning module BspMode (140)
[2014.11.19-00.14.24:636][332]LogModuleManager: Shutting down and abandoning module PlacementMode (139)
[2014.11.19-00.14.24:636][332]LogModuleManager: Shutting down and abandoning module DesktopPlatform (138)
[2014.11.19-00.14.24:658][332]LogModuleManager: Shutting down and abandoning module AutomationWorker (137)
[2014.11.19-00.14.24:658][332]LogModuleManager: Shutting down and abandoning module EditorLiveStreaming (136)
[2014.11.19-00.14.24:666][332]LogModuleManager: Shutting down and abandoning module BehaviorTreeEditor (135)
[2014.11.19-00.14.24:699][332]LogModuleManager: Shutting down and abandoning module DeviceProfileEditor (134)
[2014.11.19-00.14.24:709][332]LogModuleManager: Shutting down and abandoning module UndoHistory (133)
[2014.11.19-00.14.24:709][332]LogModuleManager: Shutting down and abandoning module GameplayTagsEditor (132)
[2014.11.19-00.14.24:709][332]LogModuleManager: Shutting down and abandoning module UserFeedback (131)
[2014.11.19-00.14.24:709][332]LogModuleManager: Shutting down and abandoning module XmlParser (130)
[2014.11.19-00.14.24:722][332]LogModuleManager: Shutting down and abandoning module Blutility (129)
[2014.11.19-00.14.24:723][332]LogModuleManager: Shutting down and abandoning module IOSPlatformEditor (128)
[2014.11.19-00.14.24:723][332]LogModuleManager: Shutting down and abandoning module IOSRuntimeSettings (127)
[2014.11.19-00.14.24:723][332]LogModuleManager: Shutting down and abandoning module ProjectTargetPlatformEditor (124)
[2014.11.19-00.14.24:729][332]LogModuleManager: Shutting down and abandoning module ProjectSettingsViewer (123)
[2014.11.19-00.14.24:729][332]LogModuleManager: Shutting down and abandoning module InputBindingEditor (122)
[2014.11.19-00.14.24:757][332]LogModuleManager: Shutting down and abandoning module EditorSettingsViewer (121)
[2014.11.19-00.14.24:757][332]LogModuleManager: Shutting down and abandoning module SettingsEditor (120)
[2014.11.19-00.14.24:770][332]LogModuleManager: Shutting down and abandoning module SessionLauncher (119)
[2014.11.19-00.14.24:781][332]LogModuleManager: Shutting down and abandoning module SessionFrontend (118)
[2014.11.19-00.14.24:784][332]LogModuleManager: Shutting down and abandoning module ProfilerClient (117)
[2014.11.19-00.14.24:794][332]LogModuleManager: Shutting down and abandoning module TargetDeviceServices (116)
[2014.11.19-00.14.24:794][332]LogModuleManager: Shutting down and abandoning module DeviceManager (115)
[2014.11.19-00.14.24:808][332]LogModuleManager: Shutting down and abandoning module AutomationController (114)
[2014.11.19-00.14.24:815][332]LogModuleManager: Shutting down and abandoning module AutomationWindow (113)
[2014.11.19-00.14.24:825][332]LogModuleManager: Shutting down and abandoning module Layers (112)
[2014.11.19-00.14.24:825][332]LogModuleManager: Shutting down and abandoning module ComponentVisualizers (111)
[2014.11.19-00.14.24:825][332]LogModuleManager: Shutting down and abandoning module DetailCustomizations (110)
[2014.11.19-00.14.24:843][332]LogModuleManager: Shutting down and abandoning module PackagesDialog (109)
[2014.11.19-00.14.24:843][332]LogModuleManager: Shutting down and abandoning module DirectoryWatcher (108)
[2014.11.19-00.14.24:844][332]LogModuleManager: Shutting down and abandoning module AssetRegistry (107)
[2014.11.19-00.14.24:961][332]LogModuleManager: Shutting down and abandoning module Persona (106)
[2014.11.19-00.14.24:999][332]LogModuleManager: Shutting down and abandoning module GraphEditor (105)
[2014.11.19-00.14.24:999][332]LogModuleManager: Shutting down and abandoning module ClassViewer (104)
[2014.11.19-00.14.24:999][332]LogModuleManager: Shutting down and abandoning module Toolbox (103)
[2014.11.19-00.14.24:999][332]LogModuleManager: Shutting down and abandoning module ModuleUI (102)
[2014.11.19-00.14.25:007][332]LogModuleManager: Shutting down and abandoning module Sequencer (101)
[2014.11.19-00.14.25:034][332]LogModuleManager: Shutting down and abandoning module MovieSceneTools (100)
[2014.11.19-00.14.25:074][332]LogModuleManager: Shutting down and abandoning module OutputLog (99)
[2014.11.19-00.14.25:074][332]LogModuleManager: Shutting down and abandoning module GammaUI (98)
[2014.11.19-00.14.25:088][332]LogModuleManager: Shutting down and abandoning module Documentation (97)
[2014.11.19-00.14.25:088][332]LogModuleManager: Shutting down and abandoning module GameLiveStreaming (96)
[2014.11.19-00.14.25:098][332]LogModuleManager: Shutting down and abandoning module StreamingPauseRendering (95)
[2014.11.19-00.14.25:110][332]LogModuleManager: Shutting down and abandoning module AnalyticsET (94)
[2014.11.19-00.14.25:110][332]LogModuleManager: Shutting down and abandoning module Analytics (93)
[2014.11.19-00.14.25:110][332]LogModuleManager: Shutting down and abandoning module GameplayDebugger (92)
[2014.11.19-00.14.25:110][332]LogModuleManager: Shutting down and abandoning module AIModule (91)
[2014.11.19-00.14.25:123][332]LogModuleManager: Shutting down and abandoning module ProfilerService (90)
[2014.11.19-00.14.25:323][332]LogModuleManager: Shutting down and abandoning module TaskGraph (89)
[2014.11.19-00.14.25:337][332]LogModuleManager: Shutting down and abandoning module SlateRemote (88)
[2014.11.19-00.14.25:338][332]LogModuleManager: Shutting down and abandoning module ScriptEditorPlugin (87)
[2014.11.19-00.14.25:338][332]LogModuleManager: Shutting down and abandoning module CustomMeshComponent (86)
[2014.11.19-00.14.25:338][332]LogModuleManager: Shutting down and abandoning module CableComponent (85)
[2014.11.19-00.14.25:338][332]LogModuleManager: Shutting down and abandoning module MessagingDebugger (84)
[2014.11.19-00.14.25:369][332]LogModuleManager: Shutting down and abandoning module ViewportSnapping (83)
[2014.11.19-00.14.25:369][332]LogModuleManager: Shutting down and abandoning module SmartSnapping (82)
[2014.11.19-00.14.25:369][332]LogModuleManager: Shutting down and abandoning module PaperTiledImporter (81)
[2014.11.19-00.14.25:369][332]LogModuleManager: Shutting down and abandoning module PaperJsonImporter (80)
[2014.11.19-00.14.25:369][332]LogModuleManager: Shutting down and abandoning module GameProjectGeneration (79)
[2014.11.19-00.14.25:369][332]LogModuleManager: Shutting down and abandoning module Matinee (78)
[2014.11.19-00.14.25:388][332]LogModuleManager: Shutting down and abandoning module Kismet (77)
[2014.11.19-00.14.25:423][332]LogModuleManager: Shutting down and abandoning module SlateReflector (76)
[2014.11.19-00.14.25:440][332]LogModuleManager: Shutting down and abandoning module LevelEditor (75)
[2014.11.19-00.14.25:464][332]LogModuleManager: Shutting down and abandoning module IntroTutorials (74)
[2014.11.19-00.14.25:484][332]LogModuleManager: Shutting down and abandoning module ContentBrowser (73)
[2014.11.19-00.14.25:484][332]LogModuleManager: Shutting down and abandoning module PropertyEditor (72)
[2014.11.19-00.14.25:484][332]LogModuleManager: Shutting down and abandoning module AssetTools (71)
[2014.11.19-00.14.25:529][332]LogModuleManager: Shutting down and abandoning module Paper2DEditor (70)
[2014.11.19-00.14.25:560][332]LogModuleManager: Shutting down and abandoning module SpeedTreeImporter (69)
[2014.11.19-00.14.25:563][332]LogModuleManager: Shutting down and abandoning module PluginsEditor (68)
[2014.11.19-00.14.25:574][332]LogModuleManager: Shutting down and abandoning module MainFrame (67)
[2014.11.19-00.14.25:574][332]LogModuleManager: Shutting down and abandoning module EpicSurvey (66)
[2014.11.19-00.14.25:584][332]LogModuleManager: Shutting down and abandoning module VisualStudioSourceCodeAccess (65)
[2014.11.19-00.14.25:591][332]LogModuleManager: Shutting down and abandoning module UObjectPlugin (64)
[2014.11.19-00.14.25:591][332]LogModuleManager: Shutting down and abandoning module SubversionSourceControl (63)
[2014.11.19-00.14.25:607][332]LogModuleManager: Shutting down and abandoning module SourceControl (62)
[2014.11.19-00.14.25:624][332]LogModuleManager: Shutting down and abandoning module PerforceSourceControl (61)
[2014.11.19-00.14.25:641][332]LogModuleManager: Shutting down and abandoning module BlankPlugin (60)
[2014.11.19-00.14.25:641][332]LogModuleManager: Shutting down and abandoning module ScriptPlugin (59)
[2014.11.19-00.14.25:653][332]LogModuleManager: Shutting down and abandoning module UdpMessaging (58)
[2014.11.19-00.14.25:754][332]LogModuleManager: Shutting down and abandoning module Paper2D (57)
[2014.11.19-00.14.25:766][332]LogModuleManager: Shutting down and abandoning module WindowsMoviePlayer (56)
[2014.11.19-00.14.25:816][332]LogModuleManager: Shutting down and abandoning module ImageWrapper (55)
[2014.11.19-00.14.25:816][332]LogModuleManager: Shutting down and abandoning module OnlineBlueprintSupport (54)
[2014.11.19-00.14.25:816][332]LogModuleManager: Shutting down and abandoning module FunctionalTesting (53)
[2014.11.19-00.14.25:825][332]LogModuleManager: Shutting down and abandoning module CollisionAnalyzer (52)
[2014.11.19-00.14.25:850][332]LogModuleManager: Shutting down and abandoning module WorkspaceMenuStructure (51)
[2014.11.19-00.14.25:850][332]LogModuleManager: Shutting down and abandoning module MessageLog (50)
[2014.11.19-00.14.25:850][332]LogModuleManager: Shutting down and abandoning module UMGEditor (49)
[2014.11.19-00.14.25:872][332]LogModuleManager: Shutting down and abandoning module UMG (48)
[2014.11.19-00.14.25:883][332]LogModuleManager: Shutting down and abandoning module Slate (47)
[2014.11.19-00.14.25:883][332]LogModuleManager: Shutting down and abandoning module EditorStyle (46)
[2014.11.19-00.14.25:930][332]LogModuleManager: Shutting down and abandoning module SessionServices (45)
[2014.11.19-00.14.25:930][332]LogModuleManager: Shutting down and abandoning module SourceCodeAccess (44)
[2014.11.19-00.14.25:930][332]LogModuleManager: Shutting down and abandoning module HeadMountedDisplay (43)
[2014.11.19-00.14.25:930][332]LogModuleManager: Shutting down and abandoning module XAudio2 (42)
[2014.11.19-00.14.25:930][332]LogModuleManager: Shutting down and abandoning module Networking (40)
[2014.11.19-00.14.25:930][332]LogModuleManager: Shutting down and abandoning module Core (39)
[2014.11.19-00.14.25:930][332]LogModuleManager: Shutting down and abandoning module KismetCompiler (38)
[2014.11.19-00.14.25:931][332]LogModuleManager: Shutting down and abandoning module PhysXFormats (37)
[2014.11.19-00.14.25:931][332]LogModuleManager: Shutting down and abandoning module MeshUtilities (36)
[2014.11.19-00.14.25:952][332]LogModuleManager: Shutting down and abandoning module DerivedDataCache (35)
[2014.11.19-00.14.26:000][332]LogDerivedDataCache: Shutdown
[2014.11.19-00.14.26:000][332]LogModuleManager: Shutting down and abandoning module ShaderFormatOpenGL (34)
[2014.11.19-00.14.26:008][332]LogModuleManager: Shutting down and abandoning module ShaderFormatD3D (33)
[2014.11.19-00.14.26:012][332]LogModuleManager: Shutting down and abandoning module MetalShaderFormat (32)
[2014.11.19-00.14.26:023][332]LogModuleManager: Shutting down and abandoning module TextureFormatUncompressed (31)
[2014.11.19-00.14.26:023][332]LogModuleManager: Shutting down and abandoning module TextureFormatPVR (30)
[2014.11.19-00.14.26:036][332]LogModuleManager: Shutting down and abandoning module TextureFormatDXT (29)
[2014.11.19-00.14.26:036][332]LogModuleManager: Shutting down and abandoning module AudioFormatOpus (28)
[2014.11.19-00.14.26:042][332]LogModuleManager: Shutting down and abandoning module AudioFormatOgg (27)
[2014.11.19-00.14.26:042][332]LogModuleManager: Shutting down and abandoning module AudioFormatADPCM (26)
[2014.11.19-00.14.26:042][332]LogModuleManager: Shutting down and abandoning module Messaging (25)
[2014.11.19-00.14.26:042][332]LogModuleManager: Shutting down and abandoning module IOSTargetPlatform (24)
[2014.11.19-00.14.26:042][332]LogModuleManager: Shutting down and abandoning module WindowsTargetPlatform (23)
[2014.11.19-00.14.26:042][332]LogModuleManager: Shutting down and abandoning module WindowsServerTargetPlatform (22)
[2014.11.19-00.14.26:042][332]LogModuleManager: Shutting down and abandoning module WindowsNoEditorTargetPlatform (21)
[2014.11.19-00.14.26:043][332]LogModuleManager: Shutting down and abandoning module WindowsClientTargetPlatform (20)
[2014.11.19-00.14.26:043][332]LogModuleManager: Shutting down and abandoning module TargetPlatform (19)
[2014.11.19-00.14.26:043][332]LogModuleManager: Shutting down and abandoning module InputCore (18)
[2014.11.19-00.14.26:043][332]LogModuleManager: Shutting down and abandoning module Settings (17)
[2014.11.19-00.14.26:043][332]LogModuleManager: Shutting down and abandoning module ExampleDeviceProfileSelector (14)
[2014.11.19-00.14.26:043][332]LogModuleManager: Shutting down and abandoning module OculusRift (13)
[2014.11.19-00.14.26:060][332]LogModuleManager: Shutting down and abandoning module TextureCompressor (12)
[2014.11.19-00.14.26:060][332]LogModuleManager: Shutting down and abandoning module ShaderCore (11)
[2014.11.19-00.14.26:060][332]LogModuleManager: Shutting down and abandoning module OpenGLDrv (10)
[2014.11.19-00.14.26:069][332]LogModuleManager: Shutting down and abandoning module D3D11RHI (9)
[2014.11.19-00.14.26:069][332]LogModuleManager: Shutting down and abandoning module SlateRHIRenderer (8)
[2014.11.19-00.14.26:069][332]LogModuleManager: Shutting down and abandoning module Renderer (7)
[2014.11.19-00.14.26:072][332]LogModuleManager: Shutting down and abandoning module Engine (6)
[2014.11.19-00.14.26:072][332]LogModuleManager: Shutting down and abandoning module CoreUObject (5)
[2014.11.19-00.14.26:072][332]LogModuleManager: Shutting down and abandoning module NetworkFile (4)
[2014.11.19-00.14.26:081][332]LogModuleManager: Shutting down and abandoning module StreamingFile (3)
[2014.11.19-00.14.26:091][332]LogModuleManager: Shutting down and abandoning module SandboxFile (2)
[2014.11.19-00.14.26:092][332]LogModuleManager: Shutting down and abandoning module PakFile (1)
[2014.11.19-00.14.26:102][332]LogExit: Exiting.
[2014.11.19-00.14.26:227][332]Log file closed, 11/19/14 01:14:26
