Log file open, 11/19/14 23:12:11
LogInit:Display: Running engine for game: MyProject4
LogInit: Version: 4.4.3-0+UE4
LogInit: API Version: 0
LogInit: Compiled (64-bit): Sep 17 2014 07:16:51
LogInit: Build Configuration: Development
LogInit: Branch Name: UE4
LogInit: Command line: 
LogInit: Base directory: D:/Developer/UnrealEngine-4.4.3-release/UnrealEngine-4.4.3-release/Engine/Binaries/Win64/
LogInit: Rocket: 0
[2014.11.19-22.12.11:278][  0]LogTaskGraph: Started task graph with 3 named threads and 4 total threads.
[2014.11.19-22.12.11:307][  0]LogOnline:Warning: No default platform service specified for OnlineSubsystem
[2014.11.19-22.12.11:319][  0]LogInit: Presizing for 0 objects not considered by GC, pre-allocating 0 bytes.
[2014.11.19-22.12.11:330][  0]LogInit: Object subsystem initialized
[2014.11.19-22.12.11:333][  0]LogInit: Selected Device Profile: [Windows]
[2014.11.19-22.12.11:333][  0]LogInit: Applying CVar settings loaded from the selected device profile: [Windows]
[2014.11.19-22.12.11:354][  0]LogInit: Computer: ADAM
[2014.11.19-22.12.11:354][  0]LogInit: User: Adam
[2014.11.19-22.12.11:355][  0]LogInit: CPU Page size=4096, Cores=2
[2014.11.19-22.12.11:355][  0]LogInit: High frequency timer resolution =3.161623 MHz
[2014.11.19-22.12.11:355][  0]LogMemory: Memory total: Physical=3.0GB (3GB approx) Virtual=131072.0GB
[2014.11.19-22.12.11:356][  0]LogMemory: Platform Memory Stats for Windows
[2014.11.19-22.12.11:356][  0]LogMemory: Process Physical Memory: 59.84 MB used, 59.84 MB peak
[2014.11.19-22.12.11:356][  0]LogMemory: Process Virtual Memory: 35.96 MB used, 35.96 MB peak
[2014.11.19-22.12.11:356][  0]LogMemory: Physical Memory: 1225.66 MB used, 3071.55 MB total
[2014.11.19-22.12.11:356][  0]LogMemory: Virtual Memory: 262.09 MB used, 134217728.00 MB total
[2014.11.19-22.12.11:399][  0]LogD3D11RHI: Found D3D11 adapter 0: NVIDIA GeForce GTX 780 (Feature Level 11_0)
[2014.11.19-22.12.11:399][  0]LogD3D11RHI: Adapter has 2988MB of dedicated video memory, 0MB of dedicated system memory, and 1535MB of shared system memory, 2 output[s]
[2014.11.19-22.12.11:401][  0]LogD3D11RHI: Found D3D11 adapter 1: Microsoft Basic Render Driver (Feature Level 11_0)
[2014.11.19-22.12.11:401][  0]LogD3D11RHI: Adapter has 0MB of dedicated video memory, 0MB of dedicated system memory, and 256MB of shared system memory, 0 output[s]
[2014.11.19-22.12.11:401][  0]LogD3D11RHI: Chosen D3D11 Adapter Id = 0
[2014.11.19-22.12.11:412][  0]LogRHI: Texture pool is 1361 MB (70% of 1945 MB)
[2014.11.19-22.12.11:427][  0]LogD3D11RHI: Async texture creation enabled
[2014.11.19-22.12.11:626][  0]LogContentStreaming: Texture pool size is 0.000000MB
[2014.11.19-22.12.13:152][  0]LogTargetPlatformManager:Display: Building Assets For Windows
[2014.11.19-22.12.13:695][  0]LogTargetPlatformManager:Display: Building Assets For Windows
[2014.11.19-22.12.13:745][  0]LogDerivedDataCache:Display: Max Cache Size: 512 MB
[2014.11.19-22.12.15:437][  0]LogDerivedDataCache: Loaded boot cache 1.68s 39MB ../../../../../Jablo/UNREAL_AKTUALNY_PROJEKT/MyProject4/DerivedDataCache/Boot.ddc.
[2014.11.19-22.12.15:437][  0]LogDerivedDataCache:Display: Loaded Boot cache: ../../../../../Jablo/UNREAL_AKTUALNY_PROJEKT/MyProject4/DerivedDataCache/Boot.ddc
[2014.11.19-22.12.15:437][  0]LogDerivedDataCache: FDerivedDataBackendGraph:  Pak pak cache file ../../../../../Jablo/UNREAL_AKTUALNY_PROJEKT/MyProject4/DerivedDataCache/DDC.ddp not found, will not use a pak cache.
[2014.11.19-22.12.15:437][  0]LogDerivedDataCache: Unable to find inner node Pak for hierarchical cache Hierarchy.
[2014.11.19-22.12.15:437][  0]LogDerivedDataCache: FDerivedDataBackendGraph:  EnginePak pak cache file ../../../Engine/DerivedDataCache/DDC.ddp not found, will not use a pak cache.
[2014.11.19-22.12.15:437][  0]LogDerivedDataCache: Unable to find inner node EnginePak for hierarchical cache Hierarchy.
[2014.11.19-22.12.15:453][  0]LogDerivedDataCache: Using Local data cache path ../../../Engine/DerivedDataCache: Writable
[2014.11.19-22.12.15:453][  0]LogDerivedDataCache: Shared data cache path not found in *engine.ini, will not use an Shared cache.
[2014.11.19-22.12.15:453][  0]LogDerivedDataCache: Unable to find inner node Shared for hierarchical cache Hierarchy.
[2014.11.19-22.12.15:711][  0]LogMeshUtilities: No automatic mesh reduction module available
[2014.11.19-22.12.15:711][  0]LogMeshUtilities: No automatic mesh merging module available
[2014.11.19-22.12.16:499][  0]LogInit: WinSock: version 1.1 (2.2), MaxSocks=32767, MaxUdp=65467
[2014.11.19-22.12.17:557][  0]LogStats:Warning: MetaData mismatch. Did you assign a stat to two groups? New //STATGROUP_Threads//FMonitoredProcess///Thread_1e50_0///////STATCAT_Advanced//// old //STATGROUP_Threads//FMonitoredProcess///Thread_1234_0///////STATCAT_Advanced////
[2014.11.19-22.12.17:557][  0]UdpMessaging: Initializing bridge on interface 0.0.0.0:0 to multicast group 230.0.0.1:6666.
[2014.11.19-22.12.17:669][  0]SourceControl: Info Source control is disabled
[2014.11.19-22.12.17:669][  0]SourceControl: Info Source control is disabled
[2014.11.19-22.12.17:676][  0]SourceControl: Info Source control is disabled
[2014.11.19-22.12.17:883][  0]BlueprintLog: New page: Editor Load
[2014.11.19-22.12.17:992][  0]LogObj: 21438 objects as part of root set at end of initial load.
[2014.11.19-22.12.17:992][  0]LogUObjectAllocator: 4218656 out of 0 bytes used by permanent object pool.
[2014.11.19-22.12.18:334][  0]LogEngine: Initializing Engine...
[2014.11.19-22.12.18:615][  0]LogInit: XAudio2 using 'GBo[niki (USB Multi-Channel Audio Device)' : 6 channels at 48 kHz using 32 bits per sample (channel mask 0x60f)
[2014.11.19-22.12.18:633][  0]LogInit: FAudioDevice initialized.
[2014.11.19-22.12.18:656][  0]LogAIModule: Creating AISystem for world NewWorld
[2014.11.19-22.12.18:742][  0]LogDerivedDataCache: Saved boot cache 0.08s 39MB ../../../../../Jablo/UNREAL_AKTUALNY_PROJEKT/MyProject4/DerivedDataCache/Boot.ddc.
[2014.11.19-22.12.18:787][  0]LogInit: Texture streaming: Enabled
[2014.11.19-22.12.18:823][  0]LogInit: Transaction tracking system initialized
[2014.11.19-22.12.18:947][  0]LogAssetRegistry: FAssetRegistry took 0.0108 seconds to start up
[2014.11.19-22.12.19:581][  0]LogTargetPlatformManager:Display: Building Assets For Windows
[2014.11.19-22.12.20:025][  0]LogTargetPlatformManager:Display: Building Assets For Windows
[2014.11.19-22.12.20:061][  0]LogModuleManager:Warning: ModuleManager: Unable to load module 'AndroidRuntimeSettings' because the file 'D:/Developer/UnrealEngine-4.4.3-release/UnrealEngine-4.4.3-release/Engine/Binaries/Win64/' was not found.
[2014.11.19-22.12.20:067][  0]LogModuleManager:Warning: ModuleManager: Unable to load module 'AndroidPlatformEditor' because the file 'D:/Developer/UnrealEngine-4.4.3-release/UnrealEngine-4.4.3-release/Engine/Binaries/Win64/' was not found.
[2014.11.19-22.12.20:155][  0]LogConsoleResponse:Display: 
[2014.11.19-22.12.20:436][  0]LogStats:Warning: MetaData mismatch. Did you assign a stat to two groups? New //STATGROUP_Threads//FMonitoredProcess///Thread_1eb4_0///////STATCAT_Advanced//// old //STATGROUP_Threads//FMonitoredProcess///Thread_1234_0///////STATCAT_Advanced////
[2014.11.19-22.12.20:436][  0]LogStats:Warning: MetaData mismatch. Did you assign a stat to two groups? New //STATGROUP_Threads//FMonitoredProcess///Thread_1d98_0///////STATCAT_Advanced//// old //STATGROUP_Threads//FMonitoredProcess///Thread_1234_0///////STATCAT_Advanced////
[2014.11.19-22.12.20:436][  0]SourceControl: Info Source control is disabled
[2014.11.19-22.12.25:795][  0]Cmd: MAP LOAD FILE="../../../../../Jablo/UNREAL_AKTUALNY_PROJEKT/MyProject4/Content/Maps/Minimal_Default.umap" TEMPLATE=0 SHOWPROGRESS=1
[2014.11.19-22.12.25:860][  0]LightingResults: New page: Lighting Build
[2014.11.19-22.12.25:868][  0]MapCheck: New page: Map Check
[2014.11.19-22.12.25:868][  0]LightingResults: New page: Lighting Build
[2014.11.19-22.12.26:665][  0]LogParticles: Destroying 0 GPU particle simulations for FXSystem 0x00000012E1BF87C0
[2014.11.19-22.12.28:240][  0]LogEditorServer: Finished looking for orphan Actors (0.000 secs)
[2014.11.19-22.12.28:254][  0]LogAIModule: Creating AISystem for world Minimal_Default
[2014.11.19-22.12.28:255][  0]Cmd: MAP CHECKDEP
[2014.11.19-22.12.28:255][  0]MapCheck: New page: Minimal_Default - 20 Nov 2014 00:12:28
[2014.11.19-22.12.28:339][  0]MapCheck: Info ========== Map Check: 0 Error(s), 0 Warning(s), [84,072ms] ==========
[2014.11.19-22.12.28:339][  0]LogFileHelpers: Loading map 'Minimal_Default' took 2.544
[2014.11.19-22.12.28:713][  0]LogStats:Warning: MetaData mismatch. Did you assign a stat to two groups? New //STATGROUP_Threads//SplashScreenThread///Thread_338_0///////STATCAT_Advanced//// old //STATGROUP_Threads//SplashScreenThread///Thread_1da0_0///////STATCAT_Advanced////
[2014.11.19-22.12.28:713][  0]LogCollectionManager: Loaded 0 collections in 0.001346 seconds
[2014.11.19-22.12.31:422][  0]LogCrashTracker: Crashtracker disabled due to settings.
[2014.11.19-22.12.31:616][  0]LogInit: Using libcurl 7.34.0
[2014.11.19-22.12.31:616][  0]LogInit:  - built for x86_64-pc-win32
[2014.11.19-22.12.31:616][  0]LogInit:  - supports SSL with WinSSL
[2014.11.19-22.12.31:616][  0]LogInit:  - other features:
[2014.11.19-22.12.31:616][  0]LogInit:      CURL_VERSION_SSL
[2014.11.19-22.12.31:616][  0]LogInit:      CURL_VERSION_ASYNCHDNS
[2014.11.19-22.12.31:616][  0]LogInit:      CURL_VERSION_LARGEFILE
[2014.11.19-22.12.31:616][  0]LogInit:      CURL_VERSION_IDN
[2014.11.19-22.12.31:616][  0]LogInit: Libcurl will NOT reuse connections
[2014.11.19-22.12.31:648][  0]LogLoad: Full Startup: 22.87 seconds (BP compile: 0.15 seconds)
[2014.11.19-22.12.31:663][  0]LogContentBrowser:Verbose: The content browser source was changed by the sources view to '/Game/Blueprints/Mechanika'
[2014.11.19-22.12.31:995][  0]LogRenderer:Warning: Reallocating scene render targets to support 32x32.
[2014.11.19-22.12.32:314][  0]LogRenderer:Warning: Reallocating scene render targets to support 664x584.
[2014.11.19-22.12.32:816][  2]LogAssetRegistry: Asset discovery search completed in 13.8801 seconds
[2014.11.19-22.12.45:716][803]BlueprintLog: New page: Pre-PIE auto-recompile
[2014.11.19-22.12.45:716][803]LogPlayLevel: [PIE] Compiling Minimal_Default before PIE...
[2014.11.19-22.12.45:912][803]LogActorComponent: UnregisterComponent: (/Engine/Transient.CharacterMovementComponent_0) Not registered. Aborting.
[2014.11.19-22.12.45:958][803]LogPlayLevel: PIE:  Blueprint regeneration took 249 ms (1 blueprints)
[2014.11.19-22.12.45:959][803]PIE: New page: PIE session: Minimal_Default (20 Nov 2014 00:12:45)
[2014.11.19-22.12.45:969][803]LogPlayLevel: PIE: StaticDuplicateObject took: (0.010271s)
[2014.11.19-22.12.45:973][803]LogPlayLevel: PIE: World Init took: (0.004007s)
[2014.11.19-22.12.45:973][803]LogPlayLevel: PIE: Created PIE world by copying editor world from /Game/Maps/Minimal_Default.Minimal_Default to /Game/Maps/UEDPIE_0_Minimal_Default.Minimal_Default (0.014561s)
[2014.11.19-22.12.47:684][803]LogWorld: Game class is 'BP_TrybGry_C'
[2014.11.19-22.12.47:751][803]LogAIModule: Creating AISystem for world Minimal_Default
[2014.11.19-22.12.47:753][803]LogWorld:Warning: *** WARNING - PATHS MAY NOT BE VALID ***
[2014.11.19-22.12.47:753][803]LogWorld: Bringing World /Game/Maps/UEDPIE_0_Minimal_Default.Minimal_Default up for play (max tick rate 0) at 2014.11.19-23.12.47
[2014.11.19-22.12.47:822][803]LogWorld: Bringing up level for play took: 0.071209
[2014.11.19-22.12.48:008][803]PIE: Info Play in editor start time for /Game/Maps/UEDPIE_0_Minimal_Default 2,936
[2014.11.19-22.12.48:216][803]LogScript:Warning: Accessed None 'CallFunc_GetPlayerPawn_ReturnValue'
	HeroTPP_AnimBlueprint_C /Engine/Transient.SkeletalMeshComponent_2:HeroTPP_AnimBlueprint_C_1
	Function /Game/Blueprints/HeroTPP_AnimBlueprint.HeroTPP_AnimBlueprint_C:ExecuteUbergraph_HeroTPP_AnimBlueprint:00E2
[2014.11.19-22.12.48:216][803]LogScript:Warning: Accessed None 'CallFunc_GetMovementComponent_ReturnValue'
	HeroTPP_AnimBlueprint_C /Engine/Transient.SkeletalMeshComponent_2:HeroTPP_AnimBlueprint_C_1
	Function /Game/Blueprints/HeroTPP_AnimBlueprint.HeroTPP_AnimBlueprint_C:ExecuteUbergraph_HeroTPP_AnimBlueprint:010D
[2014.11.19-22.12.48:216][803]LogScript:Warning: Accessed None 'CallFunc_GetPlayerPawn_ReturnValue'
	HeroTPP_AnimBlueprint_C /Engine/Transient.SkeletalMeshComponent_2:HeroTPP_AnimBlueprint_C_1
	Function /Game/Blueprints/HeroTPP_AnimBlueprint.HeroTPP_AnimBlueprint_C:ExecuteUbergraph_HeroTPP_AnimBlueprint:0229
[2014.11.19-22.12.48:355][804]LogRenderer:Warning: Reallocating scene render targets to support 664x592.
[2014.11.19-22.13.00:109][331]LogActorComponent: UnregisterComponent: (/Engine/Transient.CharacterMovementComponent_1) Not registered. Aborting.
[2014.11.19-22.13.00:200][332]LogParticles: Destroying 0 GPU particle simulations for FXSystem 0x00000012E72B6480
[2014.11.19-22.13.05:848][659]LogScript:Warning: Accessed None 'CallFunc_GetPlayerPawn_ReturnValue'
	HeroTPP_AnimBlueprint_C /Engine/Transient.SkeletalMeshComponent_5:HeroTPP_AnimBlueprint_C_2
	Function /Game/Blueprints/HeroTPP_AnimBlueprint.HeroTPP_AnimBlueprint_C:ExecuteUbergraph_HeroTPP_AnimBlueprint:00E2
[2014.11.19-22.13.05:848][659]LogScript:Warning: Accessed None 'CallFunc_GetMovementComponent_ReturnValue'
	HeroTPP_AnimBlueprint_C /Engine/Transient.SkeletalMeshComponent_5:HeroTPP_AnimBlueprint_C_2
	Function /Game/Blueprints/HeroTPP_AnimBlueprint.HeroTPP_AnimBlueprint_C:ExecuteUbergraph_HeroTPP_AnimBlueprint:010D
[2014.11.19-22.13.05:848][659]LogScript:Warning: Accessed None 'CallFunc_GetPlayerPawn_ReturnValue'
	HeroTPP_AnimBlueprint_C /Engine/Transient.SkeletalMeshComponent_5:HeroTPP_AnimBlueprint_C_2
	Function /Game/Blueprints/HeroTPP_AnimBlueprint.HeroTPP_AnimBlueprint_C:ExecuteUbergraph_HeroTPP_AnimBlueprint:0229
[2014.11.19-22.13.06:938][715]LogContentBrowser:Verbose: The content browser source was changed by the sources view to '/Game/Animations'
[2014.11.19-22.13.27:851][956]LogContentBrowser:Verbose: The content browser source was changed by the sources view to '/Game'
[2014.11.19-22.13.43:858][902]LogLinker:Warning: Can't find file '/Game/AnimStarterPack/Crouch_Walk_Bwd_Rifle_Hip'
[2014.11.19-22.13.43:858][902]LogLinker:Warning: Can't find file for asset '/Game/AnimStarterPack/Crouch_Walk_Bwd_Rifle_Hip' while loading ../../../../../Jablo/UNREAL_AKTUALNY_PROJEKT/MyProject4/Content/Props/R_CrouchWalk.uasset.
[2014.11.19-22.13.43:873][902]LoadErrors:Error: Error /Game/Props/R_CrouchWalk : Can't find file for asset. /Game/AnimStarterPack/Crouch_Walk_Bwd_Rifle_Hip
[2014.11.19-22.13.43:873][902]LogLinker:Warning: Can't find file '/Game/AnimStarterPack/Crouch_Walk_Fwd_Rifle_Hip'
[2014.11.19-22.13.43:873][902]LogLinker:Warning: Can't find file for asset '/Game/AnimStarterPack/Crouch_Walk_Fwd_Rifle_Hip' while loading ../../../../../Jablo/UNREAL_AKTUALNY_PROJEKT/MyProject4/Content/Props/R_CrouchWalk.uasset.
[2014.11.19-22.13.43:873][902]LoadErrors:Error: Error /Game/Props/R_CrouchWalk : Can't find file for asset. /Game/AnimStarterPack/Crouch_Walk_Fwd_Rifle_Hip
[2014.11.19-22.13.43:874][902]LogLinker:Warning: Can't find file '/Game/AnimStarterPack/Crouch_Walk_Lt_Rifle_Hip'
[2014.11.19-22.13.43:874][902]LogLinker:Warning: Can't find file for asset '/Game/AnimStarterPack/Crouch_Walk_Lt_Rifle_Hip' while loading ../../../../../Jablo/UNREAL_AKTUALNY_PROJEKT/MyProject4/Content/Props/R_CrouchWalk.uasset.
[2014.11.19-22.13.43:874][902]LoadErrors:Error: Error /Game/Props/R_CrouchWalk : Can't find file for asset. /Game/AnimStarterPack/Crouch_Walk_Lt_Rifle_Hip
[2014.11.19-22.13.43:874][902]LogLinker:Warning: Can't find file '/Game/AnimStarterPack/Crouch_Walk_Rt_Rifle_Hip'
[2014.11.19-22.13.43:874][902]LogLinker:Warning: Can't find file for asset '/Game/AnimStarterPack/Crouch_Walk_Rt_Rifle_Hip' while loading ../../../../../Jablo/UNREAL_AKTUALNY_PROJEKT/MyProject4/Content/Props/R_CrouchWalk.uasset.
[2014.11.19-22.13.43:875][902]LoadErrors:Error: Error /Game/Props/R_CrouchWalk : Can't find file for asset. /Game/AnimStarterPack/Crouch_Walk_Rt_Rifle_Hip
[2014.11.19-22.13.43:875][902]LogLinker:Warning: Can't find file '/Game/AnimStarterPack/Character/HeroTPP_Skeleton'
[2014.11.19-22.13.43:875][902]LogLinker:Warning: Can't find file for asset '/Game/AnimStarterPack/Character/HeroTPP_Skeleton' while loading ../../../../../Jablo/UNREAL_AKTUALNY_PROJEKT/MyProject4/Content/Props/R_CrouchWalk.uasset.
[2014.11.19-22.13.43:875][902]LoadErrors:Error: Error /Game/Props/R_CrouchWalk : Can't find file for asset. /Game/AnimStarterPack/Character/HeroTPP_Skeleton
[2014.11.19-22.13.43:875][902]LogLinker:Warning: Can't find file '/Game/AnimStarterPack/Crouch_Walk_Bwd_Rifle_Hip'
[2014.11.19-22.13.43:875][902]LogLinker:Warning: Can't find file for asset '/Game/AnimStarterPack/Crouch_Walk_Bwd_Rifle_Hip' while loading ../../../../../Jablo/UNREAL_AKTUALNY_PROJEKT/MyProject4/Content/Props/R_CrouchWalk.uasset.
[2014.11.19-22.13.43:875][902]LogLinker:Warning: Can't find file '/Game/AnimStarterPack/Crouch_Walk_Fwd_Rifle_Hip'
[2014.11.19-22.13.43:876][902]LogLinker:Warning: Can't find file for asset '/Game/AnimStarterPack/Crouch_Walk_Fwd_Rifle_Hip' while loading ../../../../../Jablo/UNREAL_AKTUALNY_PROJEKT/MyProject4/Content/Props/R_CrouchWalk.uasset.
[2014.11.19-22.13.43:876][902]LogLinker:Warning: Can't find file '/Game/AnimStarterPack/Crouch_Walk_Lt_Rifle_Hip'
[2014.11.19-22.13.43:876][902]LogLinker:Warning: Can't find file for asset '/Game/AnimStarterPack/Crouch_Walk_Lt_Rifle_Hip' while loading ../../../../../Jablo/UNREAL_AKTUALNY_PROJEKT/MyProject4/Content/Props/R_CrouchWalk.uasset.
[2014.11.19-22.13.43:876][902]LogLinker:Warning: Can't find file '/Game/AnimStarterPack/Crouch_Walk_Rt_Rifle_Hip'
[2014.11.19-22.13.43:876][902]LogLinker:Warning: Can't find file for asset '/Game/AnimStarterPack/Crouch_Walk_Rt_Rifle_Hip' while loading ../../../../../Jablo/UNREAL_AKTUALNY_PROJEKT/MyProject4/Content/Props/R_CrouchWalk.uasset.
[2014.11.19-22.13.43:876][902]LogLinker:Warning: Can't find file '/Game/AnimStarterPack/Character/HeroTPP_Skeleton'
[2014.11.19-22.13.43:876][902]LogLinker:Warning: Can't find file for asset '/Game/AnimStarterPack/Character/HeroTPP_Skeleton' while loading ../../../../../Jablo/UNREAL_AKTUALNY_PROJEKT/MyProject4/Content/Props/R_CrouchWalk.uasset.
[2014.11.19-22.13.43:877][902]LogLinker:Warning: Can't find file '/Game/AnimStarterPack/Crouch_Walk_Bwd_Rifle_Hip'
[2014.11.19-22.13.43:877][902]LoadErrors: Info Failed to load /Game/AnimStarterPack/Crouch_Walk_Bwd_Rifle_Hip.Crouch_Walk_Bwd_Rifle_Hip Referenced by R_CrouchWalk Property /Script/Engine.BlendSpaceBase:BlendSample.Animation
[2014.11.19-22.13.43:877][902]LogLinker:Warning: Can't find file for asset '/Game/AnimStarterPack/Crouch_Walk_Bwd_Rifle_Hip' while loading NULL.
[2014.11.19-22.13.43:877][902]LogLinker:Warning: Can't find file '/Game/AnimStarterPack/Crouch_Walk_Bwd_Rifle_Hip'
[2014.11.19-22.13.43:877][902]LogLinker:Warning: Can't find file for asset '/Game/AnimStarterPack/Crouch_Walk_Bwd_Rifle_Hip' while loading NULL.
[2014.11.19-22.13.43:878][902]LogLinker:Warning: Can't find file '/Game/AnimStarterPack/Crouch_Walk_Lt_Rifle_Hip'
[2014.11.19-22.13.43:878][902]LoadErrors: Info Failed to load /Game/AnimStarterPack/Crouch_Walk_Lt_Rifle_Hip.Crouch_Walk_Lt_Rifle_Hip Referenced by R_CrouchWalk Property /Script/Engine.BlendSpaceBase:BlendSample.Animation
[2014.11.19-22.13.43:878][902]LogLinker:Warning: Can't find file for asset '/Game/AnimStarterPack/Crouch_Walk_Lt_Rifle_Hip' while loading NULL.
[2014.11.19-22.13.43:878][902]LogLinker:Warning: Can't find file '/Game/AnimStarterPack/Crouch_Walk_Lt_Rifle_Hip'
[2014.11.19-22.13.43:878][902]LogLinker:Warning: Can't find file for asset '/Game/AnimStarterPack/Crouch_Walk_Lt_Rifle_Hip' while loading NULL.
[2014.11.19-22.13.43:878][902]LogLinker:Warning: Can't find file '/Game/AnimStarterPack/Crouch_Walk_Fwd_Rifle_Hip'
[2014.11.19-22.13.43:879][902]LoadErrors: Info Failed to load /Game/AnimStarterPack/Crouch_Walk_Fwd_Rifle_Hip.Crouch_Walk_Fwd_Rifle_Hip Referenced by R_CrouchWalk Property /Script/Engine.BlendSpaceBase:BlendSample.Animation
[2014.11.19-22.13.43:879][902]LogLinker:Warning: Can't find file for asset '/Game/AnimStarterPack/Crouch_Walk_Fwd