Log file open, 11/20/14 20:22:28
LogInit:Display: Running engine for game: MyProject4
LogInit: Version: 4.4.3-0+UE4
LogInit: API Version: 0
LogInit: Compiled (64-bit): Sep 17 2014 07:16:51
LogInit: Build Configuration: Development
LogInit: Branch Name: UE4
LogInit: Command line: 
LogInit: Base directory: D:/Developer/UnrealEngine-4.4.3-release/UnrealEngine-4.4.3-release/Engine/Binaries/Win64/
LogInit: Rocket: 0
[2014.11.20-19.22.28:042][  0]LogTaskGraph: Started task graph with 3 named threads and 4 total threads.
[2014.11.20-19.22.28:074][  0]LogOnline:Warning: No default platform service specified for OnlineSubsystem
[2014.11.20-19.22.28:087][  0]LogInit: Presizing for 0 objects not considered by GC, pre-allocating 0 bytes.
[2014.11.20-19.22.28:102][  0]LogInit: Object subsystem initialized
[2014.11.20-19.22.28:108][  0]LogInit: Selected Device Profile: [Windows]
[2014.11.20-19.22.28:108][  0]LogInit: Applying CVar settings loaded from the selected device profile: [Windows]
[2014.11.20-19.22.28:115][  0]LogInit: Computer: ADAM
[2014.11.20-19.22.28:115][  0]LogInit: User: Adam
[2014.11.20-19.22.28:121][  0]LogInit: CPU Page size=4096, Cores=2
[2014.11.20-19.22.28:121][  0]LogInit: High frequency timer resolution =3.161622 MHz
[2014.11.20-19.22.28:121][  0]LogMemory: Memory total: Physical=3.0GB (3GB approx) Virtual=131072.0GB
[2014.11.20-19.22.28:122][  0]LogMemory: Platform Memory Stats for Windows
[2014.11.20-19.22.28:122][  0]LogMemory: Process Physical Memory: 60.03 MB used, 60.13 MB peak
[2014.11.20-19.22.28:122][  0]LogMemory: Process Virtual Memory: 36.04 MB used, 36.15 MB peak
[2014.11.20-19.22.28:122][  0]LogMemory: Physical Memory: 2414.94 MB used, 3071.55 MB total
[2014.11.20-19.22.28:122][  0]LogMemory: Virtual Memory: 277.54 MB used, 134217728.00 MB total
[2014.11.20-19.22.28:169][  0]LogD3D11RHI: Found D3D11 adapter 0: NVIDIA GeForce GTX 780 (Feature Level 11_0)
[2014.11.20-19.22.28:169][  0]LogD3D11RHI: Adapter has 2988MB of dedicated video memory, 0MB of dedicated system memory, and 1535MB of shared system memory, 2 output[s]
[2014.11.20-19.22.28:174][  0]LogD3D11RHI: Found D3D11 adapter 1: Microsoft Basic Render Driver (Feature Level 11_0)
[2014.11.20-19.22.28:174][  0]LogD3D11RHI: Adapter has 0MB of dedicated video memory, 0MB of dedicated system memory, and 256MB of shared system memory, 0 output[s]
[2014.11.20-19.22.28:174][  0]LogD3D11RHI: Chosen D3D11 Adapter Id = 0
[2014.11.20-19.22.28:188][  0]LogRHI: Texture pool is 1361 MB (70% of 1945 MB)
[2014.11.20-19.22.28:209][  0]LogD3D11RHI: Async texture creation enabled
[2014.11.20-19.22.28:425][  0]LogContentStreaming: Texture pool size is 0.000000MB
[2014.11.20-19.22.30:448][  0]LogTargetPlatformManager:Display: Building Assets For Windows
[2014.11.20-19.22.31:132][  0]LogTargetPlatformManager:Display: Building Assets For Windows
[2014.11.20-19.22.31:189][  0]LogDerivedDataCache:Display: Max Cache Size: 512 MB
[2014.11.20-19.22.31:419][  0]LogDerivedDataCache: Loaded boot cache 0.23s 39MB ../../../../../Jablo/UNREAL_AKTUALNY_PROJEKT/MyProject4/DerivedDataCache/Boot.ddc.
[2014.11.20-19.22.31:419][  0]LogDerivedDataCache:Display: Loaded Boot cache: ../../../../../Jablo/UNREAL_AKTUALNY_PROJEKT/MyProject4/DerivedDataCache/Boot.ddc
[2014.11.20-19.22.31:420][  0]LogDerivedDataCache: FDerivedDataBackendGraph:  Pak pak cache file ../../../../../Jablo/UNREAL_AKTUALNY_PROJEKT/MyProject4/DerivedDataCache/DDC.ddp not found, will not use a pak cache.
[2014.11.20-19.22.31:420][  0]LogDerivedDataCache: Unable to find inner node Pak for hierarchical cache Hierarchy.
[2014.11.20-19.22.31:420][  0]LogDerivedDataCache: FDerivedDataBackendGraph:  EnginePak pak cache file ../../../Engine/DerivedDataCache/DDC.ddp not found, will not use a pak cache.
[2014.11.20-19.22.31:420][  0]LogDerivedDataCache: Unable to find inner node EnginePak for hierarchical cache Hierarchy.
[2014.11.20-19.22.31:433][  0]LogDerivedDataCache: Using Local data cache path ../../../Engine/DerivedDataCache: Writable
[2014.11.20-19.22.31:434][  0]LogDerivedDataCache: Shared data cache path not found in *engine.ini, will not use an Shared cache.
[2014.11.20-19.22.31:434][  0]LogDerivedDataCache: Unable to find inner node Shared for hierarchical cache Hierarchy.
[2014.11.20-19.22.31:764][  0]LogMeshUtilities: No automatic mesh reduction module available
[2014.11.20-19.22.31:764][  0]LogMeshUtilities: No automatic mesh merging module available
[2014.11.20-19.22.32:870][  0]LogInit: WinSock: version 1.1 (2.2), MaxSocks=32767, MaxUdp=65467
[2014.11.20-19.22.34:196][  0]LogStats:Warning: MetaData mismatch. Did you assign a stat to two groups? New //STATGROUP_Threads//FMonitoredProcess///Thread_f40_0///////STATCAT_Advanced//// old //STATGROUP_Threads//FMonitoredProcess///Thread_1c84_0///////STATCAT_Advanced////
[2014.11.20-19.22.34:196][  0]UdpMessaging: Initializing bridge on interface 0.0.0.0:0 to multicast group 230.0.0.1:6666.
[2014.11.20-19.22.34:331][  0]SourceControl: Info Source control is disabled
[2014.11.20-19.22.34:331][  0]SourceControl: Info Source control is disabled
[2014.11.20-19.22.34:339][  0]SourceControl: Info Source control is disabled
[2014.11.20-19.22.34:610][  0]BlueprintLog: New page: Editor Load
[2014.11.20-19.22.34:749][  0]LogObj: 21438 objects as part of root set at end of initial load.
[2014.11.20-19.22.34:749][  0]LogUObjectAllocator: 4218656 out of 0 bytes used by permanent object pool.
[2014.11.20-19.22.35:172][  0]LogEngine: Initializing Engine...
[2014.11.20-19.22.35:536][  0]LogInit: XAudio2 using 'GBo[niki (USB Multi-Channel Audio Device)' : 6 channels at 48 kHz using 32 bits per sample (channel mask 0x60f)
[2014.11.20-19.22.35:551][  0]LogInit: FAudioDevice initialized.
[2014.11.20-19.22.35:577][  0]LogAIModule: Creating AISystem for world NewWorld
[2014.11.20-19.22.35:679][  0]LogDerivedDataCache: Saved boot cache 0.10s 39MB ../../../../../Jablo/UNREAL_AKTUALNY_PROJEKT/MyProject4/DerivedDataCache/Boot.ddc.
[2014.11.20-19.22.35:721][  0]LogInit: Texture streaming: Enabled
[2014.11.20-19.22.35:767][  0]LogInit: Transaction tracking system initialized
[2014.11.20-19.22.35:914][  0]LogAssetRegistry: FAssetRegistry took 0.0124 seconds to start up
[2014.11.20-19.22.36:840][  0]LogTargetPlatformManager:Display: Building Assets For Windows
[2014.11.20-19.22.37:592][  0]LogTargetPlatformManager:Display: Building Assets For Windows
[2014.11.20-19.22.37:635][  0]LogModuleManager:Warning: ModuleManager: Unable to load module 'AndroidRuntimeSettings' because the file 'D:/Developer/UnrealEngine-4.4.3-release/UnrealEngine-4.4.3-release/Engine/Binaries/Win64/' was not found.
[2014.11.20-19.22.37:643][  0]LogModuleManager:Warning: ModuleManager: Unable to load module 'AndroidPlatformEditor' because the file 'D:/Developer/UnrealEngine-4.4.3-release/UnrealEngine-4.4.3-release/Engine/Binaries/Win64/' was not found.
[2014.11.20-19.22.37:763][  0]LogConsoleResponse:Display: 
[2014.11.20-19.22.38:047][  0]LogStats:Warning: MetaData mismatch. Did you assign a stat to two groups? New //STATGROUP_Threads//FMonitoredProcess///Thread_15fc_0///////STATCAT_Advanced//// old //STATGROUP_Threads//FMonitoredProcess///Thread_1c84_0///////STATCAT_Advanced////
[2014.11.20-19.22.38:047][  0]LogStats:Warning: MetaData mismatch. Did you assign a stat to two groups? New //STATGROUP_Threads//FMonitoredProcess///Thread_1374_0///////STATCAT_Advanced//// old //STATGROUP_Threads//FMonitoredProcess///Thread_1c84_0///////STATCAT_Advanced////
[2014.11.20-19.22.38:047][  0]SourceControl: Info Source control is disabled
[2014.11.20-19.22.38:047][  0]Cmd: MAP LOAD FILE="../../../../../Jablo/UNREAL_AKTUALNY_PROJEKT/MyProject4/Content/Maps/Minimal_Default.umap" TEMPLATE=0 SHOWPROGRESS=1
[2014.11.20-19.22.38:048][  0]LightingResults: New page: Lighting Build
[2014.11.20-19.22.38:060][  0]MapCheck: New page: Map Check
[2014.11.20-19.22.38:060][  0]LightingResults: New page: Lighting Build
[2014.11.20-19.22.38:098][  0]LogParticles: Destroying 0 GPU particle simulations for FXSystem 0x0000006BEE5B07C0
[2014.11.20-19.22.40:663][  0]LogEditorServer: Finished looking for orphan Actors (0.000 secs)
[2014.11.20-19.22.40:689][  0]LogAIModule: Creating AISystem for world Minimal_Default
[2014.11.20-19.22.40:712][  0]Cmd: MAP CHECKDEP
[2014.11.20-19.22.40:713][  0]MapCheck: New page: Minimal_Default - 20 Nov 2014 21:22:40
[2014.11.20-19.22.40:801][  0]MapCheck: Info ========== Map Check: 0 Error(s), 0 Warning(s), [88,957ms] ==========
[2014.11.20-19.22.40:801][  0]LogFileHelpers: Loading map 'Minimal_Default' took 2.754
[2014.11.20-19.22.40:990][  0]LogCollectionManager: Loaded 0 collections in 0.001252 seconds
[2014.11.20-19.22.42:896][  0]LogCrashTracker: Crashtracker disabled due to settings.
[2014.11.20-19.22.43:000][  0]LogInit: Using libcurl 7.34.0
[2014.11.20-19.22.43:000][  0]LogInit:  - built for x86_64-pc-win32
[2014.11.20-19.22.43:000][  0]LogInit:  - supports SSL with WinSSL
[2014.11.20-19.22.43:000][  0]LogInit:  - other features:
[2014.11.20-19.22.43:000][  0]LogInit:      CURL_VERSION_SSL
[2014.11.20-19.22.43:000][  0]LogInit:      CURL_VERSION_ASYNCHDNS
[2014.11.20-19.22.43:000][  0]LogInit:      CURL_VERSION_LARGEFILE
[2014.11.20-19.22.43:000][  0]LogInit:      CURL_VERSION_IDN
[2014.11.20-19.22.43:001][  0]LogInit: Libcurl will NOT reuse connections
[2014.11.20-19.22.43:035][  0]LogLoad: Full Startup: 17.43 seconds (BP compile: 0.18 seconds)
[2014.11.20-19.22.43:060][  0]LogContentBrowser:Verbose: The content browser source was changed by the sources view to '/Game/Blueprints/Mechanika'
[2014.11.20-19.22.43:619][  0]LogRenderer:Warning: Reallocating scene render targets to support 32x32.
[2014.11.20-19.22.44:327][  0]LogRenderer:Warning: Reallocating scene render targets to support 664x584.
[2014.11.20-19.22.45:046][  4]LogAssetRegistry: Asset discovery search completed in 9.1436 seconds
[2014.11.20-19.27.10:483][711]LogActorComponent: UnregisterComponent: (/Engine/Transient.CharacterMovementComponent_0) Not registered. Aborting.
[2014.11.20-19.27.11:276][712]Cmd: QUIT_EDITOR
[2014.11.20-19.27.11:491][712]LogWindowsTextInputMethodSystem:Error: Terminating failed while unadvising the language notification sink from the TSF source.
[2014.11.20-19.27.11:492][712]LogExit: Preparing to exit.
[2014.11.20-19.27.12:452][712]LogExit: Editor shut down
[2014.11.20-19.27.12:456][712]LogExit: Transaction tracking system shut down
[2014.11.20-19.27.12:458][712]LogParticles: Destroying 0 GPU particle simulations for FXSystem 0x0000006BF68EB240
[2014.11.20-19.27.12:527][712]LogParticles: Destroying 0 GPU particle simulations for FXSystem 0x0000006BEF907F60
[2014.11.20-19.27.12:527][712]LogParticles: Destroying 0 GPU particle simulations for FXSystem 0x0000006BEF907B00
[2014.11.20-19.27.12:527][712]LogExit: Object subsystem successfully closed.
[2014.11.20-19.27.12:577][712]LogModuleManager: Shutting down and abandoning module HTTP (153)
[2014.11.20-19.27.12:577][712]LogModuleManager: Shutting down and abandoning module CrashTracker (152)
[2014.11.20-19.27.12:577][712]LogModuleManager: Shutting down and abandoning module SuperSearch (151)
[2014.11.20-19.27.12:589][712]LogModuleManager: Shutting down and abandoning module SceneOutliner (150)
[2014.11.20-19.27.12:589][712]LogModuleManager: Shutting down and abandoning module EditorWidgets (149)
[2014.11.20-19.27.12:589][712]LogModuleManager: Shutting down and abandoning module CollectionManager (148)
[2014.11.20-19.27.12:604][712]LogModuleManager: Shutting down and abandoning module StatsViewer (147)
[2014.11.20-19.27.12:604][712]LogModuleManager: Shutting down and abandoning module FoliageEdit (146)
[2014.11.20-19.27.12:604][712]LogModuleManager: Shutting down and abandoning module LandscapeEditor (145)
[2014.11.20-19.27.12:604][712]LogModuleManager: Shutting down and abandoning module MeshPaint (144)
[2014.11.20-19.27.12:604][712]LogModuleManager: Shutting down and abandoning module ActorPickerMode (143)
[2014.11.20-19.27.12:604][712]LogModuleManager: Shutting down and abandoning module GeometryMode (142)
[2014.11.20-19.27.12:604][712]LogModuleManager: Shutting down and abandoning module TextureAlignMode (141)
[2014.11.20-19.27.12:604][712]LogModuleManager: Shutting down and abandoning module BspMode (140)
[2014.11.20-19.27.12:604][712]LogModuleManager: Shutting down and abandoning module PlacementMode (139)
[2014.11.20-19.27.12:604][712]LogModuleManager: Shutting down and abandoning module DesktopPlatform (138)
[2014.11.20-19.27.12:604][712]LogModuleManager: Shutting down and abandoning module AutomationWorker (137)
[2014.11.20-19.27.12:604][712]LogModuleManager: Shutting down and abandoning module EditorLiveStreaming (136)
[2014.11.20-19.27.12:604][712]LogModuleManager: Shutting down and abandoning module BehaviorTreeEditor (135)
[2014.11.20-19.27.12:604][712]LogModuleManager: Shutting down and abandoning module DeviceProfileEditor (134)
[2014.11.20-19.27.12:604][712]LogModuleManager: Shutting down and abandoning module UndoHistory (133)
[2014.11.20-19.27.12:604][712]LogModuleManager: Shutting down and abandoning module GameplayTagsEditor (132)
[2014.11.20-19.27.12:604][712]LogModuleManager: Shutting down and abandoning module UserFeedback (131)
[2014.11.20-19.27.12:604][712]LogModuleManager: Shutting down and abandoning module XmlParser (130)
[2014.11.20-19.27.12:604][712]LogModuleManager: Shutting down and abandoning module Blutility (129)
[2014.11.20-19.27.12:604][712]LogModuleManager: Shutting down and abandoning module IOSPlatformEditor (128)
[2014.11.20-19.27.12:605][712]LogModuleManager: Shutting down and abandoning module IOSRuntimeSettings (127)
[2014.11.20-19.27.12:605][712]LogModuleManager: Shutting down and abandoning module ProjectTargetPlatformEditor (124)
[2014.11.20-19.27.12:605][712]LogModuleManager: Shutting down and abandoning module ProjectSettingsViewer (123)
[2014.11.20-19.27.12:605][712]LogModuleManager: Shutting down and abandoning module InputBindingEditor (122)
[2014.11.20-19.27.12:605][712]LogModuleManager: Shutting down and abandoning module EditorSettingsViewer (121)
[2014.11.20-19.27.12:605][712]LogModuleManager: Shutting down and abandoning module SettingsEditor (120)
[2014.11.20-19.27.12:605][712]LogModuleManager: Shutting down and abandoning module SessionLauncher (119)
[2014.11.20-19.27.12:605][712]LogModuleManager: Shutting down and abandoning module SessionFrontend (118)
[2014.11.20-19.27.12:605][712]LogModuleManager: Shutting down and abandoning module ProfilerClient (117)
[2014.11.20-19.27.12:605][712]LogModuleManager: Shutting down and abandoning module TargetDeviceServices (116)
[2014.11.20-19.27.12:605][712]LogModuleManager: Shutting down and abandoning module DeviceManager (115)
[2014.11.20-19.27.12:605][712]LogModuleManager: Shutting down and abandoning module AutomationController (114)
[2014.11.20-19.27.12:605][712]LogModuleManager: Shutting down and abandoning module AutomationWindow (113)
[2014.11.20-19.27.12:605][712]LogModuleManager: Shutting down and abandoning module Layers (112)
[2014.11.20-19.27.12:605][712]LogModuleManager: Shutting down and abandoning module ComponentVisualizers (111)
[2014.11.20-19.27.12:605][712]LogModuleManager: Shutting down and abandoning module DetailCustomizations (110)
[2014.11.20-19.27.12:605][712]LogModuleManager: Shutting down and abandoning module PackagesDialog (109)
[2014.11.20-19.27.12:605][712]LogModuleManager: Shutting down and abandoning module DirectoryWatcher (108)
[2014.11.20-19.27.12:606][712]LogModuleManager: Shutting down and abandoning module AssetRegistry (107)
[2014.11.20-19.27.12:687][712]LogModuleManager: Shutting down and abandoning module Persona (106)
[2014.11.20-19.27.12:687][712]LogModuleManager: Shutting down and abandoning module GraphEditor (105)
[2014.11.20-19.27.12:687][712]LogModuleManager: Shutting down and abandoning module ClassViewer (104)
[2014.11.20-19.27.12:687][712]LogModuleManager: Shutting down and abandoning module Toolbox (103)
[2014.11.20-19.27.12:687][712]LogModuleManager: Shutting down and abandoning module ModuleUI (102)
[2014.11.20-19.27.12:687][712]LogModuleManager: Shutting down and abandoning module Sequencer (101)
[2014.11.20-19.27.12:687][712]LogModuleManager: Shutting down and abandoning module MovieSceneTools (100)
[2014.11.20-19.27.12:687][712]LogModuleManager: Shutting down and abandoning module OutputLog (99)
[2014.11.20-19.27.12:687][712]LogModuleManager: Shutting down and abandoning module GammaUI (98)
[2014.11.20-19.27.12:687][712]LogModuleManager: Shutting down and abandoning module Documentation (97)
[2014.11.20-19.27.12:687][712]LogModuleManager: Shutting down and abandoning module GameLiveStreaming (96)
[2014.11.20-19.27.12:687][712]LogModuleManager: Shutting down and abandoning module StreamingPauseRendering (95)
[2014.11.20-19.27.12:687][712]LogModuleManager: Shutting down and abandoning module AnalyticsET (94)
[2014.11.20-19.27.12:687][712]LogModuleManager: Shutting down and abandoning module Analytics (93)
[2014.11.20-19.27.12:687][712]LogModuleManager: Shutting down and abandoning module GameplayDebugger (92)
[2014.11.20-19.27.12:687][712]LogModuleManager: Shutting down and abandoning module AIModule (91)
[2014.11.20-19.27.12:687][712]LogModuleManager: Shutting down and abandoning module ProfilerService (90)
[2014.11.20-19.27.12:828][712]LogModuleManager: Shutting down and abandoning module TaskGraph (89)
[2014.11.20-19.27.12:828][712]LogModuleManager: Shutting down and abandoning module SlateRemote (88)
[2014.11.20-19.27.12:828][712]LogModuleManager: Shutting down and abandoning module ScriptEditorPlugin (87)
[2014.11.20-19.27.12:828][712]LogModuleManager: Shutting down and abandoning module CustomMeshComponent (86)
[2014.11.20-19.27.12:828][712]LogModuleManager: Shutting down and abandoning module CableComponent (85)
[2014.11.20-19.27.12:828][712]LogModuleManager: Shutting down and abandoning module MessagingDebugger (84)
[2014.11.20-19.27.12:828][712]LogModuleManager: Shutting down and abandoning module ViewportSnapping (83)
[2014.11.20-19.27.12:828][712]LogModuleManager: Shutting down and abandoning module SmartSnapping (82)
[2014.11.20-19.27.12:828][712]LogModuleManager: Shutting down and abandoning module PaperTiledImporter (81)
[2014.11.20-19.27.12:828][712]LogModuleManager: Shutting down and abandoning module PaperJsonImporter (80)
[2014.11.20-19.27.12:828][712]LogModuleManager: Shutting down and abandoning module GameProjectGeneration (79)
[2014.11.20-19.27.12:828][712]LogModuleManager: Shutting down and abandoning module Matinee (78)
[2014.11.20-19.27.12:828][712]LogModuleManager: Shutting down and abandoning module Kismet (77)
[2014.11.20-19.27.12:828][712]LogModuleManager: Shutting down and abandoning module SlateReflector (76)
[2014.11.20-19.27.12:828][712]LogModuleManager: Shutting down and abandoning module LevelEditor (75)
[2014.11.20-19.27.12:829][712]LogModuleManager: Shutting down and abandoning module IntroTutorials (74)
[2014.11.20-19.27.12:830][712]LogModuleManager: Shutting down and abandoning module ContentBrowser (73)
[2014.11.20-19.27.12:830][712]LogModuleManager: Shutting down and abandoning module PropertyEditor (72)
[2014.11.20-19.27.12:830][712]LogModuleManager: Shutting down and abandoning module AssetTools (71)
[2014.11.20-19.27.12:830][712]LogModuleManager: Shutting down and abandoning module Paper2DEditor (70)
[2014.11.20-19.27.12:830][712]LogModuleManager: Shutting down and abandoning module SpeedTreeImporter (69)
[2014.11.20-19.27.12:830][712]LogModuleManager: Shutting down and abandoning module PluginsEditor (68)
[2014.11.20-19.27.12:830][712]LogModuleManager: Shutting down and abandoning module MainFrame (67)
[2014.11.20-19.27.12:831][712]LogModuleManager: Shutting down and abandoning module EpicSurvey (66)
[2014.11.20-19.27.12:831][712]LogModuleManager: Shutting down and abandoning module VisualStudioSourceCodeAccess (65)
[2014.11.20-19.27.12:831][712]LogModuleManager: Shutting down and abandoning module UObjectPlugin (64)
[2014.11.20-19.27.12:831][712]LogModuleManager: Shutting down and abandoning module SubversionSourceControl (63)
[2014.11.20-19.27.12:831][712]LogModuleManager: Shutting down and abandoning module SourceControl (62)
[2014.11.20-19.27.12:831][712]LogModuleManager: Shutting down and abandoning module PerforceSourceControl (61)
[2014.11.20-19.27.12:832][712]LogModuleManager: Shutting down and abandoning module BlankPlugin (60)
[2014.11.20-19.27.12:832][712]LogModuleManager: Shutting down and abandoning module ScriptPlugin (59)
[2014.11.20-19.27.12:832][712]LogModuleManager: Shutting down and abandoning module UdpMessaging (58)
[2014.11.20-19.27.12:933][712]LogModuleManager: Shutting down and abandoning module Paper2D (57)
[2014.11.20-19.27.12:933][712]LogModuleManager: Shutting down and abandoning module WindowsMoviePlayer (56)
[2014.11.20-19.27.12:940][712]LogModuleManager: Shutting down and abandoning module ImageWrapper (55)
[2014.11.20-19.27.12:940][712]LogModuleManager: Shutting down and abandoning module OnlineBlueprintSupport (54)
[2014.11.20-19.27.12:940][712]LogModuleManager: Shutting down and abandoning module FunctionalTesting (53)
[2014.11.20-19.27.12:940][712]LogModuleManager: Shutting down and abandoning module CollisionAnalyzer (52)
[2014.11.20-19.27.12:940][712]LogModuleManager: Shutting down and abandoning module WorkspaceMenuStructure (51)
[2014.11.20-19.27.12:940][712]LogModuleManager: Shutting down and abandoning module MessageLog (50)
[2014.11.20-19.27.12:940][712]LogModuleManager: Shutting down and abandoning module UMGEditor (49)
[2014.11.20-19.27.12:940][712]LogModuleManager: Shutting down and abandoning module UMG (48)
[2014.11.20-19.27.12:940][712]LogModuleManager: Shutting down and abandoning module Slate (47)
[2014.11.20-19.27.12:940][712]LogModuleManager: Shutting down and abandoning module EditorStyle (46)
[2014.11.20-19.27.12:944][712]LogModuleManager: Shutting down and abandoning module SessionServices (45)
[2014.11.20-19.27.12:944][712]LogModuleManager: Shutting down and abandoning module SourceCodeAccess (44)
[2014.11.20-19.27.12:944][712]LogModuleManager: Shutting down and abandoning module HeadMountedDisplay (43)
[2014.11.20-19.27.12:944][712]LogModuleManager: Shutting down and abandoning module XAudio2 (42)
[2014.11.20-19.27.12:944][712]LogModuleManager: Shutting down and abandoning module Networking (40)
[2014.11.20-19.27.12:944][712]LogModuleManager: Shutting down and abandoning module Core (39)
[2014.11.20-19.27.12:944][712]LogModuleManager: Shutting down and abandoning module KismetCompiler (38)
[2014.11.20-19.27.12:944][712]LogModuleManager: Shutting down and abandoning module PhysXFormats (37)
[2014.11.20-19.27.12:944][712]LogModuleManager: Shutting down and abandoning module MeshUtilities (36)
[2014.11.20-19.27.12:944][712]LogModuleManager: Shutting down and abandoning module DerivedDataCache (35)
[2014.11.20-19.27.12:962][712]LogDerivedDataCache: Shutdown
[2014.11.20-19.27.12:962][712]LogModuleManager: Shutting down and abandoning module ShaderFormatOpenGL (34)
[2014.11.20-19.27.12:962][712]LogModuleManager: Shutting down and abandoning module ShaderFormatD3D (33)
[2014.11.20-19.27.12:962][712]LogModuleManager: Shutting down and abandoning module MetalShaderFormat (32)
[2014.11.20-19.27.12:962][712]LogModuleManager: Shutting down and abandoning module TextureFormatUncompressed (31)
[2014.11.20-19.27.12:962][712]LogModuleManager: Shutting down and abandoning module TextureFormatPVR (30)
[2014.11.20-19.27.12:962][712]LogModuleManager: Shutting down and abandoning module TextureFormatDXT (29)
[2014.11.20-19.27.12:962][712]LogModuleManager: Shutting down and abandoning module AudioFormatOpus (28)
[2014.11.20-19.27.12:962][712]LogModuleManager: Shutting down and abandoning module AudioFormatOgg (27)
[2014.11.20-19.27.12:962][712]LogModuleManager: Shutting down and abandoning module AudioFormatADPCM (26)
[2014.11.20-19.27.12:962][712]LogModuleManager: Shutting down and abandoning module Messaging (25)
[2014.11.20-19.27.12:962][712]LogModuleManager: Shutting down and abandoning module IOSTargetPlatform (24)
[2014.11.20-19.27.12:962][712]LogModuleManager: Shutting down and abandoning module WindowsTargetPlatform (23)
[2014.11.20-19.27.12:962][712]LogModuleManager: Shutting down and abandoning module WindowsServerTargetPlatform (22)
[2014.11.20-19.27.12:962][712]LogModuleManager: Shutting down and abandoning module WindowsNoEditorTargetPlatform (21)
[2014.11.20-19.27.12:962][712]LogModuleManager: Shutting down and abandoning module WindowsClientTargetPlatform (20)
[2014.11.20-19.27.12:962][712]LogModuleManager: Shutting down and abandoning module TargetPlatform (19)
[2014.11.20-19.27.12:962][712]LogModuleManager: Shutting down and abandoning module InputCore (18)
[2014.11.20-19.27.12:962][712]LogModuleManager: Shutting down and abandoning module Settings (17)
[2014.11.20-19.27.12:962][712]LogModuleManager: Shutting down and abandoning module ExampleDeviceProfileSelector (14)
[2014.11.20-19.27.12:962][712]LogModuleManager: Shutting down and abandoning module OculusRift (13)
[2014.11.20-19.27.12:962][712]LogModuleManager: Shutting down and abandoning module TextureCompressor (12)
[2014.11.20-19.27.12:962][712]LogModuleManager: Shutting down and abandoning module ShaderCore (11)
[2014.11.20-19.27.12:962][712]LogModuleManager: Shutting down and abandoning module OpenGLDrv (10)
[2014.11.20-19.27.12:962][712]LogModuleManager: Shutting down and abandoning module D3D11RHI (9)
[2014.11.20-19.27.12:962][712]LogModuleManager: Shutting down and abandoning module SlateRHIRenderer (8)
[2014.11.20-19.27.12:962][712]LogModuleManager: Shutting down and abandoning module Renderer (7)
[2014.11.20-19.27.12:962][712]LogModuleManager: Shutting down and abandoning module Engine (6)
[2014.11.20-19.27.12:962][712]LogModuleManager: Shutting down and abandoning module CoreUObject (5)
[2014.11.20-19.27.12:962][712]LogModuleManager: Shutting down and abandoning module NetworkFile (4)
[2014.11.20-19.27.12:962][712]LogModuleManager: Shutting down and abandoning module StreamingFile (3)
[2014.11.20-19.27.12:962][712]LogModuleManager: Shutting down and abandoning module SandboxFile (2)
[2014.11.20-19.27.12:962][712]LogModuleManager: Shutting down and abandoning module PakFile (1)
[2014.11.20-19.27.12:965][712]LogExit: Exiting.
[2014.11.20-19.27.12:968][712]Log file closed, 11/20/14 20:27:12
