Log file open, 11/19/14 18:48:20
LogInit:Display: Running engine for game: MyProject4
LogInit: Version: 4.4.3-0+UE4
LogInit: API Version: 0
LogInit: Compiled (64-bit): Sep 17 2014 07:16:51
LogInit: Build Configuration: Development
LogInit: Branch Name: UE4
LogInit: Command line: 
LogInit: Base directory: D:/Developer/UnrealEngine-4.4.3-release/UnrealEngine-4.4.3-release/Engine/Binaries/Win64/
LogInit: Rocket: 0
[2014.11.19-17.48.20:914][  0]LogTaskGraph: Started task graph with 3 named threads and 4 total threads.
[2014.11.19-17.48.20:945][  0]LogOnline:Warning: No default platform service specified for OnlineSubsystem
[2014.11.19-17.48.20:954][  0]LogInit: Presizing for 0 objects not considered by GC, pre-allocating 0 bytes.
[2014.11.19-17.48.20:964][  0]LogInit: Object subsystem initialized
[2014.11.19-17.48.20:967][  0]LogInit: Selected Device Profile: [Windows]
[2014.11.19-17.48.20:967][  0]LogInit: Applying CVar settings loaded from the selected device profile: [Windows]
[2014.11.19-17.48.20:984][  0]LogInit: Computer: ADAM
[2014.11.19-17.48.20:984][  0]LogInit: User: Adam
[2014.11.19-17.48.20:987][  0]LogInit: CPU Page size=4096, Cores=2
[2014.11.19-17.48.20:987][  0]LogInit: High frequency timer resolution =3.161623 MHz
[2014.11.19-17.48.20:987][  0]LogMemory: Memory total: Physical=3.0GB (3GB approx) Virtual=131072.0GB
[2014.11.19-17.48.20:987][  0]LogMemory: Platform Memory Stats for Windows
[2014.11.19-17.48.20:987][  0]LogMemory: Process Physical Memory: 59.91 MB used, 59.91 MB peak
[2014.11.19-17.48.20:987][  0]LogMemory: Process Virtual Memory: 35.97 MB used, 35.97 MB peak
[2014.11.19-17.48.20:987][  0]LogMemory: Physical Memory: 2819.41 MB used, 3071.55 MB total
[2014.11.19-17.48.20:987][  0]LogMemory: Virtual Memory: 262.09 MB used, 134217728.00 MB total
[2014.11.19-17.48.21:028][  0]LogD3D11RHI: Found D3D11 adapter 0: NVIDIA GeForce GTX 780 (Feature Level 11_0)
[2014.11.19-17.48.21:028][  0]LogD3D11RHI: Adapter has 2988MB of dedicated video memory, 0MB of dedicated system memory, and 1535MB of shared system memory, 2 output[s]
[2014.11.19-17.48.21:030][  0]LogD3D11RHI: Found D3D11 adapter 1: Microsoft Basic Render Driver (Feature Level 11_0)
[2014.11.19-17.48.21:030][  0]LogD3D11RHI: Adapter has 0MB of dedicated video memory, 0MB of dedicated system memory, and 256MB of shared system memory, 0 output[s]
[2014.11.19-17.48.21:030][  0]LogD3D11RHI: Chosen D3D11 Adapter Id = 0
[2014.11.19-17.48.21:041][  0]LogRHI: Texture pool is 1361 MB (70% of 1945 MB)
[2014.11.19-17.48.21:061][  0]LogD3D11RHI: Async texture creation enabled
[2014.11.19-17.48.21:253][  0]LogContentStreaming: Texture pool size is 0.000000MB
[2014.11.19-17.48.26:220][  0]LogTargetPlatformManager:Display: Building Assets For Windows
[2014.11.19-17.48.27:332][  0]LogTargetPlatformManager:Display: Building Assets For Windows
[2014.11.19-17.48.27:457][  0]LogDerivedDataCache:Display: Max Cache Size: 512 MB
[2014.11.19-17.48.29:624][  0]LogDerivedDataCache: Loaded boot cache 2.15s 39MB ../../../../../Jablo/UNREAL_AKTUALNY_PROJEKT/MyProject4/DerivedDataCache/Boot.ddc.
[2014.11.19-17.48.29:624][  0]LogDerivedDataCache:Display: Loaded Boot cache: ../../../../../Jablo/UNREAL_AKTUALNY_PROJEKT/MyProject4/DerivedDataCache/Boot.ddc
[2014.11.19-17.48.29:624][  0]LogDerivedDataCache: FDerivedDataBackendGraph:  Pak pak cache file ../../../../../Jablo/UNREAL_AKTUALNY_PROJEKT/MyProject4/DerivedDataCache/DDC.ddp not found, will not use a pak cache.
[2014.11.19-17.48.29:624][  0]LogDerivedDataCache: Unable to find inner node Pak for hierarchical cache Hierarchy.
[2014.11.19-17.48.29:624][  0]LogDerivedDataCache: FDerivedDataBackendGraph:  EnginePak pak cache file ../../../Engine/DerivedDataCache/DDC.ddp not found, will not use a pak cache.
[2014.11.19-17.48.29:624][  0]LogDerivedDataCache: Unable to find inner node EnginePak for hierarchical cache Hierarchy.
[2014.11.19-17.48.29:637][  0]LogDerivedDataCache: Using Local data cache path ../../../Engine/DerivedDataCache: Writable
[2014.11.19-17.48.29:637][  0]LogDerivedDataCache: Shared data cache path not found in *engine.ini, will not use an Shared cache.
[2014.11.19-17.48.29:637][  0]LogDerivedDataCache: Unable to find inner node Shared for hierarchical cache Hierarchy.
[2014.11.19-17.48.34:413][  0]LogMeshUtilities: No automatic mesh reduction module available
[2014.11.19-17.48.34:413][  0]LogMeshUtilities: No automatic mesh merging module available
[2014.11.19-17.48.38:656][  0]LogInit: WinSock: version 1.1 (2.2), MaxSocks=32767, MaxUdp=65467
[2014.11.19-17.48.48:192][  0]LogStats:Warning: MetaData mismatch. Did you assign a stat to two groups? New //STATGROUP_Threads//FMonitoredProcess///Thread_fc4_0///////STATCAT_Advanced//// old //STATGROUP_Threads//FMonitoredProcess///Thread_14bc_0///////STATCAT_Advanced////
[2014.11.19-17.48.48:192][  0]UdpMessaging: Initializing bridge on interface 0.0.0.0:0 to multicast group 230.0.0.1:6666.
[2014.11.19-17.48.48:361][  0]SourceControl: Info Source control is disabled
[2014.11.19-17.48.48:361][  0]SourceControl: Info Source control is disabled
[2014.11.19-17.48.48:368][  0]SourceControl: Info Source control is disabled
[2014.11.19-17.48.49:410][  0]BlueprintLog: New page: Editor Load
[2014.11.19-17.48.49:740][  0]LogObj: 21438 objects as part of root set at end of initial load.
[2014.11.19-17.48.49:740][  0]LogUObjectAllocator: 4218656 out of 0 bytes used by permanent object pool.
[2014.11.19-17.48.50:549][  0]LogEngine: Initializing Engine...
[2014.11.19-17.48.51:699][  0]LogInit: XAudio2 using 'GBo[niki (USB Multi-Channel Audio Device)' : 6 channels at 48 kHz using 32 bits per sample (channel mask 0x60f)
[2014.11.19-17.48.51:712][  0]LogInit: FAudioDevice initialized.
[2014.11.19-17.48.51:780][  0]LogAIModule: Creating AISystem for world NewWorld
[2014.11.19-17.48.51:864][  0]LogDerivedDataCache: Saved boot cache 0.08s 39MB ../../../../../Jablo/UNREAL_AKTUALNY_PROJEKT/MyProject4/DerivedDataCache/Boot.ddc.
[2014.11.19-17.48.51:893][  0]LogInit: Texture streaming: Enabled
[2014.11.19-17.48.52:300][  0]LogInit: Transaction tracking system initialized
[2014.11.19-17.48.52:653][  0]LogAssetRegistry: FAssetRegistry took 0.0111 seconds to start up
[2014.11.19-17.48.56:214][  0]LogTargetPlatformManager:Display: Building Assets For Windows
[2014.11.19-17.48.56:791][  0]LogTargetPlatformManager:Display: Building Assets For Windows
[2014.11.19-17.48.56:848][  0]LogModuleManager:Warning: ModuleManager: Unable to load module 'AndroidRuntimeSettings' because the file 'D:/Developer/UnrealEngine-4.4.3-release/UnrealEngine-4.4.3-release/Engine/Binaries/Win64/' was not found.
[2014.11.19-17.48.56:855][  0]LogModuleManager:Warning: ModuleManager: Unable to load module 'AndroidPlatformEditor' because the file 'D:/Developer/UnrealEngine-4.4.3-release/UnrealEngine-4.4.3-release/Engine/Binaries/Win64/' was not found.
[2014.11.19-17.48.57:110][  0]LogConsoleResponse:Display: 
[2014.11.19-17.48.59:200][  0]LogStats:Warning: MetaData mismatch. Did you assign a stat to two groups? New //STATGROUP_Threads//FMonitoredProcess///Thread_1940_0///////STATCAT_Advanced//// old //STATGROUP_Threads//FMonitoredProcess///Thread_14bc_0///////STATCAT_Advanced////
[2014.11.19-17.48.59:200][  0]LogStats:Warning: MetaData mismatch. Did you assign a stat to two groups? New //STATGROUP_Threads//FMonitoredProcess///Thread_1148_0///////STATCAT_Advanced//// old //STATGROUP_Threads//FMonitoredProcess///Thread_14bc_0///////STATCAT_Advanced////
[2014.11.19-17.48.59:200][  0]SourceControl: Info Source control is disabled
[2014.11.19-17.48.59:213][  0]Cmd: MAP LOAD FILE="../../../../../Jablo/UNREAL_AKTUALNY_PROJEKT/MyProject4/Content/Maps/Minimal_Default.umap" TEMPLATE=0 SHOWPROGRESS=1
[2014.11.19-17.48.59:257][  0]LightingResults: New page: Lighting Build
[2014.11.19-17.48.59:281][  0]MapCheck: New page: Map Check
[2014.11.19-17.48.59:281][  0]LightingResults: New page: Lighting Build
[2014.11.19-17.48.59:305][  0]LogParticles: Destroying 0 GPU particle simulations for FXSystem 0x000000E7E37FC7C0
[2014.11.19-17.49.02:195][  0]LogBlueprint:Warning: Node '/Game/Maps/Minimal_Default.Minimal_Default:PersistentLevel.Minimal_Default.EventGraph.K2Node_Literal_4' missing NodeGuid.
[2014.11.19-17.49.02:387][  0]LogEditorServer: Finished looking for orphan Actors (0.000 secs)
[2014.11.19-17.49.02:485][  0]LogAIModule: Creating AISystem for world Minimal_Default
[2014.11.19-17.49.02:506][  0]Cmd: MAP CHECKDEP
[2014.11.19-17.49.02:506][  0]MapCheck: New page: Minimal_Default - 19 Nov 2014 19:49:02
[2014.11.19-17.49.02:682][  0]MapCheck: Info ========== Map Check: 0 Error(s), 0 Warning(s), [175,647ms] ==========
[2014.11.19-17.49.02:682][  0]LogFileHelpers: Loading map 'Minimal_Default' took 3.468
[2014.11.19-17.49.03:213][  0]LogCollectionManager: Loaded 0 collections in 0.001140 seconds
[2014.11.19-17.49.05:476][  0]LogCrashTracker: Crashtracker disabled due to settings.
[2014.11.19-17.49.05:574][  0]LogInit: Using libcurl 7.34.0
[2014.11.19-17.49.05:574][  0]LogInit:  - built for x86_64-pc-win32
[2014.11.19-17.49.05:574][  0]LogInit:  - supports SSL with WinSSL
[2014.11.19-17.49.05:574][  0]LogInit:  - other features:
[2014.11.19-17.49.05:574][  0]LogInit:      CURL_VERSION_SSL
[2014.11.19-17.49.05:574][  0]LogInit:      CURL_VERSION_ASYNCHDNS
[2014.11.19-17.49.05:574][  0]LogInit:      CURL_VERSION_LARGEFILE
[2014.11.19-17.49.05:574][  0]LogInit:      CURL_VERSION_IDN
[2014.11.19-17.49.05:574][  0]LogInit: Libcurl will NOT reuse connections
[2014.11.19-17.49.05:630][  0]LogLoad: Full Startup: 48.77 seconds (BP compile: 0.29 seconds)
[2014.11.19-17.49.05:653][  0]LogContentBrowser:Verbose: The content browser source was changed by the sources view to '/Game/Blueprints/Mechanika'
[2014.11.19-17.49.05:942][  0]LogRenderer:Warning: Reallocating scene render targets to support 32x32.
[2014.11.19-17.49.06:266][  0]LogRenderer:Warning: Reallocating scene render targets to support 664x584.
[2014.11.19-17.49.06:873][  3]LogAssetRegistry: Asset discovery search completed in 14.2310 seconds
[2014.11.19-17.52.31:215][738]Cmd: TRANSACTION UNDO
[2014.11.19-17.52.31:222][738]LogEditorTransaction: Undo Translate Socket
[2014.11.19-17.52.31:390][738]LogActorComponent: UnregisterComponent: (/Engine/Transient.CharacterMovementComponent_0) Not registered. Aborting.
[2014.11.19-17.52.33:370][820]Cmd: TRANSACTION UNDO
[2014.11.19-17.52.33:370][820]LogEditorTransaction: Undo Translate Socket
[2014.11.19-17.52.35:159][887]Cmd: TRANSACTION UNDO
[2014.11.19-17.52.35:159][887]LogEditorTransaction: Undo Rename Socket
[2014.11.19-17.52.37:085][964]Cmd: TRANSACTION UNDO
[2014.11.19-17.52.37:085][964]LogEditorTransaction: Undo Add Socket to Skeleton
[2014.11.19-17.52.52:054][624]LogContentBrowser:Verbose: The content browser source was changed by the sources view to '/Game/BroD'
[2014.11.19-17.54.52:500][652]LogFactory: FactoryCreateBinary: StaticMesh with FbxFactory (0 0 ../../../../../Jablo/Modele 3d/broD/glock.FBX)
[2014.11.19-17.54.52:932][652]LogFbx: ItemName: GlobalSettings, ItemCount : 1
[2014.11.19-17.54.52:932][652]LogFbx: ItemName: AnimationStack, ItemCount : 1
[2014.11.19-17.54.52:932][652]LogFbx: ItemName: AnimationLayer, ItemCount : 1
[2014.11.19-17.54.52:932][652]LogFbx: ItemName: Model, ItemCount : 1
[2014.11.19-17.54.52:932][652]LogFbx: ItemName: Geometry, ItemCount : 1
[2014.11.19-17.54.52:932][652]LogFbx: ItemName: Material, ItemCount : 1
[2014.11.19-17.54.52:932][652]LogFbx: ItemName: Texture, ItemCount : 1
[2014.11.19-17.54.52:932][652]LogFbx: ItemName: CollectionExclusive, ItemCount : 2
[2014.11.19-17.54.52:932][652]LogFbx: ItemName: Video, ItemCount : 1
[2014.11.19-17.55.30:406][652]LogFbx: Loading FBX Scene from ../../../../../Jablo/Modele 3d/broD/glock.FBX
[2014.11.19-17.55.30:500][652]LogFbx: FBX Scene Loaded Succesfully
[2014.11.19-17.55.30:521][652]LogFbx: =================================================
[2014.11.19-17.55.30:521][652]LogFbx: Dumping Node START [Box002] : Total Deformer Count 0.
[2014.11.19-17.55.30:521][652]LogFbx: Dumping Node END [Box002]
[2014.11.19-17.55.30:521][652]LogFbx: =================================================
[2014.11.19-17.55.30:521][652]LogFbx: Dumping Node START [Box002] : Total Deformer Count 0.
[2014.11.19-17.55.30:521][652]LogFbx: Dumping Node END [Box002]
[2014.11.19-17.55.30:553][652]FBXImport:Error: Error Failed to find any bone hierarchy. Try to import as Rigid Mesh option enabled.  
[2014.11.19-17.55.30:553][652]FBXImport:Error: Error Import failed. 
[2014.11.19-17.55.34:678][652]LogAssetTools:Warning: Failed to import '../../../../../Jablo/Modele 3d/broD/glock.FBX'. Failed to create asset '/Game/BroD/glock'
[2014.11.19-17.55.41:605][987]LogActorComponent: UnregisterComponent: (/Engine/Transient.CharacterMovementComponent_1) Not registered. Aborting.
[2014.11.19-17.55.42:056][987]LogParticles: Destroying 0 GPU particle simulations for FXSystem 0x000000E7DAB927A0
[2014.11.19-17.55.44:876][988]Cmd: QUIT_EDITOR
[2014.11.19-17.55.45:293][988]LogWindowsTextInputMethodSystem:Error: Terminating failed while unadvising the language notification sink from the TSF source.
[2014.11.19-17.55.45:417][988]LogExit: Preparing to exit.
[2014.11.19-17.55.46:250][988]LogExit: Editor shut down
[2014.11.19-17.55.46:254][988]LogExit: Transaction tracking system shut down
[2014.11.19-17.55.46:257][988]LogParticles: Destroying 0 GPU particle simulations for FXSystem 0x000000E7E0C3BBA0
[2014.11.19-17.55.46:259][988]LogParticles: Destroying 0 GPU particle simulations for FXSystem 0x000000E7DA5CC4A0
[2014.11.19-17.55.46:259][988]LogParticles: Destroying 0 GPU particle simulations for FXSystem 0x000000E7DA5CC400
[2014.11.19-17.55.46:261][988]LogParticles: Destroying 0 GPU particle simulations for FXSystem 0x000000E7E9B4F240
[2014.11.19-17.55.46:262][988]LogParticles: Destroying 0 GPU particle simulations for FXSystem 0x000000E7DA570680
[2014.11.19-17.55.46:262][988]LogParticles: Destroying 0 GPU particle simulations for FXSystem 0x000000E7E9B6DA80
[2014.11.19-17.55.47:220][988]LogExit: Object subsystem successfully closed.
[2014.11.19-17.55.47:985][988]LogModuleManager: Shutting down and abandoning module HTTP (153)
[2014.11.19-17.55.48:019][988]LogModuleManager: Shutting down and abandoning module CrashTracker (152)
[2014.11.19-17.55.48:019][988]LogModuleManager: Shutting down and abandoning module SuperSearch (151)
[2014.11.19-17.55.48:030][988]LogModuleManager: Shutting down and abandoning module SceneOutliner (150)
[2014.11.19-17.55.48:030][988]LogModuleManager: Shutting down and abandoning module EditorWidgets (149)
[2014.11.19-17.55.48:030][988]LogModuleManager: Shutting down and abandoning module CollectionManager (148)
[2014.11.19-17.55.48:037][988]LogModuleManager: Shutting down and abandoning module StatsViewer (147)
[2014.11.19-17.55.48:052][988]LogModuleManager: Shutting down and abandoning module FoliageEdit (146)
[2014.11.19-17.55.48:052][988]LogModuleManager: Shutting down and abandoning module LandscapeEditor (145)
[2014.11.19-17.55.48:075][988]LogModuleManager: Shutting down and abandoning module MeshPaint (144)
[2014.11.19-17.55.48:082][988]LogModuleManager: Shutting down and abandoning module ActorPickerMode (143)
[2014.11.19-17.55.48:082][988]LogModuleManager: Shutting down and abandoning module GeometryMode (142)
[2014.11.19-17.55.48:082][988]LogModuleManager: Shutting down and abandoning module TextureAlignMode (141)
[2014.11.19-17.55.48:082][988]LogModuleManager: Shutting down and abandoning module BspMode (140)
[2014.11.19-17.55.48:083][988]LogModuleManager: Shutting down and abandoning module PlacementMode (139)
[2014.11.19-17.55.48:083][988]LogModuleManager: Shutting down and abandoning module DesktopPlatform (138)
[2014.11.19-17.55.48:105][988]LogModuleManager: Shutting down and abandoning module AutomationWorker (137)
[2014.11.19-17.55.48:105][988]LogModuleManager: Shutting down and abandoning module EditorLiveStreaming (136)
[2014.11.19-17.55.48:114][988]LogModuleManager: Shutting down and abandoning module BehaviorTreeEditor (135)
[2014.11.19-17.55.48:147][988]LogModuleManager: Shutting down and abandoning module DeviceProfileEditor (134)
[2014.11.19-17.55.48:173][988]LogModuleManager: Shutting down and abandoning module UndoHistory (133)
[2014.11.19-17.55.48:173][988]LogModuleManager: Shutting down and abandoning module GameplayTagsEditor (132)
[2014.11.19-17.55.48:173][988]LogModuleManager: Shutting down and abandoning module UserFeedback (131)
[2014.11.19-17.55.48:173][988]LogModuleManager: Shutting down and abandoning module XmlParser (130)
[2014.11.19-17.55.48:194][988]LogModuleManager: Shutting down and abandoning module Blutility (129)
[2014.11.19-17.55.48:194][988]LogModuleManager: Shutting down and abandoning module IOSPlatformEditor (128)
[2014.11.19-17.55.48:194][988]LogModuleManager: Shutting down and abandoning module IOSRuntimeSettings (127)
[2014.11.19-17.55.48:194][988]LogModuleManager: Shutting down and abandoning module ProjectTargetPlatformEditor (124)
[2014.11.19-17.55.48:202][988]LogModuleManager: Shutting down and abandoning module ProjectSettingsViewer (123)
[2014.11.19-17.55.48:202][988]LogModuleManager: Shutting down and abandoning module InputBindingEditor (122)
[2014.11.19-17.55.48:229][988]LogModuleManager: Shutting down and abandoning module EditorSettingsViewer (121)
[2014.11.19-17.55.48:229][988]LogModuleManager: Shutting down and abandoning module SettingsEditor (120)
[2014.11.19-17.55.48:242][988]LogModuleManager: Shutting down and abandoning module SessionLauncher (119)
[2014.11.19-17.55.48:253][988]LogModuleManager: Shutting down and abandoning module SessionFrontend (118)
[2014.11.19-17.55.48:264][988]LogModuleManager: Shutting down and abandoning module ProfilerClient (117)
[2014.11.19-17.55.48:275][988]LogModuleManager: Shutting down and abandoning module TargetDeviceServices (116)
[2014.11.19-17.55.48:275][988]LogModuleManager: Shutting down and abandoning module DeviceManager (115)
[2014.11.19-17.55.48:308][988]LogModuleManager: Shutting down and abandoning module AutomationController (114)
[2014.11.19-17.55.48:324][988]LogModuleManager: Shutting down and abandoning module AutomationWindow (113)
[2014.11.19-17.55.48:330][988]LogModuleManager: Shutting down and abandoning module Layers (112)
[2014.11.19-17.55.48:360][988]LogModuleManager: Shutting down and abandoning module ComponentVisualizers (111)
[2014.11.19-17.55.48:360][988]LogModuleManager: Shutting down and abandoning module DetailCustomizations (110)
[2014.11.19-17.55.48:391][988]LogModuleManager: Shutting down and abandoning module PackagesDialog (109)
[2014.11.19-17.55.48:391][988]LogModuleManager: Shutting down and abandoning module DirectoryWatcher (108)
[2014.11.19-17.55.48:392][988]LogModuleManager: Shutting down and abandoning module AssetRegistry (107)
[2014.11.19-17.55.48:511][988]LogModuleManager: Shutting down and abandoning module Persona (106)
[2014.11.19-17.55.48:525][988]LogModuleManager: Shutting down and abandoning module GraphEditor (105)
[2014.11.19-17.55.48:538][988]LogModuleManager: Shutting down and abandoning module ClassViewer (104)
[2014.11.19-17.55.48:538][988]LogModuleManager: Shutting down and abandoning module Toolbox (103)
[2014.11.19-17.55.48:538][988]LogModuleManager: Shutting down and abandoning module ModuleUI (102)
[2014.11.19-17.55.48:546][988]LogModuleManager: Shutting down and abandoning module Sequencer (101)
[2014.11.19-17.55.48:572][988]LogModuleManager: Shutting down and abandoning module MovieSceneTools (100)
[2014.11.19-17.55.48:596][988]LogModuleManager: Shutting down and abandoning module OutputLog (99)
[2014.11.19-17.55.48:597][988]LogModuleManager: Shutting down and abandoning module GammaUI (98)
[2014.11.19-17.55.48:610][988]LogModuleManager: Shutting down and abandoning module Documentation (97)
[2014.11.19-17.55.48:610][988]LogModuleManager: Shutting down and abandoning module GameLiveStreaming (96)
[2014.11.19-17.55.48:620][988]LogModuleManager: Shutting down and abandoning module StreamingPauseRendering (95)
[2014.11.19-17.55.48:633][988]LogModuleManager: Shutting down and abandoning module AnalyticsET (94)
[2014.11.19-17.55.48:633][988]LogModuleManager: Shutting down and abandoning module Analytics (93)
[2014.11.19-17.55.48:633][988]LogModuleManager: Shutting down and abandoning module GameplayDebugger (92)
[2014.11.19-17.55.48:633][988]LogModuleManager: Shutting down and abandoning module AIModule (91)
[2014.11.19-17.55.48:645][988]LogModuleManager: Shutting down and abandoning module ProfilerService (90)
[2014.11.19-17.55.48:813][988]LogModuleManager: Shutting down and abandoning module TaskGraph (89)
[2014.11.19-17.55.48:827][988]LogModuleManager: Shutting down and abandoning module SlateRemote (88)
[2014.11.19-17.55.48:827][988]LogModuleManager: Shutting down and abandoning module ScriptEditorPlugin (87)
[2014.11.19-17.55.48:827][988]LogModuleManager: Shutting down and abandoning module CustomMeshComponent (86)
[2014.11.19-17.55.48:827][988]LogModuleManager: Shutting down and abandoning module CableComponent (85)
[2014.11.19-17.55.48:827][988]LogModuleManager: Shutting down and abandoning module MessagingDebugger (84)
[2014.11.19-17.55.48:858][988]LogModuleManager: Shutting down and abandoning module ViewportSnapping (83)
[2014.11.19-17.55.48:858][988]LogModuleManager: Shutting down and abandoning module SmartSnapping (82)
[2014.11.19-17.55.48:858][988]LogModuleManager: Shutting down and abandoning module PaperTiledImporter (81)
[2014.11.19-17.55.48:858][988]LogModuleManager: Shutting down and abandoning module PaperJsonImporter (80)
[2014.11.19-17.55.48:858][988]LogModuleManager: Shutting down and abandoning module GameProjectGeneration (79)
[2014.11.19-17.55.48:858][988]LogModuleManager: Shutting down and abandoning module Matinee (78)
[2014.11.19-17.55.48:877][988]LogModuleManager: Shutting down and abandoning module Kismet (77)
[2014.11.19-17.55.48:912][988]LogModuleManager: Shutting down and abandoning module SlateReflector (76)
[2014.11.19-17.55.48:929][988]LogModuleManager: Shutting down and abandoning module LevelEditor (75)
[2014.11.19-17.55.48:945][988]LogModuleManager: Shutting down and abandoning module IntroTutorials (74)
[2014.11.19-17.55.48:965][988]LogModuleManager: Shutting down and abandoning module ContentBrowser (73)
[2014.11.19-17.55.48:965][988]LogModuleManager: Shutting down and abandoning module PropertyEditor (72)
[2014.11.19-17.55.48:965][988]LogModuleManager: Shutting down and abandoning module AssetTools (71)
[2014.11.19-17.55.48:993][988]LogModuleManager: Shutting down and abandoning module Paper2DEditor (70)
[2014.11.19-17.55.49:031][988]LogModuleManager: Shutting down and abandoning module SpeedTreeImporter (69)
[2014.11.19-17.55.49:036][988]LogModuleManager: Shutting down and abandoning module PluginsEditor (68)
[2014.11.19-17.55.49:046][988]LogModuleManager: Shutting down and abandoning module MainFrame (67)
[2014.11.19-17.55.49:046][988]LogModuleManager: Shutting down and abandoning module EpicSurvey (66)
[2014.11.19-17.55.49:057][988]LogModuleManager: Shutting down and abandoning module VisualStudioSourceCodeAccess (65)
[2014.11.19-17.55.49:063][988]LogModuleManager: Shutting down and abandoning module UObjectPlugin (64)
[2014.11.19-17.55.49:063][988]LogModuleManager: Shutting down and abandoning module SubversionSourceControl (63)
[2014.11.19-17.55.49:079][988]LogModuleManager: Shutting down and abandoning module SourceControl (62)
[2014.11.19-17.55.49:096][988]LogModuleManager: Shutting down and abandoning module PerforceSourceControl (61)
[2014.11.19-17.55.49:113][988]LogModuleManager: Shutting down and abandoning module BlankPlugin (60)
[2014.11.19-17.55.49:113][988]LogModuleManager: Shutting down and abandoning module ScriptPlugin (59)
[2014.11.19-17.55.49:125][988]LogModuleManager: Shutting down and abandoning module UdpMessaging (58)
[2014.11.19-17.55.49:226][988]LogModuleManager: Shutting down and abandoning module Paper2D (57)
[2014.11.19-17.55.49:238][988]LogModuleManager: Shutting down and abandoning module WindowsMoviePlayer (56)
[2014.11.19-17.55.49:291][988]LogModuleManager: Shutting down and abandoning module ImageWrapper (55)
[2014.11.19-17.55.49:291][988]LogModuleManager: Shutting down and abandoning module OnlineBlueprintSupport (54)
[2014.11.19-17.55.49:292][988]LogModuleManager: Shutting down and abandoning module FunctionalTesting (53)
[2014.11.19-17.55.49:298][988]LogModuleManager: Shutting down and abandoning module CollisionAnalyzer (52)
[2014.11.19-17.55.49:324][988]LogModuleManager: Shutting down and abandoning module WorkspaceMenuStructure (51)
[2014.11.19-17.55.49:324][988]LogModuleManager: Shutting down and abandoning module MessageLog (50)
[2014.11.19-17.55.49:324][988]LogModuleManager: Shutting down and abandoning module UMGEditor (49)
[2014.11.19-17.55.49:345][988]LogModuleManager: Shutting down and abandoning module UMG (48)
[2014.11.19-17.55.49:357][988]LogModuleManager: Shutting down and abandoning module Slate (47)
[2014.11.19-17.55.49:357][988]LogModuleManager: Shutting down and abandoning module EditorStyle (46)
[2014.11.19-17.55.49:393][988]LogModuleManager: Shutting down and abandoning module SessionServices (45)
[2014.11.19-17.55.49:393][988]LogModuleManager: Shutting down and abandoning module SourceCodeAccess (44)
[2014.11.19-17.55.49:393][988]LogModuleManager: Shutting down and abandoning module HeadMountedDisplay (43)
[2014.11.19-17.55.49:393][988]LogModuleManager: Shutting down and abandoning module XAudio2 (42)
[2014.11.19-17.55.49:393][988]LogModuleManager: Shutting down and abandoning module Networking (40)
[2014.11.19-17.55.49:393][988]LogModuleManager: Shutting down and abandoning module Core (39)
[2014.11.19-17.55.49:393][988]LogModuleManager: Shutting down and abandoning module KismetCompiler (38)
[2014.11.19-17.55.49:395][988]LogModuleManager: Shutting down and abandoning module PhysXFormats (37)
[2014.11.19-17.55.49:395][988]LogModuleManager: Shutting down and abandoning module MeshUtilities (36)
[2014.11.19-17.55.49:433][988]LogModuleManager: Shutting down and abandoning module DerivedDataCache (35)
[2014.11.19-17.55.49:446][988]LogDerivedDataCache: Shutdown
[2014.11.19-17.55.49:446][988]LogModuleManager: Shutting down and abandoning module ShaderFormatOpenGL (34)
[2014.11.19-17.55.49:457][988]LogModuleManager: Shutting down and abandoning module ShaderFormatD3D (33)
[2014.11.19-17.55.49:468][988]LogModuleManager: Shutting down and abandoning module MetalShaderFormat (32)
[2014.11.19-17.55.49:477][988]LogModuleManager: Shutting down and abandoning module TextureFormatUncompressed (31)
[2014.11.19-17.55.49:477][988]LogModuleManager: Shutting down and abandoning module TextureFormatPVR (30)
[2014.11.19-17.55.49:484][988]LogModuleManager: Shutting down and abandoning module TextureFormatDXT (29)
[2014.11.19-17.55.49:492][988]LogModuleManager: Shutting down and abandoning module AudioFormatOpus (28)
[2014.11.19-17.55.49:498][988]LogModuleManager: Shutting down and abandoning module AudioFormatOgg (27)
[2014.11.19-17.55.49:498][988]LogModuleManager: Shutting down and abandoning module AudioFormatADPCM (26)
[2014.11.19-17.55.49:498][988]LogModuleManager: Shutting down and abandoning module Messaging (25)
[2014.11.19-17.55.49:498][988]LogModuleManager: Shutting down and abandoning module IOSTargetPlatform (24)
[2014.11.19-17.55.49:498][988]LogModuleManager: Shutting down and abandoning module WindowsTargetPlatform (23)
[2014.11.19-17.55.49:498][988]LogModuleManager: Shutting down and abandoning module WindowsServerTargetPlatform (22)
[2014.11.19-17.55.49:498][988]LogModuleManager: Shutting down and abandoning module WindowsNoEditorTargetPlatform (21)
[2014.11.19-17.55.49:498][988]LogModuleManager: Shutting down and abandoning module WindowsClientTargetPlatform (20)
[2014.11.19-17.55.49:498][988]LogModuleManager: Shutting down and abandoning module TargetPlatform (19)
[2014.11.19-17.55.49:498][988]LogModuleManager: Shutting down and abandoning module InputCore (18)
[2014.11.19-17.55.49:498][988]LogModuleManager: Shutting down and abandoning module Settings (17)
[2014.11.19-17.55.49:498][988]LogModuleManager: Shutting down and abandoning module ExampleDeviceProfileSelector (14)
[2014.11.19-17.55.49:498][988]LogModuleManager: Shutting down and abandoning module OculusRift (13)
[2014.11.19-17.55.49:508][988]LogModuleManager: Shutting down and abandoning module TextureCompressor (12)
[2014.11.19-17.55.49:518][988]LogModuleManager: Shutting down and abandoning module ShaderCore (11)
[2014.11.19-17.55.49:518][988]LogModuleManager: Shutting down and abandoning module OpenGLDrv (10)
[2014.11.19-17.55.49:525][988]LogModuleManager: Shutting down and abandoning module D3D11RHI (9)
[2014.11.19-17.55.49:525][988]LogModuleManager: Shutting down and abandoning module SlateRHIRenderer (8)
[2014.11.19-17.55.49:525][988]LogModuleManager: Shutting down and abandoning module Renderer (7)
[2014.11.19-17.55.49:531][988]LogModuleManager: Shutting down and abandoning module Engine (6)
[2014.11.19-17.55.49:531][988]LogModuleManager: Shutting down and abandoning module CoreUObject (5)
[2014.11.19-17.55.49:531][988]LogModuleManager: Shutting down and abandoning module NetworkFile (4)
[2014.11.19-17.55.49:544][988]LogModuleManager: Shutting down and abandoning module StreamingFile (3)
[2014.11.19-17.55.49:558][988]LogModuleManager: Shutting down and abandoning module SandboxFile (2)
[2014.11.19-17.55.49:558][988]LogModuleManager: Shutting down and abandoning module PakFile (1)
[2014.11.19-17.55.49:578][988]LogExit: Exiting.
[2014.11.19-17.55.49:699][988]Log file closed, 11/19/14 18:55:49
