Log file open, 11/18/14 03:23:40
LogInit:Display: Running engine for game: MyProject4
LogInit: Version: 4.4.3-0+UE4
LogInit: API Version: 0
LogInit: Compiled (64-bit): Sep 17 2014 07:16:51
LogInit: Build Configuration: Development
LogInit: Branch Name: UE4
LogInit: Command line: 
LogInit: Base directory: D:/Developer/UnrealEngine-4.4.3-release/UnrealEngine-4.4.3-release/Engine/Binaries/Win64/
LogInit: Rocket: 0
[2014.11.18-02.23.40:913][  0]LogTaskGraph: Started task graph with 3 named threads and 4 total threads.
[2014.11.18-02.23.40:944][  0]LogOnline:Warning: No default platform service specified for OnlineSubsystem
[2014.11.18-02.23.40:953][  0]LogInit: Presizing for 0 objects not considered by GC, pre-allocating 0 bytes.
[2014.11.18-02.23.40:963][  0]LogInit: Object subsystem initialized
[2014.11.18-02.23.40:965][  0]LogInit: Selected Device Profile: [Windows]
[2014.11.18-02.23.40:965][  0]LogInit: Applying CVar settings loaded from the selected device profile: [Windows]
[2014.11.18-02.23.40:975][  0]LogInit: Computer: ADAM
[2014.11.18-02.23.40:975][  0]LogInit: User: Adam
[2014.11.18-02.23.40:977][  0]LogInit: CPU Page size=4096, Cores=2
[2014.11.18-02.23.40:977][  0]LogInit: High frequency timer resolution =3.161619 MHz
[2014.11.18-02.23.40:977][  0]LogMemory: Memory total: Physical=3.0GB (3GB approx) Virtual=131072.0GB
[2014.11.18-02.23.40:977][  0]LogMemory: Platform Memory Stats for Windows
[2014.11.18-02.23.40:977][  0]LogMemory: Process Physical Memory: 59.93 MB used, 59.93 MB peak
[2014.11.18-02.23.40:977][  0]LogMemory: Process Virtual Memory: 36.00 MB used, 36.00 MB peak
[2014.11.18-02.23.40:977][  0]LogMemory: Physical Memory: 1720.89 MB used, 3071.55 MB total
[2014.11.18-02.23.40:977][  0]LogMemory: Virtual Memory: 266.03 MB used, 134217728.00 MB total
[2014.11.18-02.23.41:019][  0]LogD3D11RHI: Found D3D11 adapter 0: NVIDIA GeForce GTX 780 (Feature Level 11_0)
[2014.11.18-02.23.41:019][  0]LogD3D11RHI: Adapter has 2988MB of dedicated video memory, 0MB of dedicated system memory, and 1535MB of shared system memory, 2 output[s]
[2014.11.18-02.23.41:021][  0]LogD3D11RHI: Found D3D11 adapter 1: Microsoft Basic Render Driver (Feature Level 11_0)
[2014.11.18-02.23.41:021][  0]LogD3D11RHI: Adapter has 0MB of dedicated video memory, 0MB of dedicated system memory, and 256MB of shared system memory, 0 output[s]
[2014.11.18-02.23.41:021][  0]LogD3D11RHI: Chosen D3D11 Adapter Id = 0
[2014.11.18-02.23.41:031][  0]LogRHI: Texture pool is 1361 MB (70% of 1945 MB)
[2014.11.18-02.23.41:044][  0]LogD3D11RHI: Async texture creation enabled
[2014.11.18-02.23.41:228][  0]LogContentStreaming: Texture pool size is 0.000000MB
[2014.11.18-02.23.42:837][  0]LogTargetPlatformManager:Display: Building Assets For Windows
[2014.11.18-02.23.43:346][  0]LogTargetPlatformManager:Display: Building Assets For Windows
[2014.11.18-02.23.43:393][  0]LogDerivedDataCache:Display: Max Cache Size: 512 MB
[2014.11.18-02.23.43:552][  0]LogDerivedDataCache: Loaded boot cache 0.16s 39MB ../../../../../Jablo/UNREAL_AKTUALNY_PROJEKT/MyProject4/DerivedDataCache/Boot.ddc.
[2014.11.18-02.23.43:552][  0]LogDerivedDataCache:Display: Loaded Boot cache: ../../../../../Jablo/UNREAL_AKTUALNY_PROJEKT/MyProject4/DerivedDataCache/Boot.ddc
[2014.11.18-02.23.43:552][  0]LogDerivedDataCache: FDerivedDataBackendGraph:  Pak pak cache file ../../../../../Jablo/UNREAL_AKTUALNY_PROJEKT/MyProject4/DerivedDataCache/DDC.ddp not found, will not use a pak cache.
[2014.11.18-02.23.43:552][  0]LogDerivedDataCache: Unable to find inner node Pak for hierarchical cache Hierarchy.
[2014.11.18-02.23.43:552][  0]LogDerivedDataCache: FDerivedDataBackendGraph:  EnginePak pak cache file ../../../Engine/DerivedDataCache/DDC.ddp not found, will not use a pak cache.
[2014.11.18-02.23.43:552][  0]LogDerivedDataCache: Unable to find inner node EnginePak for hierarchical cache Hierarchy.
[2014.11.18-02.23.43:565][  0]LogDerivedDataCache: Using Local data cache path ../../../Engine/DerivedDataCache: Writable
[2014.11.18-02.23.43:565][  0]LogDerivedDataCache: Shared data cache path not found in *engine.ini, will not use an Shared cache.
[2014.11.18-02.23.43:565][  0]LogDerivedDataCache: Unable to find inner node Shared for hierarchical cache Hierarchy.
[2014.11.18-02.23.43:804][  0]LogMeshUtilities: No automatic mesh reduction module available
[2014.11.18-02.23.43:804][  0]LogMeshUtilities: No automatic mesh merging module available
[2014.11.18-02.23.44:558][  0]LogInit: WinSock: version 1.1 (2.2), MaxSocks=32767, MaxUdp=65467
[2014.11.18-02.23.45:532][  0]LogStats:Warning: MetaData mismatch. Did you assign a stat to two groups? New //STATGROUP_Threads//FMonitoredProcess///Thread_1688_0///////STATCAT_Advanced//// old //STATGROUP_Threads//FMonitoredProcess///Thread_c1c_0///////STATCAT_Advanced////
[2014.11.18-02.23.45:532][  0]UdpMessaging: Initializing bridge on interface 0.0.0.0:0 to multicast group 230.0.0.1:6666.
[2014.11.18-02.23.45:647][  0]SourceControl: Info Source control is disabled
[2014.11.18-02.23.45:647][  0]SourceControl: Info Source control is disabled
[2014.11.18-02.23.45:654][  0]SourceControl: Info Source control is disabled
[2014.11.18-02.23.45:875][  0]BlueprintLog: New page: Editor Load
[2014.11.18-02.23.45:981][  0]LogObj: 21438 objects as part of root set at end of initial load.
[2014.11.18-02.23.45:981][  0]LogUObjectAllocator: 4218656 out of 0 bytes used by permanent object pool.
[2014.11.18-02.23.46:314][  0]LogEngine: Initializing Engine...
[2014.11.18-02.23.46:585][  0]LogInit: XAudio2 using 'GBo[niki (USB Multi-Channel Audio Device)' : 6 channels at 48 kHz using 32 bits per sample (channel mask 0x60f)
[2014.11.18-02.23.46:595][  0]LogInit: FAudioDevice initialized.
[2014.11.18-02.23.46:614][  0]LogAIModule: Creating AISystem for world NewWorld
[2014.11.18-02.23.46:681][  0]LogDerivedDataCache: Saved boot cache 0.07s 39MB ../../../../../Jablo/UNREAL_AKTUALNY_PROJEKT/MyProject4/DerivedDataCache/Boot.ddc.
[2014.11.18-02.23.46:711][  0]LogInit: Texture streaming: Enabled
[2014.11.18-02.23.46:757][  0]LogInit: Transaction tracking system initialized
[2014.11.18-02.23.46:873][  0]LogAssetRegistry: FAssetRegistry took 0.0113 seconds to start up
[2014.11.18-02.23.47:533][  0]LogTargetPlatformManager:Display: Building Assets For Windows
[2014.11.18-02.23.47:965][  0]LogTargetPlatformManager:Display: Building Assets For Windows
[2014.11.18-02.23.47:999][  0]LogModuleManager:Warning: ModuleManager: Unable to load module 'AndroidRuntimeSettings' because the file 'D:/Developer/UnrealEngine-4.4.3-release/UnrealEngine-4.4.3-release/Engine/Binaries/Win64/' was not found.
[2014.11.18-02.23.48:005][  0]LogModuleManager:Warning: ModuleManager: Unable to load module 'AndroidPlatformEditor' because the file 'D:/Developer/UnrealEngine-4.4.3-release/UnrealEngine-4.4.3-release/Engine/Binaries/Win64/' was not found.
[2014.11.18-02.23.48:093][  0]LogConsoleResponse:Display: 
[2014.11.18-02.23.48:289][  0]LogStats:Warning: MetaData mismatch. Did you assign a stat to two groups? New //STATGROUP_Threads//FMonitoredProcess///Thread_1f60_0///////STATCAT_Advanced//// old //STATGROUP_Threads//FMonitoredProcess///Thread_c1c_0///////STATCAT_Advanced////
[2014.11.18-02.23.48:289][  0]LogStats:Warning: MetaData mismatch. Did you assign a stat to two groups? New //STATGROUP_Threads//FMonitoredProcess///Thread_2494_0///////STATCAT_Advanced//// old //STATGROUP_Threads//FMonitoredProcess///Thread_c1c_0///////STATCAT_Advanced////
[2014.11.18-02.23.48:289][  0]SourceControl: Info Source control is disabled
[2014.11.18-02.23.48:289][  0]Cmd: MAP LOAD FILE="../../../../../Jablo/UNREAL_AKTUALNY_PROJEKT/MyProject4/Content/Maps/Minimal_Default.umap" TEMPLATE=0 SHOWPROGRESS=1
[2014.11.18-02.23.48:289][  0]LightingResults: New page: Lighting Build
[2014.11.18-02.23.48:298][  0]MapCheck: New page: Map Check
[2014.11.18-02.23.48:298][  0]LightingResults: New page: Lighting Build
[2014.11.18-02.23.48:318][  0]LogParticles: Destroying 0 GPU particle simulations for FXSystem 0x00000064DD3A07C0
[2014.11.18-02.23.49:442][  0]LogEditorServer: Finished looking for orphan Actors (0.000 secs)
[2014.11.18-02.23.49:442][  0]LogAIModule: Creating AISystem for world Minimal_Default
[2014.11.18-02.23.49:443][  0]Cmd: MAP CHECKDEP
[2014.11.18-02.23.49:443][  0]MapCheck: New page: Minimal_Default - 18 Nov 2014 04:23:49
[2014.11.18-02.23.49:514][  0]MapCheck: Info ========== Map Check: 0 Error(s), 0 Warning(s), [71,323ms] ==========
[2014.11.18-02.23.49:514][  0]LogFileHelpers: Loading map 'Minimal_Default' took 1.226
[2014.11.18-02.23.49:648][  0]LogCollectionManager: Loaded 0 collections in 0.001173 seconds
[2014.11.18-02.23.49:784][  0]LogCrashTracker: Crashtracker disabled due to settings.
[2014.11.18-02.23.49:820][  0]LogInit: Using libcurl 7.34.0
[2014.11.18-02.23.49:820][  0]LogInit:  - built for x86_64-pc-win32
[2014.11.18-02.23.49:820][  0]LogInit:  - supports SSL with WinSSL
[2014.11.18-02.23.49:820][  0]LogInit:  - other features:
[2014.11.18-02.23.49:820][  0]LogInit:      CURL_VERSION_SSL
[2014.11.18-02.23.49:820][  0]LogInit:      CURL_VERSION_ASYNCHDNS
[2014.11.18-02.23.49:820][  0]LogInit:      CURL_VERSION_LARGEFILE
[2014.11.18-02.23.49:820][  0]LogInit:      CURL_VERSION_IDN
[2014.11.18-02.23.49:820][  0]LogInit: Libcurl will NOT reuse connections
[2014.11.18-02.23.49:875][  0]LogLoad: Full Startup: 10.95 seconds (BP compile: 0.12 seconds)
[2014.11.18-02.23.49:903][  0]LogContentBrowser:Verbose: The content browser source was changed by the sources view to '/Game/Blueprints/wrogowie'
[2014.11.18-02.23.50:064][  0]LogRenderer:Warning: Reallocating scene render targets to support 664x584.
[2014.11.18-02.23.50:455][  3]LogAssetRegistry: Asset discovery search completed in 3.5939 seconds
[2014.11.18-02.23.59:029][643]LogEditorViewport: Clicking on Actor (context menu): BP_Sky_Sphere_C (BP_Sky_Sphere)
[2014.11.18-02.24.06:952][974]LogContentBrowser:Verbose: The content browser source was changed by the sources view to '/Game/Blueprints/Mechanika'
[2014.11.18-02.24.52:811][ 27]BlueprintLog: New page: Compile BP_Postac
[2014.11.18-02.24.53:191][ 27]BlueprintEditorCompileResults: Info [0074,05] Compile of BP_Postac successful! [in 69 ms]
[2014.11.18-02.24.55:330][ 52]Cmd: OBJ SAVEPACKAGE PACKAGE="/Game/Blueprints/Mechanika/BP_Postac" FILE="../../../../../Jablo/UNREAL_AKTUALNY_PROJEKT/MyProject4/Content/Blueprints/Mechanika/BP_Postac.uasset" SILENT=true
[2014.11.18-02.24.55:877][ 52]LogSavePackage: Save=518.693726ms
[2014.11.18-02.24.55:877][ 52]LogSavePackage: Moving '../../../../../Jablo/UNREAL_AKTUALNY_PROJEKT/MyProject4/Saved/BP_PostacEF96F9C5482AFAB22E782C97BA126903.tmp' to '../../../../../Jablo/UNREAL_AKTUALNY_PROJEKT/MyProject4/Content/Blueprints/Mechanika/BP_Postac.uasset'
[2014.11.18-02.27.26:657][507]LogSlate:Warning: GetFontFace failed to load or process 'Roboto-Regular'
[2014.11.18-02.27.26:657][507]LogSlate:Warning: GetFontFace failed to load or process 'Roboto-Regular'
[2014.11.18-02.27.26:809][507]LogSlate:Warning: GetFontFace failed to load or process 'Roboto-Regular'
[2014.11.18-02.27.26:809][507]LogSlate:Warning: GetFontFace failed to load or process 'Roboto-Regular'
[2014.11.18-02.27.26:809][507]LogSlate:Warning: GetFontFace failed to load or process 'Roboto-Regular'
[2014.11.18-02.27.26:809][507]LogSlate:Warning: GetFontFace failed to load or process 'Roboto-Regular'
[2014.11.18-02.27.26:809][507]LogSlate:Warning: GetFontFace failed to load or process 'Roboto-Regular'
[2014.11.18-02.27.26:809][507]LogSlate:Warning: GetFontFace failed to load or process 'Roboto-Regular'
[2014.11.18-02.27.26:809][507]LogSlate:Warning: GetFontFace failed to load or process 'Roboto-Regular'
[2014.11.18-02.27.26:809][507]LogSlate:Warning: GetFontFace failed to load or process 'Roboto-Regular'
[2014.11.18-02.27.26:809][507]LogSlate:Warning: GetFontFace failed to load or process 'Roboto-Regular'
[2014.11.18-02.27.26:809][507]LogSlate:Warning: GetFontFace failed to load or process 'Roboto-Regular'
[2014.11.18-02.27.26:809][507]LogSlate:Warning: GetFontFace failed to load or process 'Roboto-Regular'
[2014.11.18-02.27.26:809][507]LogSlate:Warning: GetFontFace failed to load or process 'Roboto-Regular'
[2014.11.18-02.27.26:809][507]LogSlate:Warning: GetFontFace failed to load or process 'Roboto-Regular'
[2014.11.18-02.27.26:810][507]LogSlate:Warning: GetFontFace failed to load or process 'Roboto-Regular'
[2014.11.18-02.27.26:810][507]LogSlate:Warning: GetFontFace failed to load or process 'Roboto-Regular'
[2014.11.18-02.27.26:810][507]LogSlate:Warning: GetFontFace failed to load or process 'Roboto-Regular'
[2014.11.18-02.29.00:993][380]LogSlate:Warning: GetFontFace failed to load or process 'Roboto-Regular'
[2014.11.18-02.29.00:993][380]LogSlate:Warning: GetFontFace failed to load or process 'Roboto-Regular'
[2014.11.18-02.29.00:993][380]LogSlate:Warning: GetFontFace failed to load or process 'Roboto-Regular'
[2014.11.18-02.29.00:993][380]LogSlate:Warning: GetFontFace failed to load or process 'Roboto-Regular'
[2014.11.18-02.29.48:005][830]LogUObjectGlobals:Warning: Failed to find object 'Object None.'
[2014.11.18-02.29.48:008][830]LogUObjectGlobals:Warning: Failed to find object 'Object None.'
[2014.11.18-02.29.48:008][830]LogUObjectGlobals:Warning: Failed to find object 'Object None.'
[2014.11.18-02.29.48:008][830]LogUObjectGlobals:Warning: Failed to find object 'Object None.'
[2014.11.18-02.29.48:008][830]LogUObjectGlobals:Warning: Failed to find object 'Object None.'
[2014.11.18-02.29.48:008][830]LogUObjectGlobals:Warning: Failed to find object 'Object None.'
[2014.11.18-02.29.48:009][830]LogUObjectGlobals:Warning: Failed to find object 'Object None.'
[2014.11.18-02.29.48:009][830]LogUObjectGlobals:Warning: Failed to find object 'Object None.'
[2014.11.18-02.29.48:009][830]LogUObjectGlobals:Warning: Failed to find object 'Object None.'
[2014.11.18-02.29.48:010][830]LogProperty:Warning: ObjectProperty /Script/Engine.EdGraphPin:LinkedTo.LinkedTo: unresolved reference to 'EdGraphPin'"K2Node_IfThenElse_194.EdGraphPin_4916"''
[2014.11.18-02.29.48:011][830]LogProperty:Warning: ObjectProperty /Script/Engine.EdGraphPin:LinkedTo.LinkedTo: unresolved reference to 'EdGraphPin'"K2Node_CallFunction_76616.EdGraphPin_3583"''
[2014.11.18-02.29.48:011][830]LogProperty:Warning: ObjectProperty /Script/Engine.EdGraphPin:LinkedTo.LinkedTo: unresolved reference to 'EdGraphPin'"K2Node_CommutativeAssociativeBinaryOperator_1084.EdGraphPin_3609"''
[2014.11.18-02.29.48:012][830]LogProperty:Warning: ObjectProperty /Script/Engine.EdGraphPin:LinkedTo.LinkedTo: unresolved reference to 'EdGraphPin'"K2Node_CallFunction_103251.EdGraphPin_3631"''
[2014.11.18-02.29.48:012][830]LogProperty:Warning: ObjectProperty /Script/Engine.EdGraphPin:LinkedTo.LinkedTo: unresolved reference to 'EdGraphPin'"K2Node_IfThenElse_194.EdGraphPin_4917"''
[2014.11.18-02.29.48:013][830]LogProperty:Warning: ObjectProperty /Script/Engine.EdGraphPin:LinkedTo.LinkedTo: unresolved reference to 'EdGraphPin'"K2Node_CallFunction_76616.EdGraphPin_3582"''
[2014.11.18-02.29.48:013][830]LogProperty:Warning: ObjectProperty /Script/Engine.EdGraphPin:LinkedTo.LinkedTo: unresolved reference to 'EdGraphPin'"K2Node_CallFunction_76695.EdGraphPin_3588"''
[2014.11.18-02.29.48:014][830]LogProperty:Warning: ObjectProperty /Script/Engine.EdGraphPin:LinkedTo.LinkedTo: unresolved reference to 'EdGraphPin'"K2Node_CommutativeAssociativeBinaryOperator_1084.EdGraphPin_3608"''
[2014.11.18-02.29.48:014][830]LogProperty:Warning: ObjectProperty /Script/Engine.EdGraphPin:LinkedTo.LinkedTo: unresolved reference to 'EdGraphPin'"K2Node_CallFunction_85407.EdGraphPin_3595"''
[2014.11.18-02.29.48:015][830]LogProperty:Warning: ObjectProperty /Script/Engine.EdGraphPin:LinkedTo.LinkedTo: unresolved reference to 'EdGraphPin'"K2Node_CommutativeAssociativeBinaryOperator_1084.EdGraphPin_3607"''
[2014.11.18-02.29.48:019][830]LogProperty:Warning: ObjectProperty /Script/Engine.EdGraphPin:LinkedTo.LinkedTo: unresolved reference to 'EdGraphPin'"K2Node_CallFunction_14465.EdGraphPin_4923"''
[2014.11.18-02.29.48:021][830]LogProperty:Warning: ObjectProperty /Script/Engine.EdGraphPin:LinkedTo.LinkedTo: unresolved reference to 'EdGraphPin'"K2Node_CallFunction_14465.EdGraphPin_4920"''
[2014.11.18-02.30.44:722][428]LogSlate:Warning: GetFontFace failed to load or process 'Roboto-Regular'
[2014.11.18-02.30.44:722][428]LogSlate:Warning: GetFontFace failed to load or process 'Roboto-Regular'
[2014.11.18-02.30.44:722][428]LogSlate:Warning: GetFontFace failed to load or process 'Roboto-Regular'
[2014.11.18-02.30.44:722][428]LogSlate:Warning: GetFontFace failed to load or process 'Roboto-Regular'
[2014.11.18-02.32.19:578][985]LogActorComponent: UnregisterComponent: (/Engine/Transient.CharacterMovementComponent_0) Not registered. Aborting.
[2014.11.18-02.32.42:359][ 78]LogUObjectGlobals:Warning: Failed to find object 'Object None.'
[2014.11.18-02.32.42:359][ 78]LogUObjectGlobals:Warning: Failed to find object 'Object None.'
[2014.11.18-02.32.42:359][ 78]LogUObjectGlobals:Warning: Failed to find object 'Object None.'
[2014.11.18-02.32.42:359][ 78]LogUObjectGlobals:Warning: Failed to find object 'Object None.'
[2014.11.18-02.32.42:359][ 78]LogUObjectGlobals:Warning: Failed to find object 'Object None.'
[2014.11.18-02.32.42:359][ 78]LogUObjectGlobals:Warning: Failed to find object 'Object None.'
[2014.11.18-02.32.42:360][ 78]LogUObjectGlobals:Warning: Failed to find object 'Object None.'
[2014.11.18-02.32.42:360][ 78]LogUObjectGlobals:Warning: Failed to find object 'Object None.'
[2014.11.18-02.32.42:360][ 78]LogUObjectGlobals:Warning: Failed to find object 'Object None.'
[2014.11.18-02.32.42:362][ 78]LogUObjectHash:Warning: Ambiguous search, could be K2Node_IfThenElse /Game/Blueprints/Mechanika/BP_Postac.BP_Postac:NewFunction_0.K2Node_IfThenElse_197 or K2Node_IfThenElse /Game/Blueprints/Mechanika/BP_Postac.BP_Postac:EventGraph.K2Node_IfThenElse_197
[2014.11.18-02.32.42:362][ 78]LogUObjectHash:Warning: Ambiguous search, could be K2Node_CallFunction /Game/Blueprints/Mechanika/BP_Postac.BP_Postac:NewFunction_0.K2Node_CallFunction_14648 or K2Node_CallFunction /Game/Blueprints/Mechanika/BP_Postac.BP_Postac:EventGraph.K2Node_CallFunction_14648
[2014.11.18-02.32.42:362][ 78]LogUObjectHash:Warning: Ambiguous search, could be K2Node_CommutativeAssociativeBinaryOperator /Game/Blueprints/Mechanika/BP_Postac.BP_Postac:NewFunction_0.K2Node_CommutativeAssociativeBinaryOperator_197 or K2Node_CommutativeAssociativeBinaryOperator /Game/Blueprints/Mechanika/BP_Postac.BP_Postac:EventGraph.K2Node_CommutativeAssociativeBinaryOperator_197
[2014.11.18-02.32.42:363][ 78]LogUObjectHash:Warning: Ambiguous search, could be K2Node_CallFunction /Game/Blueprints/Mechanika/BP_Postac.BP_Postac:NewFunction_0.K2Node_CallFunction_14651 or K2Node_CallFunction /Game/Blueprints/Mechanika/BP_Postac.BP_Postac:EventGraph.K2Node_CallFunction_14651
[2014.11.18-02.32.42:363][ 78]LogUObjectHash:Warning: Ambiguous search, could be K2Node_IfThenElse /Game/Blueprints/Mechanika/BP_Postac.BP_Postac:NewFunction_0.K2Node_IfThenElse_197 or K2Node_IfThenElse /Game/Blueprints/Mechanika/BP_Postac.BP_Postac:EventGraph.K2Node_IfThenElse_197
[2014.11.18-02.32.42:364][ 78]LogUObjectHash:Warning: Ambiguous search, could be K2Node_CallFunction /Game/Blueprints/Mechanika/BP_Postac.BP_Postac:NewFunction_0.K2Node_CallFunction_14648 or K2Node_CallFunction /Game/Blueprints/Mechanika/BP_Postac.BP_Postac:EventGraph.K2Node_CallFunction_14648
[2014.11.18-02.32.42:364][ 78]LogUObjectHash:Warning: Ambiguous search, could be K2Node_CallFunction /Game/Blueprints/Mechanika/BP_Postac.BP_Postac:NewFunction_0.K2Node_CallFunction_14649 or K2Node_CallFunction /Game/Blueprints/Mechanika/BP_Postac.BP_Postac:EventGraph.K2Node_CallFunction_14649
[2014.11.18-02.32.42:365][ 78]LogUObjectHash:Warning: Ambiguous search, could be K2Node_CommutativeAssociativeBinaryOperator /Game/Blueprints/Mechanika/BP_Postac.BP_Postac:NewFunction_0.K2Node_CommutativeAssociativeBinaryOperator_197 or K2Node_CommutativeAssociativeBinaryOperator /Game/Blueprints/Mechanika/BP_Postac.BP_Postac:EventGraph.K2Node_CommutativeAssociativeBinaryOperator_197
[2014.11.18-02.32.42:365][ 78]LogUObjectHash:Warning: Ambiguous search, could be K2Node_CallFunction /Game/Blueprints/Mechanika/BP_Postac.BP_Postac:NewFunction_0.K2Node_CallFunction_14650 or K2Node_CallFunction /Game/Blueprints/Mechanika/BP_Postac.BP_Postac:EventGraph.K2Node_CallFunction_14650
[2014.11.18-02.32.42:368][ 78]LogUObjectHash:Warning: Ambiguous search, could be K2Node_CommutativeAssociativeBinaryOperator /Game/Blueprints/Mechanika/BP_Postac.BP_Postac:NewFunction_0.K2Node_CommutativeAssociativeBinaryOperator_197 or K2Node_CommutativeAssociativeBinaryOperator /Game/Blueprints/Mechanika/BP_Postac.BP_Postac:EventGraph.K2Node_CommutativeAssociativeBinaryOperator_197
[2014.11.18-02.32.42:372][ 78]LogUObjectHash:Warning: Ambiguous search, could be K2Node_CallFunction /Game/Blueprints/Mechanika/BP_Postac.BP_Postac:NewFunction_0.K2Node_CallFunction_14652 or K2Node_CallFunction /Game/Blueprints/Mechanika/BP_Postac.BP_Postac:EventGraph.K2Node_CallFunction_14652
[2014.11.18-02.32.42:373][ 78]LogUObjectHash:Warning: Ambiguous search, could be K2Node_CallFunction /Game/Blueprints/Mechanika/BP_Postac.BP_Postac:NewFunction_0.K2Node_CallFunction_14652 or K2Node_CallFunction /Game/Blueprints/Mechanika/BP_Postac.BP_Postac:EventGraph.K2Node_CallFunction_14652
[2014.11.18-02.33.06:531][260]BlueprintLog: New page: Compile BP_Postac
[2014.11.18-02.33.06:901][260]BlueprintEditorCompileResults: Info [0567,78] Compile of BP_Postac successful! [in 69 ms]
[2014.11.18-02.33.08:182][293]Cmd: OBJ SAVEPACKAGE PACKAGE="/Game/Blueprints/Mechanika/BP_Postac" FILE="../../../../../Jablo/UNREAL_AKTUALNY_PROJEKT/MyProject4/Content/Blueprints/Mechanika/BP_Postac.uasset" SILENT=true
[2014.11.18-02.33.08:735][293]LogSavePackage: Save=520.179382ms
[2014.11.18-02.33.08:735][293]LogSavePackage: Moving '../../../../../Jablo/UNREAL_AKTUALNY_PROJEKT/MyProject4/Saved/BP_Postac540A3CF74AF5A2567CF655B0046A8509.tmp' to '../../../../../Jablo/UNREAL_AKTUALNY_PROJEKT/MyProject4/Content/Blueprints/Mechanika/BP_Postac.uasset'
[2014.11.18-02.33.47:292][256]LogActorComponent: UnregisterComponent: (/Engine/Transient.CharacterMovementComponent_1) Not registered. Aborting.
[2014.11.18-02.34.04:885][741]LogFileHelpers: Editor autosave (incl. sublevels) for '/Game/Maps/Minimal_Default' took 0.074
[2014.11.18-02.34.04:907][741]OBJ SavePackage: Generating thumbnails for [1] asset(s) in package [/Game/Blueprints/Mechanika/BP_Postac] ([1] browsable assets)...
[2014.11.18-02.34.04:948][741]OBJ SavePackage:     Rendered thumbnail for [Blueprint /Game/Blueprints/Mechanika/BP_Postac.BP_Postac]
[2014.11.18-02.34.04:948][741]OBJ SavePackage: Finished generating thumbnails for package [/Game/Blueprints/Mechanika/BP_Postac]
[2014.11.18-02.34.05:528][741]LogSavePackage: Save=518.350891ms
[2014.11.18-02.34.05:528][741]LogSavePackage: Moving '../../../../../Jablo/UNREAL_AKTUALNY_PROJEKT/MyProject4/Saved/BP_Postac_Auto1C5D4EE02404FED3D5BA40190D3E9A76D.tmp' to '../../../../../Jablo/UNREAL_AKTUALNY_PROJEKT/MyProject4/Saved/Autosaves/Game/Blueprints/Mechanika/BP_Postac_Auto1.uasset'
[2014.11.18-02.34.05:541][741]LogFileHelpers: Auto-saving content packages took 0.656
[2014.11.18-02.34.07:673][797]LogUObjectGlobals:Warning: Failed to find object 'Object None.'
[2014.11.18-02.35.25:502][808]LogUObjectGlobals:Warning: Failed to find object 'Object None.'
[2014.11.18-02.35.25:502][808]LogUObjectGlobals:Warning: Failed to find object 'Object None.'
[2014.11.18-02.35.25:503][808]LogUObjectGlobals:Warning: Failed to find object 'Object None.'
[2014.11.18-02.35.25:503][808]LogUObjectGlobals:Warning: Failed to find object 'Object None.'
[2014.11.18-02.35.25:503][808]LogUObjectGlobals:Warning: Failed to find object 'Object None.'
[2014.11.18-02.35.25:503][808]LogUObjectGlobals:Warning: Failed to find object 'Object None.'
[2014.11.18-02.35.25:503][808]LogUObjectGlobals:Warning: Failed to find object 'Object None.'
[2014.11.18-02.35.25:503][808]LogUObjectGlobals:Warning: Failed to find object 'Object None.'
[2014.11.18-02.35.25:503][808]LogUObjectGlobals:Warning: Failed to find object 'Object None.'
[2014.11.18-02.35.25:505][808]LogProperty:Warning: ObjectProperty /Script/Engine.EdGraphPin:LinkedTo.LinkedTo: unresolved reference to 'EdGraphPin'"K2Node_IfThenElse_194.EdGraphPin_5051"''
[2014.11.18-02.35.25:505][808]LogProperty:Warning: ObjectProperty /Script/Engine.EdGraphPin:LinkedTo.LinkedTo: unresolved reference to 'EdGraphPin'"K2Node_CallFunction_103251.EdGraphPin_5018"''
[2014.11.18-02.35.25:507][808]LogProperty:Warning: ObjectProperty /Script/Engine.EdGraphPin:LinkedTo.LinkedTo: unresolved reference to 'EdGraphPin'"K2Node_CommutativeAssociativeBinaryOperator_1084.EdGraphPin_5008"''
[2014.11.18-02.35.25:507][808]LogProperty:Warning: ObjectProperty /Script/Engine.EdGraphPin:LinkedTo.LinkedTo: unresolved reference to 'EdGraphPin'"K2Node_CallFunction_76616.EdGraphPin_4982"''
[2014.11.18-02.35.25:508][808]LogProperty:Warning: ObjectProperty /Script/Engine.EdGraphPin:LinkedTo.LinkedTo: unresolved reference to 'EdGraphPin'"K2Node_IfThenElse_194.EdGraphPin_5050"''
[2014.11.18-02.35.25:508][808]LogProperty:Warning: ObjectProperty /Script/Engine.EdGraphPin:LinkedTo.LinkedTo: unresolved reference to 'EdGraphPin'"K2Node_CallFunction_76616.EdGraphPin_4981"''
[2014.11.18-02.35.25:508][808]LogProperty:Warning: ObjectProperty /Script/Engine.EdGraphPin:LinkedTo.LinkedTo: unresolved reference to 'EdGraphPin'"K2Node_CallFunction_76695.EdGraphPin_4987"''
[2014.11.18-02.35.25:509][808]LogProperty:Warning: ObjectProperty /Script/Engine.EdGraphPin:LinkedTo.LinkedTo: unresolved reference to 'EdGraphPin'"K2Node_CommutativeAssociativeBinaryOperator_1084.EdGraphPin_5007"''
[2014.11.18-02.35.25:510][808]LogProperty:Warning: ObjectProperty /Script/Engine.EdGraphPin:LinkedTo.LinkedTo: unresolved reference to 'EdGraphPin'"K2Node_CallFunction_85407.EdGraphPin_4994"''
[2014.11.18-02.35.25:511][808]LogProperty:Warning: ObjectProperty /Script/Engine.EdGraphPin:LinkedTo.LinkedTo: unresolved reference to 'EdGraphPin'"K2Node_CommutativeAssociativeBinaryOperator_1084.EdGraphPin_5006"''
[2014.11.18-02.35.25:515][808]LogProperty:Warning: ObjectProperty /Script/Engine.EdGraphPin:LinkedTo.LinkedTo: unresolved reference to 'EdGraphPin'"K2Node_CallFunction_14465.EdGraphPin_5065"''
[2014.11.18-02.35.25:518][808]LogProperty:Warning: ObjectProperty /Script/Engine.EdGraphPin:LinkedTo.LinkedTo: unresolved reference to 'EdGraphPin'"K2Node_CallFunction_14465.EdGraphPin_5062"''
[2014.11.18-02.36.26:457][268]LogUObjectGlobals:Warning: Failed to find object 'Object None.'
[2014.11.18-02.36.26:457][268]LogUObjectGlobals:Warning: Failed to find object 'Object None.'
[2014.11.18-02.36.26:457][268]LogUObjectGlobals:Warning: Failed to find object 'Object None.'
[2014.11.18-02.36.26:458][268]LogUObjectGlobals:Warning: Failed to find object 'Object None.'
[2014.11.18-02.36.26:458][268]LogUObjectGlobals:Warning: Failed to find object 'Object None.'
[2014.11.18-02.36.26:458][268]LogUObjectGlobals:Warning: Failed to find object 'Object None.'
[2014.11.18-02.36.26:458][268]LogUObjectGlobals:Warning: Failed to find object 'Object None.'
[2014.11.18-02.36.26:458][268]LogUObjectGlobals:Warning: Failed to find object 'Object None.'
[2014.11.18-02.36.26:458][268]LogUObjectGlobals:Warning: Failed to find object 'Object None.'
[2014.11.18-02.36.26:461][268]LogProperty:Warning: ObjectProperty /Script/Engine.EdGraphPin:LinkedTo.LinkedTo: unresolved reference to 'EdGraphPin'"K2Node_IfThenElse_252.EdGraphPin_5051"''
[2014.11.18-02.36.26:461][268]LogProperty:Warning: ObjectProperty /Script/Engine.EdGraphPin:LinkedTo.LinkedTo: unresolved reference to 'EdGraphPin'"K2Node_CallFunction_22198.EdGraphPin_5018"''
[2014.11.18-02.36.26:462][268]LogProperty:Warning: ObjectProperty /Script/Engine.EdGraphPin:LinkedTo.LinkedTo: unresolved reference to 'EdGraphPin'"K2Node_CommutativeAssociativeBinaryOperator_318.EdGraphPin_5008"''
[2014.11.18-02.36.26:462][268]LogProperty:Warning: ObjectProperty /Script/Engine.EdGraphPin:LinkedTo.LinkedTo: unresolved reference to 'EdGraphPin'"K2Node_CallFunction_22195.EdGraphPin_4982"''
[2014.11.18-02.36.26:463][268]LogProperty:Warning: ObjectProperty /Script/Engine.EdGraphPin:LinkedTo.LinkedTo: unresolved reference to 'EdGraphPin'"K2Node_IfThenElse_252.EdGraphPin_5050"''
[2014.11.18-02.36.26:464][268]LogProperty:Warning: ObjectProperty /Script/Engine.EdGraphPin:LinkedTo.LinkedTo: unresolved reference to 'EdGraphPin'"K2Node_CallFunction_22195.EdGraphPin_4981"''
[2014.11.18-02.36.26:464][268]LogProperty:Warning: ObjectProperty /Script/Engine.EdGraphPin:LinkedTo.LinkedTo: unresolved reference to 'EdGraphPin'"K2Node_CallFunction_22196.EdGraphPin_4987"''
[2014.11.18-02.36.26:465][268]LogProperty:Warning: ObjectProperty /Script/Engine.EdGraphPin:LinkedTo.LinkedTo: unresolved reference to 'EdGraphPin'"K2Node_CommutativeAssociativeBinaryOperator_318.EdGraphPin_5007"''
[2014.11.18-02.36.26:465][268]LogProperty:Warning: ObjectProperty /Script/Engine.EdGraphPin:LinkedTo.LinkedTo: unresolved reference to 'EdGraphPin'"K2Node_CallFunction_22197.EdGraphPin_4994"''
[2014.11.18-02.36.26:467][268]LogProperty:Warning: ObjectProperty /Script/Engine.EdGraphPin:LinkedTo.LinkedTo: unresolved reference to 'EdGraphPin'"K2Node_CommutativeAssociativeBinaryOperator_318.EdGraphPin_5006"''
[2014.11.18-02.36.26:472][268]LogProperty:Warning: ObjectProperty /Script/Engine.EdGraphPin:LinkedTo.LinkedTo: unresolved reference to 'EdGraphPin'"K2Node_CallFunction_22199.EdGraphPin_5065"''
[2014.11.18-02.36.26:475][268]LogProperty:Warning: ObjectProperty /Script/Engine.EdGraphPin:LinkedTo.LinkedTo: unresolved reference to 'EdGraphPin'"K2Node_CallFunction_22199.EdGraphPin_5062"''
[2014.11.18-02.37.17:054][310]BlueprintLog: New page: Compile BP_Postac
[2014.11.18-02.37.17:303][310]LogActorComponent: UnregisterComponent: (/Engine/Transient.CharacterMovementComponent_2) Not registered. Aborting.
[2014.11.18-02.37.17:453][310]BlueprintEditorCompileResults: Info [0818,32] Compile of BP_Postac successful! [in 69 ms]
[2014.11.18-02.37.19:542][326]Cmd: OBJ SAVEPACKAGE PACKAGE="/Game/Blueprints/Mechanika/BP_Postac" FILE="../../../../../Jablo/UNREAL_AKTUALNY_PROJEKT/MyProject4/Content/Blueprints/Mechanika/BP_Postac.uasset" SILENT=true
[2014.11.18-02.37.20:110][326]LogSavePackage: Save=543.985840ms
[2014.11.18-02.37.20:110][326]LogSavePackage: Moving '../../../../../Jablo/UNREAL_AKTUALNY_PROJEKT/MyProject4/Saved/BP_PostacEC389A51431541336EAB849E52B5299F.tmp' to '../../../../../Jablo/UNREAL_AKTUALNY_PROJEKT/MyProject4/Content/Blueprints/Mechanika/BP_Postac.uasset'
[2014.11.18-02.38.25:498][970]BlueprintLog: New page: Compile BP_Postac
[2014.11.18-02.38.25:757][970]LogActorComponent: UnregisterComponent: (/Engine/Transient.CharacterMovementComponent_3) Not registered. Aborting.
[2014.11.18-02.38.25:912][970]BlueprintEditorCompileResults: Info [0886,77] Compile of BP_Postac successful! [in 73 ms]
[2014.11.18-02.38.28:294][992]Cmd: OBJ SAVEPACKAGE PACKAGE="/Game/Blueprints/Mechanika/BP_Postac" FILE="../../../../../Jablo/UNREAL_AKTUALNY_PROJEKT/MyProject4/Content/Blueprints/Mechanika/BP_Postac.uasset" SILENT=true
[2014.11.18-02.38.28:871][992]LogSavePackage: Save=550.378784ms
[2014.11.18-02.38.28:871][992]LogSavePackage: Moving '../../../../../Jablo/UNREAL_AKTUALNY_PROJEKT/MyProject4/Saved/BP_Postac434F92E743E57FF04087E8AF6AE5BEAD.tmp' to '../../../../../Jablo/UNREAL_AKTUALNY_PROJEKT/MyProject4/Content/Blueprints/Mechanika/BP_Postac.uasset'
[2014.11.18-02.38.41:098][287]Cmd: OBJ SAVEPACKAGE PACKAGE="/Game/Blueprints/Mechanika/BP_Postac" FILE="../../../../../Jablo/UNREAL_AKTUALNY_PROJEKT/MyProject4/Content/Blueprints/Mechanika/BP_Postac.uasset" SILENT=true
[2014.11.18-02.38.41:248][287]LogSavePackage: Save=128.062866ms
[2014.11.18-02.38.41:248][287]LogSavePackage: Moving '../../../../../Jablo/UNREAL_AKTUALNY_PROJEKT/MyProject4/Saved/BP_Postac4D98A0E94388F90FC7B69380C6BBAED0.tmp' to '../../../../../Jablo/UNREAL_AKTUALNY_PROJEKT/MyProject4/Content/Blueprints/Mechanika/BP_Postac.uasset'
[2014.11.18-02.38.45:305][379]LogPlayLevel: PIE:  No blueprints needed recompiling
[2014.11.18-02.38.45:305][379]PIE: New page: PIE session: Minimal_Default (18 Nov 2014 04:38:45)
[2014.11.18-02.38.45:314][379]LogPlayLevel: PIE: StaticDuplicateObject took: (0.008160s)
[2014.11.18-02.38.45:317][379]LogPlayLevel: PIE: World Init took: (0.002688s)
[2014.11.18-02.38.45:318][379]LogPlayLevel: PIE: Created PIE world by copying editor world from /Game/Maps/Minimal_Default.Minimal_Default to /Game/Maps/UEDPIE_0_Minimal_Default.Minimal_Default (0.011457s)
[2014.11.18-02.38.45:468][379]LogWorld: Game class is 'BP_TrybGry_C'
[2014.11.18-02.38.45:469][379]LogAIModule: Creating AISystem for world Minimal_Default
[2014.11.18-02.38.45:471][379]LogWorld: Bringing World /Game/Maps/UEDPIE_0_Minimal_Default.Minimal_Default up for play (max tick rate 0) at 2014.11.18-03.38.45
[2014.11.18-02.38.45:472][379]LogWorld: Bringing up level for play took: 0.002468
[2014.11.18-02.38.45:474][379]PIE: Info Play in editor start time for /Game/Maps/UEDPIE_0_Minimal_Default -0,69
[2014.11.18-02.38.45:585][380]LogRenderer:Warning: Reallocating scene render targets to support 664x592.
[2014.11.18-02.38.49:681][576]LogBlueprintUserMessages: ciach
[2014.11.18-02.38.54:284][794]LogBlueprintUserMessages: bam
[2014.11.18-02.39.03:152][220]LogBlueprintUserMessages: bam
[2014.11.18-02.39.03:152][220]LogBlueprintUserMessages: 50.0
[2014.11.18-02.39.04:099][265]LogBlueprintUserMessages: bam
[2014.11.18-02.39.05:426][330]LogBlueprintUserMessages: bam
[2014.11.18-02.39.05:977][357]LogBlueprintUserMessages: bam
[2014.11.18-02.39.09:902][543]LogBlueprintUserMessages: bam
[2014.11.18-02.39.10:811][587]LogBlueprintUserMessages: bam
[2014.11.18-02.39.10:811][587]LogBlueprintUserMessages: 0.0
[2014.11.18-02.39.22:681][170]LogActorComponent: UnregisterComponent: (/Engine/Transient.CharacterMovementComponent_4) Not registered. Aborting.
[2014.11.18-02.39.22:767][171]LogParticles: Destroying 0 GPU particle simulations for FXSystem 0x00000064D0898860
[2014.11.18-02.39.31:070][493]LogPlayLevel: PIE:  No blueprints needed recompiling
[2014.11.18-02.39.31:070][493]PIE: New page: PIE session: Minimal_Default (18 Nov 2014 04:39:31)
[2014.11.18-02.39.31:079][493]LogPlayLevel: PIE: StaticDuplicateObject took: (0.009344s)
[2014.11.18-02.39.31:082][493]LogPlayLevel: PIE: World Init took: (0.002820s)
[2014.11.18-02.39.31:082][493]LogPlayLevel: PIE: Created PIE world by copying editor world from /Game/Maps/Minimal_Default.Minimal_Default to /Game/Maps/UEDPIE_0_Minimal_Default.Minimal_Default (0.012425s)
[2014.11.18-02.39.31:114][493]LogWorld: Game class is 'BP_TrybGry_C'
[2014.11.18-02.39.31:115][493]LogAIModule: Creating AISystem for world Minimal_Default
[2014.11.18-02.39.31:117][493]LogWorld: Bringing World /Game/Maps/UEDPIE_0_Minimal_Default.Minimal_Default up for play (max tick rate 0) at 2014.11.18-03.39.31
[2014.11.18-02.39.31:118][493]LogWorld: Bringing up level for play took: 0.002662
[2014.11.18-02.39.31:120][493]PIE: Info Play in editor start time for /Game/Maps/UEDPIE_0_Minimal_Default 0,956
[2014.11.18-02.39.36:178][734]LogBlueprintUserMessages: bam
[2014.11.18-02.39.36:367][743]LogBlueprintUserMessages: bam
[2014.11.18-02.39.36:588][753]LogBlueprintUserMessages: bam
[2014.11.18-02.39.36:791][763]LogBlueprintUserMessages: bam
[2014.11.18-02.39.37:010][773]LogBlueprintUserMessages: bam
[2014.11.18-02.39.37:230][783]LogBlueprintUserMessages: bam
[2014.11.18-02.39.37:435][792]LogBlueprintUserMessages: bam
[2014.11.18-02.39.37:644][802]LogBlueprintUserMessages: bam
[2014.11.18-02.39.37:851][812]LogBlueprintUserMessages: bam
[2014.11.18-02.39.38:062][822]LogBlueprintUserMessages: bam
[2014.11.18-02.39.38:274][832]LogBlueprintUserMessages: bam
[2014.11.18-02.39.38:485][842]LogBlueprintUserMessages: bam
[2014.11.18-02.39.38:695][852]LogBlueprintUserMessages: bam
[2014.11.18-02.39.38:911][862]LogBlueprintUserMessages: bam
[2014.11.18-02.39.39:123][872]LogBlueprintUserMessages: bam
[2014.11.18-02.39.39:343][883]LogBlueprintUserMessages: bam
[2014.11.18-02.39.39:560][893]LogBlueprintUserMessages: bam
[2014.11.18-02.39.39:767][903]LogBlueprintUserMessages: bam
[2014.11.18-02.39.39:970][913]LogBlueprintUserMessages: bam
[2014.11.18-02.39.40:190][923]LogBlueprintUserMessages: bam
[2014.11.18-02.39.40:393][933]LogBlueprintUserMessages: bam
[2014.11.18-02.39.40:601][943]LogBlueprintUserMessages: bam
[2014.11.18-02.39.40:810][953]LogBlueprintUserMessages: bam
[2014.11.18-02.39.41:017][963]LogBlueprintUserMessages: bam
[2014.11.18-02.39.41:228][973]LogBlueprintUserMessages: bam
[2014.11.18-02.39.41:434][983]LogBlueprintUserMessages: bam
[2014.11.18-02.39.41:648][993]LogBlueprintUserMessages: bam
[2014.11.18-02.39.41:859][  3]LogBlueprintUserMessages: bam
[2014.11.18-02.39.42:068][ 13]LogBlueprintUserMessages: bam
[2014.11.18-02.39.42:282][ 23]LogBlueprintUserMessages: bam
[2014.11.18-02.39.42:483][ 32]LogBlueprintUserMessages: bam
[2014.11.18-02.39.42:694][ 42]LogBlueprintUserMessages: bam
[2014.11.18-02.39.42:902][ 52]LogBlueprintUserMessages: bam
[2014.11.18-02.39.43:118][ 62]LogBlueprintUserMessages: bam
[2014.11.18-02.39.43:342][ 72]LogBlueprintUserMessages: bam
[2014.11.18-02.39.43:549][ 81]LogBlueprintUserMessages: bam
[2014.11.18-02.39.43:751][ 91]LogBlueprintUserMessages: bam
[2014.11.18-02.39.49:314][344]LogParticles: Destroying 0 GPU particle simulations for FXSystem 0x00000064D8F28860
[2014.11.18-02.41.57:923][924]BlueprintLog: New page: Compile BP_Postac
[2014.11.18-02.41.58:343][924]BlueprintEditorCompileResults: Info [1099,19] Compile of BP_Postac successful! [in 76 ms]
[2014.11.18-02.42.00:829][946]Cmd: OBJ SAVEPACKAGE PACKAGE="/Game/Blueprints/Mechanika/BP_Postac" FILE="../../../../../Jablo/UNREAL_AKTUALNY_PROJEKT/MyProject4/Content/Blueprints/Mechanika/BP_Postac.uasset" SILENT=true
[2014.11.18-02.42.01:381][946]LogSavePackage: Save=529.220337ms
[2014.11.18-02.42.01:381][946]LogSavePackage: Moving '../../../../../Jablo/UNREAL_AKTUALNY_PROJEKT/MyProject4/Saved/BP_Postac5804390349F5668447C9AE9F1E5A763A.tmp' to '../../../../../Jablo/UNREAL_AKTUALNY_PROJEKT/MyProject4/Content/Blueprints/Mechanika/BP_Postac.uasset'
[2014.11.18-02.44.13:879][111]BlueprintLog: New page: Compile BP_Postac
[2014.11.18-02.44.14:154][111]LogActorComponent: UnregisterComponent: (/Engine/Transient.CharacterMovementComponent_5) Not registered. Aborting.
[2014.11.18-02.44.14:334][111]BlueprintEditorCompileResults: Info [1235,17] Compile of BP_Postac successful! [in 75 ms]
[2014.11.18-02.44.16:349][129]Cmd: OBJ SAVEPACKAGE PACKAGE="/Game/Blueprints/Mechanika/BP_Postac" FILE="../../../../../Jablo/UNREAL_AKTUALNY_PROJEKT/MyProject4/Content/Blueprints/Mechanika/BP_Postac.uasset" SILENT=true
[2014.11.18-02.44.16:892][129]LogSavePackage: Save=517.086670ms
[2014.11.18-02.44.16:892][129]LogSavePackage: Moving '../../../../../Jablo/UNREAL_AKTUALNY_PROJEKT/MyProject4/Saved/BP_PostacF4FB8A454934836EBC154D991FE5E061.tmp' to '../../../../../Jablo/UNREAL_AKTUALNY_PROJEKT/MyProject4/Content/Blueprints/Mechanika/BP_Postac.uasset'
[2014.11.18-02.44.22:893][373]BlueprintLog: New page: Pre-PIE auto-recompile
[2014.11.18-02.44.22:893][373]LogPlayLevel: [PIE] Compiling BP_HUD before PIE...
[2014.11.18-02.44.22:981][373]LogActorComponent: UnregisterComponent: (/Engine/Transient.CharacterMovementComponent_6) Not registered. Aborting.
[2014.11.18-02.44.23:025][373]LogPlayLevel: PIE:  Blueprint regeneration took 130 ms (1 blueprints)
[2014.11.18-02.44.23:025][373]PIE: New page: PIE session: Minimal_Default (18 Nov 2014 04:44:23)
[2014.11.18-02.44.23:035][373]LogPlayLevel: PIE: StaticDuplicateObject took: (0.009978s)
[2014.11.18-02.44.23:038][373]LogPlayLevel: PIE: World Init took: (0.002868s)
[2014.11.18-02.44.23:039][373]LogPlayLevel: PIE: Created PIE world by copying editor world from /Game/Maps/Minimal_Default.Minimal_Default to /Game/Maps/UEDPIE_0_Minimal_Default.Minimal_Default (0.013430s)
[2014.11.18-02.44.23:075][373]LogWorld: Game class is 'BP_TrybGry_C'
[2014.11.18-02.44.23:076][373]LogAIModule: Creating AISystem for world Minimal_Default
[2014.11.18-02.44.23:080][373]LogWorld: Bringing World /Game/Maps/UEDPIE_0_Minimal_Default.Minimal_Default up for play (max tick rate 0) at 2014.11.18-03.44.23
[2014.11.18-02.44.23:081][373]LogWorld: Bringing up level for play took: 0.004193
[2014.11.18-02.44.23:083][373]PIE: Info Play in editor start time for /Game/Maps/UEDPIE_0_Minimal_Default 0,918
[2014.11.18-02.44.34:103][909]LogBlueprintUserMessages: bam
[2014.11.18-02.44.35:490][976]LogBlueprintUserMessages: bam
[2014.11.18-02.44.36:251][ 12]LogBlueprintUserMessages: bam
[2014.11.18-02.44.38:439][115]LogBlueprintUserMessages: bam
[2014.11.18-02.44.38:993][142]LogBlueprintUserMessages: bam
[2014.11.18-02.44.41:463][257]LogParticles: Destroying 0 GPU particle simulations for FXSystem 0x00000064F2162E80
[2014.11.18-02.45.19:940][779]LogActorComponent: UnregisterComponent: (/Engine/Transient.CharacterMovementComponent_7) Not registered. Aborting.
[2014.11.18-02.45.19:995][779]LogFileHelpers: Editor autosave (incl. sublevels) for '/Game/Maps/Minimal_Default' took 0.056
[2014.11.18-02.45.20:013][779]OBJ SavePackage: Generating thumbnails for [0] asset(s) in package [/Game/Blueprints/Mechanika/BP_HUD] ([1] browsable assets)...
[2014.11.18-02.45.20:038][779]OBJ SavePackage: Finished generating thumbnails for package [/Game/Blueprints/Mechanika/BP_HUD]
[2014.11.18-02.45.20:159][779]LogSavePackage: Save=60.988056ms
[2014.11.18-02.45.20:159][779]LogSavePackage: Moving '../../../../../Jablo/UNREAL_AKTUALNY_PROJEKT/MyProject4/Saved/BP_HUD_Auto2E69E7AA946E9E66034BC038B12B2636E.tmp' to '../../../../../Jablo/UNREAL_AKTUALNY_PROJEKT/MyProject4/Saved/Autosaves/Game/Blueprints/Mechanika/BP_HUD_Auto2.uasset'
[2014.11.18-02.45.20:177][779]LogFileHelpers: Auto-saving content packages took 0.182
[2014.11.18-02.46.39:329][715]BlueprintLog: New page: Compile BP_Postac
[2014.11.18-02.46.39:743][715]BlueprintEditorCompileResults: Info [1380,62] Compile of BP_Postac successful! [in 88 ms]
[2014.11.18-02.46.44:163][785]Cmd: OBJ SAVEPACKAGE PACKAGE="/Game/Blueprints/Mechanika/BP_Postac" FILE="../../../../../Jablo/UNREAL_AKTUALNY_PROJEKT/MyProject4/Content/Blueprints/Mechanika/BP_Postac.uasset" SILENT=true
[2014.11.18-02.46.44:705][785]LogSavePackage: Save=517.393433ms
[2014.11.18-02.46.44:705][785]LogSavePackage: Moving '../../../../../Jablo/UNREAL_AKTUALNY_PROJEKT/MyProject4/Saved/BP_PostacB866F8A540331644722DF0A564C4BDDB.tmp' to '../../../../../Jablo/UNREAL_AKTUALNY_PROJEKT/MyProject4/Content/Blueprints/Mechanika/BP_Postac.uasset'
[2014.11.18-02.47.00:434][142]BlueprintLog: New page: Compile BP_Postac
[2014.11.18-02.47.00:697][142]LogActorComponent: UnregisterComponent: (/Engine/Transient.CharacterMovementComponent_8) Not registered. Aborting.
[2014.11.18-02.47.00:880][142]BlueprintEditorCompileResults: Info [1401,71] Compile of BP_Postac successful! [in 74 ms]
[2014.11.18-02.47.02:844][155]Cmd: OBJ SAVEPACKAGE PACKAGE="/Game/Blueprints/Mechanika/BP_Postac" FILE="../../../../../Jablo/UNREAL_AKTUALNY_PROJEKT/MyProject4/Content/Blueprints/Mechanika/BP_Postac.uasset" SILENT=true
[2014.11.18-02.47.03:430][155]LogSavePackage: Save=542.285156ms
[2014.11.18-02.47.03:430][155]LogSavePackage: Moving '../../../../../Jablo/UNREAL_AKTUALNY_PROJEKT/MyProject4/Saved/BP_PostacBE017FE64AAA2BFCBAB312A6777E31B6.tmp' to '../../../../../Jablo/UNREAL_AKTUALNY_PROJEKT/MyProject4/Content/Blueprints/Mechanika/BP_Postac.uasset'
[2014.11.18-02.47.10:834][448]BlueprintLog: New page: Pre-PIE auto-recompile
[2014.11.18-02.47.10:838][448]LogPlayLevel: [PIE] Compiling BP_HUD before PIE...
[2014.11.18-02.47.10:932][448]LogActorComponent: UnregisterComponent: (/Engine/Transient.CharacterMovementComponent_9) Not registered. Aborting.
[2014.11.18-02.47.10:978][448]LogPlayLevel: PIE:  Blueprint regeneration took 143 ms (1 blueprints)
[2014.11.18-02.47.10:979][448]PIE: New page: PIE session: Minimal_Default (18 Nov 2014 04:47:10)
[2014.11.18-02.47.10:990][448]LogPlayLevel: PIE: StaticDuplicateObject took: (0.009250s)
[2014.11.18-02.47.10:992][448]LogPlayLevel: PIE: World Init took: (0.001847s)
[2014.11.18-02.47.10:992][448]LogPlayLevel: PIE: Created PIE world by copying editor world from /Game/Maps/Minimal_Default.Minimal_Default to /Game/Maps/UEDPIE_0_Minimal_Default.Minimal_Default (0.012857s)
[2014.11.18-02.47.11:028][448]LogWorld: Game class is 'BP_TrybGry_C'
[2014.11.18-02.47.11:030][448]LogAIModule: Creating AISystem for world Minimal_Default
[2014.11.18-02.47.11:031][448]LogWorld: Bringing World /Game/Maps/UEDPIE_0_Minimal_Default.Minimal_Default up for play (max tick rate 0) at 2014.11.18-03.47.11
[2014.11.18-02.47.11:032][448]LogWorld: Bringing up level for play took: 0.002135
[2014.11.18-02.47.11:034][448]PIE: Info Play in editor start time for /Game/Maps/UEDPIE_0_Minimal_Default 0,87
[2014.11.18-02.47.21:731][971]LogBlueprintUserMessages: bam
[2014.11.18-02.47.22:427][  7]LogBlueprintUserMessages: bam
[2014.11.18-02.47.23:434][ 59]LogBlueprintUserMessages: bam
[2014.11.18-02.47.24:035][ 88]LogBlueprintUserMessages: bam
[2014.11.18-02.47.24:432][108]LogBlueprintUserMessages: bam
[2014.11.18-02.47.25:035][138]LogBlueprintUserMessages: bam
[2014.11.18-02.47.25:492][160]LogBlueprintUserMessages: bam
[2014.11.18-02.47.25:964][183]LogBlueprintUserMessages: bam
[2014.11.18-02.47.26:432][206]LogBlueprintUserMessages: bam
[2014.11.18-02.47.28:073][282]LogBlueprintUserMessages: bam
[2014.11.18-02.47.28:073][282]LogBlueprintUserMessages: 50.0
[2014.11.18-02.47.31:684][453]LogBlueprintUserMessages: bam
[2014.11.18-02.47.32:295][483]LogBlueprintUserMessages: bam
[2014.11.18-02.47.32:750][505]LogBlueprintUserMessages: bam
[2014.11.18-02.47.33:606][540]LogParticles: Destroying 0 GPU particle simulations for FXSystem 0x00000064D91393A0
[2014.11.18-02.51.47:650][519]BlueprintLog: New page: Compile BP_Postac
[2014.11.18-02.51.48:140][519]BlueprintEditorCompileResults: Info [1688,97] Compile of BP_Postac successful! [in 93 ms]
[2014.11.18-02.51.52:081][570]Cmd: OBJ SAVEPACKAGE PACKAGE="/Game/Blueprints/Mechanika/BP_Postac" FILE="../../../../../Jablo/UNREAL_AKTUALNY_PROJEKT/MyProject4/Content/Blueprints/Mechanika/BP_Postac.uasset" SILENT=true
[2014.11.18-02.51.52:675][570]LogSavePackage: Save=564.431702ms
[2014.11.18-02.51.52:675][570]LogSavePackage: Moving '../../../../../Jablo/UNREAL_AKTUALNY_PROJEKT/MyProject4/Saved/BP_PostacE6216B2F4C6A123EDE74F1AB43EC96C8.tmp' to '../../../../../Jablo/UNREAL_AKTUALNY_PROJEKT/MyProject4/Content/Blueprints/Mechanika/BP_Postac.uasset'
[2014.11.18-02.51.56:903][701]BlueprintLog: New page: Pre-PIE auto-recompile
[2014.11.18-02.51.56:908][701]LogPlayLevel: [PIE] Compiling BP_HUD before PIE...
[2014.11.18-02.51.57:005][701]LogActorComponent: UnregisterComponent: (/Engine/Transient.CharacterMovementComponent_10) Not registered. Aborting.
[2014.11.18-02.51.57:055][701]LogPlayLevel: PIE:  Blueprint regeneration took 152 ms (1 blueprints)
[2014.11.18-02.51.57:056][701]PIE: New page: PIE session: Minimal_Default (18 Nov 2014 04:51:57)
[2014.11.18-02.51.57:069][701]LogPlayLevel: PIE: StaticDuplicateObject took: (0.012582s)
[2014.11.18-02.51.57:072][701]LogPlayLevel: PIE: World Init took: (0.002732s)
[2014.11.18-02.51.57:072][701]LogPlayLevel: PIE: Created PIE world by copying editor world from /Game/Maps/Minimal_Default.Minimal_Default to /Game/Maps/UEDPIE_0_Minimal_Default.Minimal_Default (0.015624s)
[2014.11.18-02.51.57:105][701]LogWorld: Game class is 'BP_TrybGry_C'
[2014.11.18-02.51.57:107][701]LogAIModule: Creating AISystem for world Minimal_Default
[2014.11.18-02.51.57:109][701]LogWorld: Bringing World /Game/Maps/UEDPIE_0_Minimal_Default.Minimal_Default up for play (max tick rate 0) at 2014.11.18-03.51.57
[2014.11.18-02.51.57:109][701]LogWorld: Bringing up level for play took: 0.002143
[2014.11.18-02.51.57:112][701]PIE: Info Play in editor start time for /Game/Maps/UEDPIE_0_Minimal_Default 0,948
[2014.11.18-02.52.01:003][880]LogBlueprintUserMessages: bam
[2014.11.18-02.52.02:364][947]LogBlueprintUserMessages: bam
[2014.11.18-02.52.03:128][984]LogBlueprintUserMessages: bam
[2014.11.18-02.52.03:754][ 15]LogBlueprintUserMessages: bam
[2014.11.18-02.52.04:251][ 40]LogBlueprintUserMessages: bam
[2014.11.18-02.52.05:023][ 78]LogBlueprintUserMessages: bam
[2014.11.18-02.52.06:980][174]LogBlueprintUserMessages: bam
[2014.11.18-02.52.07:513][200]LogBlueprintUserMessages: bam
[2014.11.18-02.52.08:350][241]LogBlueprintUserMessages: bam
[2014.11.18-02.52.10:173][320]LogParticles: Destroying 0 GPU particle simulations for FXSystem 0x00000064FCE58860
[2014.11.18-02.55.25:097][593]BlueprintLog: New page: Compile BP_Postac
[2014.11.18-02.55.25:583][593]BlueprintEditorCompileResults: Info [1906,39] Compile of BP_Postac successful! [in 93 ms]
[2014.11.18-02.55.28:451][623]Cmd: OBJ SAVEPACKAGE PACKAGE="/Game/Blueprints/Mechanika/BP_Postac" FILE="../../../../../Jablo/UNREAL_AKTUALNY_PROJEKT/MyProject4/Content/Blueprints/Mechanika/BP_Postac.uasset" SILENT=true
[2014.11.18-02.55.29:025][623]LogSavePackage: Save=548.057190ms
[2014.11.18-02.55.29:025][623]LogSavePackage: Moving '../../../../../Jablo/UNREAL_AKTUALNY_PROJEKT/MyProject4/Saved/BP_Postac65046052430EE676FAA3CA955A9F6D39.tmp' to '../../../../../Jablo/UNREAL_AKTUALNY_PROJEKT/MyProject4/Content/Blueprints/Mechanika/BP_Postac.uasset'
[2014.11.18-02.55.40:155][994]BlueprintLog: New page: Pre-PIE auto-recompile
[2014.11.18-02.55.40:160][994]LogPlayLevel: [PIE] Compiling BP_HUD before PIE...
[2014.11.18-02.55.40:254][994]LogActorComponent: UnregisterComponent: (/Engine/Transient.CharacterMovementComponent_11) Not registered. Aborting.
[2014.11.18-02.55.40:302][994]LogPlayLevel: PIE:  Blueprint regeneration took 146 ms (1 blueprints)
[2014.11.18-02.55.40:302][994]PIE: New page: PIE session: Minimal_Default (18 Nov 2014 04:55:40)
[2014.11.18-02.55.40:313][994]LogPlayLevel: PIE: StaticDuplicateObject took: (0.010218s)
[2014.11.18-02.55.40:315][994]LogPlayLevel: PIE: World Init took: (0.001962s)
[2014.11.18-02.55.40:315][994]LogPlayLevel: PIE: Created PIE world by copying editor world from /Game/Maps/Minimal_Default.Minimal_Default to /Game/Maps/UEDPIE_0_Minimal_Default.Minimal_Default (0.012536s)
[2014.11.18-02.55.40:348][994]LogWorld: Game class is 'BP_TrybGry_C'
[2014.11.18-02.55.40:350][994]LogAIModule: Creating AISystem for world Minimal_Default
[2014.11.18-02.55.40:352][994]LogWorld: Bringing World /Game/Maps/UEDPIE_0_Minimal_Default.Minimal_Default up for play (max tick rate 0) at 2014.11.18-03.55.40
[2014.11.18-02.55.40:353][994]LogWorld: Bringing up level for play took: 0.002996
[2014.11.18-02.55.40:355][994]PIE: Info Play in editor start time for /Game/Maps/UEDPIE_0_Minimal_Default 0,191
[2014.11.18-02.55.43:468][142]LogBlueprintUserMessages: bam
[2014.11.18-02.55.43:483][142]LogBlueprintUserMessages: Przeladuj
[2014.11.18-02.55.45:895][261]LogBlueprintUserMessages: bam
[2014.11.18-02.55.45:895][261]LogBlueprintUserMessages: Przeladuj
[2014.11.18-02.55.46:733][302]LogBlueprintUserMessages: bam
[2014.11.18-02.55.46:733][302]LogBlueprintUserMessages: Przeladuj
[2014.11.18-02.55.50:937][509]LogBlueprintUserMessages: bam
[2014.11.18-02.55.50:937][509]LogBlueprintUserMessages: Przeladuj
[2014.11.18-02.56.00:148][970]LogBlueprintUserMessages: bam
[2014.11.18-02.56.00:870][  5]LogBlueprintUserMessages: bam
[2014.11.18-02.56.01:528][ 36]LogBlueprintUserMessages: bam
[2014.11.18-02.56.01:528][ 36]LogBlueprintUserMessages: 50.0
[2014.11.18-02.56.01:739][ 46]LogBlueprintUserMessages: bam
[2014.11.18-02.56.01:933][ 55]LogBlueprintUserMessages: bam
[2014.11.18-02.56.01:933][ 55]LogBlueprintUserMessages: 0.0
[2014.11.18-02.56.02:152][ 65]LogBlueprintUserMessages: bam
[2014.11.18-02.56.02:342][ 74]LogBlueprintUserMessages: bam
[2014.11.18-02.56.02:510][ 82]LogBlueprintUserMessages: bam
[2014.11.18-02.56.02:676][ 90]LogBlueprintUserMessages: bam
[2014.11.18-02.56.02:841][ 98]LogBlueprintUserMessages: bam
[2014.11.18-02.56.03:002][106]LogBlueprintUserMessages: bam
[2014.11.18-02.56.03:168][114]LogBlueprintUserMessages: bam
[2014.11.18-02.56.03:340][122]LogBlueprintUserMessages: bam
[2014.11.18-02.56.03:535][131]LogBlueprintUserMessages: bam
[2014.11.18-02.56.03:809][145]LogBlueprintUserMessages: bam
[2014.11.18-02.56.03:999][154]LogBlueprintUserMessages: bam
[2014.11.18-02.56.04:193][163]LogBlueprintUserMessages: bam
[2014.11.18-02.56.04:383][172]LogBlueprintUserMessages: bam
[2014.11.18-02.56.04:558][180]LogBlueprintUserMessages: bam
[2014.11.18-02.56.04:748][189]LogBlueprintUserMessages: bam
[2014.11.18-02.56.04:914][197]LogBlueprintUserMessages: bam
[2014.11.18-02.56.05:070][204]LogBlueprintUserMessages: bam
[2014.11.18-02.56.05:259][213]LogBlueprintUserMessages: bam
[2014.11.18-02.56.05:420][221]LogBlueprintUserMessages: bam
[2014.11.18-02.56.05:610][230]LogBlueprintUserMessages: bam
[2014.11.18-02.56.05:757][237]LogBlueprintUserMessages: bam
[2014.11.18-02.56.05:944][246]LogBlueprintUserMessages: bam
[2014.11.18-02.56.06:093][253]LogBlueprintUserMessages: bam
[2014.11.18-02.56.06:264][261]LogBlueprintUserMessages: bam
[2014.11.18-02.56.06:454][270]LogBlueprintUserMessages: bam
[2014.11.18-02.56.06:668][280]LogBlueprintUserMessages: bam
[2014.11.18-02.56.06:835][288]LogBlueprintUserMessages: bam
[2014.11.18-02.56.07:004][296]LogBlueprintUserMessages: bam
[2014.11.18-02.56.07:174][304]LogBlueprintUserMessages: bam
[2014.11.18-02.56.07:301][310]LogBlueprintUserMessages: bam
[2014.11.18-02.56.07:482][318]LogBlueprintUserMessages: bam
[2014.11.18-02.56.07:635][325]LogBlueprintUserMessages: bam
[2014.11.18-02.56.07:785][332]LogBlueprintUserMessages: bam
[2014.11.18-02.56.07:941][340]LogBlueprintUserMessages: bam
[2014.11.18-02.56.08:100][347]LogBlueprintUserMessages: bam
[2014.11.18-02.56.08:268][355]LogBlueprintUserMessages: bam
[2014.11.18-02.56.08:434][363]LogBlueprintUserMessages: bam
[2014.11.18-02.56.08:595][371]LogBlueprintUserMessages: bam
[2014.11.18-02.56.08:740][378]LogBlueprintUserMessages: bam
[2014.11.18-02.56.08:885][385]LogBlueprintUserMessages: bam
[2014.11.18-02.56.09:048][393]LogBlueprintUserMessages: bam
[2014.11.18-02.56.09:188][400]LogBlueprintUserMessages: bam
[2014.11.18-02.56.09:349][408]LogBlueprintUserMessages: bam
[2014.11.18-02.56.09:449][412]LogBlueprintUserMessages: bam
[2014.11.18-02.56.09:725][425]LogBlueprintUserMessages: bam
[2014.11.18-02.56.09:908][434]LogBlueprintUserMessages: bam
[2014.11.18-02.56.09:992][438]LogBlueprintUserMessages: bam
[2014.11.18-02.56.10:298][453]LogBlueprintUserMessages: bam
[2014.11.18-02.56.10:404][458]LogBlueprintUserMessages: bam
[2014.11.18-02.56.10:550][464]LogBlueprintUserMessages: bam
[2014.11.18-02.56.10:701][471]LogBlueprintUserMessages: bam
[2014.11.18-02.56.10:961][484]LogBlueprintUserMessages: bam
[2014.11.18-02.56.11:239][497]LogBlueprintUserMessages: bam
[2014.11.18-02.56.11:884][529]LogBlueprintUserMessages: bam
[2014.11.18-02.56.12:171][543]LogBlueprintUserMessages: bam
[2014.11.18-02.56.13:012][584]LogBlueprintUserMessages: bam
[2014.11.18-02.56.13:112][589]LogBlueprintUserMessages: bam
[2014.11.18-02.56.13:259][596]LogBlueprintUserMessages: bam
[2014.11.18-02.56.13:401][603]LogBlueprintUserMessages: bam
[2014.11.18-02.56.13:644][614]LogBlueprintUserMessages: bam
[2014.11.18-02.56.13:767][620]LogBlueprintUserMessages: bam
[2014.11.18-02.56.13:891][626]LogBlueprintUserMessages: bam
[2014.11.18-02.56.14:018][632]LogBlueprintUserMessages: bam
[2014.11.18-02.56.14:288][645]LogBlueprintUserMessages: bam
[2014.11.18-02.56.14:389][650]LogBlueprintUserMessages: bam
[2014.11.18-02.56.14:529][657]LogBlueprintUserMessages: bam
[2014.11.18-02.56.14:652][663]LogBlueprintUserMessages: bam
[2014.11.18-02.56.14:934][677]LogBlueprintUserMessages: bam
[2014.11.18-02.56.15:060][683]LogBlueprintUserMessages: bam
[2014.11.18-02.56.29:434][388]LogParticles: Destroying 0 GPU particle simulations for FXSystem 0x00000064F025A200
[2014.11.18-02.56.34:040][544]Cmd: OBJ SAVEPACKAGE PACKAGE="/Game/Blueprints/Mechanika/BP_HUD" FILE="../../../../../Jablo/UNREAL_AKTUALNY_PROJEKT/MyProject4/Content/Blueprints/Mechanika/BP_HUD.uasset" SILENT=true
[2014.11.18-02.56.34:110][544]LogSavePackage: Save=48.795254ms
[2014.11.18-02.56.34:110][544]LogSavePackage: Moving '../../../../../Jablo/UNREAL_AKTUALNY_PROJEKT/MyProject4/Saved/BP_HUDDE29E63847FDA798977FD7BBCA4D70AD.tmp' to '../../../../../Jablo/UNREAL_AKTUALNY_PROJEKT/MyProject4/Content/Blueprints/Mechanika/BP_HUD.uasset'
[2014.11.18-02.56.45:735][968]LogFileHelpers: Editor autosave (incl. sublevels) for '/Game/Maps/Minimal_Default' took 0.048
[2014.11.18-02.57.06:124][734]BlueprintLog: New page: Compile BP_HUD
[2014.11.18-02.57.06:271][734]BlueprintEditorCompileResults: Info [2007,24] Compile of BP_HUD successful! [in 6 ms]
[2014.11.18-02.57.08:201][795]Cmd: OBJ SAVEPACKAGE PACKAGE="/Game/Blueprints/Mechanika/BP_HUD" FILE="../../../../../Jablo/UNREAL_AKTUALNY_PROJEKT/MyProject4/Content/Blueprints/Mechanika/BP_HUD.uasset" SILENT=true
[2014.11.18-02.57.08:275][795]LogSavePackage: Save=48.406528ms
[2014.11.18-02.57.08:275][795]LogSavePackage: Moving '../../../../../Jablo/UNREAL_AKTUALNY_PROJEKT/MyProject4/Saved/BP_HUDE36A14FE4C768F7ACE7565855B50AA31.tmp' to '../../../../../Jablo/UNREAL_AKTUALNY_PROJEKT/MyProject4/Content/Blueprints/Mechanika/BP_HUD.uasset'
[2014.11.18-02.57.11:715][935]LogPlayLevel: PIE:  No blueprints needed recompiling
[2014.11.18-02.57.11:715][935]PIE: New page: PIE session: Minimal_Default (18 Nov 2014 04:57:11)
[2014.11.18-02.57.11:725][935]LogPlayLevel: PIE: StaticDuplicateObject took: (0.009995s)
[2014.11.18-02.57.11:728][935]LogPlayLevel: PIE: World Init took: (0.003238s)
[2014.11.18-02.57.11:728][935]LogPlayLevel: PIE: Created PIE world by copying editor world from /Game/Maps/Minimal_Default.Minimal_Default to /Game/Maps/UEDPIE_0_Minimal_Default.Minimal_Default (0.013469s)
[2014.11.18-02.57.11:764][935]LogWorld: Game class is 'BP_TrybGry_C'
[2014.11.18-02.57.11:765][935]LogAIModule: Creating AISystem for world Minimal_Default
[2014.11.18-02.57.11:768][935]LogWorld: Bringing World /Game/Maps/UEDPIE_0_Minimal_Default.Minimal_Default up for play (max tick rate 0) at 2014.11.18-03.57.11
[2014.11.18-02.57.11:768][935]LogWorld: Bringing up level for play took: 0.002956
[2014.11.18-02.57.11:770][935]PIE: Info Play in editor start time for /Game/Maps/UEDPIE_0_Minimal_Default -0,394
[2014.11.18-02.57.14:997][ 91]LogBlueprintUserMessages: bam
[2014.11.18-02.57.14:997][ 91]LogBlueprintUserMessages: Przeladuj
[2014.11.18-02.57.27:112][689]LogBlueprintUserMessages: bam
[2014.11.18-02.57.28:668][765]LogBlueprintUserMessages: bam
[2014.11.18-02.57.29:127][788]LogBlueprintUserMessages: bam
[2014.11.18-02.57.30:289][838]LogParticles: Destroying 0 GPU particle simulations for FXSystem 0x0000006485EE4A40
[2014.11.18-02.59.11:352][292]BlueprintLog: New page: Compile BP_Postac
[2014.11.18-02.59.11:837][292]BlueprintEditorCompileResults: Info [2132,66] Compile of BP_Postac successful! [in 93 ms]
[2014.11.18-02.59.14:100][306]Cmd: OBJ SAVEPACKAGE PACKAGE="/Game/Blueprints/Mechanika/BP_Postac" FILE="../../../../../Jablo/UNREAL_AKTUALNY_PROJEKT/MyProject4/Content/Blueprints/Mechanika/BP_Postac.uasset" SILENT=true
[2014.11.18-02.59.14:677][306]LogSavePackage: Save=548.524048ms
[2014.11.18-02.59.14:677][306]LogSavePackage: Moving '../../../../../Jablo/UNREAL_AKTUALNY_PROJEKT/MyProject4/Saved/BP_Postac95D2B0C14DDB0C93A3A3E7A47B89B074.tmp' to '../../../../../Jablo/UNREAL_AKTUALNY_PROJEKT/MyProject4/Content/Blueprints/Mechanika/BP_Postac.uasset'
[2014.11.18-02.59.21:325][565]BlueprintLog: New page: Pre-PIE auto-recompile
[2014.11.18-02.59.21:332][565]LogPlayLevel: [PIE] Compiling BP_HUD before PIE...
[2014.11.18-02.59.21:431][565]LogActorComponent: UnregisterComponent: (/Engine/Transient.CharacterMovementComponent_12) Not registered. Aborting.
[2014.11.18-02.59.21:479][565]LogPlayLevel: PIE:  Blueprint regeneration took 154 ms (1 blueprints)
[2014.11.18-02.59.21:480][565]PIE: New page: PIE session: Minimal_Default (18 Nov 2014 04:59:21)
[2014.11.18-02.59.21:489][565]LogPlayLevel: PIE: StaticDuplicateObject took: (0.009326s)
[2014.11.18-02.59.21:492][565]LogPlayLevel: PIE: World Init took: (0.002582s)
[2014.11.18-02.59.21:492][565]LogPlayLevel: PIE: Created PIE world by copying editor world from /Game/Maps/Minimal_Default.Minimal_Default to /Game/Maps/UEDPIE_0_Minimal_Default.Minimal_Default (0.012219s)
[2014.11.18-02.59.21:524][565]LogWorld: Game class is 'BP_TrybGry_C'
[2014.11.18-02.59.21:525][565]LogAIModule: Creating AISystem for world Minimal_Default
[2014.11.18-02.59.21:528][565]LogWorld: Bringing World /Game/Maps/UEDPIE_0_Minimal_Default.Minimal_Default up for play (max tick rate 0) at 2014.11.18-03.59.21
[2014.11.18-02.59.21:529][565]LogWorld: Bringing up level for play took: 0.003610
[2014.11.18-02.59.21:531][565]PIE: Info Play in editor start time for /Game/Maps/UEDPIE_0_Minimal_Default -0,632
[2014.11.18-02.59.30:751][  2]LogBlueprintUserMessages: bam
[2014.11.18-02.59.31:855][ 53]LogBlueprintUserMessages: bam
[2014.11.18-02.59.31:856][ 53]LogBlueprintUserMessages: 60.0
[2014.11.18-02.59.32:050][ 62]LogBlueprintUserMessages: bam
[2014.11.18-02.59.32:050][ 62]LogBlueprintUserMessages: 20.0
[2014.11.18-02.59.32:269][ 72]LogBlueprintUserMessages: bam
[2014.11.18-02.59.32:269][ 72]LogBlueprintUserMessages: -20.0
[2014.11.18-02.59.32:472][ 81]LogBlueprintUserMessages: bam
[2014.11.18-02.59.32:682][ 91]LogBlueprintUserMessages: bam
[2014.11.18-02.59.34:081][152]LogParticles: Destroying 0 GPU particle simulations for FXSystem 0x00000064895CA020
[2014.11.18-03.01.22:440][764]BlueprintLog: New page: Compile BP_Postac
[2014.11.18-03.01.22:901][764]BlueprintEditorCompileResults: Info [2263,72] Compile of BP_Postac successful! [in 79 ms]
[2014.11.18-03.01.25:535][788]Cmd: OBJ SAVEPACKAGE PACKAGE="/Game/Blueprints/Mechanika/BP_Postac" FILE="../../../../../Jablo/UNREAL_AKTUALNY_PROJEKT/MyProject4/Content/Blueprints/Mechanika/BP_Postac.uasset" SILENT=true
[2014.11.18-03.01.26:095][788]LogSavePackage: Save=535.548706ms
[2014.11.18-03.01.26:095][788]LogSavePackage: Moving '../../../../../Jablo/UNREAL_AKTUALNY_PROJEKT/MyProject4/Saved/BP_Postac6BA44E10449D3BF042278DB1047C854B.tmp' to '../../../../../Jablo/UNREAL_AKTUALNY_PROJEKT/MyProject4/Content/Blueprints/Mechanika/BP_Postac.uasset'
[2014.11.18-03.01.32:620][998]BlueprintLog: New page: Pre-PIE auto-recompile
[2014.11.18-03.01.32:624][998]LogPlayLevel: [PIE] Compiling BP_HUD before PIE...
[2014.11.18-03.01.32:715][998]LogActorComponent: UnregisterComponent: (/Engine/Transient.CharacterMovementComponent_13) Not registered. Aborting.
[2014.11.18-03.01.32:763][998]LogPlayLevel: PIE:  Blueprint regeneration took 143 ms (1 blueprints)
[2014.11.18-03.01.32:764][998]PIE: New page: PIE session: Minimal_Default (18 Nov 2014 05:01:32)
[2014.11.18-03.01.32:774][998]LogPlayLevel: PIE: StaticDuplicateObject took: (0.010243s)
[2014.11.18-03.01.32:777][998]LogPlayLevel: PIE: World Init took: (0.003362s)
[2014.11.18-03.01.32:778][998]LogPlayLevel: PIE: Created PIE world by copying editor world from /Game/Maps/Minimal_Default.Minimal_Default to /Game/Maps/UEDPIE_0_Minimal_Default.Minimal_Default (0.013963s)
[2014.11.18-03.01.32:809][998]LogWorld: Game class is 'BP_TrybGry_C'
[2014.11.18-03.01.32:810][998]LogAIModule: Creating AISystem for world Minimal_Default
[2014.11.18-03.01.32:812][998]LogWorld: Bringing World /Game/Maps/UEDPIE_0_Minimal_Default.Minimal_Default up for play (max tick rate 0) at 2014.11.18-04.01.32
[2014.11.18-03.01.32:813][998]LogWorld: Bringing up level for play took: 0.002183
[2014.11.18-03.01.32:815][998]PIE: Info Play in editor start time for /Game/Maps/UEDPIE_0_Minimal_Default 0,651
[2014.11.18-03.02.02:494][411]LogBlueprintUserMessages: bam
[2014.11.18-03.02.02:687][420]LogBlueprintUserMessages: bam
[2014.11.18-03.02.02:894][430]LogBlueprintUserMessages: bam
[2014.11.18-03.02.03:113][441]LogBlueprintUserMessages: bam
[2014.11.18-03.02.03:317][451]LogBlueprintUserMessages: bam
[2014.11.18-03.02.03:534][461]LogBlueprintUserMessages: bam
[2014.11.18-03.02.03:741][471]LogBlueprintUserMessages: bam
[2014.11.18-03.02.03:945][481]LogBlueprintUserMessages: bam
[2014.11.18-03.02.04:153][491]LogBlueprintUserMessages: bam
[2014.11.18-03.02.04:355][501]LogBlueprintUserMessages: bam
[2014.11.18-03.02.04:565][511]LogBlueprintUserMessages: bam
[2014.11.18-03.02.04:765][521]LogBlueprintUserMessages: bam
[2014.11.18-03.02.04:978][532]LogBlueprintUserMessages: bam
[2014.11.18-03.02.05:186][543]LogBlueprintUserMessages: bam
[2014.11.18-03.02.05:401][554]LogBlueprintUserMessages: bam
[2014.11.18-03.02.05:617][565]LogBlueprintUserMessages: bam
[2014.11.18-03.02.05:829][576]LogBlueprintUserMessages: bam
[2014.11.18-03.02.06:035][587]LogBlueprintUserMessages: bam
[2014.11.18-03.02.06:252][598]LogBlueprintUserMessages: bam
[2014.11.18-03.02.06:471][609]LogBlueprintUserMessages: bam
[2014.11.18-03.02.07:297][650]LogBlueprintUserMessages: bam
[2014.11.18-03.02.07:297][650]LogBlueprintUserMessages: 60.0
[2014.11.18-03.02.07:494][660]LogBlueprintUserMessages: bam
[2014.11.18-03.02.07:494][660]LogBlueprintUserMessages: 20.0
[2014.11.18-03.02.07:694][670]LogBlueprintUserMessages: bam
[2014.11.18-03.02.07:694][670]LogBlueprintUserMessages: -20.0
[2014.11.18-03.02.09:128][741]LogBlueprintUserMessages: bam
[2014.11.18-03.02.09:311][750]LogBlueprintUserMessages: bam
[2014.11.18-03.02.09:525][760]LogBlueprintUserMessages: bam
[2014.11.18-03.02.09:732][769]LogBlueprintUserMessages: bam
[2014.11.18-03.02.10:800][820]LogBlueprintUserMessages: bam
[2014.11.18-03.02.10:983][829]LogBlueprintUserMessages: bam
[2014.11.18-03.02.11:189][839]LogBlueprintUserMessages: bam
[2014.11.18-03.02.11:400][849]LogBlueprintUserMessages: bam
[2014.11.18-03.02.11:603][859]LogBlueprintUserMessages: bam
[2014.11.18-03.02.11:808][869]LogBlueprintUserMessages: bam
[2014.11.18-03.02.13:832][968]LogBlueprintUserMessages: bam
[2014.11.18-03.02.14:027][978]LogBlueprintUserMessages: bam
[2014.11.18-03.02.14:231][988]LogBlueprintUserMessages: bam
[2014.11.18-03.02.14:449][999]LogBlueprintUserMessages: bam
[2014.11.18-03.02.14:653][  9]LogBlueprintUserMessages: bam
[2014.11.18-03.02.14:869][ 20]LogBlueprintUserMessages: bam
[2014.11.18-03.02.15:070][ 30]LogBlueprintUserMessages: bam
[2014.11.18-03.02.15:287][ 41]LogBlueprintUserMessages: bam
[2014.11.18-03.02.15:503][ 51]LogBlueprintUserMessages: bam
[2014.11.18-03.02.15:705][ 61]LogBlueprintUserMessages: bam
[2014.11.18-03.02.15:911][ 71]LogBlueprintUserMessages: bam
[2014.11.18-03.02.16:121][ 81]LogBlueprintUserMessages: bam
[2014.11.18-03.02.16:329][ 91]LogBlueprintUserMessages: bam
[2014.11.18-03.02.16:865][118]LogBlueprintUserMessages: bam
[2014.11.18-03.02.17:061][128]LogBlueprintUserMessages: bam
[2014.11.18-03.02.17:264][138]LogBlueprintUserMessages: bam
[2014.11.18-03.02.17:467][148]LogBlueprintUserMessages: bam
[2014.11.18-03.02.17:672][158]LogBlueprintUserMessages: bam
[2014.11.18-03.02.17:895][169]LogBlueprintUserMessages: bam
[2014.11.18-03.02.18:106][179]LogBlueprintUserMessages: bam
[2014.11.18-03.02.18:309][189]LogBlueprintUserMessages: bam
[2014.11.18-03.02.18:519][198]LogBlueprintUserMessages: bam
[2014.11.18-03.02.18:722][208]LogBlueprintUserMessages: bam
[2014.11.18-03.02.37:258][ 84]LogParticles: Destroying 0 GPU particle simulations for FXSystem 0x00000064FD8AFEC0
[2014.11.18-03.02.40:593][188]Cmd: OBJ SAVEPACKAGE PACKAGE="/Game/Blueprints/Mechanika/BP_HUD" FILE="../../../../../Jablo/UNREAL_AKTUALNY_PROJEKT/MyProject4/Content/Blueprints/Mechanika/BP_HUD.uasset" SILENT=true
[2014.11.18-03.02.40:672][188]LogSavePackage: Save=51.974319ms
[2014.11.18-03.02.40:672][188]LogSavePackage: Moving '../../../../../Jablo/UNREAL_AKTUALNY_PROJEKT/MyProject4/Saved/BP_HUDD17BB7074CAB59F170BEAAB98A796542.tmp' to '../../../../../Jablo/UNREAL_AKTUALNY_PROJEKT/MyProject4/Content/Blueprints/Mechanika/BP_HUD.uasset'
[2014.11.18-03.04.24:668][564]LogUObjectGlobals:Warning: Failed to find object 'Object None.'
[2014.11.18-03.04.43:588][961]BlueprintLog: New page: Compile BP_Postac
[2014.11.18-03.04.43:897][961]LogParticles: Destroying 0 GPU particle simulations for FXSystem 0x00000064FCE5B4C0
[2014.11.18-03.04.44:098][961]BlueprintEditorCompileResults: Info [2464,87] Compile of BP_Postac successful! [in 75 ms]
[2014.11.18-03.04.46:609][978]Cmd: OBJ SAVEPACKAGE PACKAGE="/Game/Blueprints/Mechanika/BP_Postac" FILE="../../../../../Jablo/UNREAL_AKTUALNY_PROJEKT/MyProject4/Content/Blueprints/Mechanika/BP_Postac.uasset" SILENT=true
[2014.11.18-03.04.47:195][978]LogSavePackage: Save=541.534241ms
[2014.11.18-03.04.47:195][978]LogSavePackage: Moving '../../../../../Jablo/UNREAL_AKTUALNY_PROJEKT/MyProject4/Saved/BP_Postac0740EDD042BDF39079CE05B0B9E9F344.tmp' to '../../../../../Jablo/UNREAL_AKTUALNY_PROJEKT/MyProject4/Content/Blueprints/Mechanika/BP_Postac.uasset'
[2014.11.18-03.04.53:930][118]Cmd: OBJ SAVEPACKAGE PACKAGE="/Game/Blueprints/Mechanika/BP_Postac" FILE="../../../../../Jablo/UNREAL_AKTUALNY_PROJEKT/MyProject4/Content/Blueprints/Mechanika/BP_Postac.uasset" SILENT=true
[2014.11.18-03.04.54:090][118]LogSavePackage: Save=133.740341ms
[2014.11.18-03.04.54:090][118]LogSavePackage: Moving '../../../../../Jablo/UNREAL_AKTUALNY_PROJEKT/MyProject4/Saved/BP_Postac45BEB8074D05CFE4C254CE8FF8DE8D5F.tmp' to '../../../../../Jablo/UNREAL_AKTUALNY_PROJEKT/MyProject4/Content/Blueprints/Mechanika/BP_Postac.uasset'
[2014.11.18-03.04.57:794][243]BlueprintLog: New page: Pre-PIE auto-recompile
[2014.11.18-03.04.57:794][243]LogPlayLevel: [PIE] Compiling BP_HUD before PIE...
[2014.11.18-03.04.57:882][243]LogActorComponent: UnregisterComponent: (/Engine/Transient.CharacterMovementComponent_14) Not registered. Aborting.
[2014.11.18-03.04.57:930][243]LogPlayLevel: PIE:  Blueprint regeneration took 136 ms (1 blueprints)
[2014.11.18-03.04.57:931][243]PIE: New page: PIE session: Minimal_Default (18 Nov 2014 05:04:57)
[2014.11.18-03.04.57:941][243]LogPlayLevel: PIE: StaticDuplicateObject took: (0.010111s)
[2014.11.18-03.04.57:944][243]LogPlayLevel: PIE: World Init took: (0.002962s)
[2014.11.18-03.04.57:944][243]LogPlayLevel: PIE: Created PIE world by copying editor world from /Game/Maps/Minimal_Default.Minimal_Default to /Game/Maps/UEDPIE_0_Minimal_Default.Minimal_Default (0.013345s)
[2014.11.18-03.04.57:982][243]LogWorld: Game class is 'BP_TrybGry_C'
[2014.11.18-03.04.57:983][243]LogAIModule: Creating AISystem for world Minimal_Default
[2014.11.18-03.04.57:986][243]LogWorld: Bringing World /Game/Maps/UEDPIE_0_Minimal_Default.Minimal_Default up for play (max tick rate 0) at 2014.11.18-04.04.57
[2014.11.18-03.04.57:988][243]LogWorld: Bringing up level for play took: 0.004431
[2014.11.18-03.04.57:990][243]PIE: Info Play in editor start time for /Game/Maps/UEDPIE_0_Minimal_Default -0,174
[2014.11.18-03.05.01:064][387]LogBlueprintUserMessages: Przeladuj
[2014.11.18-03.05.02:132][439]LogBlueprintUserMessages: Przeladuj
[2014.11.18-03.05.03:874][524]LogBlueprintUserMessages: Przeladuj
[2014.11.18-03.05.04:109][535]LogBlueprintUserMessages: Przeladuj
[2014.11.18-03.05.04:290][544]LogBlueprintUserMessages: Przeladuj
[2014.11.18-03.05.04:683][564]LogBlueprintUserMessages: Przeladuj
[2014.11.18-03.05.05:009][580]LogBlueprintUserMessages: Przeladuj
[2014.11.18-03.05.05:299][594]LogBlueprintUserMessages: Przeladuj
[2014.11.18-03.05.05:911][624]LogBlueprintUserMessages: Przeladuj
[2014.11.18-03.05.06:100][633]LogBlueprintUserMessages: Przeladuj
[2014.11.18-03.05.06:317][644]LogBlueprintUserMessages: Przeladuj
[2014.11.18-03.05.06:528][654]LogBlueprintUserMessages: Przeladuj
[2014.11.18-03.05.06:729][663]LogBlueprintUserMessages: Przeladuj
[2014.11.18-03.05.29:737][773]LogParticles: Destroying 0 GPU particle simulations for FXSystem 0x000000648ACA3E20
[2014.11.18-03.05.42:400][316]LogActorComponent: UnregisterComponent: (/Engine/Transient.CharacterMovementComponent_15) Not registered. Aborting.
[2014.11.18-03.05.42:468][316]Cmd: OBJ SAVEPACKAGE PACKAGE="/Game/Blueprints/Mechanika/BP_HUD" FILE="../../../../../Jablo/UNREAL_AKTUALNY_PROJEKT/MyProject4/Content/Blueprints/Mechanika/BP_HUD.uasset" SILENT=true
[2014.11.18-03.05.42:532][316]LogSavePackage: Save=42.414028ms
[2014.11.18-03.05.42:532][316]LogSavePackage: Moving '../../../../../Jablo/UNREAL_AKTUALNY_PROJEKT/MyProject4/Saved/BP_HUDF1218D114122F8941F9DE69A95777EA4.tmp' to '../../../../../Jablo/UNREAL_AKTUALNY_PROJEKT/MyProject4/Content/Blueprints/Mechanika/BP_HUD.uasset'
[2014.11.18-03.07.28:911][902]LogContentBrowser:Verbose: The content browser source was changed by the sources view to '/Game/Audio'
[2014.11.18-03.07.55:357][ 43]LogContentBrowser:Verbose: The content browser source was changed by the sources view to '/Game/Audio'
[2014.11.18-03.08.04:870][414]LogContentBrowser:Verbose: The content browser source was changed by the sources view to '/Game/Audio/BroD'
[2014.11.18-03.08.40:382][671]LogFactory: FactoryCreateBinary: SoundWave with SoundFactory (0 0 C:/Users/Adam/Downloads/Uzi Shooting-SoundBible.com-610873159.wav)
[2014.11.18-03.08.40:462][671]LogAudioDerivedData:Display: Building compressed audio format OGG wave Uzi_Shooting-SoundBible_com-610873159...
[2014.11.18-03.08.40:729][671]LogAudioDerivedData:Warning: Updated SoundWave->RawPCMDataSize during cooking SoundWave /Game/Audio/BroD/Uzi_Shooting-SoundBible_com-610873159.Uzi_Shooting-SoundBible_com-610873159.
[2014.11.18-03.08.40:755][671]LogContentBrowser:Verbose: The content browser source was changed by the sources view to 'None'
[2014.11.18-03.08.40:755][671]LogContentBrowser:Verbose: The content browser source was changed by the sources view to '/Game/Audio/BroD'
[2014.11.18-03.08.53:576][178]LogActorComponent: UnregisterComponent: (/Engine/Transient.CharacterMovementComponent_16) Not registered. Aborting.
[2014.11.18-03.08.53:617][178]LogFileHelpers: Editor autosave (incl. sublevels) for '/Game/Maps/Minimal_Default' took 0.040
[2014.11.18-03.08.53:633][178]OBJ SavePackage: Generating thumbnails for [1] asset(s) in package [/Game/Audio/BroD/Uzi_Shooting-SoundBible_com-610873159] ([1] browsable assets)...
[2014.11.18-03.08.53:665][178]OBJ SavePackage:     Rendered thumbnail for [SoundWave /Game/Audio/BroD/Uzi_Shooting-SoundBible_com-610873159.Uzi_Shooting-SoundBible_com-610873159]
[2014.11.18-03.08.53:665][178]OBJ SavePackage: Finished generating thumbnails for package [/Game/Audio/BroD/Uzi_Shooting-SoundBible_com-610873159]
[2014.11.18-03.08.53:745][178]LogSavePackage: Save=31.726784ms
[2014.11.18-03.08.53:745][178]LogSavePackage: Moving '../../../../../Jablo/UNREAL_AKTUALNY_PROJEKT/MyProject4/Saved/Uzi_Shooting-SoundBible_com-610873159_Auto30FA2C81B4D5E95F30D675F8990FC8A67.tmp' to '../../../../../Jablo/UNREAL_AKTUALNY_PROJEKT/MyProject4/Saved/Autosaves/Game/Audio/BroD/Uzi_Shooting-SoundBible_com-610873159_Auto3.uasset'
[2014.11.18-03.08.53:762][178]LogFileHelpers: Auto-saving content packages took 0.145
[2014.11.18-03.11.53:913][184]BlueprintLog: New page: Compile BP_Postac
[2014.11.18-03.11.54:371][184]BlueprintEditorCompileResults: Info [2895,19] Compile of BP_Postac successful! [in 72 ms]
[2014.11.18-03.11.56:695][200]Cmd: OBJ SAVEPACKAGE PACKAGE="/Game/Blueprints/Mechanika/BP_Postac" FILE="../../../../../Jablo/UNREAL_AKTUALNY_PROJEKT/MyProject4/Content/Blueprints/Mechanika/BP_Postac.uasset" SILENT=true
[2014.11.18-03.11.57:367][200]LogSavePackage: Save=576.163330ms
[2014.11.18-03.11.57:367][200]LogSavePackage: Moving '../../../../../Jablo/UNREAL_AKTUALNY_PROJEKT/MyProject4/Saved/BP_Postac28A6DFAD4165310A339627962303EFB2.tmp' to '../../../../../Jablo/UNREAL_AKTUALNY_PROJEKT/MyProject4/Content/Blueprints/Mechanika/BP_Postac.uasset'
[2014.11.18-03.12.01:786][383]BlueprintLog: New page: Pre-PIE auto-recompile
[2014.11.18-03.12.01:786][383]LogPlayLevel: [PIE] Compiling BP_HUD before PIE...
[2014.11.18-03.12.01:895][383]LogActorComponent: UnregisterComponent: (/Engine/Transient.CharacterMovementComponent_17) Not registered. Aborting.
[2014.11.18-03.12.01:941][383]LogPlayLevel: PIE:  Blueprint regeneration took 155 ms (1 blueprints)
[2014.11.18-03.12.01:941][383]PIE: New page: PIE session: Minimal_Default (18 Nov 2014 05:12:01)
[2014.11.18-03.12.01:951][383]LogPlayLevel: PIE: StaticDuplicateObject took: (0.009247s)
[2014.11.18-03.12.01:953][383]LogPlayLevel: PIE: World Init took: (0.002345s)
[2014.11.18-03.12.01:953][383]LogPlayLevel: PIE: Created PIE world by copying editor world from /Game/Maps/Minimal_Default.Minimal_Default to /Game/Maps/UEDPIE_0_Minimal_Default.Minimal_Default (0.011919s)
[2014.11.18-03.12.01:988][383]LogWorld: Game class is 'BP_TrybGry_C'
[2014.11.18-03.12.01:990][383]LogAIModule: Creating AISystem for world Minimal_Default
[2014.11.18-03.12.01:993][383]LogWorld: Bringing World /Game/Maps/UEDPIE_0_Minimal_Default.Minimal_Default up for play (max tick rate 0) at 2014.11.18-04.12.01
[2014.11.18-03.12.01:993][383]LogWorld: Bringing up level for play took: 0.003226
[2014.11.18-03.12.01:995][383]PIE: Info Play in editor start time for /Game/Maps/UEDPIE_0_Minimal_Default -0,168
[2014.11.18-03.12.04:117][482]LogBlueprintUserMessages: Przeladuj
[2014.11.18-03.12.04:623][508]LogBlueprintUserMessages: Przeladuj
[2014.11.18-03.12.04:809][517]LogBlueprintUserMessages: Przeladuj
[2014.11.18-03.12.05:013][527]LogBlueprintUserMessages: Przeladuj
[2014.11.18-03.12.05:228][538]LogBlueprintUserMessages: Przeladuj
[2014.11.18-03.12.05:440][547]LogBlueprintUserMessages: Przeladuj
[2014.11.18-03.12.17:291][138]LogParticles: Destroying 0 GPU particle simulations for FXSystem 0x00000064ECEA0360
[2014.11.18-03.14.41:022][751]BlueprintLog: New page: Compile BP_Postac
[2014.11.18-03.14.41:482][751]BlueprintEditorCompileResults: Info [3062,30] Compile of BP_Postac successful! [in 77 ms]
[2014.11.18-03.14.44:343][778]Cmd: OBJ SAVEPACKAGE PACKAGE="/Game/Blueprints/Mechanika/BP_Postac" FILE="../../../../../Jablo/UNREAL_AKTUALNY_PROJEKT/MyProject4/Content/Blueprints/Mechanika/BP_Postac.uasset" SILENT=true
[2014.11.18-03.14.44:918][778]LogSavePackage: Save=548.972534ms
[2014.11.18-03.14.44:918][778]LogSavePackage: Moving '../../../../../Jablo/UNREAL_AKTUALNY_PROJEKT/MyProject4/Saved/BP_PostacE94D85B94536CF3771949986F7039CA5.tmp' to '../../../../../Jablo/UNREAL_AKTUALNY_PROJEKT/MyProject4/Content/Blueprints/Mechanika/BP_Postac.uasset'
[2014.11.18-03.14.49:404][922]BlueprintLog: New page: Pre-PIE auto-recompile
[2014.11.18-03.14.49:404][922]LogPlayLevel: [PIE] Compiling BP_HUD before PIE...
[2014.11.18-03.14.49:512][922]LogActorComponent: UnregisterComponent: (/Engine/Transient.CharacterMovementComponent_18) Not registered. Aborting.
[2014.11.18-03.14.49:560][922]LogPlayLevel: PIE:  Blueprint regeneration took 156 ms (1 blueprints)
[2014.11.18-03.14.49:561][922]PIE: New page: PIE session: Minimal_Default (18 Nov 2014 05:14:49)
[2014.11.18-03.14.49:570][922]LogPlayLevel: PIE: StaticDuplicateObject took: (0.009499s)
[2014.11.18-03.14.49:573][922]LogPlayLevel: PIE: World Init took: (0.002730s)
[2014.11.18-03.14.49:573][922]LogPlayLevel: PIE: Created PIE world by copying editor world from /Game/Maps/Minimal_Default.Minimal_Default to /Game/Maps/UEDPIE_0_Minimal_Default.Minimal_Default (0.012482s)
[2014.11.18-03.14.49:604][922]LogWorld: Game class is 'BP_TrybGry_C'
[2014.11.18-03.14.49:607][922]LogAIModule: Creating AISystem for world Minimal_Default
[2014.11.18-03.14.49:609][922]LogWorld: Bringing World /Game/Maps/UEDPIE_0_Minimal_Default.Minimal_Default up for play (max tick rate 0) at 2014.11.18-04.14.49
[2014.11.18-03.14.49:610][922]LogWorld: Bringing up level for play took: 0.002317
[2014.11.18-03.14.49:612][922]PIE: Info Play in editor start time for /Game/Maps/UEDPIE_0_Minimal_Default -0,552
[2014.11.18-03.15.15:235][187]LogParticles: Destroying 0 GPU particle simulations for FXSystem 0x00000064FBF914E0
[2014.11.18-03.16.37:572][230]BlueprintLog: New page: Compile BP_Postac
[2014.11.18-03.16.38:069][230]BlueprintEditorCompileResults: Info [3178,88] Compile of BP_Postac successful! [in 82 ms]
[2014.11.18-03.16.40:917][255]Cmd: OBJ SAVEPACKAGE PACKAGE="/Game/Blueprints/Mechanika/BP_Postac" FILE="../../../../../Jablo/UNREAL_AKTUALNY_PROJEKT/MyProject4/Content/Blueprints/Mechanika/BP_Postac.uasset" SILENT=true
[2014.11.18-03.16.41:496][255]LogSavePackage: Save=553.997498ms
[2014.11.18-03.16.41:496][255]LogSavePackage: Moving '../../../../../Jablo/UNREAL_AKTUALNY_PROJEKT/MyProject4/Saved/BP_PostacE64B54AC4F3CE705615E978F5AAD3A0B.tmp' to '../../../../../Jablo/UNREAL_AKTUALNY_PROJEKT/MyProject4/Content/Blueprints/Mechanika/BP_Postac.uasset'
[2014.11.18-03.16.44:177][361]BlueprintLog: New page: Pre-PIE auto-recompile
[2014.11.18-03.16.44:178][361]LogPlayLevel: [PIE] Compiling BP_HUD before PIE...
[2014.11.18-03.16.44:282][361]LogActorComponent: UnregisterComponent: (/Engine/Transient.CharacterMovementComponent_19) Not registered. Aborting.
[2014.11.18-03.16.44:331][361]LogPlayLevel: PIE:  Blueprint regeneration took 153 ms (1 blueprints)
[2014.11.18-03.16.44:332][361]PIE: New page: PIE session: Minimal_Default (18 Nov 2014 05:16:44)
[2014.11.18-03.16.44:342][361]LogPlayLevel: PIE: StaticDuplicateObject took: (0.009745s)
[2014.11.18-03.16.44:344][361]LogPlayLevel: PIE: World Init took: (0.002119s)
[2014.11.18-03.16.44:344][361]LogPlayLevel: PIE: Created PIE world by copying editor world from /Game/Maps/Minimal_Default.Minimal_Default to /Game/Maps/UEDPIE_0_Minimal_Default.Minimal_Default (0.012187s)
[2014.11.18-03.16.44:384][361]LogWorld: Game class is 'BP_TrybGry_C'
[2014.11.18-03.16.44:385][361]LogAIModule: Creating AISystem for world Minimal_Default
[2014.11.18-03.16.44:388][361]LogWorld: Bringing World /Game/Maps/UEDPIE_0_Minimal_Default.Minimal_Default up for play (max tick rate 0) at 2014.11.18-04.16.44
[2014.11.18-03.16.44:388][361]LogWorld: Bringing up level for play took: 0.003033
[2014.11.18-03.16.44:390][361]PIE: Info Play in editor start time for /Game/Maps/UEDPIE_0_Minimal_Default 0,226
[2014.11.18-03.16.47:055][492]LogBlueprintUserMessages: Przeladuj
[2014.11.18-03.16.59:282][120]LogBlueprintUserMessages: 60.0
[2014.11.18-03.16.59:470][130]LogBlueprintUserMessages: 20.0
[2014.11.18-03.16.59:681][141]LogBlueprintUserMessages: -20.0
[2014.11.18-03.17.15:525][943]LogParticles: Destroying 0 GPU particle simulations for FXSystem 0x00000064FD8AD8A0
[2014.11.18-03.20.06:403][501]LogFileHelpers: Editor autosave (incl. sublevels) for '/Game/Maps/Minimal_Default' took 0.058
[2014.11.18-03.20.06:424][501]OBJ SavePackage: Generating thumbnails for [1] asset(s) in package [/Game/Blueprints/Mechanika/BP_Postac] ([1] browsable assets)...
[2014.11.18-03.20.06:469][501]OBJ SavePackage:     Rendered thumbnail for [Blueprint /Game/Blueprints/Mechanika/BP_Postac.BP_Postac]
[2014.11.18-03.20.06:469][501]OBJ SavePackage: Finished generating thumbnails for package [/Game/Blueprints/Mechanika/BP_Postac]
[2014.11.18-03.20.07:353][501]LogSavePackage: Save=813.132751ms
[2014.11.18-03.20.07:353][501]LogSavePackage: Moving '../../../../../Jablo/UNREAL_AKTUALNY_PROJEKT/MyProject4/Saved/BP_Postac_Auto4E9B5000D42C5EBC8E3A41F9214E081C9.tmp' to '../../../../../Jablo/UNREAL_AKTUALNY_PROJEKT/MyProject4/Saved/Autosaves/Game/Blueprints/Mechanika/BP_Postac_Auto4.uasset'
[2014.11.18-03.20.07:419][501]OBJ SavePackage: Generating thumbnails for [0] asset(s) in package [/Game/Blueprints/Mechanika/BP_HUD] ([1] browsable assets)...
[2014.11.18-03.20.07:469][501]OBJ SavePackage: Finished generating thumbnails for package [/Game/Blueprints/Mechanika/BP_HUD]
[2014.11.18-03.20.07:833][501]LogSavePackage: Save=193.286728ms
[2014.11.18-03.20.07:833][501]LogSavePackage: Moving '../../../../../Jablo/UNREAL_AKTUALNY_PROJEKT/MyProject4/Saved/BP_HUD_Auto4F715BBEC4D892009014EB3B18DED8F4C.tmp' to '../../../../../Jablo/UNREAL_AKTUALNY_PROJEKT/MyProject4/Saved/Autosaves/Game/Blueprints/Mechanika/BP_HUD_Auto4.uasset'
[2014.11.18-03.20.07:855][501]LogFileHelpers: Auto-saving content packages took 1.452
[2014.11.18-03.20.57:887][333]LogFactory: FactoryCreateBinary: SoundWave with SoundFactory (0 0 C:/Users/Adam/Downloads/glock18-1.wav)
[2014.11.18-03.20.57:916][333]LogAudioDerivedData:Display: Building compressed audio format OGG wave glock18-1...
[2014.11.18-03.20.57:988][333]LogAudioDerivedData:Warning: Updated SoundWave->RawPCMDataSize during cooking SoundWave /Game/Audio/BroD/glock18-1.glock18-1.
[2014.11.18-03.20.57:997][333]LogContentBrowser:Verbose: The content browser source was changed by the sources view to 'None'
[2014.11.18-03.20.57:997][333]LogContentBrowser:Verbose: The content browser source was changed by the sources view to '/Game/Audio/BroD'
[2014.11.18-03.21.12:991][887]BlueprintLog: New page: Compile BP_Postac
[2014.11.18-03.21.13:255][887]LogActorComponent: UnregisterComponent: (/Engine/Transient.CharacterMovementComponent_20) Not registered. Aborting.
[2014.11.18-03.21.13:453][887]BlueprintEditorCompileResults: Info [3454,27] Compile of BP_Postac successful! [in 72 ms]
[2014.11.18-03.21.15:770][901]Cmd: OBJ SAVEPACKAGE PACKAGE="/Game/Blueprints/Mechanika/BP_Postac" FILE="../../../../../Jablo/UNREAL_AKTUALNY_PROJEKT/MyProject4/Content/Blueprints/Mechanika/BP_Postac.uasset" SILENT=true
[2014.11.18-03.21.16:361][901]LogSavePackage: Save=552.858521ms
[2014.11.18-03.21.16:361][901]LogSavePackage: Moving '../../../../../Jablo/UNREAL_AKTUALNY_PROJEKT/MyProject4/Saved/BP_Postac9D26574A47ECA17A01F660916D76D5D7.tmp' to '../../../../../Jablo/UNREAL_AKTUALNY_PROJEKT/MyProject4/Content/Blueprints/Mechanika/BP_Postac.uasset'
[2014.11.18-03.21.57:658][844]BlueprintLog: New page: Compile BP_Postac
[2014.11.18-03.21.57:921][844]LogActorComponent: UnregisterComponent: (/Engine/Transient.CharacterMovementComponent_21) Not registered. Aborting.
[2014.11.18-03.21.58:141][844]BlueprintEditorCompileResults: Info [3498,94] Compile of BP_Postac successful! [in 78 ms]
[2014.11.18-03.22.00:530][858]Cmd: OBJ SAVEPACKAGE PACKAGE="/Game/Blueprints/Mechanika/BP_Postac" FILE="../../../../../Jablo/UNREAL_AKTUALNY_PROJEKT/MyProject4/Content/Blueprints/Mechanika/BP_Postac.uasset" SILENT=true
[2014.11.18-03.22.01:114][858]LogSavePackage: Save=555.471741ms
[2014.11.18-03.22.01:114][858]LogSavePackage: Moving '../../../../../Jablo/UNREAL_AKTUALNY_PROJEKT/MyProject4/Saved/BP_Postac60DD5A854277D64DAF39D7ACDC99717C.tmp' to '../../../../../Jablo/UNREAL_AKTUALNY_PROJEKT/MyProject4/Content/Blueprints/Mechanika/BP_Postac.uasset'
[2014.11.18-03.22.04:739][ 10]BlueprintLog: New page: Pre-PIE auto-recompile
[2014.11.18-03.22.04:739][ 10]LogPlayLevel: [PIE] Compiling BP_HUD before PIE...
[2014.11.18-03.22.04:828][ 10]LogActorComponent: UnregisterComponent: (/Engine/Transient.CharacterMovementComponent_22) Not registered. Aborting.
[2014.11.18-03.22.04:875][ 10]LogPlayLevel: PIE:  Blueprint regeneration took 136 ms (1 blueprints)
[2014.11.18-03.22.04:876][ 10]PIE: New page: PIE session: Minimal_Default (18 Nov 2014 05:22:04)
[2014.11.18-03.22.04:885][ 10]LogPlayLevel: PIE: StaticDuplicateObject took: (0.008472s)
[2014.11.18-03.22.04:888][ 10]LogPlayLevel: PIE: World Init took: (0.003112s)
[2014.11.18-03.22.04:888][ 10]LogPlayLevel: PIE: Created PIE world by copying editor world from /Game/Maps/Minimal_Default.Minimal_Default to /Game/Maps/UEDPIE_0_Minimal_Default.Minimal_Default (0.011874s)
[2014.11.18-03.22.04:924][ 10]LogWorld: Game class is 'BP_TrybGry_C'
[2014.11.18-03.22.04:926][ 10]LogAIModule: Creating AISystem for world Minimal_Default
[2014.11.18-03.22.04:928][ 10]LogWorld: Bringing World /Game/Maps/UEDPIE_0_Minimal_Default.Minimal_Default up for play (max tick rate 0) at 2014.11.18-04.22.04
[2014.11.18-03.22.04:928][ 10]LogWorld: Bringing up level for play took: 0.002339
[2014.11.18-03.22.04:931][ 10]PIE: Info Play in editor start time for /Game/Maps/UEDPIE_0_Minimal_Default 0,767
[2014.11.18-03.22.14:369][491]LogBlueprintUserMessages: 50.0
[2014.11.18-03.22.15:187][533]LogBlueprintUserMessages: 0.0
[2014.11.18-03.22.31:971][386]LogParticles: Destroying 0 GPU particle simulations for FXSystem 0x0000006495E89580
[2014.11.18-03.23.06:224][172]BlueprintLog: New page: Compile BP_Postac
[2014.11.18-03.23.06:699][172]BlueprintEditorCompileResults: Info [3567,50] Compile of BP_Postac successful! [in 76 ms]
[2014.11.18-03.23.09:046][184]Cmd: OBJ SAVEPACKAGE PACKAGE="/Game/Blueprints/Mechanika/BP_Postac" FILE="../../../../../Jablo/UNREAL_AKTUALNY_PROJEKT/MyProject4/Content/Blueprints/Mechanika/BP_Postac.uasset" SILENT=true
[2014.11.18-03.23.09:613][184]LogSavePackage: Save=542.241516ms
[2014.11.18-03.23.09:613][184]LogSavePackage: Moving '../../../../../Jablo/UNREAL_AKTUALNY_PROJEKT/MyProject4/Saved/BP_PostacEA3F56CB4A18780CED294584F00583EC.tmp' to '../../../../../Jablo/UNREAL_AKTUALNY_PROJEKT/MyProject4/Content/Blueprints/Mechanika/BP_Postac.uasset'
[2014.11.18-03.23.13:100][319]BlueprintLog: New page: Pre-PIE auto-recompile
[2014.11.18-03.23.13:100][319]LogPlayLevel: [PIE] Compiling BP_HUD before PIE...
[2014.11.18-03.23.13:188][319]LogActorComponent: UnregisterComponent: (/Engine/Transient.CharacterMovementComponent_23) Not registered. Aborting.
[2014.11.18-03.23.13:234]