Log file open, 11/17/14 19:16:15
LogInit:Display: Running engine for game: MyProject4
LogInit: Version: 4.4.3-0+UE4
LogInit: API Version: 0
LogInit: Compiled (64-bit): Sep 17 2014 07:16:51
LogInit: Build Configuration: Development
LogInit: Branch Name: UE4
LogInit: Command line: 
LogInit: Base directory: D:/Developer/UnrealEngine-4.4.3-release/UnrealEngine-4.4.3-release/Engine/Binaries/Win64/
LogInit: Rocket: 0
[2014.11.17-18.16.15:887][  0]LogTaskGraph: Started task graph with 3 named threads and 4 total threads.
[2014.11.17-18.16.15:916][  0]LogOnline:Warning: No default platform service specified for OnlineSubsystem
[2014.11.17-18.16.15:926][  0]LogInit: Presizing for 0 objects not considered by GC, pre-allocating 0 bytes.
[2014.11.17-18.16.15:935][  0]LogInit: Object subsystem initialized
[2014.11.17-18.16.15:938][  0]LogInit: Selected Device Profile: [Windows]
[2014.11.17-18.16.15:938][  0]LogInit: Applying CVar settings loaded from the selected device profile: [Windows]
[2014.11.17-18.16.15:944][  0]LogInit: Computer: ADAM
[2014.11.17-18.16.15:945][  0]LogInit: User: Adam
[2014.11.17-18.16.15:946][  0]LogInit: CPU Page size=4096, Cores=2
[2014.11.17-18.16.15:946][  0]LogInit: High frequency timer resolution =3.161620 MHz
[2014.11.17-18.16.15:946][  0]LogMemory: Memory total: Physical=3.0GB (3GB approx) Virtual=131072.0GB
[2014.11.17-18.16.15:946][  0]LogMemory: Platform Memory Stats for Windows
[2014.11.17-18.16.15:947][  0]LogMemory: Process Physical Memory: 59.74 MB used, 59.83 MB peak
[2014.11.17-18.16.15:947][  0]LogMemory: Process Virtual Memory: 35.89 MB used, 36.00 MB peak
[2014.11.17-18.16.15:947][  0]LogMemory: Physical Memory: 1525.46 MB used, 3071.55 MB total
[2014.11.17-18.16.15:947][  0]LogMemory: Virtual Memory: 262.07 MB used, 134217728.00 MB total
[2014.11.17-18.16.15:987][  0]LogD3D11RHI: Found D3D11 adapter 0: NVIDIA GeForce GTX 780 (Feature Level 11_0)
[2014.11.17-18.16.15:987][  0]LogD3D11RHI: Adapter has 2988MB of dedicated video memory, 0MB of dedicated system memory, and 1535MB of shared system memory, 2 output[s]
[2014.11.17-18.16.15:989][  0]LogD3D11RHI: Found D3D11 adapter 1: Microsoft Basic Render Driver (Feature Level 11_0)
[2014.11.17-18.16.15:989][  0]LogD3D11RHI: Adapter has 0MB of dedicated video memory, 0MB of dedicated system memory, and 256MB of shared system memory, 0 output[s]
[2014.11.17-18.16.15:989][  0]LogD3D11RHI: Chosen D3D11 Adapter Id = 0
[2014.11.17-18.16.15:999][  0]LogRHI: Texture pool is 1361 MB (70% of 1945 MB)
[2014.11.17-18.16.16:017][  0]LogD3D11RHI: Async texture creation enabled
[2014.11.17-18.16.16:205][  0]LogContentStreaming: Texture pool size is 0.000000MB
[2014.11.17-18.16.17:851][  0]LogTargetPlatformManager:Display: Building Assets For Windows
[2014.11.17-18.16.18:369][  0]LogTargetPlatformManager:Display: Building Assets For Windows
[2014.11.17-18.16.18:418][  0]LogDerivedDataCache:Display: Max Cache Size: 512 MB
[2014.11.17-18.16.18:622][  0]LogDerivedDataCache: Loaded boot cache 0.20s 39MB ../../../../../Jablo/UNREAL_AKTUALNY_PROJEKT/MyProject4/DerivedDataCache/Boot.ddc.
[2014.11.17-18.16.18:622][  0]LogDerivedDataCache:Display: Loaded Boot cache: ../../../../../Jablo/UNREAL_AKTUALNY_PROJEKT/MyProject4/DerivedDataCache/Boot.ddc
[2014.11.17-18.16.18:622][  0]LogDerivedDataCache: FDerivedDataBackendGraph:  Pak pak cache file ../../../../../Jablo/UNREAL_AKTUALNY_PROJEKT/MyProject4/DerivedDataCache/DDC.ddp not found, will not use a pak cache.
[2014.11.17-18.16.18:622][  0]LogDerivedDataCache: Unable to find inner node Pak for hierarchical cache Hierarchy.
[2014.11.17-18.16.18:622][  0]LogDerivedDataCache: FDerivedDataBackendGraph:  EnginePak pak cache file ../../../Engine/DerivedDataCache/DDC.ddp not found, will not use a pak cache.
[2014.11.17-18.16.18:622][  0]LogDerivedDataCache: Unable to find inner node EnginePak for hierarchical cache Hierarchy.
[2014.11.17-18.16.18:637][  0]LogDerivedDataCache: Using Local data cache path ../../../Engine/DerivedDataCache: Writable
[2014.11.17-18.16.18:637][  0]LogDerivedDataCache: Shared data cache path not found in *engine.ini, will not use an Shared cache.
[2014.11.17-18.16.18:637][  0]LogDerivedDataCache: Unable to find inner node Shared for hierarchical cache Hierarchy.
[2014.11.17-18.16.18:886][  0]LogMeshUtilities: No automatic mesh reduction module available
[2014.11.17-18.16.18:886][  0]LogMeshUtilities: No automatic mesh merging module available
[2014.11.17-18.16.19:676][  0]LogInit: WinSock: version 1.1 (2.2), MaxSocks=32767, MaxUdp=65467
[2014.11.17-18.16.20:859][  0]LogStats:Warning: MetaData mismatch. Did you assign a stat to two groups? New //STATGROUP_Threads//FMonitoredProcess///Thread_3a84_0///////STATCAT_Advanced//// old //STATGROUP_Threads//FMonitoredProcess///Thread_36bc_0///////STATCAT_Advanced////
[2014.11.17-18.16.20:859][  0]UdpMessaging: Initializing bridge on interface 0.0.0.0:0 to multicast group 230.0.0.1:6666.
[2014.11.17-18.16.20:968][  0]SourceControl: Info Source control is disabled
[2014.11.17-18.16.20:968][  0]SourceControl: Info Source control is disabled
[2014.11.17-18.16.20:975][  0]SourceControl: Info Source control is disabled
[2014.11.17-18.16.21:179][  0]BlueprintLog: New page: Editor Load
[2014.11.17-18.16.21:285][  0]LogObj: 21438 objects as part of root set at end of initial load.
[2014.11.17-18.16.21:285][  0]LogUObjectAllocator: 4218656 out of 0 bytes used by permanent object pool.
[2014.11.17-18.16.21:621][  0]LogEngine: Initializing Engine...
[2014.11.17-18.16.21:878][  0]LogInit: XAudio2 using 'GBo[niki (USB Multi-Channel Audio Device)' : 6 channels at 48 kHz using 32 bits per sample (channel mask 0x60f)
[2014.11.17-18.16.21:888][  0]LogInit: FAudioDevice initialized.
[2014.11.17-18.16.21:907][  0]LogAIModule: Creating AISystem for world NewWorld
[2014.11.17-18.16.21:977][  0]LogDerivedDataCache: Saved boot cache 0.07s 39MB ../../../../../Jablo/UNREAL_AKTUALNY_PROJEKT/MyProject4/DerivedDataCache/Boot.ddc.
[2014.11.17-18.16.22:009][  0]LogInit: Texture streaming: Enabled
[2014.11.17-18.16.22:058][  0]LogInit: Transaction tracking system initialized
[2014.11.17-18.16.22:173][  0]LogAssetRegistry: FAssetRegistry took 0.0121 seconds to start up
[2014.11.17-18.16.22:815][  0]LogTargetPlatformManager:Display: Building Assets For Windows
[2014.11.17-18.16.23:254][  0]LogTargetPlatformManager:Display: Building Assets For Windows
[2014.11.17-18.16.23:290][  0]LogModuleManager:Warning: ModuleManager: Unable to load module 'AndroidRuntimeSettings' because the file 'D:/Developer/UnrealEngine-4.4.3-release/UnrealEngine-4.4.3-release/Engine/Binaries/Win64/' was not found.
[2014.11.17-18.16.23:297][  0]LogModuleManager:Warning: ModuleManager: Unable to load module 'AndroidPlatformEditor' because the file 'D:/Developer/UnrealEngine-4.4.3-release/UnrealEngine-4.4.3-release/Engine/Binaries/Win64/' was not found.
[2014.11.17-18.16.23:390][  0]LogConsoleResponse:Display: 
[2014.11.17-18.16.23:609][  0]LogStats:Warning: MetaData mismatch. Did you assign a stat to two groups? New //STATGROUP_Threads//FMonitoredProcess///Thread_2890_0///////STATCAT_Advanced//// old //STATGROUP_Threads//FMonitoredProcess///Thread_36bc_0///////STATCAT_Advanced////
[2014.11.17-18.16.23:609][  0]LogStats:Warning: MetaData mismatch. Did you assign a stat to two groups? New //STATGROUP_Threads//FMonitoredProcess///Thread_26a8_0///////STATCAT_Advanced//// old //STATGROUP_Threads//FMonitoredProcess///Thread_36bc_0///////STATCAT_Advanced////
[2014.11.17-18.16.23:609][  0]SourceControl: Info Source control is disabled
[2014.11.17-18.16.23:609][  0]Cmd: MAP LOAD FILE="../../../../../Jablo/UNREAL_AKTUALNY_PROJEKT/MyProject4/Content/Maps/Minimal_Default.umap" TEMPLATE=0 SHOWPROGRESS=1
[2014.11.17-18.16.23:619][  0]LightingResults: New page: Lighting Build
[2014.11.17-18.16.23:627][  0]MapCheck: New page: Map Check
[2014.11.17-18.16.23:627][  0]LightingResults: New page: Lighting Build
[2014.11.17-18.16.23:648][  0]LogParticles: Destroying 0 GPU particle simulations for FXSystem 0x00000033F16BC7C0
[2014.11.17-18.16.25:167][  0]LogEditorServer: Finished looking for orphan Actors (0.000 secs)
[2014.11.17-18.16.25:167][  0]LogAIModule: Creating AISystem for world Minimal_Default
[2014.11.17-18.16.25:194][  0]Cmd: MAP CHECKDEP
[2014.11.17-18.16.25:194][  0]MapCheck: New page: Minimal_Default - 17 Nov 2014 20:16:25
[2014.11.17-18.16.25:263][  0]MapCheck: Info ========== Map Check: 0 Error(s), 0 Warning(s), [69,308ms] ==========
[2014.11.17-18.16.25:263][  0]LogFileHelpers: Loading map 'Minimal_Default' took 1.655
[2014.11.17-18.16.25:498][  0]LogCollectionManager: Loaded 0 collections in 0.000996 seconds
[2014.11.17-18.16.25:857][  0]LogCrashTracker: Crashtracker disabled due to settings.
[2014.11.17-18.16.25:931][  0]LogInit: Using libcurl 7.34.0
[2014.11.17-18.16.25:931][  0]LogInit:  - built for x86_64-pc-win32
[2014.11.17-18.16.25:931][  0]LogInit:  - supports SSL with WinSSL
[2014.11.17-18.16.25:931][  0]LogInit:  - other features:
[2014.11.17-18.16.25:931][  0]LogInit:      CURL_VERSION_SSL
[2014.11.17-18.16.25:931][  0]LogInit:      CURL_VERSION_ASYNCHDNS
[2014.11.17-18.16.25:931][  0]LogInit:      CURL_VERSION_LARGEFILE
[2014.11.17-18.16.25:931][  0]LogInit:      CURL_VERSION_IDN
[2014.11.17-18.16.25:931][  0]LogInit: Libcurl will NOT reuse connections
[2014.11.17-18.16.25:986][  0]LogLoad: Full Startup: 12.24 seconds (BP compile: 0.09 seconds)
[2014.11.17-18.16.26:488][  0]LogRenderer:Warning: Reallocating scene render targets to support 664x584.
[2014.11.17-18.16.26:919][  1]LogContentBrowser:Verbose: The content browser source was changed by the sources view to '/Game/Blueprints/Mechanika'
[2014.11.17-18.16.27:037][  3]LogAssetRegistry: Asset discovery search completed in 4.8757 seconds
[2014.11.17-18.17.10:355][922]LogProfile: Added a client
[2014.11.17-18.17.10:727][923]FunctionalTestingLog: New page: Functional Test
[2014.11.17-18.17.31:296][159]Cmd: QUIT_EDITOR
[2014.11.17-18.17.31:487][159]LogWindowsTextInputMethodSystem:Error: Terminating failed while unadvising the language notification sink from the TSF source.
[2014.11.17-18.17.31:487][159]LogExit: Preparing to exit.
[2014.11.17-18.17.31:945][159]LogExit: Editor shut down
[2014.11.17-18.17.31:946][159]LogExit: Transaction tracking system shut down
[2014.11.17-18.17.31:947][159]LogParticles: Destroying 0 GPU particle simulations for FXSystem 0x00000033F24E59E0
[2014.11.17-18.17.31:988][159]LogExit: Object subsystem successfully closed.
[2014.11.17-18.17.32:027][159]LogModuleManager: Shutting down and abandoning module StaticMeshEditor (156)
[2014.11.17-18.17.32:038][159]LogModuleManager: Shutting down and abandoning module Profiler (155)
[2014.11.17-18.17.32:039][159]LogModuleManager: Shutting down and abandoning module ScreenShotComparisonTools (154)
[2014.11.17-18.17.32:039][159]LogModuleManager: Shutting down and abandoning module HTTP (153)
[2014.11.17-18.17.32:039][159]LogModuleManager: Shutting down and abandoning module CrashTracker (152)
[2014.11.17-18.17.32:039][159]LogModuleManager: Shutting down and abandoning module SuperSearch (151)
[2014.11.17-18.17.32:039][159]LogModuleManager: Shutting down and abandoning module SceneOutliner (150)
[2014.11.17-18.17.32:039][159]LogModuleManager: Shutting down and abandoning module EditorWidgets (149)
[2014.11.17-18.17.32:039][159]LogModuleManager: Shutting down and abandoning module CollectionManager (148)
[2014.11.17-18.17.32:039][159]LogModuleManager: Shutting down and abandoning module StatsViewer (147)
[2014.11.17-18.17.32:039][159]LogModuleManager: Shutting down and abandoning module FoliageEdit (146)
[2014.11.17-18.17.32:039][159]LogModuleManager: Shutting down and abandoning module LandscapeEditor (145)
[2014.11.17-18.17.32:040][159]LogModuleManager: Shutting down and abandoning module MeshPaint (144)
[2014.11.17-18.17.32:040][159]LogModuleManager: Shutting down and abandoning module ActorPickerMode (143)
[2014.11.17-18.17.32:040][159]LogModuleManager: Shutting down and abandoning module GeometryMode (142)
[2014.11.17-18.17.32:040][159]LogModuleManager: Shutting down and abandoning module TextureAlignMode (141)
[2014.11.17-18.17.32:040][159]LogModuleManager: Shutting down and abandoning module BspMode (140)
[2014.11.17-18.17.32:040][159]LogModuleManager: Shutting down and abandoning module PlacementMode (139)
[2014.11.17-18.17.32:040][159]LogModuleManager: Shutting down and abandoning module AutomationWorker (138)
[2014.11.17-18.17.32:040][159]LogModuleManager: Shutting down and abandoning module EditorLiveStreaming (137)
[2014.11.17-18.17.32:040][159]LogModuleManager: Shutting down and abandoning module BehaviorTreeEditor (136)
[2014.11.17-18.17.32:040][159]LogModuleManager: Shutting down and abandoning module DeviceProfileEditor (135)
[2014.11.17-18.17.32:040][159]LogModuleManager: Shutting down and abandoning module UndoHistory (134)
[2014.11.17-18.17.32:040][159]LogModuleManager: Shutting down and abandoning module GameplayTagsEditor (133)
[2014.11.17-18.17.32:040][159]LogModuleManager: Shutting down and abandoning module UserFeedback (132)
[2014.11.17-18.17.32:040][159]LogModuleManager: Shutting down and abandoning module XmlParser (131)
[2014.11.17-18.17.32:040][159]LogModuleManager: Shutting down and abandoning module Blutility (130)
[2014.11.17-18.17.32:040][159]LogModuleManager: Shutting down and abandoning module IOSPlatformEditor (129)
[2014.11.17-18.17.32:040][159]LogModuleManager: Shutting down and abandoning module IOSRuntimeSettings (128)
[2014.11.17-18.17.32:040][159]LogModuleManager: Shutting down and abandoning module ProjectTargetPlatformEditor (125)
[2014.11.17-18.17.32:040][159]LogModuleManager: Shutting down and abandoning module ProjectSettingsViewer (124)
[2014.11.17-18.17.32:040][159]LogModuleManager: Shutting down and abandoning module InputBindingEditor (123)
[2014.11.17-18.17.32:040][159]LogModuleManager: Shutting down and abandoning module EditorSettingsViewer (122)
[2014.11.17-18.17.32:041][159]LogModuleManager: Shutting down and abandoning module SettingsEditor (121)
[2014.11.17-18.17.32:041][159]LogModuleManager: Shutting down and abandoning module SessionLauncher (120)
[2014.11.17-18.17.32:041][159]LogModuleManager: Shutting down and abandoning module SessionFrontend (119)
[2014.11.17-18.17.32:041][159]LogModuleManager: Shutting down and abandoning module ProfilerClient (118)
[2014.11.17-18.17.32:041][159]LogModuleManager: Shutting down and abandoning module TargetDeviceServices (117)
[2014.11.17-18.17.32:041][159]LogModuleManager: Shutting down and abandoning module DeviceManager (116)
[2014.11.17-18.17.32:041][159]LogModuleManager: Shutting down and abandoning module AutomationController (115)
[2014.11.17-18.17.32:042][159]LogModuleManager: Shutting down and abandoning module AutomationWindow (114)
[2014.11.17-18.17.32:042][159]LogModuleManager: Shutting down and abandoning module Layers (113)
[2014.11.17-18.17.32:042][159]LogModuleManager: Shutting down and abandoning module ComponentVisualizers (112)
[2014.11.17-18.17.32:042][159]LogModuleManager: Shutting down and abandoning module DetailCustomizations (111)
[2014.11.17-18.17.32:042][159]LogModuleManager: Shutting down and abandoning module PackagesDialog (110)
[2014.11.17-18.17.32:042][159]LogModuleManager: Shutting down and abandoning module DirectoryWatcher (109)
[2014.11.17-18.17.32:043][159]LogModuleManager: Shutting down and abandoning module AssetRegistry (108)
[2014.11.17-18.17.32:084][159]LogModuleManager: Shutting down and abandoning module Persona (107)
[2014.11.17-18.17.32:084][159]LogModuleManager: Shutting down and abandoning module GraphEditor (106)
[2014.11.17-18.17.32:084][159]LogModuleManager: Shutting down and abandoning module ClassViewer (105)
[2014.11.17-18.17.32:084][159]LogModuleManager: Shutting down and abandoning module Toolbox (104)
[2014.11.17-18.17.32:084][159]LogModuleManager: Shutting down and abandoning module ModuleUI (103)
[2014.11.17-18.17.32:084][159]LogModuleManager: Shutting down and abandoning module Sequencer (102)
[2014.11.17-18.17.32:084][159]LogModuleManager: Shutting down and abandoning module MovieSceneTools (101)
[2014.11.17-18.17.32:084][159]LogModuleManager: Shutting down and abandoning module OutputLog (100)
[2014.11.17-18.17.32:084][159]LogModuleManager: Shutting down and abandoning module GammaUI (99)
[2014.11.17-18.17.32:084][159]LogModuleManager: Shutting down and abandoning module Documentation (98)
[2014.11.17-18.17.32:084][159]LogModuleManager: Shutting down and abandoning module GameLiveStreaming (97)
[2014.11.17-18.17.32:084][159]LogModuleManager: Shutting down and abandoning module DesktopPlatform (96)
[2014.11.17-18.17.32:084][159]LogModuleManager: Shutting down and abandoning module StreamingPauseRendering (95)
[2014.11.17-18.17.32:084][159]LogModuleManager: Shutting down and abandoning module AnalyticsET (94)
[2014.11.17-18.17.32:084][159]LogModuleManager: Shutting down and abandoning module Analytics (93)
[2014.11.17-18.17.32:084][159]LogModuleManager: Shutting down and abandoning module GameplayDebugger (92)
[2014.11.17-18.17.32:084][159]LogModuleManager: Shutting down and abandoning module AIModule (91)
[2014.11.17-18.17.32:084][159]LogModuleManager: Shutting down and abandoning module ProfilerService (90)
[2014.11.17-18.17.32:088][159]LogModuleManager: Shutting down and abandoning module TaskGraph (89)
[2014.11.17-18.17.32:088][159]LogModuleManager: Shutting down and abandoning module SlateRemote (88)
[2014.11.17-18.17.32:088][159]LogModuleManager: Shutting down and abandoning module ScriptEditorPlugin (87)
[2014.11.17-18.17.32:088][159]LogModuleManager: Shutting down and abandoning module CustomMeshComponent (86)
[2014.11.17-18.17.32:088][159]LogModuleManager: Shutting down and abandoning module CableComponent (85)
[2014.11.17-18.17.32:088][159]LogModuleManager: Shutting down and abandoning module MessagingDebugger (84)
[2014.11.17-18.17.32:088][159]LogModuleManager: Shutting down and abandoning module ViewportSnapping (83)
[2014.11.17-18.17.32:088][159]LogModuleManager: Shutting down and abandoning module SmartSnapping (82)
[2014.11.17-18.17.32:088][159]LogModuleManager: Shutting down and abandoning module PaperTiledImporter (81)
[2014.11.17-18.17.32:088][159]LogModuleManager: Shutting down and abandoning module PaperJsonImporter (80)
[2014.11.17-18.17.32:088][159]LogModuleManager: Shutting down and abandoning module GameProjectGeneration (79)
[2014.11.17-18.17.32:088][159]LogModuleManager: Shutting down and abandoning module Matinee (78)
[2014.11.17-18.17.32:088][159]LogModuleManager: Shutting down and abandoning module Kismet (77)
[2014.11.17-18.17.32:088][159]LogModuleManager: Shutting down and abandoning module SlateReflector (76)
[2014.11.17-18.17.32:088][159]LogModuleManager: Shutting down and abandoning module LevelEditor (75)
[2014.11.17-18.17.32:089][159]LogModuleManager: Shutting down and abandoning module IntroTutorials (74)
[2014.11.17-18.17.32:089][159]LogModuleManager: Shutting down and abandoning module ContentBrowser (73)
[2014.11.17-18.17.32:089][159]LogModuleManager: Shutting down and abandoning module PropertyEditor (72)
[2014.11.17-18.17.32:089][159]LogModuleManager: Shutting down and abandoning module AssetTools (71)
[2014.11.17-18.17.32:089][159]LogModuleManager: Shutting down and abandoning module Paper2DEditor (70)
[2014.11.17-18.17.32:090][159]LogModuleManager: Shutting down and abandoning module SpeedTreeImporter (69)
[2014.11.17-18.17.32:090][159]LogModuleManager: Shutting down and abandoning module PluginsEditor (68)
[2014.11.17-18.17.32:090][159]LogModuleManager: Shutting down and abandoning module MainFrame (67)
[2014.11.17-18.17.32:090][159]LogModuleManager: Shutting down and abandoning module EpicSurvey (66)
[2014.11.17-18.17.32:090][159]LogModuleManager: Shutting down and abandoning module VisualStudioSourceCodeAccess (65)
[2014.11.17-18.17.32:090][159]LogModuleManager: Shutting down and abandoning module UObjectPlugin (64)
[2014.11.17-18.17.32:090][159]LogModuleManager: Shutting down and abandoning module SubversionSourceControl (63)
[2014.11.17-18.17.32:090][159]LogModuleManager: Shutting down and abandoning module SourceControl (62)
[2014.11.17-18.17.32:090][159]LogModuleManager: Shutting down and abandoning module PerforceSourceControl (61)
[2014.11.17-18.17.32:090][159]LogModuleManager: Shutting down and abandoning module BlankPlugin (60)
[2014.11.17-18.17.32:090][159]LogModuleManager: Shutting down and abandoning module ScriptPlugin (59)
[2014.11.17-18.17.32:090][159]LogModuleManager: Shutting down and abandoning module UdpMessaging (58)
[2014.11.17-18.17.32:191][159]LogModuleManager: Shutting down and abandoning module Paper2D (57)
[2014.11.17-18.17.32:191][159]LogModuleManager: Shutting down and abandoning module WindowsMoviePlayer (56)
[2014.11.17-18.17.32:198][159]LogModuleManager: Shutting down and abandoning module ImageWrapper (55)
[2014.11.17-18.17.32:198][159]LogModuleManager: Shutting down and abandoning module OnlineBlueprintSupport (54)
[2014.11.17-18.17.32:198][159]LogModuleManager: Shutting down and abandoning module FunctionalTesting (53)
[2014.11.17-18.17.32:198][159]LogModuleManager: Shutting down and abandoning module CollisionAnalyzer (52)
[2014.11.17-18.17.32:198][159]LogModuleManager: Shutting down and abandoning module WorkspaceMenuStructure (51)
[2014.11.17-18.17.32:198][159]LogModuleManager: Shutting down and abandoning module MessageLog (50)
[2014.11.17-18.17.32:198][159]LogModuleManager: Shutting down and abandoning module UMGEditor (49)
[2014.11.17-18.17.32:198][159]LogModuleManager: Shutting down and abandoning module UMG (48)
[2014.11.17-18.17.32:198][159]LogModuleManager: Shutting down and abandoning module Slate (47)
[2014.11.17-18.17.32:198][159]LogModuleManager: Shutting down and abandoning module EditorStyle (46)
[2014.11.17-18.17.32:200][159]LogModuleManager: Shutting down and abandoning module SessionServices (45)
[2014.11.17-18.17.32:200][159]LogModuleManager: Shutting down and abandoning module SourceCodeAccess (44)
[2014.11.17-18.17.32:200][159]LogModuleManager: Shutting down and abandoning module HeadMountedDisplay (43)
[2014.11.17-18.17.32:200][159]LogModuleManager: Shutting down and abandoning module XAudio2 (42)
[2014.11.17-18.17.32:200][159]LogModuleManager: Shutting down and abandoning module Networking (40)
[2014.11.17-18.17.32:200][159]LogModuleManager: Shutting down and abandoning module Core (39)
[2014.11.17-18.17.32:200][159]LogModuleManager: Shutting down and abandoning module KismetCompiler (38)
[2014.11.17-18.17.32:200][159]LogModuleManager: Shutting down and abandoning module PhysXFormats (37)
[2014.11.17-18.17.32:200][159]LogModuleManager: Shutting down and abandoning module MeshUtilities (36)
[2014.11.17-18.17.32:200][159]LogModuleManager: Shutting down and abandoning module DerivedDataCache (35)
[2014.11.17-18.17.32:507][159]LogDerivedDataCache: Shutdown
[2014.11.17-18.17.32:507][159]LogModuleManager: Shutting down and abandoning module ShaderFormatOpenGL (34)
[2014.11.17-18.17.32:507][159]LogModuleManager: Shutting down and abandoning module ShaderFormatD3D (33)
[2014.11.17-18.17.32:507][159]LogModuleManager: Shutting down and abandoning module MetalShaderFormat (32)
[2014.11.17-18.17.32:507][159]LogModuleManager: Shutting down and abandoning module TextureFormatUncompressed (31)
[2014.11.17-18.17.32:507][159]LogModuleManager: Shutting down and abandoning module TextureFormatPVR (30)
[2014.11.17-18.17.32:507][159]LogModuleManager: Shutting down and abandoning module TextureFormatDXT (29)
[2014.11.17-18.17.32:507][159]LogModuleManager: Shutting down and abandoning module AudioFormatOpus (28)
[2014.11.17-18.17.32:507][159]LogModuleManager: Shutting down and abandoning module AudioFormatOgg (27)
[2014.11.17-18.17.32:507][159]LogModuleManager: Shutting down and abandoning module AudioFormatADPCM (26)
[2014.11.17-18.17.32:507][159]LogModuleManager: Shutting down and abandoning module Messaging (25)
[2014.11.17-18.17.32:507][159]LogModuleManager: Shutting down and abandoning module IOSTargetPlatform (24)
[2014.11.17-18.17.32:507][159]LogModuleManager: Shutting down and abandoning module WindowsTargetPlatform (23)
[2014.11.17-18.17.32:507][159]LogModuleManager: Shutting down and abandoning module WindowsServerTargetPlatform (22)
[2014.11.17-18.17.32:507][159]LogModuleManager: Shutting down and abandoning module WindowsNoEditorTargetPlatform (21)
[2014.11.17-18.17.32:507][159]LogModuleManager: Shutting down and abandoning module WindowsClientTargetPlatform (20)
[2014.11.17-18.17.32:507][159]LogModuleManager: Shutting down and abandoning module TargetPlatform (19)
[2014.11.17-18.17.32:507][159]LogModuleManager: Shutting down and abandoning module InputCore (18)
[2014.11.17-18.17.32:507][159]LogModuleManager: Shutting down and abandoning module Settings (17)
[2014.11.17-18.17.32:507][159]LogModuleManager: Shutting down and abandoning module ExampleDeviceProfileSelector (14)
[2014.11.17-18.17.32:507][159]LogModuleManager: Shutting down and abandoning module OculusRift (13)
[2014.11.17-18.17.32:507][159]LogModuleManager: Shutting down and abandoning module TextureCompressor (12)
[2014.11.17-18.17.32:508][159]LogModuleManager: Shutting down and abandoning module ShaderCore (11)
[2014.11.17-18.17.32:508][159]LogModuleManager: Shutting down and abandoning module OpenGLDrv (10)
[2014.11.17-18.17.32:508][159]LogModuleManager: Shutting down and abandoning module D3D11RHI (9)
[2014.11.17-18.17.32:508][159]LogModuleManager: Shutting down and abandoning module SlateRHIRenderer (8)
[2014.11.17-18.17.32:508][159]LogModuleManager: Shutting down and abandoning module Renderer (7)
[2014.11.17-18.17.32:508][159]LogModuleManager: Shutting down and abandoning module Engine (6)
[2014.11.17-18.17.32:508][159]LogModuleManager: Shutting down and abandoning module CoreUObject (5)
[2014.11.17-18.17.32:508][159]LogModuleManager: Shutting down and abandoning module NetworkFile (4)
[2014.11.17-18.17.32:508][159]LogModuleManager: Shutting down and abandoning module StreamingFile (3)
[2014.11.17-18.17.32:508][159]LogModuleManager: Shutting down and abandoning module SandboxFile (2)
[2014.11.17-18.17.32:508][159]LogModuleManager: Shutting down and abandoning module PakFile (1)
[2014.11.17-18.17.32:508][159]LogExit: Exiting.
[2014.11.17-18.17.32:520][159]Log file closed, 11/17/14 19:17:32
