Log file open, 11/23/14 17:47:00
LogInit:Display: Running engine for game: MyProject4
LogInit: Version: 4.4.3-0+UE4
LogInit: API Version: 0
LogInit: Compiled (64-bit): Sep 17 2014 07:16:51
LogInit: Build Configuration: Development
LogInit: Branch Name: UE4
LogInit: Command line: 
LogInit: Base directory: D:/Developer/UnrealEngine-4.4.3-release/UnrealEngine-4.4.3-release/Engine/Binaries/Win64/
LogInit: Rocket: 0
[2014.11.23-16.47.00:438][  0]LogTaskGraph: Started task graph with 3 named threads and 4 total threads.
[2014.11.23-16.47.00:469][  0]LogOnline:Warning: No default platform service specified for OnlineSubsystem
[2014.11.23-16.47.00:518][  0]LogInit: Presizing for 0 objects not considered by GC, pre-allocating 0 bytes.
[2014.11.23-16.47.00:528][  0]LogInit: Object subsystem initialized
[2014.11.23-16.47.00:530][  0]LogInit: Selected Device Profile: [Windows]
[2014.11.23-16.47.00:530][  0]LogInit: Applying CVar settings loaded from the selected device profile: [Windows]
[2014.11.23-16.47.00:582][  0]LogInit: Computer: ADAM
[2014.11.23-16.47.00:582][  0]LogInit: User: Adam
[2014.11.23-16.47.00:584][  0]LogInit: CPU Page size=4096, Cores=2
[2014.11.23-16.47.00:584][  0]LogInit: High frequency timer resolution =3.161624 MHz
[2014.11.23-16.47.00:584][  0]LogMemory: Memory total: Physical=3.0GB (3GB approx) Virtual=131072.0GB
[2014.11.23-16.47.00:585][  0]LogMemory: Platform Memory Stats for Windows
[2014.11.23-16.47.00:585][  0]LogMemory: Process Physical Memory: 60.15 MB used, 60.15 MB peak
[2014.11.23-16.47.00:585][  0]LogMemory: Process Virtual Memory: 36.12 MB used, 36.12 MB peak
[2014.11.23-16.47.00:585][  0]LogMemory: Physical Memory: 2459.50 MB used, 3071.55 MB total
[2014.11.23-16.47.00:585][  0]LogMemory: Virtual Memory: 268.48 MB used, 134217728.00 MB total
[2014.11.23-16.47.00:636][  0]LogD3D11RHI: Found D3D11 adapter 0: NVIDIA GeForce GTX 780 (Feature Level 11_0)
[2014.11.23-16.47.00:636][  0]LogD3D11RHI: Adapter has 2988MB of dedicated video memory, 0MB of dedicated system memory, and 1535MB of shared system memory, 2 output[s]
[2014.11.23-16.47.00:638][  0]LogD3D11RHI: Found D3D11 adapter 1: Microsoft Basic Render Driver (Feature Level 11_0)
[2014.11.23-16.47.00:638][  0]LogD3D11RHI: Adapter has 0MB of dedicated video memory, 0MB of dedicated system memory, and 256MB of shared system memory, 0 output[s]
[2014.11.23-16.47.00:638][  0]LogD3D11RHI: Chosen D3D11 Adapter Id = 0
[2014.11.23-16.47.00:648][  0]LogRHI: Texture pool is 1361 MB (70% of 1945 MB)
[2014.11.23-16.47.00:664][  0]LogD3D11RHI: Async texture creation enabled
[2014.11.23-16.47.00:955][  0]LogContentStreaming: Texture pool size is 0.000000MB
[2014.11.23-16.47.03:206][  0]LogTargetPlatformManager:Display: Building Assets For Windows
[2014.11.23-16.47.03:900][  0]LogTargetPlatformManager:Display: Building Assets For Windows
[2014.11.23-16.47.03:969][  0]LogDerivedDataCache:Display: Max Cache Size: 512 MB
[2014.11.23-16.47.07:092][  0]LogDerivedDataCache: Loaded boot cache 3.12s 39MB I:/UNREAL_AKTUALNY_PROJEKT/Jablo/DerivedDataCache/Boot.ddc.
[2014.11.23-16.47.07:092][  0]LogDerivedDataCache:Display: Loaded Boot cache: I:/UNREAL_AKTUALNY_PROJEKT/Jablo/DerivedDataCache/Boot.ddc
[2014.11.23-16.47.07:093][  0]LogDerivedDataCache: FDerivedDataBackendGraph:  Pak pak cache file I:/UNREAL_AKTUALNY_PROJEKT/Jablo/DerivedDataCache/DDC.ddp not found, will not use a pak cache.
[2014.11.23-16.47.07:093][  0]LogDerivedDataCache: Unable to find inner node Pak for hierarchical cache Hierarchy.
[2014.11.23-16.47.07:093][  0]LogDerivedDataCache: FDerivedDataBackendGraph:  EnginePak pak cache file ../../../Engine/DerivedDataCache/DDC.ddp not found, will not use a pak cache.
[2014.11.23-16.47.07:093][  0]LogDerivedDataCache: Unable to find inner node EnginePak for hierarchical cache Hierarchy.
[2014.11.23-16.47.07:105][  0]LogDerivedDataCache: Using Local data cache path ../../../Engine/DerivedDataCache: Writable
[2014.11.23-16.47.07:105][  0]LogDerivedDataCache: Shared data cache path not found in *engine.ini, will not use an Shared cache.
[2014.11.23-16.47.07:105][  0]LogDerivedDataCache: Unable to find inner node Shared for hierarchical cache Hierarchy.
[2014.11.23-16.47.08:896][  0]LogMeshUtilities: No automatic mesh reduction module available
[2014.11.23-16.47.08:896][  0]LogMeshUtilities: No automatic mesh merging module available
[2014.11.23-16.47.12:024][  0]LogInit: WinSock: version 1.1 (2.2), MaxSocks=32767, MaxUdp=65467
[2014.11.23-16.47.22:739][  0]LogStats:Warning: MetaData mismatch. Did you assign a stat to two groups? New //STATGROUP_Threads//FMonitoredProcess///Thread_1504_0///////STATCAT_Advanced//// old //STATGROUP_Threads//FMonitoredProcess///Thread_f84_0///////STATCAT_Advanced////
[2014.11.23-16.47.22:739][  0]UdpMessaging: Initializing bridge on interface 0.0.0.0:0 to multicast group 230.0.0.1:6666.
[2014.11.23-16.47.23:820][  0]SourceControl: Info Source control is disabled
[2014.11.23-16.47.23:820][  0]SourceControl: Info Source control is disabled
[2014.11.23-16.47.23:827][  0]SourceControl: Info Source control is disabled
[2014.11.23-16.47.24:357][  0]BlueprintLog: New page: Editor Load
[2014.11.23-16.47.24:697][  0]LogObj: 21438 objects as part of root set at end of initial load.
[2014.11.23-16.47.24:697][  0]LogUObjectAllocator: 4218656 out of 0 bytes used by permanent object pool.
[2014.11.23-16.47.25:164][  0]LogEngine: Initializing Engine...
[2014.11.23-16.47.25:628][  0]LogInit: XAudio2 using 'GBo[niki (SB Audigy)' : 6 channels at 48 kHz using 24 bits per sample (channel mask 0x3f)
[2014.11.23-16.47.25:648][  0]LogInit: FAudioDevice initialized.
[2014.11.23-16.47.25:687][  0]LogAIModule: Creating AISystem for world NewWorld
[2014.11.23-16.47.44:612][  0]LogDerivedDataCache: Saved boot cache 18.92s 39MB I:/UNREAL_AKTUALNY_PROJEKT/Jablo/DerivedDataCache/Boot.ddc.
[2014.11.23-16.47.53:782][  0]LogInit: Texture streaming: Enabled
[2014.11.23-16.47.53:856][  0]LogInit: Transaction tracking system initialized
[2014.11.23-16.47.54:132][  0]LogAssetRegistry: FAssetRegistry took 0.0107 seconds to start up
[2014.11.23-16.47.55:300][  0]LogTargetPlatformManager:Display: Building Assets For Windows
[2014.11.23-16.47.58:504][  0]LogTargetPlatformManager:Display: Building Assets For Windows
[2014.11.23-16.47.58:544][  0]LogModuleManager:Warning: ModuleManager: Unable to load module 'AndroidRuntimeSettings' because the file 'D:/Developer/UnrealEngine-4.4.3-release/UnrealEngine-4.4.3-release/Engine/Binaries/Win64/' was not found.
[2014.11.23-16.47.58:551][  0]LogModuleManager:Warning: ModuleManager: Unable to load module 'AndroidPlatformEditor' because the file 'D:/Developer/UnrealEngine-4.4.3-release/UnrealEngine-4.4.3-release/Engine/Binaries/Win64/' was not found.
[2014.11.23-16.47.58:645][  0]LogConsoleResponse:Display: 
[2014.11.23-16.47.58:869][  0]LogStats:Warning: MetaData mismatch. Did you assign a stat to two groups? New //STATGROUP_Threads//FMonitoredProcess///Thread_1104_0///////STATCAT_Advanced//// old //STATGROUP_Threads//FMonitoredProcess///Thread_f84_0///////STATCAT_Advanced////
[2014.11.23-16.47.58:869][  0]LogStats:Warning: MetaData mismatch. Did you assign a stat to two groups? New //STATGROUP_Threads//FMonitoredProcess///Thread_1cf8_0///////STATCAT_Advanced//// old //STATGROUP_Threads//FMonitoredProcess///Thread_f84_0///////STATCAT_Advanced////
[2014.11.23-16.47.58:869][  0]SourceControl: Info Source control is disabled
[2014.11.23-16.47.58:869][  0]Cmd: MAP LOAD FILE="I:/UNREAL_AKTUALNY_PROJEKT/Jablo/Content/Maps/Minimal_Default.umap" TEMPLATE=0 SHOWPROGRESS=1
[2014.11.23-16.47.58:882][  0]LightingResults: New page: Lighting Build
[2014.11.23-16.47.58:891][  0]MapCheck: New page: Map Check
[2014.11.23-16.47.58:891][  0]LightingResults: New page: Lighting Build
[2014.11.23-16.48.00:673][  0]LogParticles: Destroying 0 GPU particle simulations for FXSystem 0x000000B18C695300
[2014.11.23-16.48.03:655][  0]LogEditorServer: Finished looking for orphan Actors (0.000 secs)
[2014.11.23-16.48.03:748][  0]LogAIModule: Creating AISystem for world Minimal_Default
[2014.11.23-16.48.03:775][  0]Cmd: MAP CHECKDEP
[2014.11.23-16.48.03:776][  0]MapCheck: New page: Minimal_Default - 23 Nov 2014 18:48:03
[2014.11.23-16.48.03:879][  0]MapCheck: Info ========== Map Check: 0 Error(s), 0 Warning(s), [103,563ms] ==========
[2014.11.23-16.48.03:879][  0]LogFileHelpers: Loading map 'Minimal_Default' took 5.011
[2014.11.23-16.48.06:114][  0]LogCollectionManager: Loaded 0 collections in 0.899353 seconds
[2014.11.23-16.48.10:138][  0]LogCrashTracker: Crashtracker disabled due to settings.
[2014.11.23-16.48.14:128][  0]LogInit: Using libcurl 7.34.0
[2014.11.23-16.48.14:128][  0]LogInit:  - built for x86_64-pc-win32
[2014.11.23-16.48.14:128][  0]LogInit:  - supports SSL with WinSSL
[2014.11.23-16.48.14:128][  0]LogInit:  - other features:
[2014.11.23-16.48.14:128][  0]LogInit:      CURL_VERSION_SSL
[2014.11.23-16.48.14:128][  0]LogInit:      CURL_VERSION_ASYNCHDNS
[2014.11.23-16.48.14:128][  0]LogInit:      CURL_VERSION_LARGEFILE
[2014.11.23-16.48.14:128][  0]LogInit:      CURL_VERSION_IDN
[2014.11.23-16.48.14:128][  0]LogInit: Libcurl will NOT reuse connections
[2014.11.23-16.48.14:171][  0]LogLoad: Full Startup: 99.34 seconds (BP compile: 0.31 seconds)
[2014.11.23-16.48.15:837][  0]LogRenderer:Warning: Reallocating scene render targets to support 32x32.
[2014.11.23-16.48.16:747][  0]LogRenderer:Warning: Reallocating scene render targets to support 664x584.
[2014.11.23-16.48.17:249][  1]LogContentBrowser:Verbose: The content browser source was changed by the sources view to '/Game/BroD'
[2014.11.23-16.48.17:867][  3]LogAssetRegistry: Asset discovery search completed in 23.7466 seconds
[2014.11.23-16.52.30:647][325]LogActorComponent: UnregisterComponent: (/Engine/Transient.CharacterMovementComponent_0) Not registered. Aborting.
[2014.11.23-16.54.05:317][569]LogSlate:Warning: GetFontFace failed to load or process 'Roboto-Regular'
[2014.11.23-16.54.05:317][569]LogSlate:Warning: GetFontFace failed to load or process 'Roboto-Regular'
[2014.11.23-16.54.05:551][569]LogSlate:Warning: GetFontFace failed to load or process 'Roboto-Regular'
[2014.11.23-16.54.05:551][569]LogSlate:Warning: GetFontFace failed to load or process 'Roboto-Regular'
[2014.11.23-16.54.05:551][569]LogSlate:Warning: GetFontFace failed to load or process 'Roboto-Regular'
[2014.11.23-16.54.05:551][569]LogSlate:Warning: GetFontFace failed to load or process 'Roboto-Regular'
[2014.11.23-16.54.05:551][569]LogSlate:Warning: GetFontFace failed to load or process 'Roboto-Regular'
[2014.11.23-16.54.05:551][569]LogSlate:Warning: GetFontFace failed to load or process 'Roboto-Regular'
[2014.11.23-16.54.05:551][569]LogSlate:Warning: GetFontFace failed to load or process 'Roboto-Regular'
[2014.11.23-16.54.05:551][569]LogSlate:Warning: GetFontFace failed to load or process 'Roboto-Regular'
[2014.11.23-16.54.05:551][569]LogSlate:Warning: GetFontFace failed to load or process 'Roboto-Regular'
[2014.11.23-16.54.05:551][569]LogSlate:Warning: GetFontFace failed to load or process 'Roboto-Regular'
[2014.11.23-16.54.05:552][569]LogSlate:Warning: GetFontFace failed to load or process 'Roboto-Regular'
[2014.11.23-16.54.05:552][569]LogSlate:Warning: GetFontFace failed to load or process 'Roboto-Regular'
[2014.11.23-16.54.05:552][569]LogSlate:Warning: GetFontFace failed to load or process 'Roboto-Regular'
[2014.11.23-16.54.05:552][569]LogSlate:Warning: GetFontFace failed to load or process 'Roboto-Regular'
[2014.11.23-16.54.05:552][569]LogSlate:Warning: GetFontFace failed to load or process 'Roboto-Regular'
[2014.11.23-16.54.05:552][569]LogSlate:Warning: GetFontFace failed to load or process 'Roboto-Regular'
[2014.11.23-16.54.57:895][883]LogSlate:Warning: GetFontFace failed to load or process 'Roboto-Regular'
[2014.11.23-16.54.57:896][883]LogSlate:Warning: GetFontFace failed to load or process 'Roboto-Regular'
[2014.11.23-16.54.57:896][883]LogSlate:Warning: GetFontFace failed to load or process 'Roboto-Regular'
[2014.11.23-16.54.57:896][883]LogSlate:Warning: GetFontFace failed to load or process 'Roboto-Regular'
[2014.11.23-16.55.36:83