Log file open, 11/19/14 12:17:39
LogInit:Display: Running engine for game: MyProject4
LogInit: Version: 4.4.3-0+UE4
LogInit: API Version: 0
LogInit: Compiled (64-bit): Sep 17 2014 07:16:51
LogInit: Build Configuration: Development
LogInit: Branch Name: UE4
LogInit: Command line: 
LogInit: Base directory: D:/Developer/UnrealEngine-4.4.3-release/UnrealEngine-4.4.3-release/Engine/Binaries/Win64/
LogInit: Rocket: 0
[2014.11.19-11.17.39:493][  0]LogTaskGraph: Started task graph with 3 named threads and 4 total threads.
[2014.11.19-11.17.39:523][  0]LogOnline:Warning: No default platform service specified for OnlineSubsystem
[2014.11.19-11.17.39:532][  0]LogInit: Presizing for 0 objects not considered by GC, pre-allocating 0 bytes.
[2014.11.19-11.17.39:542][  0]LogInit: Object subsystem initialized
[2014.11.19-11.17.39:545][  0]LogInit: Selected Device Profile: [Windows]
[2014.11.19-11.17.39:545][  0]LogInit: Applying CVar settings loaded from the selected device profile: [Windows]
[2014.11.19-11.17.39:597][  0]LogInit: Computer: ADAM
[2014.11.19-11.17.39:597][  0]LogInit: User: Adam
[2014.11.19-11.17.39:599][  0]LogInit: CPU Page size=4096, Cores=2
[2014.11.19-11.17.39:599][  0]LogInit: High frequency timer resolution =3.161619 MHz
[2014.11.19-11.17.39:599][  0]LogMemory: Memory total: Physical=3.0GB (3GB approx) Virtual=131072.0GB
[2014.11.19-11.17.39:599][  0]LogMemory: Platform Memory Stats for Windows
[2014.11.19-11.17.39:599][  0]LogMemory: Process Physical Memory: 59.80 MB used, 59.89 MB peak
[2014.11.19-11.17.39:599][  0]LogMemory: Process Virtual Memory: 35.91 MB used, 36.01 MB peak
[2014.11.19-11.17.39:599][  0]LogMemory: Physical Memory: 2403.26 MB used, 3071.55 MB total
[2014.11.19-11.17.39:599][  0]LogMemory: Virtual Memory: 266.03 MB used, 134217728.00 MB total
[2014.11.19-11.17.39:647][  0]LogD3D11RHI: Found D3D11 adapter 0: NVIDIA GeForce GTX 780 (Feature Level 11_0)
[2014.11.19-11.17.39:647][  0]LogD3D11RHI: Adapter has 2988MB of dedicated video memory, 0MB of dedicated system memory, and 1535MB of shared system memory, 2 output[s]
[2014.11.19-11.17.39:649][  0]LogD3D11RHI: Found D3D11 adapter 1: Microsoft Basic Render Driver (Feature Level 11_0)
[2014.11.19-11.17.39:649][  0]LogD3D11RHI: Adapter has 0MB of dedicated video memory, 0MB of dedicated system memory, and 256MB of shared system memory, 0 output[s]
[2014.11.19-11.17.39:649][  0]LogD3D11RHI: Chosen D3D11 Adapter Id = 0
[2014.11.19-11.17.39:666][  0]LogRHI: Texture pool is 1361 MB (70% of 1945 MB)
[2014.11.19-11.17.39:682][  0]LogD3D11RHI: Async texture creation enabled
[2014.11.19-11.17.39:890][  0]LogContentStreaming: Texture pool size is 0.000000MB
[2014.11.19-11.17.41:572][  0]LogTargetPlatformManager:Display: Building Assets For Windows
[2014.11.19-11.17.42:219][  0]LogTargetPlatformManager:Display: Building Assets For Windows
[2014.11.19-11.17.42:265][  0]LogDerivedDataCache:Display: Max Cache Size: 512 MB
[2014.11.19-11.17.44:421][  0]LogDerivedDataCache: Loaded boot cache 2.14s 39MB ../../../../../Jablo/UNREAL_AKTUALNY_PROJEKT/MyProject4/DerivedDataCache/Boot.ddc.
[2014.11.19-11.17.44:421][  0]LogDerivedDataCache:Display: Loaded Boot cache: ../../../../../Jablo/UNREAL_AKTUALNY_PROJEKT/MyProject4/DerivedDataCache/Boot.ddc
[2014.11.19-11.17.44:421][  0]LogDerivedDataCache: FDerivedDataBackendGraph:  Pak pak cache file ../../../../../Jablo/UNREAL_AKTUALNY_PROJEKT/MyProject4/DerivedDataCache/DDC.ddp not found, will not use a pak cache.
[2014.11.19-11.17.44:421][  0]LogDerivedDataCache: Unable to find inner node Pak for hierarchical cache Hierarchy.
[2014.11.19-11.17.44:421][  0]LogDerivedDataCache: FDerivedDataBackendGraph:  EnginePak pak cache file ../../../Engine/DerivedDataCache/DDC.ddp not found, will not use a pak cache.
[2014.11.19-11.17.44:421][  0]LogDerivedDataCache: Unable to find inner node EnginePak for hierarchical cache Hierarchy.
[2014.11.19-11.17.44:433][  0]LogDerivedDataCache: Using Local data cache path ../../../Engine/DerivedDataCache: Writable
[2014.11.19-11.17.44:433][  0]LogDerivedDataCache: Shared data cache path not found in *engine.ini, will not use an Shared cache.
[2014.11.19-11.17.44:433][  0]LogDerivedDataCache: Unable to find inner node Shared for hierarchical cache Hierarchy.
[2014.11.19-11.17.44:739][  0]LogMeshUtilities: No automatic mesh reduction module available
[2014.11.19-11.17.44:739][  0]LogMeshUtilities: No automatic mesh merging module available
[2014.11.19-11.17.45:646][  0]LogInit: WinSock: version 1.1 (2.2), MaxSocks=32767, MaxUdp=65467
[2014.11.19-11.17.46:715][  0]LogStats:Warning: MetaData mismatch. Did you assign a stat to two groups? New //STATGROUP_Threads//FMonitoredProcess///Thread_1b9c_0///////STATCAT_Advanced//// old //STATGROUP_Threads//FMonitoredProcess///Thread_10d8_0///////STATCAT_Advanced////
[2014.11.19-11.17.46:715][  0]UdpMessaging: Initializing bridge on interface 0.0.0.0:0 to multicast group 230.0.0.1:6666.
[2014.11.19-11.17.46:831][  0]SourceControl: Info Source control is disabled
[2014.11.19-11.17.46:831][  0]SourceControl: Info Source control is disabled
[2014.11.19-11.17.46:838][  0]SourceControl: Info Source control is disabled
[2014.11.19-11.17.47:059][  0]BlueprintLog: New page: Editor Load
[2014.11.19-11.17.47:171][  0]LogObj: 21438 objects as part of root set at end of initial load.
[2014.11.19-11.17.47:171][  0]LogUObjectAllocator: 4218656 out of 0 bytes used by permanent object pool.
[2014.11.19-11.17.47:529][  0]LogEngine: Initializing Engine...
[2014.11.19-11.17.47:812][  0]LogInit: XAudio2 using 'GBo[niki (USB Multi-Channel Audio Device)' : 6 channels at 48 kHz using 32 bits per sample (channel mask 0x60f)
[2014.11.19-11.17.47:825][  0]LogInit: FAudioDevice initialized.
[2014.11.19-11.17.47:845][  0]LogAIModule: Creating AISystem for world NewWorld
[2014.11.19-11.17.47:923][  0]LogDerivedDataCache: Saved boot cache 0.08s 39MB ../../../../../Jablo/UNREAL_AKTUALNY_PROJEKT/MyProject4/DerivedDataCache/Boot.ddc.
[2014.11.19-11.17.47:962][  0]LogInit: Texture streaming: Enabled
[2014.11.19-11.17.47:998][  0]LogInit: Transaction tracking system initialized
[2014.11.19-11.17.48:130][  0]LogAssetRegistry: FAssetRegistry took 0.0113 seconds to start up
[2014.11.19-11.17.48:859][  0]LogTargetPlatformManager:Display: Building Assets For Windows
[2014.11.19-11.17.49:388][  0]LogTargetPlatformManager:Display: Building Assets For Windows
[2014.11.19-11.17.49:428][  0]LogModuleManager:Warning: ModuleManager: Unable to load module 'AndroidRuntimeSettings' because the file 'D:/Developer/UnrealEngine-4.4.3-release/UnrealEngine-4.4.3-release/Engine/Binaries/Win64/' was not found.
[2014.11.19-11.17.49:435][  0]LogModuleManager:Warning: ModuleManager: Unable to load module 'AndroidPlatformEditor' because the file 'D:/Developer/UnrealEngine-4.4.3-release/UnrealEngine-4.4.3-release/Engine/Binaries/Win64/' was not found.
[2014.11.19-11.17.49:562][  0]LogConsoleResponse:Display: 
[2014.11.19-11.17.49:883][  0]LogStats:Warning: MetaData mismatch. Did you assign a stat to two groups? New //STATGROUP_Threads//FMonitoredProcess///Thread_42c_0///////STATCAT_Advanced//// old //STATGROUP_Threads//FMonitoredProcess///Thread_10d8_0///////STATCAT_Advanced////
[2014.11.19-11.17.49:883][  0]LogStats:Warning: MetaData mismatch. Did you assign a stat to two groups? New //STATGROUP_Threads//FMonitoredProcess///Thread_22dc_0///////STATCAT_Advanced//// old //STATGROUP_Threads//FMonitoredProcess///Thread_10d8_0///////STATCAT_Advanced////
[2014.11.19-11.17.49:883][  0]SourceControl: Info Source control is disabled
[2014.11.19-11.17.49:883][  0]Cmd: MAP LOAD FILE="../../../../../Jablo/UNREAL_AKTUALNY_PROJEKT/MyProject4/Content/Maps/Minimal_Default.umap" TEMPLATE=0 SHOWPROGRESS=1
[2014.11.19-11.17.49:901][  0]LightingResults: New page: Lighting Build
[2014.11.19-11.17.49:911][  0]MapCheck: New page: Map Check
[2014.11.19-11.17.49:911][  0]LightingResults: New page: Lighting Build
[2014.11.19-11.17.49:947][  0]LogParticles: Destroying 0 GPU particle simulations for FXSystem 0x0000002B929E47C0
[2014.11.19-11.17.51:866][  0]LogTexture:Display: Building textures: HQ_Lightmap0_1 (AutoDXT)
[2014.11.19-11.17.51:910][  0]LogTexture:Display: Building textures: HQ_Lightmap0_2 (AutoDXT)
[2014.11.19-11.17.51:920][  0]LogTexture:Display: Building textures: LQ_Lightmap_0_1 (DXT1)
[2014.11.19-11.17.51:937][  0]LogTexture:Display: Building textures: LQ_Lightmap_0_2 (DXT1)
[2014.11.19-11.17.52:658][  0]LogEditorServer: Finished looking for orphan Actors (0.000 secs)
[2014.11.19-11.17.52:658][  0]LogAIModule: Creating AISystem for world Minimal_Default
[2014.11.19-11.17.52:688][  0]Cmd: MAP CHECKDEP
[2014.11.19-11.17.52:688][  0]MapCheck: New page: Minimal_Default - 19 Nov 2014 13:17:52
[2014.11.19-11.17.52:779][  0]MapCheck: Info ========== Map Check: 0 Error(s), 0 Warning(s), [90,626ms] ==========
[2014.11.19-11.17.52:779][  0]LogFileHelpers: Loading map 'Minimal_Default' took 2.895
[2014.11.19-11.17.53:658][  0]LogCollectionManager: Loaded 0 collections in 0.001219 seconds
[2014.11.19-11.17.55:195][  0]LogCrashTracker: Crashtracker disabled due to settings.
[2014.11.19-11.17.55:485][  0]LogInit: Using libcurl 7.34.0
[2014.11.19-11.17.55:485][  0]LogInit:  - built for x86_64-pc-win32
[2014.11.19-11.17.55:485][  0]LogInit:  - supports SSL with WinSSL
[2014.11.19-11.17.55:485][  0]LogInit:  - other features:
[2014.11.19-11.17.55:485][  0]LogInit:      CURL_VERSION_SSL
[2014.11.19-11.17.55:485][  0]LogInit:      CURL_VERSION_ASYNCHDNS
[2014.11.19-11.17.55:485][  0]LogInit:      CURL_VERSION_LARGEFILE
[2014.11.19-11.17.55:485][  0]LogInit:      CURL_VERSION_IDN
[2014.11.19-11.17.55:485][  0]LogInit: Libcurl will NOT reuse connections
[2014.11.19-11.17.55:536][  0]LogLoad: Full Startup: 18.83 seconds (BP compile: 0.17 seconds)
[2014.11.19-11.17.55:561][  0]LogContentBrowser:Verbose: The content browser source was changed by the sources view to '/Game/Props'
[2014.11.19-11.17.58:162][  0]LogRenderer:Warning: Reallocating scene render targets to support 664x584.
[2014.11.19-11.17.59:097][  3]LogAssetRegistry: Asset discovery search completed in 10.9780 seconds
[2014.11.19-11.18.17:067][369]Cmd: OBJ SAVEPACKAGE PACKAGE="/Game/Blueprints/Mechanika/BP_Postac" FILE="../../../../../Jablo/UNREAL_AKTUALNY_PROJEKT/MyProject4/Content/Blueprints/Mechanika/BP_Postac.uasset" SILENT=true
[2014.11.19-11.18.17:873][369]LogSavePackage: Save=632.916565ms
[2014.11.19-11.18.17:873][369]LogSavePackage: Moving '../../../../../Jablo/UNREAL_AKTUALNY_PROJEKT/MyProject4/Saved/BP_PostacA1002F4143EE4A8FE984799222AB4937.tmp' to '../../../../../Jablo/UNREAL_AKTUALNY_PROJEKT/MyProject4/Content/Blueprints/Mechanika/BP_Postac.uasset'
[2014.11.19-11.19.50:128][547]Cmd: OBJ SAVEPACKAGE PACKAGE="/Game/Blueprints/Mechanika/BP_Postac" FILE="../../../../../Jablo/UNREAL_AKTUALNY_PROJEKT/MyProject4/Content/Blueprints/Mechanika/BP_Postac.uasset" SILENT=true
[2014.11.19-11.19.50:754][547]LogSavePackage: Save=590.501282ms
[2014.11.19-11.19.50:754][547]LogSavePackage: Moving '../../../../../Jablo/UNREAL_AKTUALNY_PROJEKT/MyProject4/Saved/BP_PostacC80B7E9740FD5DBCD540D1B94CF3A7F1.tmp' to '../../../../../Jablo/UNREAL_AKTUALNY_PROJEKT/MyProject4/Content/Blueprints/Mechanika/BP_Postac.uasset'
[2014.11.19-11.19.51:325][561]BlueprintLog: New page: Compile BP_Postac
[2014.11.19-11.19.51:834][561]LogActorComponent: UnregisterComponent: (/Engine/Transient.CharacterMovementComponent_0) Not registered. Aborting.
[2014.11.19-11.19.52:036][561]BlueprintEditorCompileResults: Info [0134,87] Compile of BP_Postac successful! [in 83 ms]
[2014.11.19-11.19.54:431][580]Cmd: OBJ SAVEPACKAGE PACKAGE="/Game/Blueprints/Mechanika/BP_Postac" FILE="../../../../../Jablo/UNREAL_AKTUALNY_PROJEKT/MyProject4/Content/Blueprints/Mechanika/BP_Postac.uasset" SILENT=true
[2014.11.19-11.19.55:009][580]LogSavePackage: Save=553.707458ms
[2014.11.19-11.19.55:010][580]LogSavePackage: Moving '../../../../../Jablo/UNREAL_AKTUALNY_PROJEKT/MyProject4/Saved/BP_Postac19F9E0E1419391A088BCB898443CAA0F.tmp' to '../../../../../Jablo/UNREAL_AKTUALNY_PROJEKT/MyProject4/Content/Blueprints/Mechanika/BP_Postac.uasset'
[2014.11.19-11.21.17:317][182]LogSlate:Warning: GetFontFace failed to load or process 'Roboto-Regular'
[2014.11.19-11.21.17:329][182]LogSlate:Warning: GetFontFace failed to load or process 'Roboto-Regular'
[2014.11.19-11.21.17:492][182]LogSlate:Warning: GetFontFace failed to load or process 'Roboto-Regular'
[2014.11.19-11.21.17:492][182]LogSlate:Warning: GetFontFace failed to load or process 'Roboto-Regular'
[2014.11.19-11.21.17:492][182]LogSlate:Warning: GetFontFace failed to load or process 'Roboto-Regular'
[2014.11.19-11.21.17:492][182]LogSlate:Warning: GetFontFace failed to load or process 'Roboto-Regular'
[2014.11.19-11.21.17:492][182]LogSlate:Warning: GetFontFace failed to load or process 'Roboto-Regular'
[2014.11.19-11.21.17:492][182]LogSlate:Warning: GetFontFace failed to load or process 'Roboto-Regular'
[2014.11.19-11.21.17:492][182]LogSlate:Warning: GetFontFace failed to load or process 'Roboto-Regular'
[2014.11.19-11.21.17:492][182]LogSlate:Warning: GetFontFace failed to load or process 'Roboto-Regular'
[2014.11.19-11.21.17:493][182]LogSlate:Warning: GetFontFace failed to load or process 'Roboto-Regular'
[2014.11.19-11.21.17:493][182]LogSlate:Warning: GetFontFace failed to load or process 'Roboto-Regular'
[2014.11.19-11.21.17:493][182]LogSlate:Warning: GetFontFace failed to load or process 'Roboto-Regular'
[2014.11.19-11.21.17:493][182]LogSlate:Warning: GetFontFace failed to load or process 'Roboto-Regular'
[2014.11.19-11.21.17:493][182]LogSlate:Warning: GetFontFace failed to load or process 'Roboto-Regular'
[2014.11.19-11.21.17:493][182]LogSlate:Warning: GetFontFace failed to load or process 'Roboto-Regular'
[2014.11.19-11.21.17:493][182]LogSlate:Warning: GetFontFace failed to load or process 'Roboto-Regular'
[2014.11.19-11.21.17:493][182]LogSlate:Warning: GetFontFace failed to load or process 'Roboto-Regular'
[2014.11.19-11.21.33:608][556]LogSlate:Warning: GetFontFace failed to load or process 'Roboto-Regular'
[2014.11.19-11.21.33:608][556]LogSlate:Warning: GetFontFace failed to load or process 'Roboto-Regular'
[2014.11.19-11.21.33:608][556]LogSlate:Warning: GetFontFace failed to load or process 'Roboto-Regular'
[2014.11.19-11.21.33:608][556]LogSlate:Warning: GetFontFace failed to load or process 'Roboto-Regular'
[2014.11.19-11.21.52:334][  2]LogActorComponent: UnregisterComponent: (/Engine/Transient.CharacterMovementComponent_1) Not registered. Aborting.
[2014.11.19-11.22.13:859][487]BlueprintLog: New page: Compile BP_Postac
[2014.11.19-11.22.14:268][487]BlueprintEditorCompileResults: Info [0277,36] Compile of BP_Postac successful! [in 75 ms]
[2014.11.19-11.22.16:356][505]Cmd: OBJ SAVEPACKAGE PACKAGE="/Game/Blueprints/Mechanika/BP_Postac" FILE="../../../../../Jablo/UNREAL_AKTUALNY_PROJEKT/MyProject4/Content/Blueprints/Mechanika/BP_Postac.uasset" SILENT=true
[2014.11.19-11.22.16:945][505]LogSavePackage: Save=562.708191ms
[2014.11.19-11.22.16:945][505]LogSavePackage: Moving '../../../../../Jablo/UNREAL_AKTUALNY_PROJEKT/MyProject4/Saved/BP_PostacCA3687A5404A7652C93BD0B157CC36CF.tmp' to '../../../../../Jablo/UNREAL_AKTUALNY_PROJEKT/MyProject4/Content/Blueprints/Mechanika/BP_Postac.uasset'
[2014.11.19-11.22.20:719][660]LogPlayLevel: PIE:  No blueprints needed recompiling
[2014.11.19-11.22.20:727][660]PIE: New page: PIE session: Minimal_Default (19 Nov 2014 13:22:20)
[2014.11.19-11.22.20:761][660]LogPlayLevel: PIE: StaticDuplicateObject took: (0.033022s)
[2014.11.19-11.22.20:763][660]LogPlayLevel: PIE: World Init took: (0.001851s)
[2014.11.19-11.22.20:763][660]LogPlayLevel: PIE: Created PIE world by copying editor world from /Game/Maps/Minimal_Default.Minimal_Default to /Game/Maps/UEDPIE_0_Minimal_Default.Minimal_Default (0.035278s)
[2014.11.19-11.22.21:132][660]LogWorld: Game class is 'BP_TrybGry_C'
[2014.11.19-11.22.21:341][660]LogAIModule: Creating AISystem for world Minimal_Default
[2014.11.19-11.22.21:361][660]LogWorld: Bringing World /Game/Maps/UEDPIE_0_Minimal_Default.Minimal_Default up for play (max tick rate 0) at 2014.11.19-12.22.21
[2014.11.19-11.22.21:478][660]LogWorld: Bringing up level for play took: 0.131095
[2014.11.19-11.22.21:775][660]PIE: Info Play in editor start time for /Game/Maps/UEDPIE_0_Minimal_Default 1,925
[2014.11.19-11.22.22:377][661]LogRenderer:Warning: Reallocating scene render targets to support 664x592.
[2014.11.19-11.22.32:779][124]LogActorComponent: UnregisterComponent: (/Engine/Transient.CharacterMovementComponent_2) Not registered. Aborting.
[2014.11.19-11.22.32:822][124]LogParticles: Destroying 0 GPU particle simulations for FXSystem 0x0000002B85778A40
[2014.11.19-11.23.05:248][872]BlueprintLog: New page: Compile BP_Postac
[2014.11.19-11.23.05:721][872]BlueprintEditorCompileResults: Info [0328,79] Compile of BP_Postac successful! [in 81 ms]
[2014.11.19-11.23.07:811][888]Cmd: OBJ SAVEPACKAGE PACKAGE="/Game/Blueprints/Mechanika/BP_Postac" FILE="../../../../../Jablo/UNREAL_AKTUALNY_PROJEKT/MyProject4/Content/Blueprints/Mechanika/BP_Postac.uasset" SILENT=true
[2014.11.19-11.23.08:414][888]LogSavePackage: Save=572.907410ms
[2014.11.19-11.23.08:414][888]LogSavePackage: Moving '../../../../../Jablo/UNREAL_AKTUALNY_PROJEKT/MyProject4/Saved/BP_PostacE995E5504F51CC9EF8786B9EF242CDF8.tmp' to '../../../../../Jablo/UNREAL_AKTUALNY_PROJEKT/MyProject4/Content/Blueprints/Mechanika/BP_Postac.uasset'
[2014.11.19-11.23.57:420][100]LogActorComponent: UnregisterComponent: (/Engine/Transient.CharacterMovementComponent_3) Not registered. Aborting.
[2014.11.19-11.25.25:443][688]BlueprintLog: New page: Compile BP_Postac
[2014.11.19-11.25.25:923][688]BlueprintEditorCompileResults: Info [0468,96] Compile of BP_Postac successful! [in 71 ms]
[2014.11.19-11.25.28:043][712]Cmd: OBJ SAVEPACKAGE PACKAGE="/Game/Blueprints/Mechanika/BP_Postac" FILE="../../../../../Jablo/UNREAL_AKTUALNY_PROJEKT/MyProject4/Content/Blueprints/Mechanika/BP_Postac.uasset" SILENT=true
[2014.11.19-11.25.28:622][712]LogSavePackage: Save=550.861450ms
[2014.11.19-11.25.28:623][712]LogSavePackage: Moving '../../../../../Jablo/UNREAL_AKTUALNY_PROJEKT/MyProject4/Saved/BP_PostacCEEC0EC84237608589A021A6711E68ED.tmp' to '../../../../../Jablo/UNREAL_AKTUALNY_PROJEKT/MyProject4/Content/Blueprints/Mechanika/BP_Postac.uasset'
[2014.11.19-11.26.12:235][209]LogActorComponent: UnregisterComponent: (/Engine/Transient.CharacterMovementComponent_4) Not registered. Aborting.
[2014.11.19-11.26.55:290][807]LogContentBrowser:Verbose: The content browser source was changed by the sources view to '/Game/Blueprints/wrogowie'
[2014.11.19-11.28.17:700][403]LogFileHelpers: Editor autosave (incl. sublevels) for '/Game/Maps/Minimal_Default' took 0.070
[2014.11.19-11.28.17:750][403]OBJ SavePackage: Generating thumbnails for [1] asset(s) in package [/Game/Blueprints/Mechanika/BP_Postac] ([1] browsable assets)...
[2014.11.19-11.28.17:793][403]OBJ SavePackage:     Rendered thumbnail for [Blueprint /Game/Blueprints/Mechanika/BP_Postac.BP_Postac]
[2014.11.19-11.28.17:793][403]OBJ SavePackage: Finished generating thumbnails for package [/Game/Blueprints/Mechanika/BP_Postac]
[2014.11.19-11.28.18:413][403]LogSavePackage: Save=568.574829ms
[2014.11.19-11.28.18:413][403]LogSavePackage: Moving '../../../../../Jablo/UNREAL_AKTUALNY_PROJEKT/MyProject4/Saved/BP_Postac_Auto1F171580B423F13AC432509857A5F7E42.tmp' to '../../../../../Jablo/UNREAL_AKTUALNY_PROJEKT/MyProject4/Saved/Autosaves/Game/Blueprints/Mechanika/BP_Postac_Auto1.uasset'
[2014.11.19-11.28.18:469][403]OBJ SavePackage: Generating thumbnails for [0] asset(s) in package [/Game/Blueprints/Mechanika/BP_HUD] ([1] browsable assets)...
[2014.11.19-11.28.18:489][403]OBJ SavePackage: Finished generating thumbnails for package [/Game/Blueprints/Mechanika/BP_HUD]
[2014.11.19-11.28.18:574][403]LogSavePackage: Save=45.484608ms
[2014.11.19-11.28.18:574][403]LogSavePackage: Moving '../../../../../Jablo/UNREAL_AKTUALNY_PROJEKT/MyProject4/Saved/BP_HUD_Auto169C1EB254A5A40C2E9E767B3DA2FFE69.tmp' to '../../../../../Jablo/UNREAL_AKTUALNY_PROJEKT/MyProject4/Saved/Autosaves/Game/Blueprints/Mechanika/BP_HUD_Auto1.uasset'
[2014.11.19-11.28.18:596][403]LogFileHelpers: Auto-saving content packages took 0.896
[2014.11.19-11.29.29:524][680]LogSlate:Warning: GetFontFace failed to load or process 'Roboto-Regular'
[2014.11.19-11.29.29:525][680]LogSlate:Warning: GetFontFace failed to load or process 'Roboto-Regular'
[2014.11.19-11.29.29:525][680]LogSlate:Warning: GetFontFace failed to load or process 'Roboto-Regular'
[2014.11.19-11.29.29:525][680]LogSlate:Warning: GetFontFace failed to load or process 'Roboto-Regular'
[2014.11.19-11.29.29:525][680]LogSlate:Warning: GetFontFace failed to load or process 'Roboto-Regular'
[2014.11.19-11.29.29:525][680]LogSlate:Warning: GetFontFace failed to load or process 'Roboto-Regular'
[2014.11.19-11.29.54:178][367]LogSlate:Warning: GetFontFace failed to load or process 'Roboto-Regular'
[2014.11.19-11.33.58:132][369]LogSlate:Warning: GetFontFace failed to load or process 'Roboto-Regular'
[2014.11.19-11.33.58:132][369]LogSlate:Warning: GetFontFace failed to load or process 'Roboto-Regular'
[2014.11.19-11.34.32:696][224]BlueprintLog: New page: Compile BP_Postac
[2014.11.19-11.34.33:007][224]LogActorComponent: UnregisterComponent: (/Engine/Transient.CharacterMovementComponent_5) Not registered. Aborting.
[2014.11.19-11.34.33:181][224]BlueprintEditorCompileResults: Info [1016,23] Compile of BP_Postac successful! [in 78 ms]
[2014.11.19-11.34.35:219][242]Cmd: OBJ SAVEPACKAGE PACKAGE="/Game/Blueprints/Mechanika/BP_Postac" FILE="../../../../../Jablo/UNREAL_AKTUALNY_PROJEKT/MyProject4/Content/Blueprints/Mechanika/BP_Postac.uasset" SILENT=true
[2014.11.19-11.34.35:774][242]LogSavePackage: Save=526.596985ms
[2014.11.19-11.34.35:774][242]LogSavePackage: Moving '../../../../../Jablo/UNREAL_AKTUALNY_PROJEKT/MyProject4/Saved/BP_Postac299906344FFF2D83CC8AD2A0F3C549D9.tmp' to '../../../../../Jablo/UNREAL_AKTUALNY_PROJEKT/MyProject4/Content/Blueprints/Mechanika/BP_Postac.uasset'
[2014.11.19-11.34.57:819][870]LogActorComponent: UnregisterComponent: (/Engine/Transient.CharacterMovementComponent_6) Not registered. Aborting.
[2014.11.19-11.35.00:482][935]BlueprintLog: New page: Compile BP_Postac
[2014.11.19-11.35.01:019][935]BlueprintEditorCompileResults: Info [1044,00] Compile of BP_Postac successful! [in 73 ms]
[2014.11.19-11.35.03:100][949]Cmd: OBJ SAVEPACKAGE PACKAGE="/Game/Blueprints/Mechanika/BP_Postac" FILE="../../../../../Jablo/UNREAL_AKTUALNY_PROJEKT/MyProject4/Content/Blueprints/Mechanika/BP_Postac.uasset" SILENT=true
[2014.11.19-11.35.03:678][949]LogSavePackage: Save=553.904175ms
[2014.11.19-11.35.03:678][949]LogSavePackage: Moving '../../../../../Jablo/UNREAL_AKTUALNY_PROJEKT/MyProject4/Saved/BP_PostacF9171A464A61E7EF67998695DAD3E541.tmp' to '../../../../../Jablo/UNREAL_AKTUALNY_PROJEKT/MyProject4/Content/Blueprints/Mechanika/BP_Postac.uasset'
[2014.11.19-11.36.11:856][581]BlueprintLog: New page: Compile BP_Postac
[2014.11.19-11.36.12:176][581]LogActorComponent: UnregisterComponent: (/Engine/Transient.CharacterMovementComponent_7) Not registered. Aborting.
[2014.11.19-11.36.12:414][581]BlueprintEditorCompileResults: Info [1115,39] Compile of BP_Postac successful! [in 83 ms]
[2014.11.19-11.36.14:649][595]Cmd: OBJ SAVEPACKAGE PACKAGE="/Game/Blueprints/Mechanika/BP_Postac" FILE="../../../../../Jablo/UNREAL_AKTUALNY_PROJEKT/MyProject4/Content/Blueprints/Mechanika/BP_Postac.uasset" SILENT=true
[2014.11.19-11.36.15:244][595]LogSavePackage: Save=539.399902ms
[2014.11.19-11.36.15:244][595]LogSavePackage: Moving '../../../../../Jablo/UNREAL_AKTUALNY_PROJEKT/MyProject4/Saved/BP_Postac0D50023E4CE994D98174F08DCF080FC7.tmp' to '../../../../../Jablo/UNREAL_AKTUALNY_PROJEKT/MyProject4/Content/Blueprints/Mechanika/BP_Postac.uasset'
[2014.11.19-11.36.27:141][ 58]BlueprintLog: New page: Pre-PIE auto-recompile
[2014.11.19-11.36.27:141][ 58]LogPlayLevel: [PIE] Compiling BP_HUD before PIE...
[2014.11.19-11.36.27:258][ 58]LogActorComponent: UnregisterComponent: (/Engine/Transient.CharacterMovementComponent_8) Not registered. Aborting.
[2014.11.19-11.36.27:321][ 58]LogPlayLevel: PIE:  Blueprint regeneration took 193 ms (1 blueprints)
[2014.11.19-11.36.27:321][ 58]PIE: New page: PIE session: Minimal_Default (19 Nov 2014 13:36:27)
[2014.11.19-11.36.27:332][ 58]LogPlayLevel: PIE: StaticDuplicateObject took: (0.010057s)
[2014.11.19-11.36.27:336][ 58]LogPlayLevel: PIE: World Init took: (0.003809s)
[2014.11.19-11.36.27:336][ 58]LogPlayLevel: PIE: Created PIE world by copying editor world from /Game/Maps/Minimal_Default.Minimal_Default to /Game/Maps/UEDPIE_0_Minimal_Default.Minimal_Default (0.014280s)
[2014.11.19-11.36.27:402][ 58]LogWorld: Game class is 'BP_TrybGry_C'
[2014.11.19-11.36.27:404][ 58]LogAIModule: Creating AISystem for world Minimal_Default
[2014.11.19-11.36.27:423][ 58]LogWorld: Bringing World /Game/Maps/UEDPIE_0_Minimal_Default.Minimal_Default up for play (max tick rate 0) at 2014.11.19-12.36.27
[2014.11.19-11.36.27:424][ 58]LogWorld: Bringing up level for play took: 0.019953
[2014.11.19-11.36.27:437][ 58]PIE: Info Play in editor start time for /Game/Maps/UEDPIE_0_Minimal_Default -0,413
[2014.11.19-11.36.39:682][672]LogParticles: Destroying 0 GPU particle simulations for FXSystem 0x0000002B9FE70860
[2014.11.19-11.37.20:137][714]BlueprintLog: New page: Compile BP_Postac
[2014.11.19-11.37.20:629][714]BlueprintEditorCompileResults: Info [1183,65] Compile of BP_Postac successful! [in 76 ms]
[2014.11.19-11.37.24:380][769]Cmd: OBJ SAVEPACKAGE PACKAGE="/Game/Blueprints/Mechanika/BP_Postac" FILE="../../../../../Jablo/UNREAL_AKTUALNY_PROJEKT/MyProject4/Content/Blueprints/Mechanika/BP_Postac.uasset" SILENT=true
[2014.11.19-11.37.24:959][769]LogSavePackage: Save=548.033447ms
[2014.11.19-11.37.24:959][769]LogSavePackage: Moving '../../../../../Jablo/UNREAL_AKTUALNY_PROJEKT/MyProject4/Saved/BP_PostacB6E7BBED4D453C77F66A71B96A6EE954.tmp' to '../../../../../Jablo/UNREAL_AKTUALNY_PROJEKT/MyProject4/Content/Blueprints/Mechanika/BP_Postac.uasset'
[2014.11.19-11.37.42:399][260]BlueprintLog: New page: Compile BP_Postac
[2014.11.19-11.37.42:685][260]LogActorComponent: UnregisterComponent: (/Engine/Transient.CharacterMovementComponent_9) Not registered. Aborting.
[2014.11.19-11.37.42:878][260]BlueprintEditorCompileResults: Info [1205,91] Compile of BP_Postac successful! [in 75 ms]
[2014.11.19-11.37.50:677][427]BlueprintLog: New page: Compile BP_Postac
[2014.11.19-11.37.51:150][427]BlueprintEditorCompileResults: Info [1214,19] Compile of BP_Postac successful! [in 77 ms]
[2014.11.19-11.37.53:378][442]Cmd: OBJ SAVEPACKAGE PACKAGE="/Game/Blueprints/Mechanika/BP_Postac" FILE="../../../../../Jablo/UNREAL_AKTUALNY_PROJEKT/MyProject4/Content/Blueprints/Mechanika/BP_Postac.uasset" SILENT=true
[2014.11.19-11.37.53:934][442]LogSavePackage: Save=532.993042ms
[2014.11.19-11.37.53:934][442]LogSavePackage: Moving '../../../../../Jablo/UNREAL_AKTUALNY_PROJEKT/MyProject4/Saved/BP_Postac70DE95714A9D7CC6179A708AFEAA6D54.tmp' to '../../../../../Jablo/UNREAL_AKTUALNY_PROJEKT/MyProject4/Content/Blueprints/Mechanika/BP_Postac.uasset'
[2014.11.19-11.37.57:584][604]BlueprintLog: New page: Pre-PIE auto-recompile
[2014.11.19-11.37.57:585][604]LogPlayLevel: [PIE] Compiling BP_HUD before PIE...
[2014.11.19-11.37.57:679][604]LogActorComponent: UnregisterComponent: (/Engine/Transient.CharacterMovementComponent_10) Not registered. Aborting.
[2014.11.19-11.37.57:728][604]LogPlayLevel: PIE:  Blueprint regeneration took 143 ms (1 blueprints)
[2014.11.19-11.37.57:728][604]PIE: New page: PIE session: Minimal_Default (19 Nov 2014 13:37:57)
[2014.11.19-11.37.57:741][604]LogPlayLevel: PIE: StaticDuplicateObject took: (0.011802s)
[2014.11.19-11.37.57:743][604]LogPlayLevel: PIE: World Init took: (0.002027s)
[2014.11.19-11.37.57:743][604]LogPlayLevel: PIE: Created PIE world by copying editor world from /Game/Maps/Minimal_Default.Minimal_Default to /Game/Maps/UEDPIE_0_Minimal_Default.Minimal_Default (0.014085s)
[2014.11.19-11.37.57:779][604]LogWorld: Game class is 'BP_TrybGry_C'
[2014.11.19-11.37.57:780][604]LogAIModule: Creating AISystem for world Minimal_Default
[2014.11.19-11.37.57:783][604]LogWorld: Bringing World /Game/Maps/UEDPIE_0_Minimal_Default.Minimal_Default up for play (max tick rate 0) at 2014.11.19-12.37.57
[2014.11.19-11.37.57:783][604]LogWorld: Bringing up level for play took: 0.002722
[2014.11.19-11.37.57:786][604]PIE: Info Play in editor start time for /Game/Maps/UEDPIE_0_Minimal_Default -0,064
[2014.11.19-11.37.58:563][638]LogBlueprintUserMessages: ciach
[2014.11.19-11.38.09:145][190]LogParticles: Destroying 0 GPU particle simulations for FXSystem 0x0000002B9A0204A0
[2014.11.19-11.38.59:030][655]LogFileHelpers: Editor autosave (incl. sublevels) for '/Game/Maps/Minimal_Default' took 0.053
[2014.11.19-11.38.59:044][655]OBJ SavePackage: Generating thumbnails for [1] asset(s) in package [/Game/Blueprints/Mechanika/BP_Postac] ([1] browsable assets)...
[2014.11.19-11.38.59:089][655]OBJ SavePackage:     Rendered thumbnail for [Blueprint /Game/Blueprints/Mechanika/BP_Postac.BP_Postac]
[2014.11.19-11.38.59:089][655]OBJ SavePackage: Finished generating thumbnails for package [/Game/Blueprints/Mechanika/BP_Postac]
[2014.11.19-11.38.59:727][655]LogSavePackage: Save=598.479431ms
[2014.11.19-11.38.59:727][655]LogSavePackage: Moving '../../../../../Jablo/UNREAL_AKTUALNY_PROJEKT/MyProject4/Saved/BP_Postac_Auto24C7E6165464AEDE224ECAB8C4DAD9F12.tmp' to '../../../../../Jablo/UNREAL_AKTUALNY_PROJEKT/MyProject4/Saved/Autosaves/Game/Blueprints/Mechanika/BP_Postac_Auto2.uasset'
[2014.11.19-11.38.59:767][655]OBJ SavePackage: Generating thumbnails for [0] asset(s) in package [/Game/Blueprints/Mechanika/BP_HUD] ([1] browsable assets)...
[2014.11.19-11.38.59:778][655]OBJ SavePackage: Finished generating thumbnails for package [/Game/Blueprints/Mechanika/BP_HUD]
[2014.11.19-11.38.59:877][655]LogSavePackage: Save=56.768383ms
[2014.11.19-11.38.59:877][655]LogSavePackage: Moving '../../../../../Jablo/UNREAL_AKTUALNY_PROJEKT/MyProject4/Saved/BP_HUD_Auto2E30CAF7F4F93D813CD7E878A6A785BE2.tmp' to '../../../../../Jablo/UNREAL_AKTUALNY_PROJEKT/MyProject4/Saved/Autosaves/Game/Blueprints/Mechanika/BP_HUD_Auto2.uasset'
[2014.11.19-11.38.59:889][655]LogFileHelpers: Auto-saving content packages took 0.859
[2014.11.19-11.39.41:211][692]BlueprintLog: New page: Compile BP_Postac
[2014.11.19-11.39.41:518][692]LogActorComponent: UnregisterComponent: (/Engine/Transient.CharacterMovementComponent_11) Not registered. Aborting.
[2014.11.19-11.39.41:726][692]BlueprintEditorCompileResults: Info [1324,74] Compile of BP_Postac successful! [in 79 ms]
[2014.11.19-11.39.44:771][722]Cmd: OBJ SAVEPACKAGE PACKAGE="/Game/Blueprints/Mechanika/BP_Postac" FILE="../../../../../Jablo/UNREAL_AKTUALNY_PROJEKT/MyProject4/Content/Blueprints/Mechanika/BP_Postac.uasset" SILENT=true
[2014.11.19-11.39.45:355][722]LogSavePackage: Save=558.138428ms
[2014.11.19-11.39.45:355][722]LogSavePackage: Moving '../../../../../Jablo/UNREAL_AKTUALNY_PROJEKT/MyProject4/Saved/BP_Postac994EBDF5497FF33620E3729DA3165461.tmp' to '../../../../../Jablo/UNREAL_AKTUALNY_PROJEKT/MyProject4/Content/Blueprints/Mechanika/BP_Postac.uasset'
[2014.11.19-11.41.15:939][865]LogActorComponent: UnregisterComponent: (/Engine/Transient.CharacterMovementComponent_12) Not registered. Aborting.
[2014.11.19-11.42.00:692][944]BlueprintLog: New page: Compile BP_Postac
[2014.11.19-11.42.01:215][944]BlueprintEditorCompileResults: Info [1464,21] Compile of BP_Postac successful! [in 80 ms]
[2014.11.19-11.42.03:805][959]Cmd: OBJ SAVEPACKAGE PACKAGE="/Game/Blueprints/Mechanika/BP_Postac" FILE="../../../../../Jablo/UNREAL_AKTUALNY_PROJEKT/MyProject4/Content/Blueprints/Mechanika/BP_Postac.uasset" SILENT=true
[2014.11.19-11.42.04:394][959]LogSavePackage: Save=563.314575ms
[2014.11.19-11.42.04:394][959]LogSavePackage: Moving '../../../../../Jablo/UNREAL_AKTUALNY_PROJEKT/MyProject4/Saved/BP_Postac02D746304882FB50D751E1A3024BCA5E.tmp' to '../../../../../Jablo/UNREAL_AKTUALNY_PROJEKT/MyProject4/Content/Blueprints/Mechanika/BP_Postac.uasset'
[2014.11.19-11.42.28:248][ 35]LogEditorViewport: Clicking on Actor (LMB): BP_Sky_Sphere_C (BP_Sky_Sphere)
[2014.11.19-11.42.30:659][119]LogEditorViewport: Clicking on Actor (LMB): PlayerStart (Player Start)
[2014.11.19-11.42.40:436][455]LogSlate:Warning: GetFontFace failed to load or process 'Roboto-Regular'
[2014.11.19-11.43.59:310][831]Cmd: OBJ SAVEPACKAGE PACKAGE="/Game/Blueprints/Mechanika/BP_Postac" FILE="../../../../../Jablo/UNREAL_AKTUALNY_PROJEKT/MyProject4/Content/Blueprints/Mechanika/BP_Postac.uasset" SILENT=true
[2014.11.19-11.43.59:880][831]LogSavePackage: Save=543.216003ms
[2014.11.19-11.43.59:881][831]LogSavePackage: Moving '../../../../../Jablo/UNREAL_AKTUALNY_PROJEKT/MyProject4/Saved/BP_Postac3402B9674C32F9110D6FB2A424592081.tmp' to '../../../../../Jablo/UNREAL_AKTUALNY_PROJEKT/MyProject4/Content/Blueprints/Mechanika/BP_Postac.uasset'
[2014.11.19-11.44.00:755][852]BlueprintLog: New page: Compile BP_Postac
[2014.11.19-11.44.01:055][852]LogActorComponent: UnregisterComponent: (/Engine/Transient.CharacterMovementComponent_13) Not registered. Aborting.
[2014.11.19-11.44.01:277][852]BlueprintEditorCompileResults: Info [1584,28] Compile of BP_Postac successful! [in 75 ms]
[2014.11.19-11.44.20:705][520]LogNavigationPoint: PostEditMove Clear paths rebuilt
[2014.11.19-11.45.40:127][335]BlueprintLog: New page: Compile BP_Postac
[2014.11.19-11.45.40:670][335]BlueprintEditorCompileResults: Info [1683,64] Compile of BP_Postac successful! [in 79 ms]
[2014.11.19-11.45.43:021][349]Cmd: OBJ SAVEPACKAGE PACKAGE="/Game/Blueprints/Mechanika/BP_Postac" FILE="../../../../../Jablo/UNREAL_AKTUALNY_PROJEKT/MyProject4/Content/Blueprints/Mechanika/BP_Postac.uasset" SILENT=true
[2014.11.19-11.45.43:589][349]LogSavePackage: Save=538.742310ms
[2014.11.19-11.45.43:589][349]LogSavePackage: Moving '../../../../../Jablo/UNREAL_AKTUALNY_PROJEKT/MyProject4/Saved/BP_PostacEF16F9AD4E1789EABCBACEA95A1D3081.tmp' to '../../../../../Jablo/UNREAL_AKTUALNY_PROJEKT/MyProject4/Content/Blueprints/Mechanika/BP_Postac.uasset'
[2014.11.19-11.45.51:407][604]BlueprintLog: New page: Pre-PIE auto-recompile
[2014.11.19-11.45.51:407][604]LogPlayLevel: [PIE] Compiling BP_HUD before PIE...
[2014.11.19-11.45.51:503][604]LogActorComponent: UnregisterComponent: (/Engine/Transient.CharacterMovementComponent_14) Not registered. Aborting.
[2014.11.19-11.45.51:553][604]LogPlayLevel: PIE:  Blueprint regeneration took 146 ms (1 blueprints)
[2014.11.19-11.45.51:554][604]PIE: New page: PIE session: Minimal_Default (19 Nov 2014 13:45:51)
[2014.11.19-11.45.51:562][604]LogPlayLevel: PIE: StaticDuplicateObject took: (0.008197s)
[2014.11.19-11.45.51:566][604]LogPlayLevel: PIE: World Init took: (0.003499s)
[2014.11.19-11.45.51:566][604]LogPlayLevel: PIE: Created PIE world by copying editor world from /Game/Maps/Minimal_Default.Minimal_Default to /Game/Maps/UEDPIE_0_Minimal_Default.Minimal_Default (0.011955s)
[2014.11.19-11.45.51:597][604]LogWorld: Game class is 'BP_TrybGry_C'
[2014.11.19-11.45.51:599][604]LogAIModule: Creating AISystem for world Minimal_Default
[2014.11.19-11.45.51:601][604]LogWorld: Bringing World /Game/Maps/UEDPIE_0_Minimal_Default.Minimal_Default up for play (max tick rate 0) at 2014.11.19-12.45.51
[2014.11.19-11.45.51:601][604]LogWorld: Bringing up level for play took: 0.002543
[2014.11.19-11.45.51:603][604]PIE: Info Play in editor start time for /Game/Maps/UEDPIE_0_Minimal_Default -0,247
[2014.11.19-11.46.12:024][631]LogParticles: Destroying 0 GPU particle simulations for FXSystem 0x0000002BB64E2980
[2014.11.19-11.46.33:477][260]LogPlayLevel: PIE:  No blueprints needed recompiling
[2014.11.19-11.46.33:477][260]PIE: New page: PIE session: Minimal_Default (19 Nov 2014 13:46:33)
[2014.11.19-11.46.33:486][260]LogPlayLevel: PIE: StaticDuplicateObject took: (0.008775s)
[2014.11.19-11.46.33:488][260]LogPlayLevel: PIE: World Init took: (0.002114s)
[2014.11.19-11.46.33:488][260]LogPlayLevel: PIE: Created PIE world by copying editor world from /Game/Maps/Minimal_Default.Minimal_Default to /Game/Maps/UEDPIE_0_Minimal_Default.Minimal_Default (0.011186s)
[2014.11.19-11.46.33:521][260]LogWorld: Game class is 'BP_TrybGry_C'
[2014.11.19-11.46.33:523][260]LogAIModule: Creating AISystem for world Minimal_Default
[2014.11.19-11.46.33:526][260]LogWorld: Bringing World /Game/Maps/UEDPIE_0_Minimal_Default.Minimal_Default up for play (max tick rate 0) at 2014.11.19-12.46.33
[2014.11.19-11.46.33:527][260]LogWorld: Bringing up level for play took: 0.003612
[2014.11.19-11.46.33:529][260]PIE: Info Play in editor start time for /Game/Maps/UEDPIE_0_Minimal_Default -0,321
[2014.11.19-11.46.41:864][681]LogParticles: Destroying 0 GPU particle simulations for FXSystem 0x0000002BAF79B060
[2014.11.19-11.47.01:627][466]BlueprintLog: New page: Compile BP_Postac
[2014.11.19-11.47.02:175][466]BlueprintEditorCompileResults: Info [1765,14] Compile of BP_Postac successful! [in 74 ms]
[2014.11.19-11.47.04:619][479]Cmd: OBJ SAVEPACKAGE PACKAGE="/Game/Blueprints/Mechanika/BP_Postac" FILE="../../../../../Jablo/UNREAL_AKTUALNY_PROJEKT/MyProject4/Content/Blueprints/Mechanika/BP_Postac.uasset" SILENT=true
[2014.11.19-11.47.05:195][479]LogSavePackage: Save=548.715088ms
[2014.11.19-11.47.05:195][479]LogSavePackage: Moving '../../../../../Jablo/UNREAL_AKTUALNY_PROJEKT/MyProject4/Saved/BP_PostacB30353D848A07D53A34DD5A7BF232133.tmp' to '../../../../../Jablo/UNREAL_AKTUALNY_PROJEKT/MyProject4/Content/Blueprints/Mechanika/BP_Postac.uasset'
[2014.11.19-11.47.14:079][845]BlueprintLog: New page: Pre-PIE auto-recompile
[2014.11.19-11.47.14:079][845]LogPlayLevel: [PIE] Compiling BP_HUD before PIE...
[2014.11.19-11.47.14:180][845]LogActorComponent: UnregisterComponent: (/Engine/Transient.CharacterMovementComponent_15) Not registered. Aborting.
[2014.11.19-11.47.14:229][845]LogPlayLevel: PIE:  Blueprint regeneration took 150 ms (1 blueprints)
[2014.11.19-11.47.14:230][845]PIE: New page: PIE session: Minimal_Default (19 Nov 2014 13:47:14)
[2014.11.19-11.47.14:241][845]LogPlayLevel: PIE: StaticDuplicateObject took: (0.010490s)
[2014.11.19-11.47.14:243][845]LogPlayLevel: PIE: World Init took: (0.002196s)
[2014.11.19-11.47.14:243][845]LogPlayLevel: PIE: Created PIE world by copying editor world from /Game/Maps/Minimal_Default.Minimal_Default to /Game/Maps/UEDPIE_0_Minimal_Default.Minimal_Default (0.013024s)
[2014.11.19-11.47.14:280][845]LogWorld: Game class is 'BP_TrybGry_C'
[2014.11.19-11.47.14:282][845]LogAIModule: Creating AISystem for world Minimal_Default
[2014.11.19-11.47.14:284][845]LogWorld: Bringing World /Game/Maps/UEDPIE_0_Minimal_Default.Minimal_Default up for play (max tick rate 0) at 2014.11.19-12.47.14
[2014.11.19-11.47.14:284][845]LogWorld: Bringing up level for play took: 0.002585
[2014.11.19-11.47.14:286][845]PIE: Info Play in editor start time for /Game/Maps/UEDPIE_0_Minimal_Default 0,437
[2014.11.19-11.47.17:341][994]LogBlueprintUserMessages: ciach
[2014.11.19-11.47.18:070][ 32]LogBlueprintUserMessages: ciach
[2014.11.19-11.47.19:491][102]LogBlueprintUserMessages: ciach
[2014.11.19-11.47.19:495][102]LogBlueprintUserMessages: 70.0
[2014.11.19-11.47.20:510][154]LogBlueprintUserMessages: ciach
[2014.11.19-11.47.20:510][154]LogBlueprintUserMessages: 40.0
[2014.11.19-11.47.21:216][189]LogBlueprintUserMessages: ciach
[2014.11.19-11.47.21:217][189]LogBlueprintUserMessages: 10.0
[2014.11.19-11.47.21:844][222]LogBlueprintUserMessages: ciach
[2014.11.19-11.47.21:845][222]LogBlueprintUserMessages: -20.0
[2014.11.19-11.47.40:799][195]LogParticles: Destroying 0 GPU particle simulations for FXSystem 0x0000002BB8715DA0
[2014.11.19-11.48.10:104][965]BlueprintLog: New page: Compile BP_Postac
[2014.11.19-11.48.10:600][965]BlueprintEditorCompileResults: Info [1833,60] Compile of BP_Postac successful! [in 71 ms]
[2014.11.19-11.48.13:076][980]Cmd: OBJ SAVEPACKAGE PACKAGE="/Game/Blueprints/Mechanika/BP_Postac" FILE="../../../../../Jablo/UNREAL_AKTUALNY_PROJEKT/MyProject4/Content/Blueprints/Mechanika/BP_Postac.uasset" SILENT=true
[2014.11.19-11.48.13:639][980]LogSavePackage: Save=534.713074ms
[2014.11.19-11.48.13:639][980]LogSavePackage: Moving '../../../../../Jablo/UNREAL_AKTUALNY_PROJEKT/MyProject4/Saved/BP_PostacE8087CD8449893AEDE08E1992463E7DB.tmp' to '../../../../../Jablo/UNREAL_AKTUALNY_PROJEKT/MyProject4/Content/Blueprints/Mechanika/BP_Postac.uasset'
[2014.11.19-11.49.55:773][472]LogActorComponent: UnregisterComponent: (/Engine/Transient.CharacterMovementComponent_16) Not registered. Aborting.
[2014.11.19-11.49.56:051][472]LogSavePackage: Save=115.191933ms
[2014.11.19-11.49.56:051][472]LogSavePackage: Moving '../../../../../Jablo/UNREAL_AKTUALNY_PROJEKT/MyProject4/Saved/Minimal_Default_Auto3972D554B402E99C5431C37B0EC0198FF.tmp' to '../../../../../Jablo/UNREAL_AKTUALNY_PROJEKT/MyProject4/Saved/Autosaves/Game/Maps/Minimal_Default_Auto3.umap'
[2014.11.19-11.49.56:089][472]LogFileHelpers: Editor autosave (incl. sublevels) for '/Game/Maps/Minimal_Default' took 0.316
[2014.11.19-11.49.56:089][472]LogFileHelpers: Editor autosave (incl. sublevels) for all levels took 0.316
[2014.11.19-11.49.56:106][472]OBJ SavePackage: Generating thumbnails for [0] asset(s) in package [/Game/Blueprints/Mechanika/BP_HUD] ([1] browsable assets)...
[2014.11.19-11.49.56:118][472]OBJ SavePackage: Finished generating thumbnails for package [/Game/Blueprints/Mechanika/BP_HUD]
[2014.11.19-11.49.56:234][472]LogSavePackage: Save=73.480705ms
[2014.11.19-11.49.56:234][472]LogSavePackage: Moving '../../../../../Jablo/UNREAL_AKTUALNY_PROJEKT/MyProject4/Saved/BP_HUD_Auto3D185298843D13C8B63BD9C8BFD5145E2.tmp' to '../../../../../Jablo/UNREAL_AKTUALNY_PROJEKT/MyProject4/Saved/Autosaves/Game/Blueprints/Mechanika/BP_HUD_Auto3.uasset'
[2014.11.19-11.49.56:262][472]LogFileHelpers: Auto-saving content packages took 0.173
[2014.11.19-11.56.25:836][ 22]BlueprintLog: New page: Compile BP_Postac
[2014.11.19-11.56.26:369][ 22]BlueprintEditorCompileResults: Info [2329,35] Compile of BP_Postac successful! [in 75 ms]
[2014.11.19-11.56.29:442][ 47]Cmd: OBJ SAVEPACKAGE PACKAGE="/Game/Blueprints/Mechanika/BP_Postac" FILE="../../../../../Jablo/UNREAL_AKTUALNY_PROJEKT/MyProject4/Content/Blueprints/Mechanika/BP_Postac.uasset" SILENT=true
[2014.11.19-11.56.30:022][ 47]LogSavePackage: Save=550.279785ms
[2014.11.19-11.56.30:022][ 47]LogSavePackage: Moving '../../../../../Jablo/UNREAL_AKTUALNY_PROJEKT/MyProject4/Saved/BP_PostacBC188EA14F812D9C05A14981B665CB5A.tmp' to '../../../../../Jablo/UNREAL_AKTUALNY_PROJEKT/MyProject4/Content/Blueprints/Mechanika/BP_Postac.uasset'
[2014.11.19-12.00.06:682][303]LogActorComponent: UnregisterComponent: (/Engine/Transient.CharacterMovementComponent_17) Not registered. Aborting.
[2014.11.19-12.00.06:729][303]LogFileHelpers: Editor autosave (incl. sublevels) for '/Game/Maps/Minimal_Default' took 0.047
[2014.11.19-12.00.06:744][303]OBJ SavePackage: Generating thumbnails for [0] asset(s) in package [/Game/Blueprints/Mechanika/BP_HUD] ([1] browsable assets)...
[2014.11.19-12.00.06:762][303]OBJ SavePackage: Finished generating thumbnails for package [/Game/Blueprints/Mechanika/BP_HUD]
[2014.11.19-12.00.06:870][303]LogSavePackage: Save=66.534584ms
[2014.11.19-12.00.06:870][303]LogSavePackage: Moving '../../../../../Jablo/UNREAL_AKTUALNY_PROJEKT/MyProject4/Saved/BP_HUD_Auto424F54E5445E6B0031BB3D0897A2FD210.tmp' to '../../../../../Jablo/UNREAL_AKTUALNY_PROJEKT/MyProject4/Saved/Autosaves/Game/Blueprints/Mechanika/BP_HUD_Auto4.uasset'
[2014.11.19-12.00.06:880][303]LogFileHelpers: Auto-saving content packages took 0.151
[2014.11.19-12.00.12:651][714]LogPropertyNode:Warning: UI Min (0) >= UI Max () for Ranged Numeric
[2014.11.19-12.00.12:652][714]LogPropertyNode:Warning: UI Min (0) >= UI Max () for Ranged Numeric
[2014.11.19-12.00.14:883][889]LogPropertyNode:Warning: UI Min (0) >= UI Max () for Ranged Numeric
[2014.11.19-12.00.15:126][918]LogPropertyNode:Warning: UI Min (0) >= UI Max () for Ranged Numeric
[2014.11.19-12.00.15:167][923]LogPropertyNode:Warning: UI Min (0) >= UI Max () for Ranged Numeric
[2014.11.19-12.00.15:243][932]LogPropertyNode:Warning: UI Min (0) >= UI Max () for Ranged Numeric
[2014.11.19-12.00.15:344][944]LogPropertyNode:Warning: UI Min (0) >= UI Max () for Ranged Numeric
[2014.11.19-12.00.15:402][951]LogPropertyNode:Warning: UI Min (0) >= UI Max () for Ranged Numeric
[2014.11.19-12.00.15:486][961]LogPropertyNode:Warning: UI Min (0) >= UI Max () for Ranged Numeric
[2014.11.19-12.00.16:760][113]LogPropertyNode:Warning: UI Min (0) >= UI Max () for Ranged Numeric
[2014.11.19-12.00.16:802][118]LogPropertyNode:Warning: UI Min (0) >= UI Max () for Ranged Numeric
[2014.11.19-12.00.17:505][202]LogPropertyNode:Warning: UI Min (0) >= UI Max () for Ranged Numeric
[2014.11.19-12.00.17:680][223]LogPropertyNode:Warning: UI Min (0) >= UI Max () for Ranged Numeric
[2014.11.19-12.00.17:705][226]LogPropertyNode:Warning: UI Min (0) >= UI Max () for Ranged Numeric
[2014.11.19-12.00.17:805][238]LogPropertyNode:Warning: UI Min (0) >= UI Max () for Ranged Numeric
[2014.11.19-12.00.17:864][245]LogPropertyNode:Warning: UI Min (0) >= UI Max () for Ranged Numeric
[2014.11.19-12.00.24:161][986]LogPropertyNode:Warning: UI Min (0) >= UI Max () for Ranged Numeric
[2014.11.19-12.00.33:546][ 82]LogPropertyNode:Warning: UI Min (0) >= UI Max () for Ranged Numeric
[2014.11.19-12.00.33:873][121]LogPropertyNode:Warning: UI Min (0) >= UI Max () for Ranged Numeric
[2014.11.19-12.00.40:722][932]LogPropertyNode:Warning: UI Min (0) >= UI Max () for Ranged Numeric
[2014.11.19-12.00.40:739][934]LogPropertyNode:Warning: UI Min (0) >= UI Max () for Ranged Numeric
[2014.11.19-12.00.40:755][936]LogPropertyNode:Warning: UI Min (0) >= UI Max () for Ranged Numeric
[2014.11.19-12.00.40:780][939]LogPropertyNode:Warning: UI Min (0) >= UI Max () for Ranged Numeric
[2014.11.19-12.00.40:806][942]LogPropertyNode:Warning: UI Min (0) >= UI Max () for Ranged Numeric
[2014.11.19-12.00.40:855][948]LogPropertyNode:Warning: UI Min (0) >= UI Max () for Ranged Numeric
[2014.11.19-12.00.40:880][951]LogPropertyNode:Warning: UI Min (0) >= UI Max () for Ranged Numeric
[2014.11.19-12.00.40:898][953]LogPropertyNode:Warning: UI Min (0) >= UI Max () for Ranged Numeric
[2014.11.19-12.00.40:915][955]LogPropertyNode:Warning: UI Min (0) >= UI Max () for Ranged Numeric
[2014.11.19-12.00.40:923][956]LogPropertyNode:Warning: UI Min (0) >= UI Max () for Ranged Numeric
[2014.11.19-12.00.40:940][958]LogPropertyNode:Warning: UI Min (0) >= UI Max () for Ranged Numeric
[2014.11.19-12.00.40:957][960]LogPropertyNode:Warning: UI Min (0) >= UI Max () for Ranged Numeric
[2014.11.19-12.00.40:965][961]LogPropertyNode:Warning: UI Min (0) >= UI Max () for Ranged Numeric
[2014.11.19-12.00.40:983][963]LogPropertyNode:Warning: UI Min (0) >= UI Max () for Ranged Numeric
[2014.11.19-12.00.41:035][969]LogPropertyNode:Warning: UI Min (0) >= UI Max () for Ranged Numeric
[2014.11.19-12.00.41:044][970]LogPropertyNode:Warning: UI Min (0) >= UI Max () for Ranged Numeric
[2014.11.19-12.01.13:247][489]LogPropertyNode:Warning: UI Min (0) >= UI Max () for Ranged Numeric
[2014.11.19-12.01.13:464][515]LogPropertyNode:Warning: UI Min (0) >= UI Max () for Ranged Numeric
[2014.11.19-12.01.13:959][574]LogPropertyNode:Warning: UI Min (0) >= UI Max () for Ranged Numeric
[2014.11.19-12.01.14:050][584]LogPropertyNode:Warning: UI Min (0) >= UI Max () for Ranged Numeric
[2014.11.19-12.01.14:116][592]LogPropertyNode:Warning: UI Min (0) >= UI Max () for Ranged Numeric
[2014.11.19-12.01.14:184][600]LogPropertyNode:Warning: UI Min (0) >= UI Max () for Ranged Numeric
[2014.11.19-12.01.14:251][608]LogPropertyNode:Warning: UI Min (0) >= UI Max () for Ranged Numeric
[2014.11.19-12.01.14:317][616]LogPropertyNode:Warning: UI Min (0) >= UI Max () for Ranged Numeric
[2014.11.19-12.01.14:385][624]LogPropertyNode:Warning: UI Min (0) >= UI Max () for Ranged Numeric
[2014.11.19-12.01.14:409][627]LogPropertyNode:Warning: UI Min (0) >= UI Max () for Ranged Numeric
[2014.11.19-12.01.14:426][629]LogPropertyNode:Warning: UI Min (0) >= UI Max () for Ranged Numeric
[2014.11.19-12.01.14:451][632]LogPropertyNode:Warning: UI Min (0) >= UI Max () for Ranged Numeric
[2014.11.19-12.01.14:511][639]LogPropertyNode:Warning: UI Min (0) >= UI Max () for Ranged Numeric
[2014.11.19-12.01.14:568][646]LogPropertyNode:Warning: UI Min (0) >= UI Max () for Ranged Numeric
[2014.11.19-12.01.14:636][654]LogPropertyNode:Warning: UI Min (0) >= UI Max () for Ranged Numeric
[2014.11.19-12.01.14:719][664]LogPropertyNode:Warning: UI Min (0) >= UI Max () for Ranged Numeric
[2014.11.19-12.01.17:059][939]LogPropertyNode:Warning: UI Min (0) >= UI Max () for Ranged Numeric
[2014.11.19-12.01.41:840][982]BlueprintLog: New page: Compile BP_Postac
[2014.11.19-12.01.42:228][982]BlueprintEditorCompileResults: Info [2645,36] Compile of BP_Postac successful! [in 80 ms]
[2014.11.19-12.01.42:250][982]LogPropertyNode:Warning: UI Min (0) >= UI Max () for Ranged Numeric
[2014.11.19-12.01.42:251][982]LogPropertyNode:Warning: UI Min (0) >= UI Max () for Ranged Numeric
[2014.11.19-12.01.42:251][982]LogPropertyNode:Warning: UI Min (0) >= UI Max () for Ranged Numeric
[2014.11.19-12.01.42:252][982]LogPropertyNode:Warning: UI Min (0) >= UI Max () for Ranged Numeric
[2014.11.19-12.01.42:252][982]LogPropertyNode:Warning: UI Min (0) >= UI Max () for Ranged Numeric
[2014.11.19-12.01.42:253][982]LogPropertyNode:Warning: UI Min (0) >= UI Max () for Ranged Numeric
[2014.11.19-12.01.42:253][982]LogPropertyNode:Warning: UI Min (0) >= UI Max () for Ranged Numeric
[2014.11.19-12.01.42:254][982]LogPropertyNode:Warning: UI Min (0) >= UI Max () for Ranged Numeric
[2014.11.19-12.01.42:256][982]LogPropertyNode:Warning: UI Min (0) >= UI Max () for Ranged Numeric
[2014.11.19-12.01.42:256][982]LogPropertyNode:Warning: UI Min (0) >= UI Max () for Ranged Numeric
[2014.11.19-12.01.42:257][982]LogPropertyNode:Warning: UI Min (0) >= UI Max () for Ranged Numeric
[2014.11.19-12.01.42:257][982]LogPropertyNode:Warning: UI Min (0) >= UI Max () for Ranged Numeric
[2014.11.19-12.01.42:258][982]LogPropertyNode:Warning: UI Min (0) >= UI Max () for Ranged Numeric
[2014.11.19-12.01.42:258][982]LogPropertyNode:Warning: UI Min (0) >= UI Max () for Ranged Numeric
[2014.11.19-12.01.42:261][982]LogPropertyNode:Warning: UI Min (0) >= UI Max () for Ranged Numeric
[2014.11.19-12.01.43:386][ 37]Cmd: OBJ SAVEPACKAGE PACKAGE="/Game/Blueprints/Mechanika/BP_Postac" FILE="../../../../../Jablo/UNREAL_AKTUALNY_PROJEKT/MyProject4/Content/Blueprints/Mechanika/BP_Postac.uasset" SILENT=true
[2014.11.19-12.01.43:957][ 37]LogSavePackage: Save=541.000977ms
[2014.11.19-12.01.43:957][ 37]LogSavePackage: Moving '../../../../../Jablo/UNREAL_AKTUALNY_PROJEKT/MyProject4/Saved/BP_Postac497C381C4BF8FE2BC664C0B84069E46D.tmp' to '../../../../../Jablo/UNREAL_AKTUALNY_PROJEKT/MyProject4/Content/Blueprints/Mechanika/BP_Postac.uasset'
[2014.11.19-12.01.47:089][193]BlueprintLog: New page: Pre-PIE auto-recompile
[2014.11.19-12.01.47:090][193]LogPlayLevel: [PIE] Compiling BP_HUD before PIE...
[2014.11.19-12.01.47:179][193]LogActorComponent: UnregisterComponent: (/Engine/Transient.CharacterMovementComponent_18) Not registered. Aborting.
[2014.11.19-12.01.47:223][193]LogPlayLevel: PIE:  Blueprint regeneration took 133 ms (1 blueprints)
[2014.11.19-12.01.47:224][193]PIE: New page: PIE session: Minimal_Default (19 Nov 2014 14:01:47)
[2014.11.19-12.01.47:233][193]LogPlayLevel: PIE: StaticDuplicateObject took: (0.009197s)
[2014.11.19-12.01.47:235][193]LogPlayLevel: PIE: World Init took: (0.002003s)
[2014.11.19-12.01.47:235][193]LogPlayLevel: PIE: Created PIE world by copying editor world from /Game/Maps/Minimal_Default.Minimal_Default to /Game/Maps/UEDPIE_0_Minimal_Default.Minimal_Default (0.011477s)
[2014.11.19-12.01.47:266][193]LogWorld: Game class is 'BP_TrybGry_C'
[2014.11.19-12.01.47:268][193]LogAIModule: Creating AISystem for world Minimal_Default
[2014.11.19-12.01.47:269][193]LogWorld: Bringing World /Game/Maps/UEDPIE_0_Minimal_Default.Minimal_Default up for play (max tick rate 0) at 2014.11.19-13.01.47
[2014.11.19-12.01.47:271][193]LogWorld: Bringing up level for play took: 0.003143
[2014.11.19-12.01.47:273][193]PIE: Info Play in editor start time for /Game/Maps/UEDPIE_0_Minimal_Default -0,577
[2014.11.19-12.01.47:983][225]LogBlueprintUserMessages: ciach
[2014.11.19-12.01.53:530][520]LogParticles: Destroying 0 GPU particle simulations for FXSystem 0x0000002BB5B8AD40
[2014.11.19-12.02.11:320][323]LogPlayLevel: PIE:  No blueprints needed recompiling
[2014.11.19-12.02.11:320][323]PIE: New page: PIE session: Minimal_Default (19 Nov 2014 14:02:11)
[2014.11.19-12.02.11:329][323]LogPlayLevel: PIE: StaticDuplicateObject took: (0.008689s)
[2014.11.19-12.02.11:333][323]LogPlayLevel: PIE: World Init took: (0.003980s)
[2014.11.19-12.02.11:334][323]LogPlayLevel: PIE: Created PIE world by copying editor world from /Game/Maps/Minimal_Default.Minimal_Default to /Game/Maps/UEDPIE_0_Minimal_Default.Minimal_Default (0.013049s)
[2014.11.19-12.02.11:368][323]LogWorld: Game class is 'BP_TrybGry_C'
[2014.11.19-12.02.11:370][323]LogAIModule: Creating AISystem for world Minimal_Default
[2014.11.19-12.02.11:372][323]LogWorld: Bringing World /Game/Maps/UEDPIE_0_Minimal_Default.Minimal_Default up for play (max tick rate 0) at 2014.11.19-13.02.11
[2014.11.19-12.02.11:372][323]LogWorld: Bringing up level for play took: 0.002126
[2014.11.19-12.02.11:375][323]PIE: Info Play in editor start time for /Game/Maps/UEDPIE_0_Minimal_Default -0,475
[2014.11.19-12.02.11:952][348]LogBlueprintUserMessages: ciach
[2014.11.19-12.02.15:886][539]LogParticles: Destroying 0 GPU particle simulations for FXSystem 0x0000002BB81A91C0
[2014.11.19-12.03.42:908][720]BlueprintLog: New page: Compile BP_Postac
[2014.11.19-12.03.43:437][720]BlueprintEditorCompileResults: Info [2766,42] Compile of BP_Postac successful! [in 73 ms]
[2014.11.19-12.03.46:513][744]Cmd: OBJ SAVEPACKAGE PACKAGE="/Game/Blueprints/Mechanika/BP_Postac" FILE="../../../../../Jablo/UNREAL_AKTUALNY_PROJEKT/MyProject4/Content/Blueprints/Mechanika/BP_Postac.uasset" SILENT=true
[2014.11.19-12.03.47:084][744]LogSavePackage: Save=535.826111ms
[2014.11.19-12.03.47:084][744]LogSavePackage: Moving '../../../../../Jablo/UNREAL_AKTUALNY_PROJEKT/MyProject4/Saved/BP_Postac93FF3B37453BA7E4E5A0F992A6CA8943.tmp' to '../../../../../Jablo/UNREAL_AKTUALNY_PROJEKT/MyProject4/Content/Blueprints/Mechanika/BP_Postac.uasset'
[2014.11.19-12.03.51:215][902]BlueprintLog: New page: Pre-PIE auto-recompile
[2014.11.19-12.03.51:216][902]LogPlayLevel: [PIE] Compiling BP_HUD before PIE...
[2014.11.19-12.03.51:331][902]LogActorComponent: UnregisterComponent: (/Engine/Transient.CharacterMovementComponent_19) Not registered. Aborting.
[2014.11.19-12.03.51:384][902]LogPlayLevel: PIE:  Blueprint regeneration took 168 ms (1 blueprints)
[2014.11.19-12.03.51:385][902]PIE: New page: PIE session: Minimal_Default (19 Nov 2014 14:03:51)
[2014.11.19-12.03.51:395][902]LogPlayLevel: PIE: StaticDuplicateObject took: (0.010432s)
[2014.11.19-12.03.51:398][902]LogPlayLevel: PIE: World Init took: (0.002228s)
[2014.11.19-12.03.51:398][902]LogPlayLevel: PIE: Created PIE world by copying editor world from /Game/Maps/Minimal_Default.Minimal_Default to /Game/Maps/UEDPIE_0_Minimal_Default.Minimal_Default (0.013015s)
[2014.11.19-12.03.51:433][902]LogWorld: Game class is 'BP_TrybGry_C'
[2014.11.19-12.03.51:434][902]LogAIModule: Creating AISystem for world Minimal_Default
[2014.11.19-12.03.51:436][902]LogWorld: Bringing World /Game/Maps/UEDPIE_0_Minimal_Default.Minimal_Default up for play (max tick rate 0) at 2014.11.19-13.03.51
[2014.11.19-12.03.51:437][902]LogWorld: Bringing up level for play took: 0.002451
[2014.11.19-12.03.51:439][902]PIE: Info Play in editor start time for /Game/Maps/UEDPIE_0_Minimal_Default -0,411
[2014.11.19-12.03.52:148][933]LogBlueprintUserMessages: ciach
[2014.11.19-12.04.01:311][393]LogParticles: Destroying 0 GPU particle simulations for FXSystem 0x0000002BB5B88A40
[2014.11.19-12.04.22:303][174]LogPropertyNode:Warning: UI Min (0) >= UI Max () for Ranged Numeric
[2014.11.19-12.04.22:304][174]LogPropertyNode:Warning: UI Min (0) >= UI Max () for Ranged Numeric
[2014.11.19-12.04.22:305][174]LogPropertyNode:Warning: UI Min (0) >= UI Max () for Ranged Numeric
[2014.11.19-12.04.22:305][174]LogPropertyNode:Warning: UI Min (0) >= UI Max () for Ranged Numeric
[2014.11.19-12.04.22:306][174]LogPropertyNode:Warning: UI Min (0) >= UI Max () for Ranged Numeric
[2014.11.19-12.04.22:306][174]LogPropertyNode:Warning: UI Min (0) >= UI Max () for Ranged Numeric
[2014.11.19-12.04.22:307][174]LogPropertyNode:Warning: UI Min (0) >= UI Max () for Ranged Numeric
[2014.11.19-12.04.22:307][174]LogPropertyNode:Warning: UI Min (0) >= UI Max () for Ranged Numeric
[2014.11.19-12.04.22:308][174]LogPropertyNode:Warning: UI Min (0) >= UI Max () for Ranged Numeric
[2014.11.19-12.04.22:308][174]LogPropertyNode:Warning: UI Min (0) >= UI Max () for Ranged Numeric
[2014.11.19-12.04.22:309][174]LogPropertyNode:Warning: UI Min (0) >= UI Max () for Ranged Numeric
[2014.11.19-12.04.22:309][174]LogPropertyNode:Warning: UI Min (0) >= UI Max () for Ranged Numeric
[2014.11.19-12.04.22:310][174]LogPropertyNode:Warning: UI Min (0) >= UI Max () for Ranged Numeric
[2014.11.19-12.04.22:310][174]LogPropertyNode:Warning: UI Min (0) >= UI Max () for Ranged Numeric
[2014.11.19-12.04.22:312][174]LogPropertyNode:Warning: UI Min (0) >= UI Max () for Ranged Numeric
[2014.11.19-12.04.50:213][943]LogPropertyNode:Warning: UI Min (0) >= UI Max () for Ranged Numeric
[2014.11.19-12.04.50:271][950]LogPropertyNode:Warning: UI Min (0) >= UI Max () for Ranged Numeric
[2014.11.19-12.04.54:731][469]LogPropertyNode:Warning: UI Min (0) >= UI Max () for Ranged Numeric
[2014.11.19-12.04.54:732][469]LogPropertyNode:Warning: UI Min (0) >= UI Max () for Ranged Numeric
[2014.11.19-12.04.54:757][472]LogPropertyNode:Warning: UI Min (0) >= UI Max () for Ranged Numeric
[2014.11.19-12.04.54:772][474]LogPropertyNode:Warning: UI Min (0) >= UI Max () for Ranged Numeric
[2014.11.19-12.04.54:773][474]LogPropertyNode:Warning: UI Min (0) >= UI Max () for Ranged Numeric
[2014.11.19-12.04.54:789][476]LogPropertyNode:Warning: UI Min (0) >= UI Max () for Ranged Numeric
[2014.11.19-12.04.54:790][476]LogPropertyNode:Warning: UI Min (0) >= UI Max () for Ranged Numeric
[2014.11.19-12.04.54:798][477]LogPropertyNode:Warning: UI Min (0) >= UI Max () for Ranged Numeric
[2014.11.19-12.04.54:798][477]LogPropertyNode:Warning: UI Min (0) >= UI Max () for Ranged Numeric
[2014.11.19-12.04.54:799][477]LogPropertyNode:Warning: UI Min (0) >= UI Max () for Ranged Numeric
[2014.11.19-12.04.54:815][479]LogPropertyNode:Warning: UI Min (0) >= UI Max () for Ranged Numeric
[2014.11.19-12.04.54:831][481]LogPropertyNode:Warning: UI Min (0) >= UI Max () for Ranged Numeric
[2014.11.19-12.04.54:832][481]LogPropertyNode:Warning: UI Min (0) >= UI Max () for Ranged Numeric
[2014.11.19-12.04.54:840][482]LogPropertyNode:Warning: UI Min (0) >= UI Max () for Ranged Numeric
[2014.11.19-12.04.54:849][483]LogPropertyNode:Warning: UI Min (0) >= UI Max () for Ranged Numeric
[2014.11.19-12.04.54:866][485]LogPropertyNode:Warning: UI Min (0) >= UI Max () for Ranged Numeric
[2014.11.19-12.04.54:951][495]LogPropertyNode:Warning: UI Min (0) >= UI Max () for Ranged Numeric
[2014.11.19-12.06.32:349][565]BlueprintLog: New page: Compile BP_Postac
[2014.11.19-12.06.32:955][565]BlueprintEditorCompileResults: Info [2935,87] Compile of BP_Postac successful! [in 81 ms]
[2014.11.19-12.06.35:743][580]Cmd: OBJ SAVEPACKAGE PACKAGE="/Game/Blueprints/Mechanika/BP_Postac" FILE="../../../../../Jablo/UNREAL_AKTUALNY_PROJEKT/MyProject4/Content/Blueprints/Mechanika/BP_Postac.uasset" SILENT=true
[2014.11.19-12.06.36:310][580]LogSavePackage: Save=540.794128ms
[2014.11.19-12.06.36:310][580]LogSavePackage: Moving '../../../../../Jablo/UNREAL_AKTUALNY_PROJEKT/MyProject4/Saved/BP_Postac47D6B4314074EFA9C57B3F9108B4644A.tmp' to '../../../../../Jablo/UNREAL_AKTUALNY_PROJEKT/MyProject4/Content/Blueprints/Mechanika/BP_Postac.uasset'
[2014.11.19-12.06.40:042][723]BlueprintLog: New page: Pre-PIE auto-recompile
[2014.11.19-12.06.40:042][723]LogPlayLevel: [PIE] Compiling BP_HUD before PIE...
[2014.11.19-12.06.40:138][723]LogActorComponent: UnregisterComponent: (/Engine/Transient.CharacterMovementComponent_20) Not registered. Aborting.
[2014.11.19-12.06.40:195][723]LogPlayLevel: PIE:  Blueprint regeneration took 152 ms (1 blueprints)
[2014.11.19-12.06.40:195][723]PIE: New page: PIE session: Minimal_Default (19 Nov 2014 14:06:40)
[2014.11.19-12.06.40:204][723]LogPlayLevel: PIE: StaticDuplicateObject took: (0.008995s)
[2014.11.19-12.06.40:208][723]LogPlayLevel: PIE: World Init took: (0.004033s)
[2014.11.19-12.06.40:209][723]LogPlayLevel: PIE: Created PIE world by copying editor world from /Game/Maps/Minimal_Default.Minimal_Default to /Game/Maps/UEDPIE_0_Minimal_Default.Minimal_Default (0.013316s)
[2014.11.19-12.06.40:242][723]LogWorld: Game class is 'BP_TrybGry_C'
[2014.11.19-12.06.40:243][723]LogAIModule: Creating AISystem for world Minimal_Default
[2014.11.19-12.06.40:245][723]LogWorld: Bringing World /Game/Maps/UEDPIE_0_Minimal_Default.Minimal_Default up for play (max tick rate 0) at 2014.11.19-13.06.40
[2014.11.19-12.06.40:245][723]LogWorld: Bringing up level for play took: 0.002309
[2014.11.19-12.06.40:248][723]PIE: Info Play in editor start time for /Game/Maps/UEDPIE_0_Minimal_Default 0,398
[2014.11.19-12.06.41:020][758]LogBlueprintUserMessages: ciach
[2014.11.19-12.06.58:227][649]LogBlueprintUserMessages: ciach
[2014.11.19-12.07.08:014][148]LogParticles: Destroying 0 GPU particle simulations for FXSystem 0x0000002B9FE718A0
[2014.11.19-12.07.27:089][534]BlueprintLog: New page: Compile BP_Postac
[2014.11.19-12.07.27:668][534]BlueprintEditorCompileResults: Info [2990,60] Compile of BP_Postac successful! [in 77 ms]
[2014.11.19-12.07.30:380][548]Cmd: OBJ SAVEPACKAGE PACKAGE="/Game/Blueprints/Mechanika/BP_Postac" FILE="../../../../../Jablo/UNREAL_AKTUALNY_PROJEKT/MyProject4/Content/Blueprints/Mechanika/BP_Postac.uasset" SILENT=true
[2014.11.19-12.07.30:926][548]LogSavePackage: Save=515.224976ms
[2014.11.19-12.07.30:926][548]LogSavePackage: Moving '../../../../../Jablo/UNREAL_AKTUALNY_PROJEKT/MyProject4/Saved/BP_PostacAEF9B6534C4C7F437654D3A638AAA7A4.tmp' to '../../../../../Jablo/UNREAL_AKTUALNY_PROJEKT/MyProject4/Content/Blueprints/Mechanika/BP_Postac.uasset'
[2014.11.19-12.07.34:489][697]BlueprintLog: New page: Pre-PIE auto-recompile
[2014.11.19-12.07.34:489][697]LogPlayLevel: [PIE] Compiling BP_HUD before PIE...
[2014.11.19-12.07.34:588][697]LogActorComponent: UnregisterComponent: (/Engine/Transient.CharacterMovementComponent_21) Not registered. Aborting.
[2014.11.19-12.07.34:641][697]LogPlayLevel: PIE:  Blueprint regeneration took 152 ms (1 blueprints)
[2014.11.19-12.07.34:642][697]PIE: New page: PIE session: Minimal_Default (19 Nov 2014 14:07:34)
[2014.11.19-12.07.34:652][697]LogPlayLevel: PIE: StaticDuplicateObject took: (0.010332s)
[2014.11.19-12.07.34:656][697]LogPlayLevel: PIE: World Init took: (0.003875s)
[2014.11.19-12.07.34:657][697]LogPlayLevel: PIE: Created PIE world by copying editor world from /Game/Maps/Minimal_Default.Minimal_Default to /Game/Maps/UEDPIE_0_Minimal_Default.Minimal_Default (0.014539s)
[2014.11.19-12.07.34:692][697]LogWorld: Game class is 'BP_TrybGry_C'
[2014.11.19-12.07.34:695][697]LogAIModule: Creating AISystem for world Minimal_Default
[2014.11.19-12.07.34:698][697]LogWorld: Bringing World /Game/Maps/UEDPIE_0_Minimal_Default.Minimal_Default up for play (max tick rate 0) at 2014.11.19-13.07.34
[2014.11.19-12.07.34:698][697]LogWorld: Bringing up level for play took: 0.002972
[2014.11.19-12.07.34:700][697]PIE: Info Play in editor start time for /Game/Maps/UEDPIE_0_Minimal_Default 0,85
[2014.11.19-12.07.35:825][750]LogBlueprintUserMessages: ciach
[2014.11.19-12.07.40:047][958]LogParticles: Destroying 0 GPU particle simulations for FXSystem 0x0000002B85EA1760
[2014.11.19-12.08.01:275][454]BlueprintLog: New page: Compile BP_Postac
[2014.11.19-12.08.01:868][454]BlueprintEditorCompileResults: Info [3024,79] Compile of BP_Postac successful! [in 78 ms]
[2014.11.19-12.08.04:105][455]Cmd: OBJ SAVEPACKAGE PACKAGE="/Game/Blueprints/Mechanika/BP_Postac" FILE="../../../../../Jablo/UNREAL_AKTUALNY_PROJEKT/MyProject4/Content/Blueprints/Mechanika/BP_Postac.uasset" SILENT=true
[2014.11.19-12.08.04:687][455]LogSavePackage: Save=556.396240ms
[2014.11.19-12.08.04:687][455]LogSavePackage: Moving '../../../../../Jablo/UNREAL_AKTUALNY_PROJEKT/MyProject4/Saved/BP_PostacF21FC0F34BA3B4D1DB8B218CFCB21228.tmp' to '../../../../../Jablo/UNREAL_AKTUALNY_PROJEKT/MyProject4/Content/Blueprints/Mechanika/BP_Postac.uasset'
[2014.11.19-12.08.08:911][622]BlueprintLog: New page: Pre-PIE auto-recompile
[2014.11.19-12.08.08:911][622]LogPlayLevel: [PIE] Compiling BP_HUD before PIE...
[2014.11.19-12.08.09:003][622]LogActorComponent: UnregisterComponent: (/Engine/Transient.CharacterMovementComponent_22) Not registered. Aborting.
[2014.11.19-12.08.09:049][622]LogPlayLevel: PIE:  Blueprint regeneration took 137 ms (1 blueprints)
[2014.11.19-12.08.09:049][622]PIE: New page: PIE session: Minimal_Default (19 Nov 2014 14:08:09)
[2014.11.19-12.08.09:059][622]LogPlayLevel: PIE: StaticDuplicateObject took: (0.009484s)
[2014.11.19-12.08.09:061][622]LogPlayLevel: PIE: World Init took: (0.002077s)
[2014.11.19-12.08.09:061][622]LogPlayLevel: PIE: Created PIE world by copying editor world from /Game/Maps/Minimal_Default.Minimal_Default to /Game/Maps/UEDPIE_0_Minimal_Default.Minimal_Default (0.011821s)
[2014.11.19-12.08.09:096][622]LogWorld: Game class is 'BP_TrybGry_C'
[2014.11.19-12.08.09:098][622]LogAIModule: Creating AISystem for world Minimal_Default
[2014.11.19-12.08.09:100][622]LogWorld: Bringing World /Game/Maps/UEDPIE_0_Minimal_Default.Minimal_Default up for play (max tick rate 0) at 2014.11.19-13.08.09
[2014.11.19-12.08.09:100][622]LogWorld: Bringing up level for play took: 0.002233
[2014.11.19-12.08.09:102][622]PIE: Info Play in editor start time for /Game/Maps/UEDPIE_0_Minimal_Default -0,748
[2014.11.19-12.08.09:716][651]LogBlueprintUserMessages: ciach
[2014.11.19-12.08.16:527][996]LogBlueprintUserMessages: ciach
[2014.11.19-12.08.26:455][486]LogParticles: Destroying 0 GPU particle simulations for FXSystem 0x0000002B8CFBA840
[2014.11.19-12.08.39:256][964]LogPlayLevel: PIE:  No blueprints needed recompiling
[2014.11.19-12.08.39:256][964]PIE: New page: PIE session: Minimal_Default (19 Nov 2014 14:08:39)
[2014.11.19-12.08.39:266][964]LogPlayLevel: PIE: StaticDuplicateObject took: (0.009653s)
[2014.11.19-12.08.39:269][964]LogPlayLevel: PIE: World Init took: (0.002889s)
[2014.11.19-12.08.39:269][964]LogPlayLevel: PIE: Created PIE world by copying editor world from /Game/Maps/Minimal_Default.Minimal_Default to /Game/Maps/UEDPIE_0_Minimal_Default.Minimal_Default (0.012802s)
[2014.11.19-12.08.39:300][964]LogWorld: Game class is 'BP_TrybGry_C'
[2014.11.19-12.08.39:302][964]LogAIModule: Creating AISystem for world Minimal_Default
[2014.11.19-12.08.39:303][964]LogWorld: Bringing World /Game/Maps/UEDPIE_0_Minimal_Default.Minimal_Default up for play (max tick rate 0) at 2014.11.19-13.08.39
[2014.11.19-12.08.39:304][964]LogWorld: Bringing up level for play took: 0.002249
[2014.11.19-12.08.39:306][964]PIE: Info Play in editor start time for /Game/Maps/UEDPIE_0_Minimal_Default -0,544
[2014.11.19-12.08.40:848][ 34]LogParticles: Destroying 0 GPU particle simulations for FXSystem 0x0000002B9EBC6660
[2014.11.19-12.08.48:157][364]LogEditorViewport: Clicking on Actor (LMB): StaticMeshActor (Floor)
[2014.11.19-12.08.51:581][508]LogEditorViewport: Clicking on Actor (CTRL LMB): StaticMeshActor (Floor)
[2014.11.19-12.08.53:637][599]Cmd: DELETE
[2014.11.19-12.08.53:637][599]Cmd: ACTOR DELETE
[2014.11.19-12.08.53:814][599]LogEditorActor: Deleted Actor: StaticMeshActor
[2014.11.19-12.08.53:824][599]LogEditorActor: Deleted Actor: StaticMeshActor
[2014.11.19-12.08.53:867][599]LogEditorActor: Deleted 2 Actors (0.083 secs)
[2014.11.19-12.08.59:712][893]LogContentBrowser:Verbose: The content browser source was changed by the sources view to '/Game'
[2014.11.19-12.09.09:340][358]LogActorFactory: Actor Factory created Floor_400x400
[2014.11.19-12.09.11:912][483]LogActorFactory: Actor Factory created Floor_400x400
[2014.11.19-12.11.03:558][100]LogPlayLevel: PIE:  No blueprints needed recompiling
[2014.11.19-12.11.03:559][100]PIE: New page: PIE session: Minimal_Default (19 Nov 2014 14:11:03)
[2014.11.19-12.11.03:570][100]LogPlayLevel: PIE: StaticDuplicateObject took: (0.011574s)
[2014.11.19-12.11.03:572][100]LogPlayLevel: PIE: World Init took: (0.001963s)
[2014.11.19-12.11.03:572][100]LogPlayLevel: PIE: Created PIE world by copying editor world from /Game/Maps/Minimal_Default.Minimal_Default to /Game/Maps/UEDPIE_0_Minimal_Default.Minimal_Default (0.013801s)
[2014.11.19-12.11.03:607][100]LogWorld: Game class is 'BP_TrybGry_C'
[2014.11.19-12.11.03:608][100]LogAIModule: Creating AISystem for world Minimal_Default
[2014.11.19-12.11.03:610][100]LogWorld: Bringing World /Game/Maps/UEDPIE_0_Minimal_Default.Minimal_Default up for play (max tick rate 0) at 2014.11.19-13.11.03
[2014.11.19-12.11.03:611][100]LogWorld: Bringing up level for play took: 0.002173
[2014.11.19-12.11.03:655][100]PIE: Info Play in editor start time for /Game/Maps/UEDPIE_0_Minimal_Default -0,195
[2014.11.19-12.11.07:359][269]LogBlueprintUserMessages: ciach
[2014.11.19-12.11.14:968][621]LogBlueprintUserMessages: ciach
[2014.11.19-12.12.10:439][254]LogParticles: Destroying 0 GPU particle simulations for FXSystem 0x0000002B9C252980
[2014.11.19-12.12.58:909][ 12]LogSavePackage: Save=76.319443ms
[2014.11.19-12.12.58:909][ 12]LogSavePackage: Moving '../../../../../Jablo/UNREAL_AKTUALNY_PROJEKT/MyProject4/Saved/Minimal_Default_Auto5F06B3CD54A18C672C60D6DBBCE7920D9.tmp' to '../../../../../Jablo/UNREAL_AKTUALNY_PROJEKT/MyProject4/Saved/Autosaves/Game/Maps/Minimal_Default_Auto5.umap'
[2014.11.19-12.12.58:930][ 12]LogFileHelpers: Editor autosave (incl. sublevels) for '/Game/Maps/Minimal_Default' took 0.223
[2014.11.19-12.12.58:930][ 12]LogFileHelpers: Editor autosave (incl. sublevels) for all levels took 0.223
[2014.11.19-12.12.58:949][ 12]OBJ SavePackage: Generating thumbnails for [0] asset(s) in package [/Game/Blueprints/Mechanika/BP_HUD] ([1] browsable assets)...
[2014.11.19-12.12.58:960][ 12]OBJ SavePackage: Finished generating thumbnails for package [/Game/Blueprints/Mechanika/BP_HUD]
[2014.11.19-12.12.59:084][ 12]LogSavePackage: Save=63.707233ms
[2014.11.19-12.12.59:084][ 12]LogSavePackage: Moving '../../../../../Jablo/UNREAL_AKTUALNY_PROJEKT/MyProject4/Saved/BP_HUD_Auto5FDDB5508486053F35F17D3A98B9354BE.tmp' to '../../../../../Jablo/UNREAL_AKTUALNY_PROJEKT/MyProject4/Saved/Autosaves/Game/Blueprints/Mechanika/BP_HUD_Auto5.uasset'
[2014.11.19-12.12.59:102][ 12]LogFileHelpers: Auto-saving content packages took 0.172
[2014.11.19-12.13.21:817][936]LogTexture:Display: Building textures: T_Wood_Floor_Walnut_D (AutoDXT)
[2014.11.19-12.13.37:069][936]LogTexture:Display: Building textures: T_Wood_Floor_Walnut_N (BC5)
[2014.11.19-12.13.39:000][936]LogTexture:Display: Building textures: T_Wood_Floor_Walnut_M (AutoDXT)
[2014.11.19-12.13.53:653][936]LogMaterial: Missing cached shader map for material M_Wood_Floor_Walnut_Polished, compiling.
[2014.11.19-12.14.29:445][185]LogMaterial: Missing cached shader map for material M_Wood_Floor_Walnut_Worn, compiling.
[2014.11.19-12.14.46:606][733]LogMaterial: Missing cached shader map for material PreviewMaterial_0, compiling.
[2014.11.19-12.14.46:718][733]LogActorComponent: UnregisterComponent: (/Engine/Transient.SkeletalMeshComponent_23) Not registered. Aborting.
[2014.11.19-12.14.46:895][733]LogActorComponent: UnregisterComponent: (/Engine/Transient.SkeletalMeshComponent_23) Not registered. Aborting.
[2014.11.19-12.14.46:895][733]LogActorComponent: RegisterComponentWithWorld: (/Engine/Transient.MaterialEditorMeshComponent_0) Already registered. Aborting.
[2014.11.19-12.14.46:903][733]LogMaterial: Missing cached shader map for material PreviewMaterial_0, compiling.
[2014.11.19-12.14.46:944][733]LogMaterial: Missing cached shader map for material FMatExpressionPreview MaterialExpressionTextureSample_1, compiling.
[2014.11.19-12.14.46:950][733]LogMaterial: Missing cached shader map for material FMatExpressionPreview MaterialExpressionTextureSample_2, compiling.
[2014.11.19-12.14.46:952][733]LogMaterial: Missing cached shader map for material FMatExpressionPreview MaterialExpressionTextureSample_0, compiling.
[2014.11.19-12.14.46:968][733]LogMaterial: Missing cached shader map for material FMatExpressionPreview MaterialExpressionTextureSample_32, compiling.
[2014.11.19-12.14.46:971][733]LogMaterial: Missing cached shader map for material FMatExpressionPreview MaterialExpressionTextureSample_33, compiling.
[2014.11.19-12.14.46:973][733]LogMaterial: Missing cached shader map for material FMatExpressionPreview MaterialExpressionTextureSample_34, compiling.
[2014.11.19-12.22.59:406][899]LogParticles: Destroying 0 GPU particle simulations for FXSystem 0x0000002BBC1CFB00
[2014.11.19-12.22.59:677][899]LogSavePackage: Save=128.110626ms
[2014.11.19-12.22.59:677][899]LogSavePackage: Moving '../../../../../Jablo/UNREAL_AKTUALNY_PROJEKT/MyProject4/Saved/Minimal_Default_Auto604F9BE324F1D7A39DA78E3A56BEED201.tmp' to '../../../../../Jablo/UNREAL_AKTUALNY_PROJEKT/MyProject4/Saved/Autosaves/Game/Maps/Minimal_Default_Auto6.umap'
[2014.11.19-12.22.59:713][899]LogFileHelpers: Editor autosave (incl. sublevels) for '/Game/Maps/Minimal_Default' took 0.341
[2014.11.19-12.22.59:713][899]LogFileHelpers: Editor autosave (incl. sublevels) for all levels took 0.341
[2014.11.19-12.29.02:013][846]LogPlayLevel: PIE:  No blueprints needed recompiling
[2014.11.19-12.29.02:013][846]PIE: New page: PIE session: Minimal_Default (19 Nov 2014 14:29:02)
[2014.11.19-12.29.02:021][846]LogPlayLevel: PIE: StaticDuplicateObject took: (0.007626s)
[2014.11.19-12.29.02:025][846]LogPlayLevel: PIE: World Init took: (0.003942s)
[2014.11.19-12.29.02:025][846]LogPlayLevel: PIE: Created PIE world by copying editor world from /Game/Maps/Minimal_Default.Minimal_Default to /Game/Maps/UEDPIE_0_Minimal_Default.Minimal_Default (0.011835s)
[2014.11.19-12.29.02:067][846]LogWorld: Game class is 'BP_TrybGry_C'
[2014.11.19-12.29.02:068][846]LogAIModule: Creating AISystem for world Minimal_Default
[2014.11.19-12.29.02:071][846]LogWorld: Bringing World /Game/Maps/UEDPIE_0_Minimal_Default.Minimal_Default up for play (max tick rate 0) at 2014.11.19-13.29.02
[2014.11.19-12.29.02:071][846]LogWorld: Bringing up level for play took: 0.002628
[2014.11.19-12.29.02:074][846]PIE: Info Play in editor start time for /Game/Maps/UEDPIE_0_Minimal_Default 0,224
[2014.11.19-12.29.03:793][914]LogBlueprintUserMessages: ciach
[2014.11.19-12.29.18:207][517]LogParticles: Destroying 0 GPU particle simulations for FXSystem 0x0000002B9FE718A0
[2014.11.19-12.30.02:570][413]Cmd: OBJ SAVEPACKAGE PACKAGE="/Game/Blueprints/Mechanika/BP_Postac" FILE="../../../../../Jablo/UNREAL_AKTUALNY_PROJEKT/MyProject4/Content/Blueprints/Mechanika/BP_Postac.uasset" SILENT=true
[2014.11.19-12.30.02:754][413]LogSavePackage: Save=136.584763ms
[2014.11.19-12.30.02:754][413]LogSavePackage: Moving '../../../../../Jablo/UNREAL_AKTUALNY_PROJEKT/MyProject4/Saved/BP_PostacA0E32D5D4B81AB3333CEAA94062950BC.tmp' to '../../../../../Jablo/UNREAL_AKTUALNY_PROJEKT/MyProject4/Content/Blueprints/Mechanika/BP_Postac.uasset'
[2014.11.19-12.30.05:061][461]LogSavePackage: Save=476.800659ms
[2014.11.19-12.30.05:061][461]LogSavePackage: Moving '../../../../../Jablo/UNREAL_AKTUALNY_PROJEKT/MyProject4/Saved/Shape_NarrowCapsuleF74845924CE10115C109C3B60C257B77.tmp' to '../../../../../Jablo/UNREAL_AKTUALNY_PROJEKT/MyProject4/Content/Blueprints/wrogowie/Shape_NarrowCapsule.uasset'
[2014.11.19-12.30.12:171][764]Cmd: OBJ SAVEPACKAGE PACKAGE="/Game/Maps/Minimal_Default" FILE="../../../../../Jablo/UNREAL_AKTUALNY_PROJEKT/MyProject4/Content/Maps/Minimal_Default.umap" SILENT=true AUTOSAVING=false KEEPDIRTY=false
[2014.11.19-12.30.12:317][764]LogSavePackage: Save=48.626667ms
[2014.11.19-12.30.12:317][764]LogSavePackage: Moving '../../../../../Jablo/UNREAL_AKTUALNY_PROJEKT/MyProject4/Saved/Minimal_DefaultD0949CF74F110B5CA8FB74BD281806B5.tmp' to '../../../../../Jablo/UNREAL_AKTUALNY_PROJEKT/MyProject4/Content/Maps/Minimal_Default.umap'
[2014.11.19-12.30.12:362][764]LogFileHelpers: Saving map 'Minimal_Default' took 0.284
[2014.11.19-12.30.12:367][764]Cmd: OBJ SAVEPACKAGE PACKAGE="/Game/Blueprints/Mechanika/BP_HUD" FILE="../../../../../Jablo/UNREAL_AKTUALNY_PROJEKT/MyProject4/Content/Blueprints/Mechanika/BP_HUD.uasset" SILENT=true
[2014.11.19-12.30.12:434][764]LogSavePackage: Save=41.736210ms
[2014.11.19-12.30.12:435][764]LogSavePackage: Moving '../../../../../Jablo/UNREAL_AKTUALNY_PROJEKT/MyProject4/Saved/BP_HUD9FB6510142CEE80AF5548AA3DE2D3B85.tmp' to '../../../../../Jablo/UNREAL_AKTUALNY_PROJEKT/MyProject4/Content/Blueprints/Mechanika/BP_HUD.uasset'
[2014.11.19-12.30.16:772][878]Cmd: QUIT_EDITOR
[2014.11.19-12.30.17:095][878]LogWindowsTextInputMethodSystem:Error: Terminating failed while unadvising the language notification sink from the TSF source.
[2014.11.19-12.30.17:159][878]LogExit: Preparing to exit.
[2014.11.19-12.30.17:826][878]LogExit: Editor shut down
[2014.11.19-12.30.17:826][878]LogExit: Transaction tracking system shut down
[2014.11.19-12.30.17:827][878]LogParticles: Destroying 0 GPU particle simulations for FXSystem 0x0000002BA6153560
[2014.11.19-12.30.17:829][878]LogParticles: Destroying 0 GPU particle simulations for FXSystem 0x0000002B921DEAC0
[2014.11.19-12.30.17:830][878]LogParticles: Destroying 0 GPU particle simulations for FXSystem 0x0000002B9F1BFE20
[2014.11.19-12.30.17:832][878]LogParticles: Destroying 0 GPU particle simulations for FXSystem 0x0000002B9C2A7060
[2014.11.19-12.30.17:832][878]LogParticles: Destroying 0 GPU particle simulations for FXSystem 0x0000002B9C251760
[2014.11.19-12.30.18:508][878]LogParticles: Destroying 0 GPU particle simulations for FXSystem 0x0000002B9C2509A0
[2014.11.19-12.30.18:508][878]LogExit: Object subsystem successfully closed.
[2014.11.19-12.30.19:098][878]LogModuleManager: Shutting down and abandoning module MaterialEditor (155)
[2014.11.19-12.30.19:098][878]LogModuleManager: Shutting down and abandoning module ExternalImagePicker (154)
[2014.11.19-12.30.19:098][878]LogModuleManager: Shutting down and abandoning module HTTP (153)
[2014.11.19-12.30.19:165][878]LogModuleManager: Shutting down and abandoning module CrashTracker (152)
[2014.11.19-12.30.19:165][878]LogModuleManager: Shutting down and abandoning module SuperSearch (151)
[2014.11.19-12.30.19:177][878]LogModuleManager: Shutting down and abandoning module SceneOutliner (150)
[2014.11.19-12.30.19:177][878]LogModuleManager: Shutting down and abandoning module EditorWidgets (149)
[2014.11.19-12.30.19:177][878]LogModuleManager: Shutting down and abandoning module CollectionManager (148)
[2014.11.19-12.30.19:194][878]LogModuleManager: Shutting down and abandoning module StatsViewer (147)
[2014.11.19-12.30.19:240][878]LogModuleManager: Shutting down and abandoning module FoliageEdit (146)
[2014.11.19-12.30.19:240][878]LogModuleManager: Shutting down and abandoning module LandscapeEditor (145)
[2014.11.19-12.30.19:264][878]LogModuleManager: Shutting down and abandoning module MeshPaint (144)
[2014.11.19-12.30.19:272][878]LogModuleManager: Shutting down and abandoning module ActorPickerMode (143)
[2014.11.19-12.30.19:272][878]LogModuleManager: Shutting down and abandoning module GeometryMode (142)
[2014.11.19-12.30.19:272][878]LogModuleManager: Shutting down and abandoning module TextureAlignMode (141)
[2014.11.19-12.30.19:272][878]LogModuleManager: Shutting down and abandoning module BspMode (140)
[2014.11.19-12.30.19:272][878]LogModuleManager: Shutting down and abandoning module PlacementMode (139)
[2014.11.19-12.30.19:277][878]LogModuleManager: Shutting down and abandoning module DesktopPlatform (138)
[2014.11.19-12.30.19:302][878]LogModuleManager: Shutting down and abandoning module AutomationWorker (137)
[2014.11.19-12.30.19:302][878]LogModuleManager: Shutting down and abandoning module EditorLiveStreaming (136)
[2014.11.19-12.30.19:311][878]LogModuleManager: Shutting down and abandoning module BehaviorTreeEditor (135)
[2014.11.19-12.30.19:344][878]LogModuleManager: Shutting down and abandoning module DeviceProfileEditor (134)
[2014.11.19-12.30.19:353][878]LogModuleManager: Shutting down and abandoning module UndoHistory (133)
[2014.11.19-12.30.19:353][878]LogModuleManager: Shutting down and abandoning module GameplayTagsEditor (132)
[2014.11.19-12.30.19:353][878]LogModuleManager: Shutting down and abandoning module UserFeedback (131)
[2014.11.19-12.30.19:353][878]LogModuleManager: Shutting down and abandoning module XmlParser (130)
[2014.11.19-12.30.19:366][878]LogModuleManager: Shutting down and abandoning module Blutility (129)
[2014.11.19-12.30.19:366][878]LogModuleManager: Shutting down and abandoning module IOSPlatformEditor (128)
[2014.11.19-12.30.19:366][878]LogModuleManager: Shutting down and abandoning module IOSRuntimeSettings (127)
[2014.11.19-12.30.19:366][878]LogModuleManager: Shutting down and abandoning module ProjectTargetPlatformEditor (124)
[2014.11.19-12.30.19:374][878]LogModuleManager: Shutting down and abandoning module ProjectSettingsViewer (123)
[2014.11.19-12.30.19:374][878]LogModuleManager: Shutting down and abandoning module InputBindingEditor (122)
[2014.11.19-12.30.19:401][878]LogModuleManager: Shutting down and abandoning module EditorSettingsViewer (121)
[2014.11.19-12.30.19:401][878]LogModuleManager: Shutting down and abandoning module SettingsEditor (120)
[2014.11.19-12.30.19:401][878]LogModuleManager: Shutting down and abandoning module SessionLauncher (119)
[2014.11.19-12.30.19:409][878]LogModuleManager: Shutting down and abandoning module SessionFrontend (118)
[2014.11.19-12.30.19:412][878]LogModuleManager: Shutting down and abandoning module ProfilerClient (117)
[2014.11.19-12.30.19:422][878]LogModuleManager: Shutting down and abandoning module TargetDeviceServices (116)
[2014.11.19-12.30.19:422][878]LogModuleManager: Shutting down and abandoning module DeviceManager (115)
[2014.11.19-12.30.19:435][878]LogModuleManager: Shutting down and abandoning module AutomationController (114)
[2014.11.19-12.30.19:443][878]LogModuleManager: Shutting down and abandoning module AutomationWindow (113)
[2014.11.19-12.30.19:453][878]LogModuleManager: Shutting down and abandoning module Layers (112)
[2014.11.19-12.30.19:464][878]LogModuleManager: Shutting down and abandoning module ComponentVisualizers (111)
[2014.11.19-12.30.19:464][878]LogModuleManager: Shutting down and abandoning module DetailCustomizations (110)
[2014.11.19-12.30.19:470][878]LogModuleManager: Shutting down and abandoning module PackagesDialog (109)
[2014.11.19-12.30.19:480][878]LogModuleManager: Shutting down and abandoning module DirectoryWatcher (108)
[2014.11.19-12.30.19:485][878]LogModuleManager: Shutting down and abandoning module AssetRegistry (107)
[2014.11.19-12.30.19:528][878]LogModuleManager: Shutting down and abandoning module Persona (106)
[2014.11.19-12.30.19:563][878]LogModuleManager: Shutting down and abandoning module GraphEditor (105)
[2014.11.19-12.30.19:565][878]LogModuleManager: Shutting down and abandoning module ClassViewer (104)
[2014.11.19-12.30.19:565][878]LogModuleManager: Shutting down and abandoning module Toolbox (103)
[2014.11.19-12.30.19:565][878]LogModuleManager: Shutting down and abandoning module ModuleUI (102)
[2014.11.19-12.30.19:577][878]LogModuleManager: Shutting down and abandoning module Sequencer (101)
[2014.11.19-12.30.19:611][878]LogModuleManager: Shutting down and abandoning module MovieSceneTools (100)
[2014.11.19-12.30.19:652][878]LogModuleManager: Shutting down and abandoning module OutputLog (99)
[2014.11.19-12.30.19:652][878]LogModuleManager: Shutting down and abandoning module GammaUI (98)
[2014.11.19-12.30.19:666][878]LogModuleManager: Shutting down and abandoning module Documentation (97)
[2014.11.19-12.30.19:666][878]LogModuleManager: Shutting down and abandoning module GameLiveStreaming (96)
[2014.11.19-12.30.19:676][878]LogModuleManager: Shutting down and abandoning module StreamingPauseRendering (95)
[2014.11.19-12.30.19:688][878]LogModuleManager: Shutting down and abandoning module AnalyticsET (94)
[2014.11.19-12.30.19:688][878]LogModuleManager: Shutting down and abandoning module Analytics (93)
[2014.11.19-12.30.19:689][878]LogModuleManager: Shutting down and abandoning module GameplayDebugger (92)
[2014.11.19-12.30.19:689][878]LogModuleManager: Shutting down and abandoning module AIModule (91)
[2014.11.19-12.30.19:701][878]LogModuleManager: Shutting down and abandoning module ProfilerService (90)
[2014.11.19-12.30.19:926][878]LogModuleManager: Shutting down and abandoning module TaskGraph (89)
[2014.11.19-12.30.19:941][878]LogModuleManager: Shutting down and abandoning module SlateRemote (88)
[2014.11.19-12.30.19:941][878]LogModuleManager: Shutting down and abandoning module ScriptEditorPlugin (87)
[2014.11.19-12.30.19:942][878]LogModuleManager: Shutting down and abandoning module CustomMeshComponent (86)
[2014.11.19-12.30.19:942][878]LogModuleManager: Shutting down and abandoning module CableComponent (85)
[2014.11.19-12.30.19:942][878]LogModuleManager: Shutting down and abandoning module MessagingDebugger (84)
[2014.11.19-12.30.19:972][878]LogModuleManager: Shutting down and abandoning module ViewportSnapping (83)
[2014.11.19-12.30.19:972][878]LogModuleManager: Shutting down and abandoning module SmartSnapping (82)
[2014.11.19-12.30.19:972][878]LogModuleManager: Shutting down and abandoning module PaperTiledImporter (81)
[2014.11.19-12.30.19:972][878]LogModuleManager: Shutting down and abandoning module PaperJsonImporter (80)
[2014.11.19-12.30.19:972][878]LogModuleManager: Shutting down and abandoning module GameProjectGeneration (79)
[2014.11.19-12.30.19:972][878]LogModuleManager: Shutting down and abandoning module Matinee (78)
[2014.11.19-12.30.19:992][878]LogModuleManager: Shutting down and abandoning module Kismet (77)
[2014.11.19-12.30.20:010][878]LogModuleManager: Shutting down and abandoning module SlateReflector (76)
[2014.11.19-12.30.20:026][878]LogModuleManager: Shutting down and abandoning module LevelEditor (75)
[2014.11.19-12.30.20:042][878]LogModuleManager: Shutting down and abandoning module IntroTutorials (74)
[2014.11.19-12.30.20:055][878]LogModuleManager: Shutting down and abandoning module ContentBrowser (73)
[2014.11.19-12.30.20:055][878]LogModuleManager: Shutting down and abandoning module PropertyEditor (72)
[2014.11.19-12.30.20:055][878]LogModuleManager: Shutting down and abandoning module AssetTools (71)
[2014.11.19-12.30.20:099][878]LogModuleManager: Shutting down and abandoning module Paper2DEditor (70)
[2014.11.19-12.30.20:131][878]LogModuleManager: Shutting down and abandoning module SpeedTreeImporter (69)
[2014.11.19-12.30.20:142][878]LogModuleManager: Shutting down and abandoning module PluginsEditor (68)
[2014.11.19-12.30.20:152][878]LogModuleManager: Shutting down and abandoning module MainFrame (67)
[2014.11.19-12.30.20:152][878]LogModuleManager: Shutting down and abandoning module EpicSurvey (66)
[2014.11.19-12.30.20:162][878]LogModuleManager: Shutting down and abandoning module VisualStudioSourceCodeAccess (65)
[2014.11.19-12.30.20:169][878]LogModuleManager: Shutting down and abandoning module UObjectPlugin (64)
[2014.11.19-12.30.20:169][878]LogModuleManager: Shutting down and abandoning module SubversionSourceControl (63)
[2014.11.19-12.30.20:185][878]LogModuleManager: Shutting down and abandoning module SourceControl (62)
[2014.11.19-12.30.20:200][878]LogModuleManager: Shutting down and abandoning module PerforceSourceControl (61)
[2014.11.19-12.30.20:219][878]LogModuleManager: Shutting down and abandoning module BlankPlugin (60)
[2014.11.19-12.30.20:219][878]LogModuleManager: Shutting down and abandoning module ScriptPlugin (59)
[2014.11.19-12.30.20:231][878]LogModuleManager: Shutting down and abandoning module UdpMessaging (58)
[2014.11.19-12.30.20:332][878]LogModuleManager: Shutting down and abandoning module Paper2D (57)
[2014.11.19-12.30.20:435][878]LogModuleManager: Shutting down and abandoning module WindowsMoviePlayer (56)
[2014.11.19-12.30.20:461][878]LogModuleManager: Shutting down and abandoning module ImageWrapper (55)
[2014.11.19-12.30.20:461][878]LogModuleManager: Shutting down and abandoning module OnlineBlueprintSupport (54)
[2014.11.19-12.30.20:461][878]LogModuleManager: Shutting down and abandoning module FunctionalTesting (53)
[2014.11.19-12.30.20:471][878]LogModuleManager: Shutting down and abandoning module CollisionAnalyzer (52)
[2014.11.19-12.30.20:486][878]LogModuleManager: Shutting down and abandoning module WorkspaceMenuStructure (51)
[2014.11.19-12.30.20:487][878]LogModuleManager: Shutting down and abandoning module MessageLog (50)
[2014.11.19-12.30.20:487][878]LogModuleManager: Shutting down and abandoning module UMGEditor (49)
[2014.11.19-12.30.20:508][878]LogModuleManager: Shutting down and abandoning module UMG (48)
[2014.11.19-12.30.20:519][878]LogModuleManager: Shutting down and abandoning module Slate (47)
[2014.11.19-12.30.20:519][878]LogModuleManager: Shutting down and abandoning module EditorStyle (46)
[2014.11.19-12.30.20:522][878]LogModuleManager: Shutting down and abandoning module SessionServices (45)
[2014.11.19-12.30.20:522][878]LogModuleManager: Shutting down and abandoning module SourceCodeAccess (44)
[2014.11.19-12.30.20:522][878]LogModuleManager: Shutting down and abandoning module HeadMountedDisplay (43)
[2014.11.19-12.30.20:522][878]LogModuleManager: Shutting down and abandoning module XAudio2 (42)
[2014.11.19-12.30.20:522][878]LogModuleManager: Shutting down and abandoning module Networking (40)
[2014.11.19-12.30.20:522][878]LogModuleManager: Shutting down and abandoning module Core (39)
[2014.11.19-12.30.20:522][878]LogModuleManager: Shutting down and abandoning module KismetCompiler (38)
[2014.11.19-12.30.20:522][878]LogModuleManager: Shutting down and abandoning module PhysXFormats (37)
[2014.11.19-12.30.20:522][878]LogModuleManager: Shutting down and abandoning module MeshUtilities (36)
[2014.11.19-12.30.20:547][878]LogModuleManager: Shutting down and abandoning module DerivedDataCache (35)
[2014.11.19-12.30.20:552][878]LogDerivedDataCache: Shutdown
[2014.11.19-12.30.20:552][878]LogModuleManager: Shutting down and abandoning module ShaderFormatOpenGL (34)
[2014.11.19-12.30.20:561][878]LogModuleManager: Shutting down and abandoning module ShaderFormatD3D (33)
[2014.11.19-12.30.20:565][878]LogModuleManager: Shutting down and abandoning module MetalShaderFormat (32)
[2014.11.19-12.30.20:574][878]LogModuleManager: Shutting down and abandoning module TextureFormatUncompressed (31)
[2014.11.19-12.30.20:574][878]LogModuleManager: Shutting down and abandoning module TextureFormatPVR (30)
[2014.11.19-12.30.20:581][878]LogModuleManager: Shutting down and abandoning module TextureFormatDXT (29)
[2014.11.19-12.30.20:581][878]LogModuleManager: Shutting down and abandoning module AudioFormatOpus (28)
[2014.11.19-12.30.20:587][878]LogModuleManager: Shutting down and abandoning module AudioFormatOgg (27)
[2014.11.19-12.30.20:587][878]LogModuleManager: Shutting down and abandoning module AudioFormatADPCM (26)
[2014.11.19-12.30.20:587][878]LogModuleManager: Shutting down and abandoning module Messaging (25)
[2014.11.19-12.30.20:587][878]LogModuleManager: Shutting down and abandoning module IOSTargetPlatform (24)
[2014.11.19-12.30.20:587][878]LogModuleManager: Shutting down and abandoning module WindowsTargetPlatform (23)
[2014.11.19-12.30.20:587][878]LogModuleManager: Shutting down and abandoning module WindowsServerTargetPlatform (22)
[2014.11.19-12.30.20:587][878]LogModuleManager: Shutting down and abandoning module WindowsNoEditorTargetPlatform (21)
[2014.11.19-12.30.20:587][878]LogModuleManager: Shutting down and abandoning module WindowsClientTargetPlatform (20)
[2014.11.19-12.30.20:587][878]LogModuleManager: Shutting down and abandoning module TargetPlatform (19)
[2014.11.19-12.30.20:587][878]LogModuleManager: Shutting down and abandoning module InputCore (18)
[2014.11.19-12.30.20:587][878]LogModuleManager: Shutting down and abandoning module Settings (17)
[2014.11.19-12.30.20:587][878]LogModuleManager: Shutting down and abandoning module ExampleDeviceProfileSelector (14)
[2014.11.19-12.30.20:588][878]LogModuleManager: Shutting down and abandoning module OculusRift (13)
[2014.11.19-12.30.20:596][878]LogModuleManager: Shutting down and abandoning module TextureCompressor (12)
[2014.11.19-12.30.20:597][878]LogModuleManager: Shutting down and abandoning module ShaderCore (11)
[2014.11.19-12.30.20:597][878]LogModuleManager: Shutting down and abandoning module OpenGLDrv (10)
[2014.11.19-12.30.20:607][878]LogModuleManager: Shutting down and abandoning module D3D11RHI (9)
[2014.11.19-12.30.20:607][878]LogModuleManager: Shutting down and abandoning module SlateRHIRenderer (8)
[2014.11.19-12.30.20:607][878]LogModuleManager: Shutting down and abandoning module Renderer (7)
[2014.11.19-12.30.20:607][878]LogModuleManager: Shutting down and abandoning module Engine (6)
[2014.11.19-12.30.20:607][878]LogModuleManager: Shutting down and abandoning module CoreUObject (5)
[2014.11.19-12.30.20:607][878]LogModuleManager: Shutting down and abandoning module NetworkFile (4)
[2014.11.19-12.30.20:627][878]LogModuleManager: Shutting down and abandoning module StreamingFile (3)
[2014.11.19-12.30.20:636][878]LogModuleManager: Shutting down and abandoning module SandboxFile (2)
[2014.11.19-12.30.20:645][878]LogModuleManager: Shutting down and abandoning module PakFile (1)
[2014.11.19-12.30.20:667][878]LogExit: Exiting.
[2014.11.19-12.30.20:695][878]Log file closed, 11/19/14 13:30:20
